21:15:51.597 [http-nio-8088-exec-10] DEBUG i.s.v.c.c.ModelConverterContextImpl - resolve class com.example.lyc.springboot.demo.dto.UserDTO
21:15:51.612 [http-nio-8088-exec-10] DEBUG i.s.v.c.c.ModelConverterContextImpl - resolve [simple type, class int]
21:15:51.652 [http-nio-8088-exec-10] DEBUG i.s.v.c.c.ModelConverterContextImpl - resolve [simple type, class java.lang.String]
21:15:51.673 [http-nio-8088-exec-10] DEBUG i.s.v.c.c.ModelConverterContextImpl - resolve com.example.lyc.springboot.demo.commons.api.BaseResponse<java.lang.String>
21:15:51.676 [http-nio-8088-exec-10] DEBUG i.s.v.c.c.ModelConverterContextImpl - resolve [simple type, class int]
21:15:51.677 [http-nio-8088-exec-10] DEBUG i.s.v.c.c.ModelConverterContextImpl - resolve [simple type, class java.lang.String]
21:15:51.679 [http-nio-8088-exec-10] DEBUG i.s.v.c.c.ModelConverterContextImpl - resolve [simple type, class java.lang.String]
21:15:51.682 [http-nio-8088-exec-10] DEBUG i.s.v.c.c.ModelConverterContextImpl - resolve class com.example.lyc.springboot.demo.dto.UserDTO
21:15:51.683 [http-nio-8088-exec-10] DEBUG i.s.v.c.c.ModelConverterContextImpl - resolve [simple type, class int]
21:15:51.684 [http-nio-8088-exec-10] DEBUG i.s.v.c.c.ModelConverterContextImpl - resolve [simple type, class java.lang.String]
21:15:51.687 [http-nio-8088-exec-10] DEBUG i.s.v.c.c.ModelConverterContextImpl - resolve com.example.lyc.springboot.demo.commons.api.BaseResponse<java.lang.String>
21:15:51.688 [http-nio-8088-exec-10] DEBUG i.s.v.c.c.ModelConverterContextImpl - resolve [simple type, class int]
21:15:51.689 [http-nio-8088-exec-10] DEBUG i.s.v.c.c.ModelConverterContextImpl - resolve [simple type, class java.lang.String]
21:15:51.691 [http-nio-8088-exec-10] DEBUG i.s.v.c.c.ModelConverterContextImpl - resolve [simple type, class java.lang.String]
21:15:51.701 [http-nio-8088-exec-10] DEBUG i.s.v.c.c.ModelConverterContextImpl - resolve class java.lang.String
21:15:51.705 [http-nio-8088-exec-10] DEBUG i.s.v.c.c.ModelConverterContextImpl - resolve class java.lang.String
21:15:51.707 [http-nio-8088-exec-10] DEBUG i.s.v.c.c.ModelConverterContextImpl - resolve com.example.lyc.springboot.demo.commons.api.BaseResponse<java.lang.String>
21:15:51.709 [http-nio-8088-exec-10] DEBUG i.s.v.c.c.ModelConverterContextImpl - resolve [simple type, class int]
21:15:51.710 [http-nio-8088-exec-10] DEBUG i.s.v.c.c.ModelConverterContextImpl - resolve [simple type, class java.lang.String]
21:15:51.711 [http-nio-8088-exec-10] DEBUG i.s.v.c.c.ModelConverterContextImpl - resolve [simple type, class java.lang.String]
21:15:51.715 [http-nio-8088-exec-10] DEBUG i.s.v.c.c.ModelConverterContextImpl - resolve class com.example.lyc.springboot.demo.entity.User
21:15:51.720 [http-nio-8088-exec-10] DEBUG i.s.v.c.c.ModelConverterContextImpl - resolve [simple type, class int]
21:15:51.728 [http-nio-8088-exec-10] DEBUG i.s.v.c.c.ModelConverterContextImpl - resolve [simple type, class java.lang.String]
21:15:51.730 [http-nio-8088-exec-10] DEBUG i.s.v.c.c.ModelConverterContextImpl - resolve [simple type, class java.lang.String]
21:15:51.733 [http-nio-8088-exec-10] DEBUG i.s.v.c.c.ModelConverterContextImpl - resolve java.util.Map<java.lang.String, java.lang.Object>
21:15:51.734 [http-nio-8088-exec-10] DEBUG i.s.v.c.c.ModelConverterContextImpl - resolve [simple type, class java.lang.Object]
21:15:51.736 [http-nio-8088-exec-10] DEBUG i.s.v.c.c.ModelConverterContextImpl - resolve class java.lang.String
21:15:51.736 [http-nio-8088-exec-10] DEBUG i.s.v.c.c.ModelConverterContextImpl - resolve class java.lang.String
21:15:51.738 [http-nio-8088-exec-10] DEBUG i.s.v.c.c.ModelConverterContextImpl - resolve class com.example.lyc.springboot.demo.commons.api.JsonResult
21:15:51.741 [http-nio-8088-exec-10] DEBUG i.s.v.c.c.ModelConverterContextImpl - resolve int
21:15:51.743 [http-nio-8088-exec-10] DEBUG i.s.v.c.c.ModelConverterContextImpl - resolve com.example.lyc.springboot.demo.commons.api.BaseResponse<com.example.lyc.springboot.demo.dto.UserDTO>
21:15:51.744 [http-nio-8088-exec-10] DEBUG i.s.v.c.c.ModelConverterContextImpl - resolve [simple type, class int]
21:15:51.745 [http-nio-8088-exec-10] DEBUG i.s.v.c.c.ModelConverterContextImpl - resolve [simple type, class java.lang.String]
21:15:51.746 [http-nio-8088-exec-10] DEBUG i.s.v.c.c.ModelConverterContextImpl - resolve [simple type, class com.example.lyc.springboot.demo.dto.UserDTO]
21:15:51.755 [http-nio-8088-exec-10] DEBUG i.s.v.c.c.ModelConverterContextImpl - resolve int
21:15:51.757 [http-nio-8088-exec-10] DEBUG i.s.v.c.c.ModelConverterContextImpl - resolve com.example.lyc.springboot.demo.commons.api.BaseResponse<com.example.lyc.springboot.demo.dto.UserDTO>
21:15:51.758 [http-nio-8088-exec-10] DEBUG i.s.v.c.c.ModelConverterContextImpl - resolve [simple type, class int]
21:15:51.759 [http-nio-8088-exec-10] DEBUG i.s.v.c.c.ModelConverterContextImpl - resolve [simple type, class java.lang.String]
21:15:51.761 [http-nio-8088-exec-10] DEBUG i.s.v.c.c.ModelConverterContextImpl - resolve [simple type, class com.example.lyc.springboot.demo.dto.UserDTO]
21:15:51.768 [http-nio-8088-exec-10] DEBUG i.s.v.c.c.ModelConverterContextImpl - resolve com.example.lyc.springboot.demo.commons.api.BaseResponse<java.util.List<com.example.lyc.springboot.demo.dto.UserDTO>>
21:15:51.769 [http-nio-8088-exec-10] DEBUG i.s.v.c.c.ModelConverterContextImpl - resolve [simple type, class int]
21:15:51.770 [http-nio-8088-exec-10] DEBUG i.s.v.c.c.ModelConverterContextImpl - resolve [simple type, class java.lang.String]
21:15:51.771 [http-nio-8088-exec-10] DEBUG i.s.v.c.c.ModelConverterContextImpl - resolve [collection type; class java.util.List, contains [simple type, class com.example.lyc.springboot.demo.dto.UserDTO]]
21:15:51.772 [http-nio-8088-exec-10] DEBUG i.s.v.c.c.ModelConverterContextImpl - resolve [simple type, class com.example.lyc.springboot.demo.dto.UserDTO]
21:15:51.788 [http-nio-8088-exec-10] DEBUG i.s.v.c.c.ModelConverterContextImpl - resolve class com.example.lyc.springboot.demo.entity.User
21:15:51.789 [http-nio-8088-exec-10] DEBUG i.s.v.c.c.ModelConverterContextImpl - resolve [simple type, class int]
21:15:51.790 [http-nio-8088-exec-10] DEBUG i.s.v.c.c.ModelConverterContextImpl - resolve [simple type, class java.lang.String]
21:15:51.791 [http-nio-8088-exec-10] DEBUG i.s.v.c.c.ModelConverterContextImpl - resolve [simple type, class java.lang.String]
21:15:51.794 [http-nio-8088-exec-10] DEBUG i.s.v.c.c.ModelConverterContextImpl - resolve java.util.Map<java.lang.String, java.lang.Object>
21:15:51.794 [http-nio-8088-exec-10] DEBUG i.s.v.c.c.ModelConverterContextImpl - resolve [simple type, class java.lang.Object]
21:15:51.797 [http-nio-8088-exec-10] DEBUG i.s.v.c.c.ModelConverterContextImpl - resolve java.util.List<com.example.lyc.springboot.demo.entity.User>
21:15:51.797 [http-nio-8088-exec-10] DEBUG i.s.v.c.c.ModelConverterContextImpl - resolve [simple type, class com.example.lyc.springboot.demo.entity.User]
21:15:51.798 [http-nio-8088-exec-10] DEBUG i.s.v.c.c.ModelConverterContextImpl - resolve [simple type, class int]
21:15:51.799 [http-nio-8088-exec-10] DEBUG i.s.v.c.c.ModelConverterContextImpl - resolve [simple type, class java.lang.String]
21:15:51.800 [http-nio-8088-exec-10] DEBUG i.s.v.c.c.ModelConverterContextImpl - resolve [simple type, class java.lang.String]
21:15:51.803 [http-nio-8088-exec-10] DEBUG i.s.v.c.c.ModelConverterContextImpl - resolve java.util.Map<java.lang.String, java.lang.Object>
21:15:51.803 [http-nio-8088-exec-10] DEBUG i.s.v.c.c.ModelConverterContextImpl - resolve [simple type, class java.lang.Object]
21:15:51.806 [http-nio-8088-exec-10] DEBUG i.s.v.c.c.ModelConverterContextImpl - resolve java.util.Map<java.lang.String, java.lang.Object>
21:15:51.806 [http-nio-8088-exec-10] DEBUG i.s.v.c.c.ModelConverterContextImpl - resolve [simple type, class java.lang.Object]
21:15:51.810 [http-nio-8088-exec-10] DEBUG i.s.v.c.c.ModelConverterContextImpl - resolve class com.example.lyc.springboot.demo.commons.api.JsonResult
21:15:51.815 [http-nio-8088-exec-10] DEBUG i.s.v.c.c.ModelConverterContextImpl - resolve class com.example.lyc.springboot.demo.dto.DeleteUserRequestDTO
21:15:51.817 [http-nio-8088-exec-10] DEBUG i.s.v.c.c.ModelConverterContextImpl - resolve [simple type, class int]
21:15:51.820 [http-nio-8088-exec-10] DEBUG i.s.v.c.c.ModelConverterContextImpl - resolve com.example.lyc.springboot.demo.commons.api.BaseResponse<java.lang.String>
21:15:51.822 [http-nio-8088-exec-10] DEBUG i.s.v.c.c.ModelConverterContextImpl - resolve [simple type, class int]
21:15:51.824 [http-nio-8088-exec-10] DEBUG i.s.v.c.c.ModelConverterContextImpl - resolve [simple type, class java.lang.String]
21:15:51.825 [http-nio-8088-exec-10] DEBUG i.s.v.c.c.ModelConverterContextImpl - resolve [simple type, class java.lang.String]
21:15:51.830 [http-nio-8088-exec-10] DEBUG i.s.v.c.c.ModelConverterContextImpl - resolve int
21:15:51.832 [http-nio-8088-exec-10] DEBUG i.s.v.c.c.ModelConverterContextImpl - resolve com.example.lyc.springboot.demo.commons.api.BaseResponse<java.lang.String>
21:15:51.835 [http-nio-8088-exec-10] DEBUG i.s.v.c.c.ModelConverterContextImpl - resolve [simple type, class int]
21:15:51.836 [http-nio-8088-exec-10] DEBUG i.s.v.c.c.ModelConverterContextImpl - resolve [simple type, class java.lang.String]
21:15:51.838 [http-nio-8088-exec-10] DEBUG i.s.v.c.c.ModelConverterContextImpl - resolve [simple type, class java.lang.String]
21:15:51.841 [http-nio-8088-exec-10] DEBUG i.s.v.c.c.ModelConverterContextImpl - resolve int
21:15:51.844 [http-nio-8088-exec-10] DEBUG i.s.v.c.c.ModelConverterContextImpl - resolve com.example.lyc.springboot.demo.commons.api.BaseResponse<java.lang.String>
21:15:51.845 [http-nio-8088-exec-10] DEBUG i.s.v.c.c.ModelConverterContextImpl - resolve [simple type, class int]
21:15:51.847 [http-nio-8088-exec-10] DEBUG i.s.v.c.c.ModelConverterContextImpl - resolve [simple type, class java.lang.String]
21:15:51.849 [http-nio-8088-exec-10] DEBUG i.s.v.c.c.ModelConverterContextImpl - resolve [simple type, class java.lang.String]
21:15:51.853 [http-nio-8088-exec-10] DEBUG i.s.v.c.c.ModelConverterContextImpl - resolve class java.lang.String
21:15:51.855 [http-nio-8088-exec-10] DEBUG i.s.v.c.c.ModelConverterContextImpl - resolve class java.lang.String
21:15:51.858 [http-nio-8088-exec-10] DEBUG i.s.v.c.c.ModelConverterContextImpl - resolve class java.lang.String
21:15:51.861 [http-nio-8088-exec-10] DEBUG i.s.v.c.c.ModelConverterContextImpl - resolve class java.lang.String
21:15:51.865 [http-nio-8088-exec-10] DEBUG i.s.v.c.c.ModelConverterContextImpl - resolve class java.lang.String
21:15:51.870 [http-nio-8088-exec-10] DEBUG i.s.v.c.c.ModelConverterContextImpl - resolve class java.lang.String
21:15:51.872 [http-nio-8088-exec-10] DEBUG i.s.v.c.c.ModelConverterContextImpl - resolve class java.lang.String
21:15:51.876 [http-nio-8088-exec-10] INFO  o.s.api.AbstractOpenApiResource - Init duration for springdoc-openapi is: 408 ms
