21:13:50.000 [restartedMain] INFO  o.a.catalina.core.StandardService - Stopping service [Tomcat]
21:13:50.033 [restartedMain] ERROR o.s.boot.SpringApplication - Application run failed
org.springframework.beans.factory.BeanCreationException: Error creating bean with name 'userController' defined in file [/Users/liyinchi/workspace/java/lyc.springboot.demo/target/classes/com/example/lyc/springboot/demo/controller/UserController.class]: Unexpected exception during bean creation
	at org.springframework.beans.factory.support.AbstractAutowireCapableBeanFactory.createBean(AbstractAutowireCapableBeanFactory.java:533)
	at org.springframework.beans.factory.support.AbstractBeanFactory.lambda$doGetBean$0(AbstractBeanFactory.java:326)
	at org.springframework.beans.factory.support.DefaultSingletonBeanRegistry.getSingleton(DefaultSingletonBeanRegistry.java:234)
	at org.springframework.beans.factory.support.AbstractBeanFactory.doGetBean(AbstractBeanFactory.java:324)
	at org.springframework.beans.factory.support.AbstractBeanFactory.getBean(AbstractBeanFactory.java:200)
	at org.springframework.beans.factory.support.DefaultListableBeanFactory.preInstantiateSingletons(DefaultListableBeanFactory.java:973)
	at org.springframework.context.support.AbstractApplicationContext.finishBeanFactoryInitialization(AbstractApplicationContext.java:942)
	at org.springframework.context.support.AbstractApplicationContext.refresh(AbstractApplicationContext.java:608)
	at org.springframework.boot.web.servlet.context.ServletWebServerApplicationContext.refresh(ServletWebServerApplicationContext.java:146)
	at org.springframework.boot.SpringApplication.refresh(SpringApplication.java:734)
	at org.springframework.boot.SpringApplication.refreshContext(SpringApplication.java:436)
	at org.springframework.boot.SpringApplication.run(SpringApplication.java:312)
	at org.springframework.boot.SpringApplication.run(SpringApplication.java:1306)
	at org.springframework.boot.SpringApplication.run(SpringApplication.java:1295)
	at com.example.lyc.springboot.demo.Application.main(Application.java:11)
	at java.base/jdk.internal.reflect.NativeMethodAccessorImpl.invoke0(Native Method)
	at java.base/jdk.internal.reflect.NativeMethodAccessorImpl.invoke(NativeMethodAccessorImpl.java:77)
	at java.base/jdk.internal.reflect.DelegatingMethodAccessorImpl.invoke(DelegatingMethodAccessorImpl.java:43)
	at java.base/java.lang.reflect.Method.invoke(Method.java:568)
	at org.springframework.boot.devtools.restart.RestartLauncher.run(RestartLauncher.java:50)
Caused by: java.lang.annotation.AnnotationFormatError: Duplicate annotation for class: interface org.springframework.web.bind.annotation.RequestMapping: @org.springframework.web.bind.annotation.RequestMapping(path={}, headers={}, method={DELETE}, name="", produces={"application/json; charset=UTF-8"}, params={}, value={"/deleteUserParam"}, consumes={})
	at java.base/sun.reflect.annotation.AnnotationParser.parseAnnotations2(AnnotationParser.java:126)
	at java.base/sun.reflect.annotation.AnnotationParser.parseAnnotations(AnnotationParser.java:73)
	at java.base/java.lang.reflect.Executable.declaredAnnotations(Executable.java:625)
	at java.base/java.lang.reflect.Executable.declaredAnnotations(Executable.java:623)
	at java.base/java.lang.reflect.Executable.getAnnotation(Executable.java:591)
	at java.base/java.lang.reflect.Method.getAnnotation(Method.java:738)
	at org.springframework.beans.factory.annotation.AutowiredAnnotationBeanPostProcessor.lambda$checkLookupMethods$0(AutowiredAnnotationBeanPostProcessor.java:451)
	at org.springframework.util.ReflectionUtils.doWithLocalMethods(ReflectionUtils.java:323)
	at org.springframework.beans.factory.annotation.AutowiredAnnotationBeanPostProcessor.checkLookupMethods(AutowiredAnnotationBeanPostProcessor.java:450)
	at org.springframework.beans.factory.annotation.AutowiredAnnotationBeanPostProcessor.determineCandidateConstructors(AutowiredAnnotationBeanPostProcessor.java:342)
	at org.springframework.beans.factory.support.AbstractAutowireCapableBeanFactory.determineConstructorsFromBeanPostProcessors(AbstractAutowireCapableBeanFactory.java:1291)
	at org.springframework.beans.factory.support.AbstractAutowireCapableBeanFactory.createBeanInstance(AbstractAutowireCapableBeanFactory.java:1186)
	at org.springframework.beans.factory.support.AbstractAutowireCapableBeanFactory.doCreateBean(AbstractAutowireCapableBeanFactory.java:560)
	at org.springframework.beans.factory.support.AbstractAutowireCapableBeanFactory.createBean(AbstractAutowireCapableBeanFactory.java:520)
	... 19 common frames omitted
