17:00:29.317 [Apollo-RemoteConfigRepository-1] WARN  c.c.f.a.i.AbstractConfigRepository - Sync config failed, will retry. Repository class com.ctrip.framework.apollo.internals.RemoteConfigRepository, reason: Get config services failed from http://meta.apollo.xxx.cn/services/config?appId=platform&ip=10.224.0.20 [Cause: Could not complete get operation [Cause: meta.apollo.xxx.cn]]
17:00:39.358 [Apollo-RemoteConfigRepository-1] WARN  c.c.f.a.i.AbstractConfigRepository - Sync config failed, will retry. Repository class com.ctrip.framework.apollo.internals.RemoteConfigRepository, reason: Get config services failed from http://meta.apollo.xxx.cn/services/config?appId=platform&ip=10.224.0.20 [Cause: Could not complete get operation [Cause: meta.apollo.xxx.cn]]
17:00:49.505 [Apollo-RemoteConfigRepository-1] WARN  c.c.f.a.i.AbstractConfigRepository - Sync config failed, will retry. Repository class com.ctrip.framework.apollo.internals.RemoteConfigRepository, reason: Get config services failed from http://meta.apollo.xxx.cn/services/config?appId=platform&ip=10.224.0.20 [Cause: Could not complete get operation [Cause: meta.apollo.xxx.cn]]
17:01:33.232 [Apollo-RemoteConfigLongPollService-1] WARN  c.c.f.a.i.RemoteConfigLongPollService - Long polling failed, will retry in 120 seconds. appId: platform, cluster: default, namespaces: application+message+sensitive-config, long polling url: null, reason: Get config services failed from http://meta.apollo.xxx.cn/services/config?appId=platform&ip=10.224.0.20 [Cause: Could not complete get operation [Cause: meta.apollo.xxx.cn]]
17:18:26.304 [HikariPool-1 housekeeper] WARN  com.zaxxer.hikari.pool.HikariPool - HikariPool-1 - Thread starvation or clock leap detected (housekeeper delta=16m57s78ms).
17:20:02.347 [Apollo-RemoteConfigLongPollService-1] WARN  c.c.f.a.i.RemoteConfigLongPollService - Long polling failed, will retry in 120 seconds. appId: platform, cluster: default, namespaces: application+message+sensitive-config, long polling url: null, reason: Get config services failed from http://meta.apollo.xxx.cn/services/config?appId=platform&ip=10.224.0.20 [Cause: Could not complete get operation [Cause: meta.apollo.xxx.cn]]
17:21:56.355 [Apollo-RemoteConfigRepository-1] WARN  c.c.f.a.i.AbstractConfigRepository - Sync config failed, will retry. Repository class com.ctrip.framework.apollo.internals.RemoteConfigRepository, reason: Get config services failed from http://meta.apollo.xxx.cn/services/config?appId=platform&ip=10.224.0.20 [Cause: Could not complete get operation [Cause: meta.apollo.xxx.cn]]
17:22:04.353 [Apollo-RemoteConfigLongPollService-1] WARN  c.c.f.a.i.RemoteConfigLongPollService - Long polling failed, will retry in 120 seconds. appId: platform, cluster: default, namespaces: application+message+sensitive-config, long polling url: null, reason: Get config services failed from http://meta.apollo.xxx.cn/services/config?appId=platform&ip=10.224.0.20 [Cause: Could not complete get operation [Cause: meta.apollo.xxx.cn]]
17:22:06.358 [Apollo-RemoteConfigRepository-1] WARN  c.c.f.a.i.AbstractConfigRepository - Sync config failed, will retry. Repository class com.ctrip.framework.apollo.internals.RemoteConfigRepository, reason: Get config services failed from http://meta.apollo.xxx.cn/services/config?appId=platform&ip=10.224.0.20 [Cause: Could not complete get operation [Cause: meta.apollo.xxx.cn]]
17:22:16.314 [Apollo-RemoteConfigRepository-1] WARN  c.c.f.a.i.AbstractConfigRepository - Sync config failed, will retry. Repository class com.ctrip.framework.apollo.internals.RemoteConfigRepository, reason: Get config services failed from http://meta.apollo.xxx.cn/services/config?appId=platform&ip=10.224.0.20 [Cause: Could not complete get operation [Cause: meta.apollo.xxx.cn]]
17:24:06.444 [Apollo-RemoteConfigLongPollService-1] WARN  c.c.f.a.i.RemoteConfigLongPollService - Long polling failed, will retry in 120 seconds. appId: platform, cluster: default, namespaces: application+message+sensitive-config, long polling url: null, reason: Get config services failed from http://meta.apollo.xxx.cn/services/config?appId=platform&ip=10.224.0.20 [Cause: Could not complete get operation [Cause: meta.apollo.xxx.cn]]
17:26:08.487 [Apollo-RemoteConfigLongPollService-1] WARN  c.c.f.a.i.RemoteConfigLongPollService - Long polling failed, will retry in 120 seconds. appId: platform, cluster: default, namespaces: application+message+sensitive-config, long polling url: null, reason: Get config services failed from http://meta.apollo.xxx.cn/services/config?appId=platform&ip=10.224.0.20 [Cause: Could not complete get operation [Cause: meta.apollo.xxx.cn]]
17:26:56.223 [Apollo-RemoteConfigRepository-1] WARN  c.c.f.a.i.AbstractConfigRepository - Sync config failed, will retry. Repository class com.ctrip.framework.apollo.internals.RemoteConfigRepository, reason: Get config services failed from http://meta.apollo.xxx.cn/services/config?appId=platform&ip=10.224.0.20 [Cause: Could not complete get operation [Cause: meta.apollo.xxx.cn]]
17:27:06.267 [Apollo-RemoteConfigRepository-1] WARN  c.c.f.a.i.AbstractConfigRepository - Sync config failed, will retry. Repository class com.ctrip.framework.apollo.internals.RemoteConfigRepository, reason: Get config services failed from http://meta.apollo.xxx.cn/services/config?appId=platform&ip=10.224.0.20 [Cause: Could not complete get operation [Cause: meta.apollo.xxx.cn]]
17:27:16.299 [Apollo-RemoteConfigRepository-1] WARN  c.c.f.a.i.AbstractConfigRepository - Sync config failed, will retry. Repository class com.ctrip.framework.apollo.internals.RemoteConfigRepository, reason: Get config services failed from http://meta.apollo.xxx.cn/services/config?appId=platform&ip=10.224.0.20 [Cause: Could not complete get operation [Cause: meta.apollo.xxx.cn]]
17:28:10.575 [Apollo-RemoteConfigLongPollService-1] WARN  c.c.f.a.i.RemoteConfigLongPollService - Long polling failed, will retry in 120 seconds. appId: platform, cluster: default, namespaces: application+message+sensitive-config, long polling url: null, reason: Get config services failed from http://meta.apollo.xxx.cn/services/config?appId=platform&ip=10.224.0.20 [Cause: Could not complete get operation [Cause: meta.apollo.xxx.cn]]
17:30:12.630 [Apollo-RemoteConfigLongPollService-1] WARN  c.c.f.a.i.RemoteConfigLongPollService - Long polling failed, will retry in 120 seconds. appId: platform, cluster: default, namespaces: application+message+sensitive-config, long polling url: null, reason: Get config services failed from http://meta.apollo.xxx.cn/services/config?appId=platform&ip=10.224.0.20 [Cause: Could not complete get operation [Cause: meta.apollo.xxx.cn]]
17:31:56.231 [Apollo-RemoteConfigRepository-1] WARN  c.c.f.a.i.AbstractConfigRepository - Sync config failed, will retry. Repository class com.ctrip.framework.apollo.internals.RemoteConfigRepository, reason: Get config services failed from http://meta.apollo.xxx.cn/services/config?appId=platform&ip=10.224.0.20 [Cause: Could not complete get operation [Cause: meta.apollo.xxx.cn]]
17:32:06.251 [Apollo-RemoteConfigRepository-1] WARN  c.c.f.a.i.AbstractConfigRepository - Sync config failed, will retry. Repository class com.ctrip.framework.apollo.internals.RemoteConfigRepository, reason: Get config services failed from http://meta.apollo.xxx.cn/services/config?appId=platform&ip=10.224.0.20 [Cause: Could not complete get operation [Cause: meta.apollo.xxx.cn]]
17:32:14.636 [Apollo-RemoteConfigLongPollService-1] WARN  c.c.f.a.i.RemoteConfigLongPollService - Long polling failed, will retry in 120 seconds. appId: platform, cluster: default, namespaces: application+message+sensitive-config, long polling url: null, reason: Get config services failed from http://meta.apollo.xxx.cn/services/config?appId=platform&ip=10.224.0.20 [Cause: Could not complete get operation [Cause: meta.apollo.xxx.cn]]
17:32:16.647 [Apollo-RemoteConfigRepository-1] WARN  c.c.f.a.i.AbstractConfigRepository - Sync config failed, will retry. Repository class com.ctrip.framework.apollo.internals.RemoteConfigRepository, reason: Get config services failed from http://meta.apollo.xxx.cn/services/config?appId=platform&ip=10.224.0.20 [Cause: Could not complete get operation [Cause: meta.apollo.xxx.cn]]
17:34:16.770 [Apollo-RemoteConfigLongPollService-1] WARN  c.c.f.a.i.RemoteConfigLongPollService - Long polling failed, will retry in 120 seconds. appId: platform, cluster: default, namespaces: application+message+sensitive-config, long polling url: null, reason: Get config services failed from http://meta.apollo.xxx.cn/services/config?appId=platform&ip=10.224.0.20 [Cause: Could not complete get operation [Cause: meta.apollo.xxx.cn]]
17:36:19.049 [Apollo-RemoteConfigLongPollService-1] WARN  c.c.f.a.i.RemoteConfigLongPollService - Long polling failed, will retry in 120 seconds. appId: platform, cluster: default, namespaces: application+message+sensitive-config, long polling url: null, reason: Get config services failed from http://meta.apollo.xxx.cn/services/config?appId=platform&ip=10.224.0.20 [Cause: Could not complete get operation [Cause: meta.apollo.xxx.cn]]
17:36:38.699 [http-nio-8088-exec-6] ERROR c.e.l.s.d.e.GlobalExceptionHandler - 系统异常1111：
org.springframework.http.converter.HttpMessageNotReadableException: Required request body is missing: public com.example.lyc.springboot.demo.commons.api.JsonResult com.example.lyc.springboot.demo.controller.ExceptionController.test(java.lang.String,java.lang.String)
	at org.springframework.web.servlet.mvc.method.annotation.RequestResponseBodyMethodProcessor.readWithMessageConverters(RequestResponseBodyMethodProcessor.java:166)
	at org.springframework.web.servlet.mvc.method.annotation.RequestResponseBodyMethodProcessor.resolveArgument(RequestResponseBodyMethodProcessor.java:136)
	at org.springframework.web.method.support.HandlerMethodArgumentResolverComposite.resolveArgument(HandlerMethodArgumentResolverComposite.java:122)
	at org.springframework.web.method.support.InvocableHandlerMethod.getMethodArgumentValues(InvocableHandlerMethod.java:179)
	at org.springframework.web.method.support.InvocableHandlerMethod.invokeForRequest(InvocableHandlerMethod.java:146)
	at org.springframework.web.servlet.mvc.method.annotation.ServletInvocableHandlerMethod.invokeAndHandle(ServletInvocableHandlerMethod.java:118)
	at org.springframework.web.servlet.mvc.method.annotation.RequestMappingHandlerAdapter.invokeHandlerMethod(RequestMappingHandlerAdapter.java:884)
	at org.springframework.web.servlet.mvc.method.annotation.RequestMappingHandlerAdapter.handleInternal(RequestMappingHandlerAdapter.java:797)
	at org.springframework.web.servlet.mvc.method.AbstractHandlerMethodAdapter.handle(AbstractHandlerMethodAdapter.java:87)
	at org.springframework.web.servlet.DispatcherServlet.doDispatch(DispatcherServlet.java:1081)
	at org.springframework.web.servlet.DispatcherServlet.doService(DispatcherServlet.java:974)
	at org.springframework.web.servlet.FrameworkServlet.processRequest(FrameworkServlet.java:1011)
	at org.springframework.web.servlet.FrameworkServlet.doPost(FrameworkServlet.java:914)
	at jakarta.servlet.http.HttpServlet.service(HttpServlet.java:590)
	at org.springframework.web.servlet.FrameworkServlet.service(FrameworkServlet.java:885)
	at jakarta.servlet.http.HttpServlet.service(HttpServlet.java:658)
	at org.apache.catalina.core.ApplicationFilterChain.internalDoFilter(ApplicationFilterChain.java:205)
	at org.apache.catalina.core.ApplicationFilterChain.doFilter(ApplicationFilterChain.java:149)
	at org.apache.tomcat.websocket.server.WsFilter.doFilter(WsFilter.java:51)
	at org.apache.catalina.core.ApplicationFilterChain.internalDoFilter(ApplicationFilterChain.java:174)
	at org.apache.catalina.core.ApplicationFilterChain.doFilter(ApplicationFilterChain.java:149)
	at org.springframework.web.filter.RequestContextFilter.doFilterInternal(RequestContextFilter.java:100)
	at org.springframework.web.filter.OncePerRequestFilter.doFilter(OncePerRequestFilter.java:116)
	at org.apache.catalina.core.ApplicationFilterChain.internalDoFilter(ApplicationFilterChain.java:174)
	at org.apache.catalina.core.ApplicationFilterChain.doFilter(ApplicationFilterChain.java:149)
	at org.springframework.web.filter.FormContentFilter.doFilterInternal(FormContentFilter.java:93)
	at org.springframework.web.filter.OncePerRequestFilter.doFilter(OncePerRequestFilter.java:116)
	at org.apache.catalina.core.ApplicationFilterChain.internalDoFilter(ApplicationFilterChain.java:174)
	at org.apache.catalina.core.ApplicationFilterChain.doFilter(ApplicationFilterChain.java:149)
	at org.springframework.web.filter.CharacterEncodingFilter.doFilterInternal(CharacterEncodingFilter.java:201)
	at org.springframework.web.filter.OncePerRequestFilter.doFilter(OncePerRequestFilter.java:116)
	at org.apache.catalina.core.ApplicationFilterChain.internalDoFilter(ApplicationFilterChain.java:174)
	at org.apache.catalina.core.ApplicationFilterChain.doFilter(ApplicationFilterChain.java:149)
	at org.apache.catalina.core.StandardWrapperValve.invoke(StandardWrapperValve.java:166)
	at org.apache.catalina.core.StandardContextValve.invoke(StandardContextValve.java:90)
	at org.apache.catalina.authenticator.AuthenticatorBase.invoke(AuthenticatorBase.java:482)
	at org.apache.catalina.core.StandardHostValve.invoke(StandardHostValve.java:115)
	at org.apache.catalina.valves.ErrorReportValve.invoke(ErrorReportValve.java:93)
	at org.apache.catalina.core.StandardEngineValve.invoke(StandardEngineValve.java:74)
	at org.apache.catalina.connector.CoyoteAdapter.service(CoyoteAdapter.java:341)
	at org.apache.coyote.http11.Http11Processor.service(Http11Processor.java:391)
	at org.apache.coyote.AbstractProcessorLight.process(AbstractProcessorLight.java:63)
	at org.apache.coyote.AbstractProtocol$ConnectionHandler.process(AbstractProtocol.java:894)
	at org.apache.tomcat.util.net.NioEndpoint$SocketProcessor.doRun(NioEndpoint.java:1740)
	at org.apache.tomcat.util.net.SocketProcessorBase.run(SocketProcessorBase.java:52)
	at org.apache.tomcat.util.threads.ThreadPoolExecutor.runWorker(ThreadPoolExecutor.java:1191)
	at org.apache.tomcat.util.threads.ThreadPoolExecutor$Worker.run(ThreadPoolExecutor.java:659)
	at org.apache.tomcat.util.threads.TaskThread$WrappingRunnable.run(TaskThread.java:61)
	at java.base/java.lang.Thread.run(Thread.java:833)
17:36:38.773 [http-nio-8088-exec-6] WARN  o.s.w.s.m.m.a.ExceptionHandlerExceptionResolver - Resolved [org.springframework.http.converter.HttpMessageNotReadableException: Required request body is missing: public com.example.lyc.springboot.demo.commons.api.JsonResult com.example.lyc.springboot.demo.controller.ExceptionController.test(java.lang.String,java.lang.String)]
17:36:56.282 [Apollo-RemoteConfigRepository-1] WARN  c.c.f.a.i.AbstractConfigRepository - Sync config failed, will retry. Repository class com.ctrip.framework.apollo.internals.RemoteConfigRepository, reason: Get config services failed from http://meta.apollo.xxx.cn/services/config?appId=platform&ip=10.224.0.20 [Cause: Could not complete get operation [Cause: meta.apollo.xxx.cn]]
17:37:06.322 [Apollo-RemoteConfigRepository-1] WARN  c.c.f.a.i.AbstractConfigRepository - Sync config failed, will retry. Repository class com.ctrip.framework.apollo.internals.RemoteConfigRepository, reason: Get config services failed from http://meta.apollo.xxx.cn/services/config?appId=platform&ip=10.224.0.20 [Cause: Could not complete get operation [Cause: meta.apollo.xxx.cn]]
17:37:16.360 [Apollo-RemoteConfigRepository-1] WARN  c.c.f.a.i.AbstractConfigRepository - Sync config failed, will retry. Repository class com.ctrip.framework.apollo.internals.RemoteConfigRepository, reason: Get config services failed from http://meta.apollo.xxx.cn/services/config?appId=platform&ip=10.224.0.20 [Cause: Could not complete get operation [Cause: meta.apollo.xxx.cn]]
17:37:19.912 [http-nio-8088-exec-7] ERROR c.e.l.s.d.e.GlobalExceptionHandler - 系统异常1111：
com.example.lyc.springboot.demo.exception.BusinessErrorException: null
	at com.example.lyc.springboot.demo.controller.ExceptionController.testException(ExceptionController.java:36)
	at java.base/jdk.internal.reflect.NativeMethodAccessorImpl.invoke0(Native Method)
	at java.base/jdk.internal.reflect.NativeMethodAccessorImpl.invoke(NativeMethodAccessorImpl.java:77)
	at java.base/jdk.internal.reflect.DelegatingMethodAccessorImpl.invoke(DelegatingMethodAccessorImpl.java:43)
	at java.base/java.lang.reflect.Method.invoke(Method.java:568)
	at org.springframework.web.method.support.InvocableHandlerMethod.doInvoke(InvocableHandlerMethod.java:205)
	at org.springframework.web.method.support.InvocableHandlerMethod.invokeForRequest(InvocableHandlerMethod.java:150)
	at org.springframework.web.servlet.mvc.method.annotation.ServletInvocableHandlerMethod.invokeAndHandle(ServletInvocableHandlerMethod.java:118)
	at org.springframework.web.servlet.mvc.method.annotation.RequestMappingHandlerAdapter.invokeHandlerMethod(RequestMappingHandlerAdapter.java:884)
	at org.springframework.web.servlet.mvc.method.annotation.RequestMappingHandlerAdapter.handleInternal(RequestMappingHandlerAdapter.java:797)
	at org.springframework.web.servlet.mvc.method.AbstractHandlerMethodAdapter.handle(AbstractHandlerMethodAdapter.java:87)
	at org.springframework.web.servlet.DispatcherServlet.doDispatch(DispatcherServlet.java:1081)
	at org.springframework.web.servlet.DispatcherServlet.doService(DispatcherServlet.java:974)
	at org.springframework.web.servlet.FrameworkServlet.processRequest(FrameworkServlet.java:1011)
	at org.springframework.web.servlet.FrameworkServlet.doGet(FrameworkServlet.java:903)
	at jakarta.servlet.http.HttpServlet.service(HttpServlet.java:564)
	at org.springframework.web.servlet.FrameworkServlet.service(FrameworkServlet.java:885)
	at jakarta.servlet.http.HttpServlet.service(HttpServlet.java:658)
	at org.apache.catalina.core.ApplicationFilterChain.internalDoFilter(ApplicationFilterChain.java:205)
	at org.apache.catalina.core.ApplicationFilterChain.doFilter(ApplicationFilterChain.java:149)
	at org.apache.tomcat.websocket.server.WsFilter.doFilter(WsFilter.java:51)
	at org.apache.catalina.core.ApplicationFilterChain.internalDoFilter(ApplicationFilterChain.java:174)
	at org.apache.catalina.core.ApplicationFilterChain.doFilter(ApplicationFilterChain.java:149)
	at org.springframework.web.filter.RequestContextFilter.doFilterInternal(RequestContextFilter.java:100)
	at org.springframework.web.filter.OncePerRequestFilter.doFilter(OncePerRequestFilter.java:116)
	at org.apache.catalina.core.ApplicationFilterChain.internalDoFilter(ApplicationFilterChain.java:174)
	at org.apache.catalina.core.ApplicationFilterChain.doFilter(ApplicationFilterChain.java:149)
	at org.springframework.web.filter.FormContentFilter.doFilterInternal(FormContentFilter.java:93)
	at org.springframework.web.filter.OncePerRequestFilter.doFilter(OncePerRequestFilter.java:116)
	at org.apache.catalina.core.ApplicationFilterChain.internalDoFilter(ApplicationFilterChain.java:174)
	at org.apache.catalina.core.ApplicationFilterChain.doFilter(ApplicationFilterChain.java:149)
	at org.springframework.web.filter.CharacterEncodingFilter.doFilterInternal(CharacterEncodingFilter.java:201)
	at org.springframework.web.filter.OncePerRequestFilter.doFilter(OncePerRequestFilter.java:116)
	at org.apache.catalina.core.ApplicationFilterChain.internalDoFilter(ApplicationFilterChain.java:174)
	at org.apache.catalina.core.ApplicationFilterChain.doFilter(ApplicationFilterChain.java:149)
	at org.apache.catalina.core.StandardWrapperValve.invoke(StandardWrapperValve.java:166)
	at org.apache.catalina.core.StandardContextValve.invoke(StandardContextValve.java:90)
	at org.apache.catalina.authenticator.AuthenticatorBase.invoke(AuthenticatorBase.java:482)
	at org.apache.catalina.core.StandardHostValve.invoke(StandardHostValve.java:115)
	at org.apache.catalina.valves.ErrorReportValve.invoke(ErrorReportValve.java:93)
	at org.apache.catalina.core.StandardEngineValve.invoke(StandardEngineValve.java:74)
	at org.apache.catalina.connector.CoyoteAdapter.service(CoyoteAdapter.java:341)
	at org.apache.coyote.http11.Http11Processor.service(Http11Processor.java:391)
	at org.apache.coyote.AbstractProcessorLight.process(AbstractProcessorLight.java:63)
	at org.apache.coyote.AbstractProtocol$ConnectionHandler.process(AbstractProtocol.java:894)
	at org.apache.tomcat.util.net.NioEndpoint$SocketProcessor.doRun(NioEndpoint.java:1740)
	at org.apache.tomcat.util.net.SocketProcessorBase.run(SocketProcessorBase.java:52)
	at org.apache.tomcat.util.threads.ThreadPoolExecutor.runWorker(ThreadPoolExecutor.java:1191)
	at org.apache.tomcat.util.threads.ThreadPoolExecutor$Worker.run(ThreadPoolExecutor.java:659)
	at org.apache.tomcat.util.threads.TaskThread$WrappingRunnable.run(TaskThread.java:61)
	at java.base/java.lang.Thread.run(Thread.java:833)
17:37:19.930 [http-nio-8088-exec-7] WARN  o.s.w.s.m.m.a.ExceptionHandlerExceptionResolver - Resolved [com.example.lyc.springboot.demo.exception.BusinessErrorException]
17:38:03.058 [Thread-5] INFO  o.a.coyote.http11.Http11NioProtocol - Pausing ProtocolHandler ["http-nio-8088"]
17:38:03.060 [Thread-5] INFO  o.a.catalina.core.StandardService - Stopping service [Tomcat]
17:38:03.080 [Thread-5] INFO  o.a.c.c.C.[Tomcat].[localhost].[/] - Destroying Spring FrameworkServlet 'dispatcherServlet'
17:38:03.145 [Thread-5] WARN  o.a.c.loader.WebappClassLoaderBase - The web application [ROOT] appears to have started a thread named [HikariPool-1 housekeeper] but has failed to stop it. This is very likely to create a memory leak. Stack trace of thread:
 java.base@17.0.1/jdk.internal.misc.Unsafe.park(Native Method)
 java.base@17.0.1/java.util.concurrent.locks.LockSupport.parkNanos(LockSupport.java:252)
 java.base@17.0.1/java.util.concurrent.locks.AbstractQueuedSynchronizer$ConditionObject.awaitNanos(AbstractQueuedSynchronizer.java:1672)
 java.base@17.0.1/java.util.concurrent.ScheduledThreadPoolExecutor$DelayedWorkQueue.take(ScheduledThreadPoolExecutor.java:1182)
 java.base@17.0.1/java.util.concurrent.ScheduledThreadPoolExecutor$DelayedWorkQueue.take(ScheduledThreadPoolExecutor.java:899)
 java.base@17.0.1/java.util.concurrent.ThreadPoolExecutor.getTask(ThreadPoolExecutor.java:1062)
 java.base@17.0.1/java.util.concurrent.ThreadPoolExecutor.runWorker(ThreadPoolExecutor.java:1122)
 java.base@17.0.1/java.util.concurrent.ThreadPoolExecutor$Worker.run(ThreadPoolExecutor.java:635)
 java.base@17.0.1/java.lang.Thread.run(Thread.java:833)
17:38:03.157 [Thread-5] INFO  o.a.coyote.http11.Http11NioProtocol - Stopping ProtocolHandler ["http-nio-8088"]
17:38:03.219 [Thread-5] INFO  o.a.coyote.http11.Http11NioProtocol - Destroying ProtocolHandler ["http-nio-8088"]
17:38:03.728 [Thread-5] INFO  com.zaxxer.hikari.HikariDataSource - HikariPool-1 - Shutdown initiated...
17:38:03.797 [Thread-5] INFO  com.zaxxer.hikari.HikariDataSource - HikariPool-1 - Shutdown completed.
17:38:04.729 [restartedMain] INFO  c.e.lyc.springboot.demo.Application - Starting Application using Java 17.0.1 with PID 67038 (/Users/liyinchi/workspace/java/lyc.springboot.demo/target/classes started by liyinchi in /Users/liyinchi/workspace/java/lyc.springboot.demo)
17:38:04.729 [restartedMain] DEBUG c.e.lyc.springboot.demo.Application - Running with Spring Boot v3.1.2, Spring v6.0.11
17:38:04.729 [restartedMain] INFO  c.e.lyc.springboot.demo.Application - The following 1 profile is active: "dev"
17:38:06.066 [restartedMain] INFO  o.a.coyote.http11.Http11NioProtocol - Initializing ProtocolHandler ["http-nio-8088"]
17:38:06.080 [restartedMain] INFO  o.a.catalina.core.StandardService - Starting service [Tomcat]
17:38:06.081 [restartedMain] INFO  o.a.catalina.core.StandardEngine - Starting Servlet engine: [Apache Tomcat/10.1.12]
17:38:06.212 [restartedMain] INFO  o.a.c.c.C.[Tomcat].[localhost].[/] - Initializing Spring embedded WebApplicationContext
17:38:06.311 [restartedMain] INFO  c.c.f.a.s.a.SpringValueProcessor - Monitoring key: microservice.url.orderUrl, beanName: jsonController, field: com.example.lyc.springboot.demo.controller.JsonController.orderUrl
17:38:07.316 [restartedMain] INFO  c.c.f.a.s.a.SpringValueProcessor - Monitoring key: spring.mvc.servlet.path, beanName: swaggerWelcome, field: org.springdoc.webmvc.ui.SwaggerWelcomeWebMvc.mvcServletPath
17:38:07.643 [restartedMain] WARN  o.s.b.a.t.ThymeleafAutoConfiguration$DefaultTemplateResolverConfiguration - Cannot find template location: classpath:/templates/ (please add some templates, check your Thymeleaf configuration, or set spring.thymeleaf.check-template-location=false)
17:38:08.073 [restartedMain] INFO  o.a.coyote.http11.Http11NioProtocol - Starting ProtocolHandler ["http-nio-8088"]
17:38:08.186 [restartedMain] INFO  c.e.lyc.springboot.demo.Application - Started Application in 3.948 seconds (process running for 3680.688)
17:38:09.460 [Thread-7] INFO  o.a.coyote.http11.Http11NioProtocol - Pausing ProtocolHandler ["http-nio-8088"]
17:38:09.466 [Thread-7] INFO  o.a.catalina.core.StandardService - Stopping service [Tomcat]
17:38:09.469 [Thread-7] INFO  o.a.coyote.http11.Http11NioProtocol - Stopping ProtocolHandler ["http-nio-8088"]
17:38:09.564 [Thread-7] INFO  o.a.coyote.http11.Http11NioProtocol - Destroying ProtocolHandler ["http-nio-8088"]
17:38:09.714 [restartedMain] INFO  c.e.lyc.springboot.demo.Application - Starting Application using Java 17.0.1 with PID 67038 (/Users/liyinchi/workspace/java/lyc.springboot.demo/target/classes started by liyinchi in /Users/liyinchi/workspace/java/lyc.springboot.demo)
17:38:09.715 [restartedMain] DEBUG c.e.lyc.springboot.demo.Application - Running with Spring Boot v3.1.2, Spring v6.0.11
17:38:09.715 [restartedMain] INFO  c.e.lyc.springboot.demo.Application - The following 1 profile is active: "dev"
17:38:10.710 [restartedMain] INFO  o.a.coyote.http11.Http11NioProtocol - Initializing ProtocolHandler ["http-nio-8088"]
17:38:10.711 [restartedMain] INFO  o.a.catalina.core.StandardService - Starting service [Tomcat]
17:38:10.711 [restartedMain] INFO  o.a.catalina.core.StandardEngine - Starting Servlet engine: [Apache Tomcat/10.1.12]
17:38:10.758 [restartedMain] INFO  o.a.c.c.C.[Tomcat].[localhost].[/] - Initializing Spring embedded WebApplicationContext
17:38:10.786 [restartedMain] INFO  c.c.f.a.s.a.SpringValueProcessor - Monitoring key: microservice.url.orderUrl, beanName: jsonController, field: com.example.lyc.springboot.demo.controller.JsonController.orderUrl
17:38:10.996 [restartedMain] INFO  c.c.f.a.s.a.SpringValueProcessor - Monitoring key: spring.mvc.servlet.path, beanName: swaggerWelcome, field: org.springdoc.webmvc.ui.SwaggerWelcomeWebMvc.mvcServletPath
17:38:11.401 [restartedMain] WARN  o.s.b.a.t.ThymeleafAutoConfiguration$DefaultTemplateResolverConfiguration - Cannot find template location: classpath:/templates/ (please add some templates, check your Thymeleaf configuration, or set spring.thymeleaf.check-template-location=false)
17:38:11.747 [restartedMain] INFO  o.a.coyote.http11.Http11NioProtocol - Starting ProtocolHandler ["http-nio-8088"]
17:38:11.789 [restartedMain] INFO  c.e.lyc.springboot.demo.Application - Started Application in 2.156 seconds (process running for 3684.291)
17:38:21.094 [Apollo-RemoteConfigLongPollService-1] WARN  c.c.f.a.i.RemoteConfigLongPollService - Long polling failed, will retry in 120 seconds. appId: platform, cluster: default, namespaces: application+message+sensitive-config, long polling url: null, reason: Get config services failed from http://meta.apollo.xxx.cn/services/config?appId=platform&ip=10.224.0.20 [Cause: Could not complete get operation [Cause: meta.apollo.xxx.cn]]
17:39:14.675 [Thread-11] INFO  o.a.coyote.http11.Http11NioProtocol - Pausing ProtocolHandler ["http-nio-8088"]
17:39:14.675 [Thread-11] INFO  o.a.catalina.core.StandardService - Stopping service [Tomcat]
17:39:14.678 [Thread-11] INFO  o.a.coyote.http11.Http11NioProtocol - Stopping ProtocolHandler ["http-nio-8088"]
17:39:14.692 [Thread-11] INFO  o.a.coyote.http11.Http11NioProtocol - Destroying ProtocolHandler ["http-nio-8088"]
17:39:14.845 [restartedMain] INFO  c.e.lyc.springboot.demo.Application - Starting Application using Java 17.0.1 with PID 67038 (/Users/liyinchi/workspace/java/lyc.springboot.demo/target/classes started by liyinchi in /Users/liyinchi/workspace/java/lyc.springboot.demo)
17:39:14.845 [restartedMain] DEBUG c.e.lyc.springboot.demo.Application - Running with Spring Boot v3.1.2, Spring v6.0.11
17:39:14.846 [restartedMain] INFO  c.e.lyc.springboot.demo.Application - The following 1 profile is active: "dev"
17:39:15.349 [restartedMain] INFO  o.a.coyote.http11.Http11NioProtocol - Initializing ProtocolHandler ["http-nio-8088"]
17:39:15.350 [restartedMain] INFO  o.a.catalina.core.StandardService - Starting service [Tomcat]
17:39:15.350 [restartedMain] INFO  o.a.catalina.core.StandardEngine - Starting Servlet engine: [Apache Tomcat/10.1.12]
17:39:15.385 [restartedMain] INFO  o.a.c.c.C.[Tomcat].[localhost].[/] - Initializing Spring embedded WebApplicationContext
17:39:15.412 [restartedMain] INFO  c.c.f.a.s.a.SpringValueProcessor - Monitoring key: microservice.url.orderUrl, beanName: jsonController, field: com.example.lyc.springboot.demo.controller.JsonController.orderUrl
17:39:15.513 [restartedMain] INFO  c.c.f.a.s.a.SpringValueProcessor - Monitoring key: spring.mvc.servlet.path, beanName: swaggerWelcome, field: org.springdoc.webmvc.ui.SwaggerWelcomeWebMvc.mvcServletPath
17:39:15.592 [restartedMain] WARN  o.s.b.a.t.ThymeleafAutoConfiguration$DefaultTemplateResolverConfiguration - Cannot find template location: classpath:/templates/ (please add some templates, check your Thymeleaf configuration, or set spring.thymeleaf.check-template-location=false)
17:39:15.684 [restartedMain] INFO  o.a.coyote.http11.Http11NioProtocol - Starting ProtocolHandler ["http-nio-8088"]
17:39:15.708 [restartedMain] INFO  c.e.lyc.springboot.demo.Application - Started Application in 0.931 seconds (process running for 3748.21)
17:40:23.345 [Apollo-RemoteConfigLongPollService-1] WARN  c.c.f.a.i.RemoteConfigLongPollService - Long polling failed, will retry in 120 seconds. appId: platform, cluster: default, namespaces: application+message+sensitive-config, long polling url: null, reason: Get config services failed from http://meta.apollo.xxx.cn/services/config?appId=platform&ip=10.224.0.20 [Cause: Could not complete get operation [Cause: meta.apollo.xxx.cn]]
17:41:56.313 [Apollo-RemoteConfigRepository-1] WARN  c.c.f.a.i.AbstractConfigRepository - Sync config failed, will retry. Repository class com.ctrip.framework.apollo.internals.RemoteConfigRepository, reason: Get config services failed from http://meta.apollo.xxx.cn/services/config?appId=platform&ip=10.224.0.20 [Cause: Could not complete get operation [Cause: meta.apollo.xxx.cn]]
17:42:06.320 [Apollo-RemoteConfigRepository-1] WARN  c.c.f.a.i.AbstractConfigRepository - Sync config failed, will retry. Repository class com.ctrip.framework.apollo.internals.RemoteConfigRepository, reason: Get config services failed from http://meta.apollo.xxx.cn/services/config?appId=platform&ip=10.224.0.20 [Cause: Could not complete get operation [Cause: meta.apollo.xxx.cn]]
17:42:16.366 [Apollo-RemoteConfigRepository-1] WARN  c.c.f.a.i.AbstractConfigRepository - Sync config failed, will retry. Repository class com.ctrip.framework.apollo.internals.RemoteConfigRepository, reason: Get config services failed from http://meta.apollo.xxx.cn/services/config?appId=platform&ip=10.224.0.20 [Cause: Could not complete get operation [Cause: meta.apollo.xxx.cn]]
17:42:25.361 [Apollo-RemoteConfigLongPollService-1] WARN  c.c.f.a.i.RemoteConfigLongPollService - Long polling failed, will retry in 120 seconds. appId: platform, cluster: default, namespaces: application+message+sensitive-config, long polling url: null, reason: Get config services failed from http://meta.apollo.xxx.cn/services/config?appId=platform&ip=10.224.0.20 [Cause: Could not complete get operation [Cause: meta.apollo.xxx.cn]]
17:44:27.404 [Apollo-RemoteConfigLongPollService-1] WARN  c.c.f.a.i.RemoteConfigLongPollService - Long polling failed, will retry in 120 seconds. appId: platform, cluster: default, namespaces: application+message+sensitive-config, long polling url: null, reason: Get config services failed from http://meta.apollo.xxx.cn/services/config?appId=platform&ip=10.224.0.20 [Cause: Could not complete get operation [Cause: meta.apollo.xxx.cn]]
17:46:29.507 [Apollo-RemoteConfigLongPollService-1] WARN  c.c.f.a.i.RemoteConfigLongPollService - Long polling failed, will retry in 120 seconds. appId: platform, cluster: default, namespaces: application+message+sensitive-config, long polling url: null, reason: Get config services failed from http://meta.apollo.xxx.cn/services/config?appId=platform&ip=10.224.0.20 [Cause: Could not complete get operation [Cause: meta.apollo.xxx.cn]]
