10:14:00.237 [restartedMain] INFO  c.e.lyc.springboot.demo.Application - Starting Application using Java 17.0.1 with PID 61090 (/Users/liyinchi/workspace/java/lyc.springboot.demo/target/classes started by liyinchi in /Users/liyinchi/workspace/java/lyc.springboot.demo)
10:14:00.237 [restartedMain] DEBUG c.e.lyc.springboot.demo.Application - Running with Spring Boot v3.1.2, Spring v6.0.11
10:14:00.237 [restartedMain] INFO  c.e.lyc.springboot.demo.Application - The following 1 profile is active: "dev"
10:14:00.566 [restartedMain] INFO  o.a.coyote.http11.Http11NioProtocol - Initializing ProtocolHandler ["http-nio-8088"]
10:14:00.582 [restartedMain] INFO  o.a.catalina.core.StandardService - Starting service [Tomcat]
10:14:00.583 [restartedMain] INFO  o.a.catalina.core.StandardEngine - Starting Servlet engine: [Apache Tomcat/10.1.12]
10:14:00.603 [restartedMain] INFO  o.a.c.c.C.[Tomcat].[localhost].[/] - Initializing Spring embedded WebApplicationContext
10:14:00.620 [restartedMain] INFO  c.c.f.a.s.a.SpringValueProcessor - Monitoring key: microservice.url.orderUrl, beanName: jsonController, field: com.example.lyc.springboot.demo.controller.JsonController.orderUrl
10:14:00.697 [restartedMain] INFO  c.c.f.a.s.a.SpringValueProcessor - Monitoring key: spring.mvc.servlet.path, beanName: swaggerWelcome, field: org.springdoc.webmvc.ui.SwaggerWelcomeWebMvc.mvcServletPath
10:14:00.931 [restartedMain] INFO  o.a.coyote.http11.Http11NioProtocol - Starting ProtocolHandler ["http-nio-8088"]
10:14:00.950 [restartedMain] INFO  c.e.lyc.springboot.demo.Application - Started Application in 0.764 seconds (process running for 130.773)
10:14:22.401 [Apollo-RemoteConfigLongPollService-1] WARN  c.c.f.a.i.RemoteConfigLongPollService - Long polling failed, will retry in 120 seconds. appId: platform, cluster: default, namespaces: application+message+sensitive-config, long polling url: null, reason: Get config services failed from http://meta.apollo.xxx.cn/services/config?appId=platform&ip=10.224.0.20 [Cause: Could not complete get operation [Cause: meta.apollo.xxx.cn]]
10:16:24.477 [Apollo-RemoteConfigLongPollService-1] WARN  c.c.f.a.i.RemoteConfigLongPollService - Long polling failed, will retry in 120 seconds. appId: platform, cluster: default, namespaces: application+message+sensitive-config, long polling url: null, reason: Get config services failed from http://meta.apollo.xxx.cn/services/config?appId=platform&ip=10.224.0.20 [Cause: Could not complete get operation [Cause: meta.apollo.xxx.cn]]
10:16:58.229 [Apollo-RemoteConfigRepository-1] WARN  c.c.f.a.i.AbstractConfigRepository - Sync config failed, will retry. Repository class com.ctrip.framework.apollo.internals.RemoteConfigRepository, reason: Get config services failed from http://meta.apollo.xxx.cn/services/config?appId=platform&ip=10.224.0.20 [Cause: Could not complete get operation [Cause: meta.apollo.xxx.cn]]
10:17:08.273 [Apollo-RemoteConfigRepository-1] WARN  c.c.f.a.i.AbstractConfigRepository - Sync config failed, will retry. Repository class com.ctrip.framework.apollo.internals.RemoteConfigRepository, reason: Get config services failed from http://meta.apollo.xxx.cn/services/config?appId=platform&ip=10.224.0.20 [Cause: Could not complete get operation [Cause: meta.apollo.xxx.cn]]
10:17:18.308 [Apollo-RemoteConfigRepository-1] WARN  c.c.f.a.i.AbstractConfigRepository - Sync config failed, will retry. Repository class com.ctrip.framework.apollo.internals.RemoteConfigRepository, reason: Get config services failed from http://meta.apollo.xxx.cn/services/config?appId=platform&ip=10.224.0.20 [Cause: Could not complete get operation [Cause: meta.apollo.xxx.cn]]
10:18:26.520 [Apollo-RemoteConfigLongPollService-1] WARN  c.c.f.a.i.RemoteConfigLongPollService - Long polling failed, will retry in 120 seconds. appId: platform, cluster: default, namespaces: application+message+sensitive-config, long polling url: null, reason: Get config services failed from http://meta.apollo.xxx.cn/services/config?appId=platform&ip=10.224.0.20 [Cause: Could not complete get operation [Cause: meta.apollo.xxx.cn]]
10:20:28.715 [Apollo-RemoteConfigLongPollService-1] WARN  c.c.f.a.i.RemoteConfigLongPollService - Long polling failed, will retry in 120 seconds. appId: platform, cluster: default, namespaces: application+message+sensitive-config, long polling url: null, reason: Get config services failed from http://meta.apollo.xxx.cn/services/config?appId=platform&ip=10.224.0.20 [Cause: Could not complete get operation [Cause: meta.apollo.xxx.cn]]
10:21:58.259 [Apollo-RemoteConfigRepository-1] WARN  c.c.f.a.i.AbstractConfigRepository - Sync config failed, will retry. Repository class com.ctrip.framework.apollo.internals.RemoteConfigRepository, reason: Get config services failed from http://meta.apollo.xxx.cn/services/config?appId=platform&ip=10.224.0.20 [Cause: Could not complete get operation [Cause: meta.apollo.xxx.cn]]
10:22:08.275 [Apollo-RemoteConfigRepository-1] WARN  c.c.f.a.i.AbstractConfigRepository - Sync config failed, will retry. Repository class com.ctrip.framework.apollo.internals.RemoteConfigRepository, reason: Get config services failed from http://meta.apollo.xxx.cn/services/config?appId=platform&ip=10.224.0.20 [Cause: Could not complete get operation [Cause: meta.apollo.xxx.cn]]
10:22:18.319 [Apollo-RemoteConfigRepository-1] WARN  c.c.f.a.i.AbstractConfigRepository - Sync config failed, will retry. Repository class com.ctrip.framework.apollo.internals.RemoteConfigRepository, reason: Get config services failed from http://meta.apollo.xxx.cn/services/config?appId=platform&ip=10.224.0.20 [Cause: Could not complete get operation [Cause: meta.apollo.xxx.cn]]
10:22:30.731 [Apollo-RemoteConfigLongPollService-1] WARN  c.c.f.a.i.RemoteConfigLongPollService - Long polling failed, will retry in 120 seconds. appId: platform, cluster: default, namespaces: application+message+sensitive-config, long polling url: null, reason: Get config services failed from http://meta.apollo.xxx.cn/services/config?appId=platform&ip=10.224.0.20 [Cause: Could not complete get operation [Cause: meta.apollo.xxx.cn]]
10:23:18.937 [Thread-19] INFO  o.a.coyote.http11.Http11NioProtocol - Pausing ProtocolHandler ["http-nio-8088"]
10:23:18.938 [Thread-19] INFO  o.a.catalina.core.StandardService - Stopping service [Tomcat]
10:23:18.941 [Thread-19] INFO  o.a.coyote.http11.Http11NioProtocol - Stopping ProtocolHandler ["http-nio-8088"]
10:23:18.952 [Thread-19] INFO  o.a.coyote.http11.Http11NioProtocol - Destroying ProtocolHandler ["http-nio-8088"]
10:29:10.993 [restartedMain] INFO  c.e.lyc.springboot.demo.Application - Starting Application using Java 17.0.1 with PID 61090 (/Users/liyinchi/workspace/java/lyc.springboot.demo/target/classes started by liyinchi in /Users/liyinchi/workspace/java/lyc.springboot.demo)
10:29:10.993 [restartedMain] DEBUG c.e.lyc.springboot.demo.Application - Running with Spring Boot v3.1.2, Spring v6.0.11
10:29:10.993 [restartedMain] INFO  c.e.lyc.springboot.demo.Application - The following 1 profile is active: "dev"
10:29:11.460 [restartedMain] INFO  o.a.catalina.core.StandardService - Starting service [Tomcat]
10:29:11.460 [restartedMain] INFO  o.a.catalina.core.StandardEngine - Starting Servlet engine: [Apache Tomcat/10.1.12]
10:29:11.484 [restartedMain] INFO  o.a.c.c.C.[Tomcat-2].[localhost].[/] - Initializing Spring embedded WebApplicationContext
10:29:11.500 [restartedMain] INFO  c.c.f.a.s.a.SpringValueProcessor - Monitoring key: microservice.url.orderUrl, beanName: jsonController, field: com.example.lyc.springboot.demo.controller.JsonController.orderUrl
10:29:11.591 [restartedMain] INFO  c.c.f.a.s.a.SpringValueProcessor - Monitoring key: spring.mvc.servlet.path, beanName: swaggerWelcome, field: org.springdoc.webmvc.ui.SwaggerWelcomeWebMvc.mvcServletPath
10:29:11.758 [restartedMain] INFO  c.e.lyc.springboot.demo.Application - Started Application in 0.831 seconds (process running for 1041.571)
10:29:37.338 [Thread-23] INFO  o.a.catalina.core.StandardService - Stopping service [Tomcat]
10:29:37.493 [restartedMain] INFO  c.e.lyc.springboot.demo.Application - Starting Application using Java 17.0.1 with PID 61090 (/Users/liyinchi/workspace/java/lyc.springboot.demo/target/classes started by liyinchi in /Users/liyinchi/workspace/java/lyc.springboot.demo)
10:29:37.494 [restartedMain] DEBUG c.e.lyc.springboot.demo.Application - Running with Spring Boot v3.1.2, Spring v6.0.11
10:29:37.494 [restartedMain] INFO  c.e.lyc.springboot.demo.Application - The following 1 profile is active: "dev"
10:29:38.008 [restartedMain] INFO  o.a.catalina.core.StandardService - Starting service [Tomcat]
10:29:38.009 [restartedMain] INFO  o.a.catalina.core.StandardEngine - Starting Servlet engine: [Apache Tomcat/10.1.12]
10:29:38.034 [restartedMain] INFO  o.a.c.c.C.[Tomcat-2].[localhost].[/] - Initializing Spring embedded WebApplicationContext
10:29:38.056 [restartedMain] INFO  c.c.f.a.s.a.SpringValueProcessor - Monitoring key: microservice.url.orderUrl, beanName: jsonController, field: com.example.lyc.springboot.demo.controller.JsonController.orderUrl
10:29:38.389 [restartedMain] INFO  c.c.f.a.s.a.SpringValueProcessor - Monitoring key: spring.mvc.servlet.path, beanName: swaggerWelcome, field: org.springdoc.webmvc.ui.SwaggerWelcomeWebMvc.mvcServletPath
10:29:38.642 [restartedMain] INFO  c.e.lyc.springboot.demo.Application - Started Application in 1.201 seconds (process running for 1068.454)
10:30:25.386 [Thread-33] INFO  o.a.catalina.core.StandardService - Stopping service [Tomcat]
10:30:25.490 [restartedMain] INFO  c.e.lyc.springboot.demo.Application - Starting Application using Java 17.0.1 with PID 61090 (/Users/liyinchi/workspace/java/lyc.springboot.demo/target/classes started by liyinchi in /Users/liyinchi/workspace/java/lyc.springboot.demo)
10:30:25.491 [restartedMain] DEBUG c.e.lyc.springboot.demo.Application - Running with Spring Boot v3.1.2, Spring v6.0.11
10:30:25.491 [restartedMain] INFO  c.e.lyc.springboot.demo.Application - The following 1 profile is active: "dev"
10:30:25.739 [restartedMain] INFO  o.a.catalina.core.StandardService - Starting service [Tomcat]
10:30:25.739 [restartedMain] INFO  o.a.catalina.core.StandardEngine - Starting Servlet engine: [Apache Tomcat/10.1.12]
10:30:25.757 [restartedMain] INFO  o.a.c.c.C.[Tomcat-2].[localhost].[/] - Initializing Spring embedded WebApplicationContext
10:30:25.768 [restartedMain] INFO  c.c.f.a.s.a.SpringValueProcessor - Monitoring key: microservice.url.orderUrl, beanName: jsonController, field: com.example.lyc.springboot.demo.controller.JsonController.orderUrl
10:30:25.869 [restartedMain] INFO  c.c.f.a.s.a.SpringValueProcessor - Monitoring key: spring.mvc.servlet.path, beanName: swaggerWelcome, field: org.springdoc.webmvc.ui.SwaggerWelcomeWebMvc.mvcServletPath
10:30:26.012 [restartedMain] INFO  c.e.lyc.springboot.demo.Application - Started Application in 0.551 seconds (process running for 1115.824)
10:30:28.431 [Thread-37] INFO  o.a.catalina.core.StandardService - Stopping service [Tomcat]
10:30:28.533 [restartedMain] INFO  c.e.lyc.springboot.demo.Application - Starting Application using Java 17.0.1 with PID 61090 (/Users/liyinchi/workspace/java/lyc.springboot.demo/target/classes started by liyinchi in /Users/liyinchi/workspace/java/lyc.springboot.demo)
10:30:28.533 [restartedMain] DEBUG c.e.lyc.springboot.demo.Application - Running with Spring Boot v3.1.2, Spring v6.0.11
10:30:28.533 [restartedMain] INFO  c.e.lyc.springboot.demo.Application - The following 1 profile is active: "dev"
10:30:28.786 [restartedMain] INFO  o.a.catalina.core.StandardService - Starting service [Tomcat]
10:30:28.786 [restartedMain] INFO  o.a.catalina.core.StandardEngine - Starting Servlet engine: [Apache Tomcat/10.1.12]
10:30:28.803 [restartedMain] INFO  o.a.c.c.C.[Tomcat-2].[localhost].[/] - Initializing Spring embedded WebApplicationContext
10:30:28.813 [restartedMain] INFO  c.c.f.a.s.a.SpringValueProcessor - Monitoring key: microservice.url.orderUrl, beanName: jsonController, field: com.example.lyc.springboot.demo.controller.JsonController.orderUrl
10:30:28.888 [restartedMain] INFO  c.c.f.a.s.a.SpringValueProcessor - Monitoring key: spring.mvc.servlet.path, beanName: swaggerWelcome, field: org.springdoc.webmvc.ui.SwaggerWelcomeWebMvc.mvcServletPath
10:30:28.993 [restartedMain] INFO  c.e.lyc.springboot.demo.Application - Started Application in 0.488 seconds (process running for 1118.805)
10:30:37.447 [Thread-41] INFO  o.a.catalina.core.StandardService - Stopping service [Tomcat]
10:30:37.620 [restartedMain] INFO  c.e.lyc.springboot.demo.Application - Starting Application using Java 17.0.1 with PID 61090 (/Users/liyinchi/workspace/java/lyc.springboot.demo/target/classes started by liyinchi in /Users/liyinchi/workspace/java/lyc.springboot.demo)
10:30:37.621 [restartedMain] DEBUG c.e.lyc.springboot.demo.Application - Running with Spring Boot v3.1.2, Spring v6.0.11
10:30:37.621 [restartedMain] INFO  c.e.lyc.springboot.demo.Application - The following 1 profile is active: "dev"
10:30:37.952 [restartedMain] INFO  o.a.catalina.core.StandardService - Starting service [Tomcat]
10:30:37.953 [restartedMain] INFO  o.a.catalina.core.StandardEngine - Starting Servlet engine: [Apache Tomcat/10.1.12]
10:30:37.977 [restartedMain] INFO  o.a.c.c.C.[Tomcat-2].[localhost].[/] - Initializing Spring embedded WebApplicationContext
10:30:37.996 [restartedMain] INFO  c.c.f.a.s.a.SpringValueProcessor - Monitoring key: microservice.url.orderUrl, beanName: jsonController, field: com.example.lyc.springboot.demo.controller.JsonController.orderUrl
10:30:38.116 [restartedMain] INFO  c.c.f.a.s.a.SpringValueProcessor - Monitoring key: spring.mvc.servlet.path, beanName: swaggerWelcome, field: org.springdoc.webmvc.ui.SwaggerWelcomeWebMvc.mvcServletPath
10:30:38.278 [restartedMain] INFO  c.e.lyc.springboot.demo.Application - Started Application in 0.716 seconds (process running for 1128.09)
10:30:39.414 [Apollo-RemoteConfigLongPollService-1] WARN  c.c.f.a.i.RemoteConfigLongPollService - Long polling failed, will retry in 120 seconds. appId: platform, cluster: default, namespaces: application+message+sensitive-config, long polling url: null, reason: Get config services failed from http://meta.apollo.xxx.cn/services/config?appId=platform&ip=10.224.0.20 [Cause: Could not complete get operation [Cause: meta.apollo.xxx.cn]]
10:30:47.734 [Thread-45] INFO  o.a.catalina.core.StandardService - Stopping service [Tomcat]
10:30:47.835 [restartedMain] INFO  c.e.lyc.springboot.demo.Application - Starting Application using Java 17.0.1 with PID 61090 (/Users/liyinchi/workspace/java/lyc.springboot.demo/target/classes started by liyinchi in /Users/liyinchi/workspace/java/lyc.springboot.demo)
10:30:47.836 [restartedMain] DEBUG c.e.lyc.springboot.demo.Application - Running with Spring Boot v3.1.2, Spring v6.0.11
10:30:47.836 [restartedMain] INFO  c.e.lyc.springboot.demo.Application - The following 1 profile is active: "dev"
10:30:48.295 [restartedMain] INFO  o.a.catalina.core.StandardService - Starting service [Tomcat]
10:30:48.295 [restartedMain] INFO  o.a.catalina.core.StandardEngine - Starting Servlet engine: [Apache Tomcat/10.1.12]
10:30:48.317 [restartedMain] INFO  o.a.c.c.C.[Tomcat-2].[localhost].[/] - Initializing Spring embedded WebApplicationContext
10:30:48.330 [restartedMain] INFO  c.c.f.a.s.a.SpringValueProcessor - Monitoring key: microservice.url.orderUrl, beanName: jsonController, field: com.example.lyc.springboot.demo.controller.JsonController.orderUrl
10:30:48.412 [restartedMain] INFO  c.c.f.a.s.a.SpringValueProcessor - Monitoring key: spring.mvc.servlet.path, beanName: swaggerWelcome, field: org.springdoc.webmvc.ui.SwaggerWelcomeWebMvc.mvcServletPath
10:30:48.554 [restartedMain] INFO  c.e.lyc.springboot.demo.Application - Started Application in 0.748 seconds (process running for 1138.366)
10:31:12.162 [Thread-49] INFO  o.a.catalina.core.StandardService - Stopping service [Tomcat]
10:31:12.339 [restartedMain] INFO  c.e.lyc.springboot.demo.Application - Starting Application using Java 17.0.1 with PID 61090 (/Users/liyinchi/workspace/java/lyc.springboot.demo/target/classes started by liyinchi in /Users/liyinchi/workspace/java/lyc.springboot.demo)
10:31:12.339 [restartedMain] DEBUG c.e.lyc.springboot.demo.Application - Running with Spring Boot v3.1.2, Spring v6.0.11
10:31:12.339 [restartedMain] INFO  c.e.lyc.springboot.demo.Application - The following 1 profile is active: "dev"
10:31:12.981 [restartedMain] INFO  o.a.catalina.core.StandardService - Starting service [Tomcat]
10:31:12.981 [restartedMain] INFO  o.a.catalina.core.StandardEngine - Starting Servlet engine: [Apache Tomcat/10.1.12]
10:31:13.005 [restartedMain] INFO  o.a.c.c.C.[Tomcat-2].[localhost].[/] - Initializing Spring embedded WebApplicationContext
10:31:13.020 [restartedMain] INFO  c.c.f.a.s.a.SpringValueProcessor - Monitoring key: microservice.url.orderUrl, beanName: jsonController, field: com.example.lyc.springboot.demo.controller.JsonController.orderUrl
10:31:13.092 [restartedMain] INFO  c.c.f.a.s.a.SpringValueProcessor - Monitoring key: spring.mvc.servlet.path, beanName: swaggerWelcome, field: org.springdoc.webmvc.ui.SwaggerWelcomeWebMvc.mvcServletPath
10:31:13.201 [restartedMain] INFO  c.e.lyc.springboot.demo.Application - Started Application in 0.942 seconds (process running for 1163.012)
10:31:33.547 [http-nio-8088-exec-1] INFO  o.a.c.c.C.[Tomcat-2].[localhost].[/] - Initializing Spring DispatcherServlet 'dispatcherServlet'
10:31:33.553 [http-nio-8088-exec-1] INFO  com.zaxxer.hikari.HikariDataSource - HikariPool-4 - Starting...
10:31:33.604 [http-nio-8088-exec-1] INFO  com.zaxxer.hikari.pool.HikariPool - HikariPool-4 - Added connection com.mysql.cj.jdbc.ConnectionImpl@56360c33
10:31:33.605 [http-nio-8088-exec-1] INFO  com.zaxxer.hikari.HikariDataSource - HikariPool-4 - Start completed.
10:31:33.605 [http-nio-8088-exec-1] DEBUG c.e.l.s.d.m.UserMapper.deleteUser - ==>  Preparing: DELETE FROM User WHERE id = ?
10:31:33.607 [http-nio-8088-exec-1] DEBUG c.e.l.s.d.m.UserMapper.deleteUser - ==> Parameters: 5(Integer)
10:31:33.613 [http-nio-8088-exec-1] DEBUG c.e.l.s.d.m.UserMapper.deleteUser - <==    Updates: 0
10:31:33.613 [http-nio-8088-exec-1] INFO  c.e.l.s.d.controller.UserController - =======deleteUserParam:5
10:31:54.156 [http-nio-8088-exec-2] DEBUG c.e.l.s.d.m.UserMapper.deleteUser - ==>  Preparing: DELETE FROM User WHERE id = ?
10:31:54.156 [http-nio-8088-exec-2] DEBUG c.e.l.s.d.m.UserMapper.deleteUser - ==> Parameters: 4(Integer)
10:31:54.162 [http-nio-8088-exec-2] DEBUG c.e.l.s.d.m.UserMapper.deleteUser - <==    Updates: 0
10:31:54.162 [http-nio-8088-exec-2] INFO  c.e.l.s.d.controller.UserController - =======deleteUser:DeleteUserRequestDTO(id=4)
10:31:58.238 [Apollo-RemoteConfigRepository-1] WARN  c.c.f.a.i.AbstractConfigRepository - Sync config failed, will retry. Repository class com.ctrip.framework.apollo.internals.RemoteConfigRepository, reason: Get config services failed from http://meta.apollo.xxx.cn/services/config?appId=platform&ip=10.224.0.20 [Cause: Could not complete get operation [Cause: meta.apollo.xxx.cn]]
10:32:08.304 [Apollo-RemoteConfigRepository-1] WARN  c.c.f.a.i.AbstractConfigRepository - Sync config failed, will retry. Repository class com.ctrip.framework.apollo.internals.RemoteConfigRepository, reason: Get config services failed from http://meta.apollo.xxx.cn/services/config?appId=platform&ip=10.224.0.20 [Cause: Could not complete get operation [Cause: meta.apollo.xxx.cn]]
10:32:15.342 [http-nio-8088-exec-3] DEBUG c.e.l.s.d.m.UserMapper.deleteUser - ==>  Preparing: DELETE FROM User WHERE id = ?
10:32:15.343 [http-nio-8088-exec-3] DEBUG c.e.l.s.d.m.UserMapper.deleteUser - ==> Parameters: 4(Integer)
10:32:15.349 [http-nio-8088-exec-3] DEBUG c.e.l.s.d.m.UserMapper.deleteUser - <==    Updates: 0
10:32:15.349 [http-nio-8088-exec-3] INFO  c.e.l.s.d.controller.UserController - =======deleteUser:DeleteUserRequestDTO(id=4)
10:32:18.316 [Apollo-RemoteConfigRepository-1] WARN  c.c.f.a.i.AbstractConfigRepository - Sync config failed, will retry. Repository class com.ctrip.framework.apollo.internals.RemoteConfigRepository, reason: Get config services failed from http://meta.apollo.xxx.cn/services/config?appId=platform&ip=10.224.0.20 [Cause: Could not complete get operation [Cause: meta.apollo.xxx.cn]]
10:32:41.427 [Apollo-RemoteConfigLongPollService-1] WARN  c.c.f.a.i.RemoteConfigLongPollService - Long polling failed, will retry in 120 seconds. appId: platform, cluster: default, namespaces: application+message+sensitive-config, long polling url: null, reason: Get config services failed from http://meta.apollo.xxx.cn/services/config?appId=platform&ip=10.224.0.20 [Cause: Could not complete get operation [Cause: meta.apollo.xxx.cn]]
10:34:43.475 [Apollo-RemoteConfigLongPollService-1] WARN  c.c.f.a.i.RemoteConfigLongPollService - Long polling failed, will retry in 120 seconds. appId: platform, cluster: default, namespaces: application+message+sensitive-config, long polling url: null, reason: Get config services failed from http://meta.apollo.xxx.cn/services/config?appId=platform&ip=10.224.0.20 [Cause: Could not complete get operation [Cause: meta.apollo.xxx.cn]]
10:36:45.513 [Apollo-RemoteConfigLongPollService-1] WARN  c.c.f.a.i.RemoteConfigLongPollService - Long polling failed, will retry in 120 seconds. appId: platform, cluster: default, namespaces: application+message+sensitive-config, long polling url: null, reason: Get config services failed from http://meta.apollo.xxx.cn/services/config?appId=platform&ip=10.224.0.20 [Cause: Could not complete get operation [Cause: meta.apollo.xxx.cn]]
10:36:58.247 [Apollo-RemoteConfigRepository-1] WARN  c.c.f.a.i.AbstractConfigRepository - Sync config failed, will retry. Repository class com.ctrip.framework.apollo.internals.RemoteConfigRepository, reason: Get config services failed from http://meta.apollo.xxx.cn/services/config?appId=platform&ip=10.224.0.20 [Cause: Could not complete get operation [Cause: meta.apollo.xxx.cn]]
10:37:08.284 [Apollo-RemoteConfigRepository-1] WARN  c.c.f.a.i.AbstractConfigRepository - Sync config failed, will retry. Repository class com.ctrip.framework.apollo.internals.RemoteConfigRepository, reason: Get config services failed from http://meta.apollo.xxx.cn/services/config?appId=platform&ip=10.224.0.20 [Cause: Could not complete get operation [Cause: meta.apollo.xxx.cn]]
10:37:18.319 [Apollo-RemoteConfigRepository-1] WARN  c.c.f.a.i.AbstractConfigRepository - Sync config failed, will retry. Repository class com.ctrip.framework.apollo.internals.RemoteConfigRepository, reason: Get config services failed from http://meta.apollo.xxx.cn/services/config?appId=platform&ip=10.224.0.20 [Cause: Could not complete get operation [Cause: meta.apollo.xxx.cn]]
10:38:47.633 [Apollo-RemoteConfigLongPollService-1] WARN  c.c.f.a.i.RemoteConfigLongPollService - Long polling failed, will retry in 120 seconds. appId: platform, cluster: default, namespaces: application+message+sensitive-config, long polling url: null, reason: Get config services failed from http://meta.apollo.xxx.cn/services/config?appId=platform&ip=10.224.0.20 [Cause: Could not complete get operation [Cause: meta.apollo.xxx.cn]]
10:40:49.681 [Apollo-RemoteConfigLongPollService-1] WARN  c.c.f.a.i.RemoteConfigLongPollService - Long polling failed, will retry in 120 seconds. appId: platform, cluster: default, namespaces: application+message+sensitive-config, long polling url: null, reason: Get config services failed from http://meta.apollo.xxx.cn/services/config?appId=platform&ip=10.224.0.20 [Cause: Could not complete get operation [Cause: meta.apollo.xxx.cn]]
10:41:58.257 [Apollo-RemoteConfigRepository-1] WARN  c.c.f.a.i.AbstractConfigRepository - Sync config failed, will retry. Repository class com.ctrip.framework.apollo.internals.RemoteConfigRepository, reason: Get config services failed from http://meta.apollo.xxx.cn/services/config?appId=platform&ip=10.224.0.20 [Cause: Could not complete get operation [Cause: meta.apollo.xxx.cn]]
10:42:08.342 [Apollo-RemoteConfigRepository-1] WARN  c.c.f.a.i.AbstractConfigRepository - Sync config failed, will retry. Repository class com.ctrip.framework.apollo.internals.RemoteConfigRepository, reason: Get config services failed from http://meta.apollo.xxx.cn/services/config?appId=platform&ip=10.224.0.20 [Cause: Could not complete get operation [Cause: meta.apollo.xxx.cn]]
10:42:18.332 [Apollo-RemoteConfigRepository-1] WARN  c.c.f.a.i.AbstractConfigRepository - Sync config failed, will retry. Repository class com.ctrip.framework.apollo.internals.RemoteConfigRepository, reason: Get config services failed from http://meta.apollo.xxx.cn/services/config?appId=platform&ip=10.224.0.20 [Cause: Could not complete get operation [Cause: meta.apollo.xxx.cn]]
10:42:51.702 [Apollo-RemoteConfigLongPollService-1] WARN  c.c.f.a.i.RemoteConfigLongPollService - Long polling failed, will retry in 120 seconds. appId: platform, cluster: default, namespaces: application+message+sensitive-config, long polling url: null, reason: Get config services failed from http://meta.apollo.xxx.cn/services/config?appId=platform&ip=10.224.0.20 [Cause: Could not complete get operation [Cause: meta.apollo.xxx.cn]]
10:44:53.760 [Apollo-RemoteConfigLongPollService-1] WARN  c.c.f.a.i.RemoteConfigLongPollService - Long polling failed, will retry in 120 seconds. appId: platform, cluster: default, namespaces: application+message+sensitive-config, long polling url: null, reason: Get config services failed from http://meta.apollo.xxx.cn/services/config?appId=platform&ip=10.224.0.20 [Cause: Could not complete get operation [Cause: meta.apollo.xxx.cn]]
10:46:33.517 [Thread-53] INFO  o.a.catalina.core.StandardService - Stopping service [Tomcat]
10:46:33.519 [Thread-53] INFO  o.a.c.c.C.[Tomcat-2].[localhost].[/] - Destroying Spring FrameworkServlet 'dispatcherServlet'
10:46:33.522 [Thread-53] WARN  o.a.c.loader.WebappClassLoaderBase - The web application [ROOT] appears to have started a thread named [HikariPool-4 housekeeper] but has failed to stop it. This is very likely to create a memory leak. Stack trace of thread:
 java.base@17.0.1/jdk.internal.misc.Unsafe.park(Native Method)
 java.base@17.0.1/java.util.concurrent.locks.LockSupport.parkNanos(LockSupport.java:252)
 java.base@17.0.1/java.util.concurrent.locks.AbstractQueuedSynchronizer$ConditionObject.awaitNanos(AbstractQueuedSynchronizer.java:1672)
 java.base@17.0.1/java.util.concurrent.ScheduledThreadPoolExecutor$DelayedWorkQueue.take(ScheduledThreadPoolExecutor.java:1182)
 java.base@17.0.1/java.util.concurrent.ScheduledThreadPoolExecutor$DelayedWorkQueue.take(ScheduledThreadPoolExecutor.java:899)
 java.base@17.0.1/java.util.concurrent.ThreadPoolExecutor.getTask(ThreadPoolExecutor.java:1062)
 java.base@17.0.1/java.util.concurrent.ThreadPoolExecutor.runWorker(ThreadPoolExecutor.java:1122)
 java.base@17.0.1/java.util.concurrent.ThreadPoolExecutor$Worker.run(ThreadPoolExecutor.java:635)
 java.base@17.0.1/java.lang.Thread.run(Thread.java:833)
10:46:33.531 [Thread-53] INFO  com.zaxxer.hikari.HikariDataSource - HikariPool-4 - Shutdown initiated...
10:46:33.538 [Thread-53] INFO  com.zaxxer.hikari.HikariDataSource - HikariPool-4 - Shutdown completed.
10:46:33.672 [restartedMain] INFO  c.e.lyc.springboot.demo.Application - Starting Application using Java 17.0.1 with PID 61090 (/Users/liyinchi/workspace/java/lyc.springboot.demo/target/classes started by liyinchi in /Users/liyinchi/workspace/java/lyc.springboot.demo)
10:46:33.673 [restartedMain] DEBUG c.e.lyc.springboot.demo.Application - Running with Spring Boot v3.1.2, Spring v6.0.11
10:46:33.673 [restartedMain] INFO  c.e.lyc.springboot.demo.Application - The following 1 profile is active: "dev"
10:46:34.346 [restartedMain] INFO  o.a.catalina.core.StandardService - Starting service [Tomcat]
10:46:34.347 [restartedMain] INFO  o.a.catalina.core.StandardEngine - Starting Servlet engine: [Apache Tomcat/10.1.12]
10:46:34.372 [restartedMain] INFO  o.a.c.c.C.[Tomcat-2].[localhost].[/] - Initializing Spring embedded WebApplicationContext
10:46:34.388 [restartedMain] INFO  c.c.f.a.s.a.SpringValueProcessor - Monitoring key: microservice.url.orderUrl, beanName: jsonController, field: com.example.lyc.springboot.demo.controller.JsonController.orderUrl
10:46:34.500 [restartedMain] INFO  c.c.f.a.s.a.SpringValueProcessor - Monitoring key: spring.mvc.servlet.path, beanName: swaggerWelcome, field: org.springdoc.webmvc.ui.SwaggerWelcomeWebMvc.mvcServletPath
10:46:34.729 [restartedMain] INFO  c.e.lyc.springboot.demo.Application - Started Application in 1.097 seconds (process running for 2084.513)
10:46:54.247 [Thread-57] INFO  o.a.catalina.core.StandardService - Stopping service [Tomcat]
10:46:54.414 [restartedMain] INFO  c.e.lyc.springboot.demo.Application - Starting Application using Java 17.0.1 with PID 61090 (/Users/liyinchi/workspace/java/lyc.springboot.demo/target/classes started by liyinchi in /Users/liyinchi/workspace/java/lyc.springboot.demo)
10:46:54.415 [restartedMain] DEBUG c.e.lyc.springboot.demo.Application - Running with Spring Boot v3.1.2, Spring v6.0.11
10:46:54.415 [restartedMain] INFO  c.e.lyc.springboot.demo.Application - The following 1 profile is active: "dev"
10:46:54.871 [restartedMain] INFO  o.a.catalina.core.StandardService - Starting service [Tomcat]
10:46:54.871 [restartedMain] INFO  o.a.catalina.core.StandardEngine - Starting Servlet engine: [Apache Tomcat/10.1.12]
10:46:54.889 [restartedMain] INFO  o.a.c.c.C.[Tomcat-2].[localhost].[/] - Initializing Spring embedded WebApplicationContext
10:46:54.915 [restartedMain] INFO  c.c.f.a.s.a.SpringValueProcessor - Monitoring key: microservice.url.orderUrl, beanName: jsonController, field: com.example.lyc.springboot.demo.controller.JsonController.orderUrl
10:46:54.986 [restartedMain] INFO  c.c.f.a.s.a.SpringValueProcessor - Monitoring key: spring.mvc.servlet.path, beanName: swaggerWelcome, field: org.springdoc.webmvc.ui.SwaggerWelcomeWebMvc.mvcServletPath
10:46:55.138 [restartedMain] INFO  c.e.lyc.springboot.demo.Application - Started Application in 0.789 seconds (process running for 2104.922)
10:46:55.817 [Apollo-RemoteConfigLongPollService-1] WARN  c.c.f.a.i.RemoteConfigLongPollService - Long polling failed, will retry in 120 seconds. appId: platform, cluster: default, namespaces: application+message+sensitive-config, long polling url: null, reason: Get config services failed from http://meta.apollo.xxx.cn/services/config?appId=platform&ip=10.224.0.20 [Cause: Could not complete get operation [Cause: meta.apollo.xxx.cn]]
10:46:59.833 [Apollo-RemoteConfigRepository-1] WARN  c.c.f.a.i.AbstractConfigRepository - Sync config failed, will retry. Repository class com.ctrip.framework.apollo.internals.RemoteConfigRepository, reason: Get config services failed from http://meta.apollo.xxx.cn/services/config?appId=platform&ip=10.224.0.20 [Cause: Could not complete get operation [Cause: meta.apollo.xxx.cn]]
10:47:08.302 [Apollo-RemoteConfigRepository-1] WARN  c.c.f.a.i.AbstractConfigRepository - Sync config failed, will retry. Repository class com.ctrip.framework.apollo.internals.RemoteConfigRepository, reason: Get config services failed from http://meta.apollo.xxx.cn/services/config?appId=platform&ip=10.224.0.20 [Cause: Could not complete get operation [Cause: meta.apollo.xxx.cn]]
10:47:18.341 [Apollo-RemoteConfigRepository-1] WARN  c.c.f.a.i.AbstractConfigRepository - Sync config failed, will retry. Repository class com.ctrip.framework.apollo.internals.RemoteConfigRepository, reason: Get config services failed from http://meta.apollo.xxx.cn/services/config?appId=platform&ip=10.224.0.20 [Cause: Could not complete get operation [Cause: meta.apollo.xxx.cn]]
10:48:09.153 [Thread-61] INFO  o.a.catalina.core.StandardService - Stopping service [Tomcat]
10:48:09.314 [restartedMain] INFO  c.e.lyc.springboot.demo.Application - Starting Application using Java 17.0.1 with PID 61090 (/Users/liyinchi/workspace/java/lyc.springboot.demo/target/classes started by liyinchi in /Users/liyinchi/workspace/java/lyc.springboot.demo)
10:48:09.315 [restartedMain] DEBUG c.e.lyc.springboot.demo.Application - Running with Spring Boot v3.1.2, Spring v6.0.11
10:48:09.315 [restartedMain] INFO  c.e.lyc.springboot.demo.Application - The following 1 profile is active: "dev"
10:48:09.647 [restartedMain] INFO  o.a.catalina.core.StandardService - Starting service [Tomcat]
10:48:09.664 [restartedMain] INFO  o.a.catalina.core.StandardEngine - Starting Servlet engine: [Apache Tomcat/10.1.12]
10:48:09.688 [restartedMain] INFO  o.a.c.c.C.[Tomcat-2].[localhost].[/] - Initializing Spring embedded WebApplicationContext
10:48:09.703 [restartedMain] INFO  c.c.f.a.s.a.SpringValueProcessor - Monitoring key: microservice.url.orderUrl, beanName: jsonController, field: com.example.lyc.springboot.demo.controller.JsonController.orderUrl
10:48:09.884 [restartedMain] INFO  c.c.f.a.s.a.SpringValueProcessor - Monitoring key: spring.mvc.servlet.path, beanName: swaggerWelcome, field: org.springdoc.webmvc.ui.SwaggerWelcomeWebMvc.mvcServletPath
10:48:10.065 [restartedMain] INFO  c.e.lyc.springboot.demo.Application - Started Application in 0.801 seconds (process running for 2179.847)
10:48:12.458 [Thread-65] INFO  o.a.catalina.core.StandardService - Stopping service [Tomcat]
10:48:12.569 [restartedMain] INFO  c.e.lyc.springboot.demo.Application - Starting Application using Java 17.0.1 with PID 61090 (/Users/liyinchi/workspace/java/lyc.springboot.demo/target/classes started by liyinchi in /Users/liyinchi/workspace/java/lyc.springboot.demo)
10:48:12.570 [restartedMain] DEBUG c.e.lyc.springboot.demo.Application - Running with Spring Boot v3.1.2, Spring v6.0.11
10:48:12.570 [restartedMain] INFO  c.e.lyc.springboot.demo.Application - The following 1 profile is active: "dev"
10:48:12.836 [restartedMain] INFO  o.a.catalina.core.StandardService - Starting service [Tomcat]
10:48:12.836 [restartedMain] INFO  o.a.catalina.core.StandardEngine - Starting Servlet engine: [Apache Tomcat/10.1.12]
10:48:12.852 [restartedMain] INFO  o.a.c.c.C.[Tomcat-2].[localhost].[/] - Initializing Spring embedded WebApplicationContext
10:48:12.863 [restartedMain] INFO  c.c.f.a.s.a.SpringValueProcessor - Monitoring key: microservice.url.orderUrl, beanName: jsonController, field: com.example.lyc.springboot.demo.controller.JsonController.orderUrl
10:48:12.935 [restartedMain] INFO  c.c.f.a.s.a.SpringValueProcessor - Monitoring key: spring.mvc.servlet.path, beanName: swaggerWelcome, field: org.springdoc.webmvc.ui.SwaggerWelcomeWebMvc.mvcServletPath
10:48:13.186 [restartedMain] INFO  c.e.lyc.springboot.demo.Application - Started Application in 0.642 seconds (process running for 2182.969)
10:48:39.794 [Thread-69] INFO  o.a.catalina.core.StandardService - Stopping service [Tomcat]
10:48:39.916 [restartedMain] INFO  c.e.lyc.springboot.demo.Application - Starting Application using Java 17.0.1 with PID 61090 (/Users/liyinchi/workspace/java/lyc.springboot.demo/target/classes started by liyinchi in /Users/liyinchi/workspace/java/lyc.springboot.demo)
10:48:39.916 [restartedMain] DEBUG c.e.lyc.springboot.demo.Application - Running with Spring Boot v3.1.2, Spring v6.0.11
10:48:39.916 [restartedMain] INFO  c.e.lyc.springboot.demo.Application - The following 1 profile is active: "dev"
10:48:40.134 [restartedMain] INFO  o.a.catalina.core.StandardService - Starting service [Tomcat]
10:48:40.135 [restartedMain] INFO  o.a.catalina.core.StandardEngine - Starting Servlet engine: [Apache Tomcat/10.1.12]
10:48:40.150 [restartedMain] INFO  o.a.c.c.C.[Tomcat-2].[localhost].[/] - Initializing Spring embedded WebApplicationContext
10:48:40.160 [restartedMain] INFO  c.c.f.a.s.a.SpringValueProcessor - Monitoring key: microservice.url.orderUrl, beanName: jsonController, field: com.example.lyc.springboot.demo.controller.JsonController.orderUrl
10:48:40.215 [restartedMain] INFO  c.c.f.a.s.a.SpringValueProcessor - Monitoring key: spring.mvc.servlet.path, beanName: swaggerWelcome, field: org.springdoc.webmvc.ui.SwaggerWelcomeWebMvc.mvcServletPath
10:48:40.314 [restartedMain] INFO  c.e.lyc.springboot.demo.Application - Started Application in 0.425 seconds (process running for 2210.096)
10:48:57.901 [Apollo-RemoteConfigLongPollService-1] WARN  c.c.f.a.i.RemoteConfigLongPollService - Long polling failed, will retry in 120 seconds. appId: platform, cluster: default, namespaces: application+message+sensitive-config, long polling url: null, reason: Get config services failed from http://meta.apollo.xxx.cn/services/config?appId=platform&ip=10.224.0.20 [Cause: Could not complete get operation [Cause: meta.apollo.xxx.cn]]
10:49:48.545 [http-nio-8088-exec-1] INFO  o.a.c.c.C.[Tomcat-2].[localhost].[/] - Initializing Spring DispatcherServlet 'dispatcherServlet'
10:49:48.558 [http-nio-8088-exec-1] INFO  com.zaxxer.hikari.HikariDataSource - HikariPool-5 - Starting...
10:49:48.606 [http-nio-8088-exec-1] INFO  com.zaxxer.hikari.pool.HikariPool - HikariPool-5 - Added connection com.mysql.cj.jdbc.ConnectionImpl@4a6e3b9d
10:49:48.606 [http-nio-8088-exec-1] INFO  com.zaxxer.hikari.HikariDataSource - HikariPool-5 - Start completed.
10:49:48.606 [http-nio-8088-exec-1] DEBUG c.e.l.s.d.m.UserMapper.deleteUser - ==>  Preparing: DELETE FROM User WHERE id = ?
10:49:48.606 [http-nio-8088-exec-1] DEBUG c.e.l.s.d.m.UserMapper.deleteUser - ==> Parameters: 4(Integer)
10:49:48.612 [http-nio-8088-exec-1] DEBUG c.e.l.s.d.m.UserMapper.deleteUser - <==    Updates: 0
10:49:48.612 [http-nio-8088-exec-1] INFO  c.e.l.s.d.controller.UserController - =======deleteUser:DeleteUserRequestDTO(id=4)
10:51:00.144 [Apollo-RemoteConfigLongPollService-1] WARN  c.c.f.a.i.RemoteConfigLongPollService - Long polling failed, will retry in 120 seconds. appId: platform, cluster: default, namespaces: application+message+sensitive-config, long polling url: null, reason: Get config services failed from http://meta.apollo.xxx.cn/services/config?appId=platform&ip=10.224.0.20 [Cause: Could not complete get operation [Cause: meta.apollo.xxx.cn]]
10:51:58.270 [Apollo-RemoteConfigRepository-1] WARN  c.c.f.a.i.AbstractConfigRepository - Sync config failed, will retry. Repository class com.ctrip.framework.apollo.internals.RemoteConfigRepository, reason: Get config services failed from http://meta.apollo.xxx.cn/services/config?appId=platform&ip=10.224.0.20 [Cause: Could not complete get operation [Cause: meta.apollo.xxx.cn]]
10:52:08.314 [Apollo-RemoteConfigRepository-1] WARN  c.c.f.a.i.AbstractConfigRepository - Sync config failed, will retry. Repository class com.ctrip.framework.apollo.internals.RemoteConfigRepository, reason: Get config services failed from http://meta.apollo.xxx.cn/services/config?appId=platform&ip=10.224.0.20 [Cause: Could not complete get operation [Cause: meta.apollo.xxx.cn]]
10:52:18.404 [Apollo-RemoteConfigRepository-1] WARN  c.c.f.a.i.AbstractConfigRepository - Sync config failed, will retry. Repository class com.ctrip.framework.apollo.internals.RemoteConfigRepository, reason: Get config services failed from http://meta.apollo.xxx.cn/services/config?appId=platform&ip=10.224.0.20 [Cause: Could not complete get operation [Cause: meta.apollo.xxx.cn]]
10:53:02.160 [Apollo-RemoteConfigLongPollService-1] WARN  c.c.f.a.i.RemoteConfigLongPollService - Long polling failed, will retry in 120 seconds. appId: platform, cluster: default, namespaces: application+message+sensitive-config, long polling url: null, reason: Get config services failed from http://meta.apollo.xxx.cn/services/config?appId=platform&ip=10.224.0.20 [Cause: Could not complete get operation [Cause: meta.apollo.xxx.cn]]
10:54:59.873 [Thread-73] INFO  o.a.catalina.core.StandardService - Stopping service [Tomcat]
10:54:59.874 [Thread-73] INFO  o.a.c.c.C.[Tomcat-2].[localhost].[/] - Destroying Spring FrameworkServlet 'dispatcherServlet'
10:54:59.878 [Thread-73] WARN  o.a.c.loader.WebappClassLoaderBase - The web application [ROOT] appears to have started a thread named [HikariPool-5 housekeeper] but has failed to stop it. This is very likely to create a memory leak. Stack trace of thread:
 java.base@17.0.1/jdk.internal.misc.Unsafe.park(Native Method)
 java.base@17.0.1/java.util.concurrent.locks.LockSupport.parkNanos(LockSupport.java:252)
 java.base@17.0.1/java.util.concurrent.locks.AbstractQueuedSynchronizer$ConditionObject.awaitNanos(AbstractQueuedSynchronizer.java:1672)
 java.base@17.0.1/java.util.concurrent.ScheduledThreadPoolExecutor$DelayedWorkQueue.take(ScheduledThreadPoolExecutor.java:1182)
 java.base@17.0.1/java.util.concurrent.ScheduledThreadPoolExecutor$DelayedWorkQueue.take(ScheduledThreadPoolExecutor.java:899)
 java.base@17.0.1/java.util.concurrent.ThreadPoolExecutor.getTask(ThreadPoolExecutor.java:1062)
 java.base@17.0.1/java.util.concurrent.ThreadPoolExecutor.runWorker(ThreadPoolExecutor.java:1122)
 java.base@17.0.1/java.util.concurrent.ThreadPoolExecutor$Worker.run(ThreadPoolExecutor.java:635)
 java.base@17.0.1/java.lang.Thread.run(Thread.java:833)
10:54:59.932 [Thread-73] INFO  com.zaxxer.hikari.HikariDataSource - HikariPool-5 - Shutdown initiated...
10:54:59.942 [Thread-73] INFO  com.zaxxer.hikari.HikariDataSource - HikariPool-5 - Shutdown completed.
10:55:00.150 [restartedMain] INFO  c.e.lyc.springboot.demo.Application - Starting Application using Java 17.0.1 with PID 61090 (/Users/liyinchi/workspace/java/lyc.springboot.demo/target/classes started by liyinchi in /Users/liyinchi/workspace/java/lyc.springboot.demo)
10:55:00.150 [restartedMain] DEBUG c.e.lyc.springboot.demo.Application - Running with Spring Boot v3.1.2, Spring v6.0.11
10:55:00.150 [restartedMain] INFO  c.e.lyc.springboot.demo.Application - The following 1 profile is active: "dev"
10:55:00.727 [restartedMain] INFO  o.a.catalina.core.StandardService - Starting service [Tomcat]
10:55:00.727 [restartedMain] INFO  o.a.catalina.core.StandardEngine - Starting Servlet engine: [Apache Tomcat/10.1.12]
10:55:00.757 [restartedMain] INFO  o.a.c.c.C.[Tomcat-2].[localhost].[/] - Initializing Spring embedded WebApplicationContext
10:55:00.776 [restartedMain] INFO  c.c.f.a.s.a.SpringValueProcessor - Monitoring key: microservice.url.orderUrl, beanName: jsonController, field: com.example.lyc.springboot.demo.controller.JsonController.orderUrl
10:55:00.863 [restartedMain] INFO  c.c.f.a.s.a.SpringValueProcessor - Monitoring key: spring.mvc.servlet.path, beanName: swaggerWelcome, field: org.springdoc.webmvc.ui.SwaggerWelcomeWebMvc.mvcServletPath
10:55:01.059 [restartedMain] INFO  c.e.lyc.springboot.demo.Application - Started Application in 0.981 seconds (process running for 2590.949)
10:55:04.170 [Apollo-RemoteConfigLongPollService-1] WARN  c.c.f.a.i.RemoteConfigLongPollService - Long polling failed, will retry in 120 seconds. appId: platform, cluster: default, namespaces: application+message+sensitive-config, long polling url: null, reason: Get config services failed from http://meta.apollo.xxx.cn/services/config?appId=platform&ip=10.224.0.20 [Cause: Could not complete get operation [Cause: meta.apollo.xxx.cn]]
10:55:09.536 [Thread-77] INFO  o.a.catalina.core.StandardService - Stopping service [Tomcat]
10:55:09.664 [restartedMain] INFO  c.e.lyc.springboot.demo.Application - Starting Application using Java 17.0.1 with PID 61090 (/Users/liyinchi/workspace/java/lyc.springboot.demo/target/classes started by liyinchi in /Users/liyinchi/workspace/java/lyc.springboot.demo)
10:55:09.664 [restartedMain] DEBUG c.e.lyc.springboot.demo.Application - Running with Spring Boot v3.1.2, Spring v6.0.11
10:55:09.665 [restartedMain] INFO  c.e.lyc.springboot.demo.Application - The following 1 profile is active: "dev"
10:55:09.977 [restartedMain] INFO  o.a.catalina.core.StandardService - Starting service [Tomcat]
10:55:09.977 [restartedMain] INFO  o.a.catalina.core.StandardEngine - Starting Servlet engine: [Apache Tomcat/10.1.12]
10:55:09.995 [restartedMain] INFO  o.a.c.c.C.[Tomcat-2].[localhost].[/] - Initializing Spring embedded WebApplicationContext
10:55:10.010 [restartedMain] INFO  c.c.f.a.s.a.SpringValueProcessor - Monitoring key: microservice.url.orderUrl, beanName: jsonController, field: com.example.lyc.springboot.demo.controller.JsonController.orderUrl
10:55:10.098 [restartedMain] INFO  c.c.f.a.s.a.SpringValueProcessor - Monitoring key: spring.mvc.servlet.path, beanName: swaggerWelcome, field: org.springdoc.webmvc.ui.SwaggerWelcomeWebMvc.mvcServletPath
10:55:10.319 [restartedMain] INFO  c.e.lyc.springboot.demo.Application - Started Application in 0.679 seconds (process running for 2600.209)
10:55:17.763 [Thread-81] INFO  o.a.catalina.core.StandardService - Stopping service [Tomcat]
10:55:17.879 [restartedMain] INFO  c.e.lyc.springboot.demo.Application - Starting Application using Java 17.0.1 with PID 61090 (/Users/liyinchi/workspace/java/lyc.springboot.demo/target/classes started by liyinchi in /Users/liyinchi/workspace/java/lyc.springboot.demo)
10:55:17.879 [restartedMain] DEBUG c.e.lyc.springboot.demo.Application - Running with Spring Boot v3.1.2, Spring v6.0.11
10:55:17.879 [restartedMain] INFO  c.e.lyc.springboot.demo.Application - The following 1 profile is active: "dev"
10:55:18.195 [restartedMain] INFO  o.a.catalina.core.StandardService - Starting service [Tomcat]
10:55:18.195 [restartedMain] INFO  o.a.catalina.core.StandardEngine - Starting Servlet engine: [Apache Tomcat/10.1.12]
10:55:18.218 [restartedMain] INFO  o.a.c.c.C.[Tomcat-2].[localhost].[/] - Initializing Spring embedded WebApplicationContext
10:55:18.233 [restartedMain] INFO  c.c.f.a.s.a.SpringValueProcessor - Monitoring key: microservice.url.orderUrl, beanName: jsonController, field: com.example.lyc.springboot.demo.controller.JsonController.orderUrl
10:55:18.423 [restartedMain] INFO  c.c.f.a.s.a.SpringValueProcessor - Monitoring key: spring.mvc.servlet.path, beanName: swaggerWelcome, field: org.springdoc.webmvc.ui.SwaggerWelcomeWebMvc.mvcServletPath
10:55:18.688 [restartedMain] INFO  c.e.lyc.springboot.demo.Application - Started Application in 0.83 seconds (process running for 2608.577)
10:56:58.168 [Apollo-RemoteConfigRepository-1] WARN  c.c.f.a.i.AbstractConfigRepository - Sync config failed, will retry. Repository class com.ctrip.framework.apollo.internals.RemoteConfigRepository, reason: Get config services failed from http://meta.apollo.xxx.cn/services/config?appId=platform&ip=10.224.0.20 [Cause: Could not complete get operation [Cause: meta.apollo.xxx.cn]]
10:57:06.181 [Apollo-RemoteConfigLongPollService-1] WARN  c.c.f.a.i.RemoteConfigLongPollService - Long polling failed, will retry in 120 seconds. appId: platform, cluster: default, namespaces: application+message+sensitive-config, long polling url: null, reason: Get config services failed from http://meta.apollo.xxx.cn/services/config?appId=platform&ip=10.224.0.20 [Cause: Could not complete get operation [Cause: meta.apollo.xxx.cn]]
10:57:08.195 [Apollo-RemoteConfigRepository-1] WARN  c.c.f.a.i.AbstractConfigRepository - Sync config failed, will retry. Repository class com.ctrip.framework.apollo.internals.RemoteConfigRepository, reason: Get config services failed from http://meta.apollo.xxx.cn/services/config?appId=platform&ip=10.224.0.20 [Cause: Could not complete get operation [Cause: meta.apollo.xxx.cn]]
10:57:18.230 [Apollo-RemoteConfigRepository-1] WARN  c.c.f.a.i.AbstractConfigRepository - Sync config failed, will retry. Repository class com.ctrip.framework.apollo.internals.RemoteConfigRepository, reason: Get config services failed from http://meta.apollo.xxx.cn/services/config?appId=platform&ip=10.224.0.20 [Cause: Could not complete get operation [Cause: meta.apollo.xxx.cn]]
10:57:29.181 [Thread-85] INFO  o.a.catalina.core.StandardService - Stopping service [Tomcat]
10:57:29.303 [restartedMain] INFO  c.e.lyc.springboot.demo.Application - Starting Application using Java 17.0.1 with PID 61090 (/Users/liyinchi/workspace/java/lyc.springboot.demo/target/classes started by liyinchi in /Users/liyinchi/workspace/java/lyc.springboot.demo)
10:57:29.303 [restartedMain] DEBUG c.e.lyc.springboot.demo.Application - Running with Spring Boot v3.1.2, Spring v6.0.11
10:57:29.304 [restartedMain] INFO  c.e.lyc.springboot.demo.Application - The following 1 profile is active: "dev"
10:57:29.520 [restartedMain] INFO  o.a.catalina.core.StandardService - Starting service [Tomcat]
10:57:29.520 [restartedMain] INFO  o.a.catalina.core.StandardEngine - Starting Servlet engine: [Apache Tomcat/10.1.12]
10:57:29.540 [restartedMain] INFO  o.a.c.c.C.[Tomcat-2].[localhost].[/] - Initializing Spring embedded WebApplicationContext
10:57:29.553 [restartedMain] INFO  c.c.f.a.s.a.SpringValueProcessor - Monitoring key: microservice.url.orderUrl, beanName: jsonController, field: com.example.lyc.springboot.demo.controller.JsonController.orderUrl
10:57:29.623 [restartedMain] INFO  c.c.f.a.s.a.SpringValueProcessor - Monitoring key: spring.mvc.servlet.path, beanName: swaggerWelcome, field: org.springdoc.webmvc.ui.SwaggerWelcomeWebMvc.mvcServletPath
10:57:29.790 [restartedMain] INFO  c.e.lyc.springboot.demo.Application - Started Application in 0.508 seconds (process running for 2739.68)
10:59:08.219 [Apollo-RemoteConfigLongPollService-1] WARN  c.c.f.a.i.RemoteConfigLongPollService - Long polling failed, will retry in 120 seconds. appId: platform, cluster: default, namespaces: application+message+sensitive-config, long polling url: null, reason: Get config services failed from http://meta.apollo.xxx.cn/services/config?appId=platform&ip=10.224.0.20 [Cause: Could not complete get operation [Cause: meta.apollo.xxx.cn]]
