13:14:20.742 [Apollo-RemoteConfigLongPollService-1] WARN  c.c.f.a.i.RemoteConfigLongPollService - Long polling failed, will retry in 120 seconds. appId: platform, cluster: default, namespaces: application+message+sensitive-config, long polling url: null, reason: Get config services failed from http://meta.apollo.xxx.cn/services/config?appId=platform&ip=10.224.0.20 [Cause: Could not complete get operation [Cause: meta.apollo.xxx.cn]]
13:14:27.874 [HikariPool-1 housekeeper] WARN  com.zaxxer.hikari.pool.HikariPool - HikariPool-1 - Thread starvation or clock leap detected (housekeeper delta=17m48s385ms).
13:30:55.087 [HikariPool-1 housekeeper] WARN  com.zaxxer.hikari.pool.HikariPool - HikariPool-1 - Thread starvation or clock leap detected (housekeeper delta=15m27s187ms).
13:31:20.029 [Apollo-RemoteConfigLongPollService-1] WARN  c.c.f.a.i.RemoteConfigLongPollService - Long polling failed, will retry in 120 seconds. appId: platform, cluster: default, namespaces: application+message+sensitive-config, long polling url: null, reason: Get config services failed from http://meta.apollo.xxx.cn/services/config?appId=platform&ip=10.224.0.20 [Cause: Could not complete get operation [Cause: meta.apollo.xxx.cn]]
13:51:34.223 [Apollo-RemoteConfigRepository-1] WARN  c.c.f.a.i.AbstractConfigRepository - Sync config failed, will retry. Repository class com.ctrip.framework.apollo.internals.RemoteConfigRepository, reason: Get config services failed from http://meta.apollo.xxx.cn/services/config?appId=platform&ip=10.224.0.20 [Cause: Could not complete get operation [Cause: meta.apollo.xxx.cn]]
13:51:44.036 [http-nio-8088-exec-4] INFO  c.e.l.s.d.controller.UserController - =======convertToEntity:User(id=0, userName=liyinchi, password=1111111)
13:51:44.039 [http-nio-8088-exec-4] DEBUG c.e.l.s.d.m.UserMapper.insertUser - ==>  Preparing: INSERT INTO User (userName, password) VALUES (?, ?)
13:51:44.039 [http-nio-8088-exec-4] DEBUG c.e.l.s.d.m.UserMapper.insertUser - ==> Parameters: liyinchi(String), 1111111(String)
13:51:44.049 [http-nio-8088-exec-4] DEBUG c.e.l.s.d.m.UserMapper.insertUser - <==    Updates: 1
13:51:44.050 [http-nio-8088-exec-4] INFO  c.e.l.s.d.controller.UserController - =======addUser:User(id=40, userName=liyinchi, password=1111111)
13:51:44.242 [Apollo-RemoteConfigRepository-1] WARN  c.c.f.a.i.AbstractConfigRepository - Sync config failed, will retry. Repository class com.ctrip.framework.apollo.internals.RemoteConfigRepository, reason: Get config services failed from http://meta.apollo.xxx.cn/services/config?appId=platform&ip=10.224.0.20 [Cause: Could not complete get operation [Cause: meta.apollo.xxx.cn]]
13:51:47.992 [HikariPool-1 housekeeper] WARN  com.zaxxer.hikari.pool.HikariPool - HikariPool-1 - Thread starvation or clock leap detected (housekeeper delta=20m22s904ms).
13:51:54.270 [Apollo-RemoteConfigRepository-1] WARN  c.c.f.a.i.AbstractConfigRepository - Sync config failed, will retry. Repository class com.ctrip.framework.apollo.internals.RemoteConfigRepository, reason: Get config services failed from http://meta.apollo.xxx.cn/services/config?appId=platform&ip=10.224.0.20 [Cause: Could not complete get operation [Cause: meta.apollo.xxx.cn]]
13:53:14.988 [Apollo-RemoteConfigLongPollService-1] WARN  c.c.f.a.i.RemoteConfigLongPollService - Long polling failed, will retry in 120 seconds. appId: platform, cluster: default, namespaces: application+message+sensitive-config, long polling url: null, reason: Get config services failed from http://meta.apollo.xxx.cn/services/config?appId=platform&ip=10.224.0.20 [Cause: Could not complete get operation [Cause: meta.apollo.xxx.cn]]
13:54:51.852 [http-nio-8088-exec-6] INFO  c.e.l.s.d.controller.UserController - =======convertToEntity:User(id=0, userName=liyinchi, password=1111111111)
13:54:51.866 [http-nio-8088-exec-6] DEBUG c.e.l.s.d.m.UserMapper.insertUser - ==>  Preparing: INSERT INTO User (userName, password) VALUES (?, ?)
13:54:51.871 [http-nio-8088-exec-6] DEBUG c.e.l.s.d.m.UserMapper.insertUser - ==> Parameters: liyinchi(String), 1111111111(String)
13:54:51.888 [http-nio-8088-exec-6] DEBUG c.e.l.s.d.m.UserMapper.insertUser - <==    Updates: 1
13:54:51.893 [http-nio-8088-exec-6] INFO  c.e.l.s.d.controller.UserController - =======addUserFormData:User(id=41, userName=liyinchi, password=1111111111)
13:55:17.027 [Apollo-RemoteConfigLongPollService-1] WARN  c.c.f.a.i.RemoteConfigLongPollService - Long polling failed, will retry in 120 seconds. appId: platform, cluster: default, namespaces: application+message+sensitive-config, long polling url: null, reason: Get config services failed from http://meta.apollo.xxx.cn/services/config?appId=platform&ip=10.224.0.20 [Cause: Could not complete get operation [Cause: meta.apollo.xxx.cn]]
13:55:58.032 [Thread-5] INFO  o.a.coyote.http11.Http11NioProtocol - Pausing ProtocolHandler ["http-nio-8088"]
13:55:58.033 [Thread-5] INFO  o.a.catalina.core.StandardService - Stopping service [Tomcat]
13:55:58.037 [Thread-5] INFO  o.a.c.c.C.[Tomcat].[localhost].[/] - Destroying Spring FrameworkServlet 'dispatcherServlet'
13:55:58.060 [Thread-5] WARN  o.a.c.loader.WebappClassLoaderBase - The web application [ROOT] appears to have started a thread named [HikariPool-1 housekeeper] but has failed to stop it. This is very likely to create a memory leak. Stack trace of thread:
 java.base@17.0.1/jdk.internal.misc.Unsafe.park(Native Method)
 java.base@17.0.1/java.util.concurrent.locks.LockSupport.parkNanos(LockSupport.java:252)
 java.base@17.0.1/java.util.concurrent.locks.AbstractQueuedSynchronizer$ConditionObject.awaitNanos(AbstractQueuedSynchronizer.java:1672)
 java.base@17.0.1/java.util.concurrent.ScheduledThreadPoolExecutor$DelayedWorkQueue.take(ScheduledThreadPoolExecutor.java:1182)
 java.base@17.0.1/java.util.concurrent.ScheduledThreadPoolExecutor$DelayedWorkQueue.take(ScheduledThreadPoolExecutor.java:899)
 java.base@17.0.1/java.util.concurrent.ThreadPoolExecutor.getTask(ThreadPoolExecutor.java:1062)
 java.base@17.0.1/java.util.concurrent.ThreadPoolExecutor.runWorker(ThreadPoolExecutor.java:1122)
 java.base@17.0.1/java.util.concurrent.ThreadPoolExecutor$Worker.run(ThreadPoolExecutor.java:635)
 java.base@17.0.1/java.lang.Thread.run(Thread.java:833)
13:55:58.066 [Thread-5] INFO  o.a.coyote.http11.Http11NioProtocol - Stopping ProtocolHandler ["http-nio-8088"]
13:55:58.095 [Thread-5] INFO  o.a.coyote.http11.Http11NioProtocol - Destroying ProtocolHandler ["http-nio-8088"]
13:55:58.180 [Thread-5] INFO  com.zaxxer.hikari.HikariDataSource - HikariPool-1 - Shutdown initiated...
13:55:58.200 [Thread-5] INFO  com.zaxxer.hikari.HikariDataSource - HikariPool-1 - Shutdown completed.
13:55:58.542 [restartedMain] INFO  c.e.lyc.springboot.demo.Application - Starting Application using Java 17.0.1 with PID 71037 (/Users/liyinchi/workspace/java/lyc.springboot.demo/target/classes started by liyinchi in /Users/liyinchi/workspace/java/lyc.springboot.demo)
13:55:58.543 [restartedMain] DEBUG c.e.lyc.springboot.demo.Application - Running with Spring Boot v3.1.2, Spring v6.0.11
13:55:58.543 [restartedMain] INFO  c.e.lyc.springboot.demo.Application - The following 1 profile is active: "dev"
13:55:59.438 [restartedMain] INFO  o.a.coyote.http11.Http11NioProtocol - Initializing ProtocolHandler ["http-nio-8088"]
13:55:59.438 [restartedMain] INFO  o.a.catalina.core.StandardService - Starting service [Tomcat]
13:55:59.439 [restartedMain] INFO  o.a.catalina.core.StandardEngine - Starting Servlet engine: [Apache Tomcat/10.1.12]
13:55:59.474 [restartedMain] INFO  o.a.c.c.C.[Tomcat].[localhost].[/] - Initializing Spring embedded WebApplicationContext
13:55:59.497 [restartedMain] INFO  c.c.f.a.s.a.SpringValueProcessor - Monitoring key: microservice.url.orderUrl, beanName: jsonController, field: com.example.lyc.springboot.demo.controller.JsonController.orderUrl
13:55:59.641 [restartedMain] INFO  c.c.f.a.s.a.SpringValueProcessor - Monitoring key: spring.mvc.servlet.path, beanName: swaggerWelcome, field: org.springdoc.webmvc.ui.SwaggerWelcomeWebMvc.mvcServletPath
13:55:59.766 [restartedMain] WARN  o.s.b.a.t.ThymeleafAutoConfiguration$DefaultTemplateResolverConfiguration - Cannot find template location: classpath:/templates/ (please add some templates, check your Thymeleaf configuration, or set spring.thymeleaf.check-template-location=false)
13:55:59.948 [restartedMain] INFO  o.a.coyote.http11.Http11NioProtocol - Starting ProtocolHandler ["http-nio-8088"]
13:55:59.984 [restartedMain] INFO  c.e.lyc.springboot.demo.Application - Started Application in 1.587 seconds (process running for 1173.925)
13:56:02.830 [http-nio-8088-exec-1] INFO  o.a.c.c.C.[Tomcat].[localhost].[/] - Initializing Spring DispatcherServlet 'dispatcherServlet'
13:56:02.836 [http-nio-8088-exec-1] INFO  c.e.l.s.d.controller.UserController - =======convertToEntity:User(id=0, userName=liyinchi, password=1111111111)
13:56:02.837 [http-nio-8088-exec-1] INFO  com.zaxxer.hikari.HikariDataSource - HikariPool-2 - Starting...
13:56:02.909 [http-nio-8088-exec-1] INFO  com.zaxxer.hikari.pool.HikariPool - HikariPool-2 - Added connection com.mysql.cj.jdbc.ConnectionImpl@33539d54
13:56:02.910 [http-nio-8088-exec-1] INFO  com.zaxxer.hikari.HikariDataSource - HikariPool-2 - Start completed.
13:56:02.910 [http-nio-8088-exec-1] DEBUG c.e.l.s.d.m.UserMapper.insertUser - ==>  Preparing: INSERT INTO User (userName, password) VALUES (?, ?)
13:56:02.910 [http-nio-8088-exec-1] DEBUG c.e.l.s.d.m.UserMapper.insertUser - ==> Parameters: liyinchi(String), 1111111111(String)
13:56:02.919 [http-nio-8088-exec-1] DEBUG c.e.l.s.d.m.UserMapper.insertUser - <==    Updates: 1
13:56:02.919 [http-nio-8088-exec-1] INFO  c.e.l.s.d.controller.UserController - =======addUserFormData:User(id=42, userName=liyinchi, password=1111111111)
13:56:02.920 [http-nio-8088-exec-1] DEBUG c.e.l.s.d.m.UserMapper.insertUser - ==>  Preparing: INSERT INTO User (userName, password) VALUES (?, ?)
13:56:02.920 [http-nio-8088-exec-1] DEBUG c.e.l.s.d.m.UserMapper.insertUser - ==> Parameters: liyinchi(String), 1111111111(String)
13:56:02.928 [http-nio-8088-exec-1] DEBUG c.e.l.s.d.m.UserMapper.insertUser - <==    Updates: 1
13:56:05.796 [http-nio-8088-exec-2] INFO  c.e.l.s.d.controller.UserController - =======convertToEntity:User(id=0, userName=liyinchi, password=1111111111)
13:56:05.799 [http-nio-8088-exec-2] DEBUG c.e.l.s.d.m.UserMapper.insertUser - ==>  Preparing: INSERT INTO User (userName, password) VALUES (?, ?)
13:56:05.800 [http-nio-8088-exec-2] DEBUG c.e.l.s.d.m.UserMapper.insertUser - ==> Parameters: liyinchi(String), 1111111111(String)
13:56:05.810 [http-nio-8088-exec-2] DEBUG c.e.l.s.d.m.UserMapper.insertUser - <==    Updates: 1
13:56:05.810 [http-nio-8088-exec-2] INFO  c.e.l.s.d.controller.UserController - =======addUserFormData:User(id=44, userName=liyinchi, password=1111111111)
13:56:05.810 [http-nio-8088-exec-2] DEBUG c.e.l.s.d.m.UserMapper.insertUser - ==>  Preparing: INSERT INTO User (userName, password) VALUES (?, ?)
13:56:05.812 [http-nio-8088-exec-2] DEBUG c.e.l.s.d.m.UserMapper.insertUser - ==> Parameters: liyinchi(String), 1111111111(String)
13:56:05.818 [http-nio-8088-exec-2] DEBUG c.e.l.s.d.m.UserMapper.insertUser - <==    Updates: 1
13:56:08.926 [http-nio-8088-exec-3] INFO  c.e.l.s.d.controller.UserController - =======convertToEntity:User(id=0, userName=liyinchi, password=1111111111)
13:56:08.929 [http-nio-8088-exec-3] DEBUG c.e.l.s.d.m.UserMapper.insertUser - ==>  Preparing: INSERT INTO User (userName, password) VALUES (?, ?)
13:56:08.930 [http-nio-8088-exec-3] DEBUG c.e.l.s.d.m.UserMapper.insertUser - ==> Parameters: liyinchi(String), 1111111111(String)
13:56:08.941 [http-nio-8088-exec-3] DEBUG c.e.l.s.d.m.UserMapper.insertUser - <==    Updates: 1
13:56:08.941 [http-nio-8088-exec-3] INFO  c.e.l.s.d.controller.UserController - =======addUserFormData:User(id=46, userName=liyinchi, password=1111111111)
13:56:08.942 [http-nio-8088-exec-3] DEBUG c.e.l.s.d.m.UserMapper.insertUser - ==>  Preparing: INSERT INTO User (userName, password) VALUES (?, ?)
13:56:08.942 [http-nio-8088-exec-3] DEBUG c.e.l.s.d.m.UserMapper.insertUser - ==> Parameters: liyinchi(String), 1111111111(String)
13:56:08.951 [http-nio-8088-exec-3] DEBUG c.e.l.s.d.m.UserMapper.insertUser - <==    Updates: 1
13:56:11.878 [http-nio-8088-exec-4] INFO  c.e.l.s.d.controller.UserController - =======convertToEntity:User(id=0, userName=liyinchi, password=1111111111)
13:56:11.881 [http-nio-8088-exec-4] DEBUG c.e.l.s.d.m.UserMapper.insertUser - ==>  Preparing: INSERT INTO User (userName, password) VALUES (?, ?)
13:56:11.881 [http-nio-8088-exec-4] DEBUG c.e.l.s.d.m.UserMapper.insertUser - ==> Parameters: liyinchi(String), 1111111111(String)
13:56:11.889 [http-nio-8088-exec-4] DEBUG c.e.l.s.d.m.UserMapper.insertUser - <==    Updates: 1
13:56:11.889 [http-nio-8088-exec-4] INFO  c.e.l.s.d.controller.UserController - =======addUserFormData:User(id=48, userName=liyinchi, password=1111111111)
13:56:11.889 [http-nio-8088-exec-4] DEBUG c.e.l.s.d.m.UserMapper.insertUser - ==>  Preparing: INSERT INTO User (userName, password) VALUES (?, ?)
13:56:11.890 [http-nio-8088-exec-4] DEBUG c.e.l.s.d.m.UserMapper.insertUser - ==> Parameters: liyinchi(String), 1111111111(String)
13:56:11.896 [http-nio-8088-exec-4] DEBUG c.e.l.s.d.m.UserMapper.insertUser - <==    Updates: 1
13:56:23.555 [Thread-7] INFO  o.a.coyote.http11.Http11NioProtocol - Pausing ProtocolHandler ["http-nio-8088"]
13:56:23.555 [Thread-7] INFO  o.a.catalina.core.StandardService - Stopping service [Tomcat]
13:56:23.556 [Thread-7] INFO  o.a.c.c.C.[Tomcat].[localhost].[/] - Destroying Spring FrameworkServlet 'dispatcherServlet'
13:56:23.557 [Thread-7] WARN  o.a.c.loader.WebappClassLoaderBase - The web application [ROOT] appears to have started a thread named [HikariPool-2 housekeeper] but has failed to stop it. This is very likely to create a memory leak. Stack trace of thread:
 java.base@17.0.1/jdk.internal.misc.Unsafe.park(Native Method)
 java.base@17.0.1/java.util.concurrent.locks.LockSupport.parkNanos(LockSupport.java:252)
 java.base@17.0.1/java.util.concurrent.locks.AbstractQueuedSynchronizer$ConditionObject.awaitNanos(AbstractQueuedSynchronizer.java:1672)
 java.base@17.0.1/java.util.concurrent.ScheduledThreadPoolExecutor$DelayedWorkQueue.take(ScheduledThreadPoolExecutor.java:1182)
 java.base@17.0.1/java.util.concurrent.ScheduledThreadPoolExecutor$DelayedWorkQueue.take(ScheduledThreadPoolExecutor.java:899)
 java.base@17.0.1/java.util.concurrent.ThreadPoolExecutor.getTask(ThreadPoolExecutor.java:1062)
 java.base@17.0.1/java.util.concurrent.ThreadPoolExecutor.runWorker(ThreadPoolExecutor.java:1122)
 java.base@17.0.1/java.util.concurrent.ThreadPoolExecutor$Worker.run(ThreadPoolExecutor.java:635)
 java.base@17.0.1/java.lang.Thread.run(Thread.java:833)
13:56:23.558 [Thread-7] INFO  o.a.coyote.http11.Http11NioProtocol - Stopping ProtocolHandler ["http-nio-8088"]
13:56:23.564 [Thread-7] INFO  o.a.coyote.http11.Http11NioProtocol - Destroying ProtocolHandler ["http-nio-8088"]
13:56:23.570 [Thread-7] INFO  com.zaxxer.hikari.HikariDataSource - HikariPool-2 - Shutdown initiated...
13:56:23.577 [Thread-7] INFO  com.zaxxer.hikari.HikariDataSource - HikariPool-2 - Shutdown completed.
13:56:23.674 [restartedMain] INFO  c.e.lyc.springboot.demo.Application - Starting Application using Java 17.0.1 with PID 71037 (/Users/liyinchi/workspace/java/lyc.springboot.demo/target/classes started by liyinchi in /Users/liyinchi/workspace/java/lyc.springboot.demo)
13:56:23.675 [restartedMain] DEBUG c.e.lyc.springboot.demo.Application - Running with Spring Boot v3.1.2, Spring v6.0.11
13:56:23.675 [restartedMain] INFO  c.e.lyc.springboot.demo.Application - The following 1 profile is active: "dev"
13:56:24.043 [restartedMain] INFO  o.a.coyote.http11.Http11NioProtocol - Initializing ProtocolHandler ["http-nio-8088"]
13:56:24.044 [restartedMain] INFO  o.a.catalina.core.StandardService - Starting service [Tomcat]
13:56:24.044 [restartedMain] INFO  o.a.catalina.core.StandardEngine - Starting Servlet engine: [Apache Tomcat/10.1.12]
13:56:24.062 [restartedMain] INFO  o.a.c.c.C.[Tomcat].[localhost].[/] - Initializing Spring embedded WebApplicationContext
13:56:24.077 [restartedMain] INFO  c.c.f.a.s.a.SpringValueProcessor - Monitoring key: microservice.url.orderUrl, beanName: jsonController, field: com.example.lyc.springboot.demo.controller.JsonController.orderUrl
13:56:24.153 [restartedMain] INFO  c.c.f.a.s.a.SpringValueProcessor - Monitoring key: spring.mvc.servlet.path, beanName: swaggerWelcome, field: org.springdoc.webmvc.ui.SwaggerWelcomeWebMvc.mvcServletPath
13:56:24.224 [restartedMain] WARN  o.s.b.a.t.ThymeleafAutoConfiguration$DefaultTemplateResolverConfiguration - Cannot find template location: classpath:/templates/ (please add some templates, check your Thymeleaf configuration, or set spring.thymeleaf.check-template-location=false)
13:56:24.331 [restartedMain] INFO  o.a.coyote.http11.Http11NioProtocol - Starting ProtocolHandler ["http-nio-8088"]
13:56:24.361 [restartedMain] INFO  c.e.lyc.springboot.demo.Application - Started Application in 0.73 seconds (process running for 1198.302)
13:56:25.893 [http-nio-8088-exec-1] INFO  o.a.c.c.C.[Tomcat].[localhost].[/] - Initializing Spring DispatcherServlet 'dispatcherServlet'
13:56:25.903 [http-nio-8088-exec-1] INFO  c.e.l.s.d.controller.UserController - =======convertToEntity:User(id=0, userName=liyinchi, password=1111111111)
13:56:25.904 [http-nio-8088-exec-1] INFO  c.e.l.s.d.controller.UserController - =======addUserFormData:User(id=0, userName=liyinchi, password=1111111111)
13:56:25.906 [http-nio-8088-exec-1] INFO  com.zaxxer.hikari.HikariDataSource - HikariPool-3 - Starting...
13:56:25.979 [http-nio-8088-exec-1] INFO  com.zaxxer.hikari.pool.HikariPool - HikariPool-3 - Added connection com.mysql.cj.jdbc.ConnectionImpl@5af8797
13:56:25.980 [http-nio-8088-exec-1] INFO  com.zaxxer.hikari.HikariDataSource - HikariPool-3 - Start completed.
13:56:25.980 [http-nio-8088-exec-1] DEBUG c.e.l.s.d.m.UserMapper.insertUser - ==>  Preparing: INSERT INTO User (userName, password) VALUES (?, ?)
13:56:25.980 [http-nio-8088-exec-1] DEBUG c.e.l.s.d.m.UserMapper.insertUser - ==> Parameters: liyinchi(String), 1111111111(String)
13:56:25.991 [http-nio-8088-exec-1] DEBUG c.e.l.s.d.m.UserMapper.insertUser - <==    Updates: 1
13:56:28.997 [http-nio-8088-exec-2] INFO  c.e.l.s.d.controller.UserController - =======convertToEntity:User(id=0, userName=liyinchi, password=1111111111)
13:56:28.997 [http-nio-8088-exec-2] INFO  c.e.l.s.d.controller.UserController - =======addUserFormData:User(id=0, userName=liyinchi, password=1111111111)
13:56:29.000 [http-nio-8088-exec-2] DEBUG c.e.l.s.d.m.UserMapper.insertUser - ==>  Preparing: INSERT INTO User (userName, password) VALUES (?, ?)
13:56:29.000 [http-nio-8088-exec-2] DEBUG c.e.l.s.d.m.UserMapper.insertUser - ==> Parameters: liyinchi(String), 1111111111(String)
13:56:29.006 [http-nio-8088-exec-2] DEBUG c.e.l.s.d.m.UserMapper.insertUser - <==    Updates: 1
13:56:34.191 [Apollo-RemoteConfigRepository-1] WARN  c.c.f.a.i.AbstractConfigRepository - Sync config failed, will retry. Repository class com.ctrip.framework.apollo.internals.RemoteConfigRepository, reason: Get config services failed from http://meta.apollo.xxx.cn/services/config?appId=platform&ip=10.224.0.20 [Cause: Could not complete get operation [Cause: meta.apollo.xxx.cn]]
13:56:44.230 [Apollo-RemoteConfigRepository-1] WARN  c.c.f.a.i.AbstractConfigRepository - Sync config failed, will retry. Repository class com.ctrip.framework.apollo.internals.RemoteConfigRepository, reason: Get config services failed from http://meta.apollo.xxx.cn/services/config?appId=platform&ip=10.224.0.20 [Cause: Could not complete get operation [Cause: meta.apollo.xxx.cn]]
13:56:54.270 [Apollo-RemoteConfigRepository-1] WARN  c.c.f.a.i.AbstractConfigRepository - Sync config failed, will retry. Repository class com.ctrip.framework.apollo.internals.RemoteConfigRepository, reason: Get config services failed from http://meta.apollo.xxx.cn/services/config?appId=platform&ip=10.224.0.20 [Cause: Could not complete get operation [Cause: meta.apollo.xxx.cn]]
13:57:19.040 [Apollo-RemoteConfigLongPollService-1] WARN  c.c.f.a.i.RemoteConfigLongPollService - Long polling failed, will retry in 120 seconds. appId: platform, cluster: default, namespaces: application+message+sensitive-config, long polling url: null, reason: Get config services failed from http://meta.apollo.xxx.cn/services/config?appId=platform&ip=10.224.0.20 [Cause: Could not complete get operation [Cause: meta.apollo.xxx.cn]]
13:59:21.047 [Apollo-RemoteConfigLongPollService-1] WARN  c.c.f.a.i.RemoteConfigLongPollService - Long polling failed, will retry in 120 seconds. appId: platform, cluster: default, namespaces: application+message+sensitive-config, long polling url: null, reason: Get config services failed from http://meta.apollo.xxx.cn/services/config?appId=platform&ip=10.224.0.20 [Cause: Could not complete get operation [Cause: meta.apollo.xxx.cn]]
