21:00:38.847 [Apollo-RemoteConfigLongPollService-1] WARN  c.c.f.a.i.RemoteConfigLongPollService - Long polling failed, will retry in 120 seconds. appId: platform, cluster: default, namespaces: application+message+sensitive-config, long polling url: null, reason: Get config services failed from http://meta.apollo.xxx.cn/services/config?appId=platform&ip=192.168.31.81 [Cause: Could not complete get operation [Cause: meta.apollo.xxx.cn]]
21:23:34.336 [Apollo-RemoteConfigRepository-1] WARN  c.c.f.a.i.AbstractConfigRepository - Sync config failed, will retry. Repository class com.ctrip.framework.apollo.internals.RemoteConfigRepository, reason: Get config services failed from http://meta.apollo.xxx.cn/services/config?appId=platform&ip=192.168.31.81 [Cause: Could not complete get operation [Cause: meta.apollo.xxx.cn]]
21:41:40.668 [Apollo-RemoteConfigRepository-1] WARN  c.c.f.a.i.AbstractConfigRepository - Sync config failed, will retry. Repository class com.ctrip.framework.apollo.internals.RemoteConfigRepository, reason: Get config services failed from http://meta.apollo.xxx.cn/services/config?appId=platform&ip=192.168.31.81 [Cause: Could not complete get operation [Cause: meta.apollo.xxx.cn]]
21:41:50.480 [Apollo-RemoteConfigRepository-1] WARN  c.c.f.a.i.AbstractConfigRepository - Sync config failed, will retry. Repository class com.ctrip.framework.apollo.internals.RemoteConfigRepository, reason: Get config services failed from http://meta.apollo.xxx.cn/services/config?appId=platform&ip=192.168.31.81 [Cause: Could not complete get operation [Cause: meta.apollo.xxx.cn]]
21:42:03.710 [Apollo-RemoteConfigLongPollService-1] WARN  c.c.f.a.i.RemoteConfigLongPollService - Long polling failed, will retry in 120 seconds. appId: platform, cluster: default, namespaces: application+message+sensitive-config, long polling url: null, reason: Get config services failed from http://meta.apollo.xxx.cn/services/config?appId=platform&ip=192.168.31.81 [Cause: Could not complete get operation [Cause: meta.apollo.xxx.cn]]
21:44:01.781 [Thread-40] INFO  o.a.coyote.http11.Http11NioProtocol - Pausing ProtocolHandler ["http-nio-8088"]
21:44:01.781 [Thread-40] INFO  o.a.catalina.core.StandardService - Stopping service [Tomcat]
21:44:01.795 [Thread-40] INFO  o.a.c.c.C.[Tomcat-1].[localhost].[/] - Destroying Spring FrameworkServlet 'dispatcherServlet'
21:44:01.849 [Thread-40] WARN  o.a.c.loader.WebappClassLoaderBase - The web application [ROOT] appears to have started a thread named [lettuce-nioEventLoop-20-1] but has failed to stop it. This is very likely to create a memory leak. Stack trace of thread:
 java.base@17.0.1/sun.nio.ch.KQueue.poll(Native Method)
 java.base@17.0.1/sun.nio.ch.KQueueSelectorImpl.doSelect(KQueueSelectorImpl.java:122)
 java.base@17.0.1/sun.nio.ch.SelectorImpl.lockAndDoSelect(SelectorImpl.java:129)
 java.base@17.0.1/sun.nio.ch.SelectorImpl.select(SelectorImpl.java:146)
 app//io.netty.channel.nio.SelectedSelectionKeySetSelector.select(SelectedSelectionKeySetSelector.java:68)
 app//io.netty.channel.nio.NioEventLoop.select(NioEventLoop.java:879)
 app//io.netty.channel.nio.NioEventLoop.run(NioEventLoop.java:526)
 app//io.netty.util.concurrent.SingleThreadEventExecutor$4.run(SingleThreadEventExecutor.java:997)
 app//io.netty.util.internal.ThreadExecutorMap$2.run(ThreadExecutorMap.java:74)
 app//io.netty.util.concurrent.FastThreadLocalRunnable.run(FastThreadLocalRunnable.java:30)
 java.base@17.0.1/java.lang.Thread.run(Thread.java:833)
21:44:01.853 [Thread-40] INFO  o.a.coyote.http11.Http11NioProtocol - Stopping ProtocolHandler ["http-nio-8088"]
21:44:01.890 [Thread-40] INFO  o.a.coyote.http11.Http11NioProtocol - Destroying ProtocolHandler ["http-nio-8088"]
21:44:02.734 [restartedMain] INFO  c.e.lyc.springboot.demo.Application - Starting Application using Java 17.0.1 with PID 76764 (/Users/liyinchi/workspace/java/lyc.springboot.demo/target/classes started by liyinchi in /Users/liyinchi/workspace/java/lyc.springboot.demo)
21:44:02.734 [restartedMain] DEBUG c.e.lyc.springboot.demo.Application - Running with Spring Boot v3.1.2, Spring v6.0.11
21:44:02.734 [restartedMain] INFO  c.e.lyc.springboot.demo.Application - The following 1 profile is active: "dev"
21:44:04.255 [restartedMain] INFO  o.a.coyote.http11.Http11NioProtocol - Initializing ProtocolHandler ["http-nio-8088"]
21:44:04.255 [restartedMain] INFO  o.a.catalina.core.StandardService - Starting service [Tomcat]
21:44:04.255 [restartedMain] INFO  o.a.catalina.core.StandardEngine - Starting Servlet engine: [Apache Tomcat/10.1.12]
21:44:04.290 [restartedMain] INFO  o.a.c.c.C.[Tomcat-1].[localhost].[/] - Initializing Spring embedded WebApplicationContext
21:44:04.433 [restartedMain] INFO  c.c.f.a.s.a.SpringValueProcessor - Monitoring key: microservice.url.orderUrl, beanName: jsonController, field: com.example.lyc.springboot.demo.controller.JsonController.orderUrl
21:44:04.868 [restartedMain] INFO  c.e.l.s.d.handler.LogAspectHandler - ====doBefore方法进入了====
21:44:04.869 [restartedMain] INFO  c.e.l.s.d.handler.LogAspectHandler - 即将执行方法为: userService，属于com.example.lyc.springboot.demo.config.AppConfig包
21:44:04.869 [restartedMain] INFO  c.e.l.s.d.handler.LogAspectHandler - Not in a request context
21:44:04.870 [restartedMain] INFO  c.e.l.s.d.handler.LogAspectHandler - 方法userService执行完毕，返回参数为：com.example.lyc.springboot.demo.serviceImpl.UserServiceImpl@7d9262e4
21:44:04.871 [restartedMain] INFO  c.e.l.s.d.handler.LogAspectHandler - 对返回参数进行业务上的增强：com.example.lyc.springboot.demo.serviceImpl.UserServiceImpl@7d9262e4增强版
21:44:04.871 [restartedMain] INFO  c.e.l.s.d.handler.LogAspectHandler - ====doAfter方法进入了====
21:44:04.871 [restartedMain] INFO  c.e.l.s.d.handler.LogAspectHandler - 方法userService已经执行完
21:44:04.894 [restartedMain] INFO  c.e.l.s.d.handler.LogAspectHandler - ====doBefore方法进入了====
21:44:04.894 [restartedMain] INFO  c.e.l.s.d.handler.LogAspectHandler - 即将执行方法为: modelMapper，属于com.example.lyc.springboot.demo.config.AppConfig包
21:44:04.894 [restartedMain] INFO  c.e.l.s.d.handler.LogAspectHandler - Not in a request context
21:44:04.895 [restartedMain] INFO  c.e.l.s.d.handler.LogAspectHandler - 方法modelMapper执行完毕，返回参数为：org.modelmapper.ModelMapper@4bf3ec9b
21:44:04.895 [restartedMain] INFO  c.e.l.s.d.handler.LogAspectHandler - 对返回参数进行业务上的增强：org.modelmapper.ModelMapper@4bf3ec9b增强版
21:44:04.895 [restartedMain] INFO  c.e.l.s.d.handler.LogAspectHandler - ====doAfter方法进入了====
21:44:04.895 [restartedMain] INFO  c.e.l.s.d.handler.LogAspectHandler - 方法modelMapper已经执行完
21:44:05.022 [restartedMain] INFO  c.e.l.s.d.handler.LogAspectHandler - ====doBefore方法进入了====
21:44:05.022 [restartedMain] INFO  c.e.l.s.d.handler.LogAspectHandler - 即将执行方法为: publicApi，属于com.example.lyc.springboot.demo.config.SwaggerConfig包
21:44:05.022 [restartedMain] INFO  c.e.l.s.d.handler.LogAspectHandler - Not in a request context
21:44:05.022 [restartedMain] INFO  c.e.l.s.d.handler.LogAspectHandler - 方法publicApi执行完毕，返回参数为：org.springdoc.core.models.GroupedOpenApi@7b5ce74f
21:44:05.022 [restartedMain] INFO  c.e.l.s.d.handler.LogAspectHandler - 对返回参数进行业务上的增强：org.springdoc.core.models.GroupedOpenApi@7b5ce74f增强版
21:44:05.022 [restartedMain] INFO  c.e.l.s.d.handler.LogAspectHandler - ====doAfter方法进入了====
21:44:05.022 [restartedMain] INFO  c.e.l.s.d.handler.LogAspectHandler - 方法publicApi已经执行完
21:44:05.023 [restartedMain] INFO  c.e.l.s.d.handler.LogAspectHandler - ====doBefore方法进入了====
21:44:05.023 [restartedMain] INFO  c.e.l.s.d.handler.LogAspectHandler - 即将执行方法为: privateApi，属于com.example.lyc.springboot.demo.config.SwaggerConfig包
21:44:05.023 [restartedMain] INFO  c.e.l.s.d.handler.LogAspectHandler - Not in a request context
21:44:05.023 [restartedMain] INFO  c.e.l.s.d.handler.LogAspectHandler - 方法privateApi执行完毕，返回参数为：org.springdoc.core.models.GroupedOpenApi@11dab117
21:44:05.023 [restartedMain] INFO  c.e.l.s.d.handler.LogAspectHandler - 对返回参数进行业务上的增强：org.springdoc.core.models.GroupedOpenApi@11dab117增强版
21:44:05.023 [restartedMain] INFO  c.e.l.s.d.handler.LogAspectHandler - ====doAfter方法进入了====
21:44:05.023 [restartedMain] INFO  c.e.l.s.d.handler.LogAspectHandler - 方法privateApi已经执行完
21:44:05.181 [restartedMain] INFO  c.c.f.a.s.a.SpringValueProcessor - Monitoring key: spring.mvc.servlet.path, beanName: swaggerWelcome, field: org.springdoc.webmvc.ui.SwaggerWelcomeWebMvc.mvcServletPath
21:44:05.428 [restartedMain] WARN  o.s.b.a.t.ThymeleafAutoConfiguration$DefaultTemplateResolverConfiguration - Cannot find template location: classpath:/templates/ (please add some templates, check your Thymeleaf configuration, or set spring.thymeleaf.check-template-location=false)
21:44:05.476 [restartedMain] INFO  o.a.coyote.http11.Http11NioProtocol - Starting ProtocolHandler ["http-nio-8088"]
21:44:05.500 [restartedMain] INFO  c.e.lyc.springboot.demo.Application - Started Application in 2.846 seconds (process running for 10363.094)
21:44:05.501 [restartedMain] INFO  c.e.l.s.d.handler.LogAspectHandler - ====doBefore方法进入了====
21:44:05.501 [restartedMain] INFO  c.e.l.s.d.handler.LogAspectHandler - 即将执行方法为: onApplicationEvent，属于com.example.lyc.springboot.demo.listener.MyListener包
21:44:05.501 [restartedMain] INFO  c.e.l.s.d.handler.LogAspectHandler - Not in a request context
21:44:05.501 [restartedMain] DEBUG c.e.l.s.demo.listener.MyListener - 应用已启动完成
21:44:05.501 [restartedMain] INFO  c.e.l.s.d.handler.LogAspectHandler - 方法onApplicationEvent执行完毕，但返回参数为 null
21:44:05.501 [restartedMain] INFO  c.e.l.s.d.handler.LogAspectHandler - ====doAfter方法进入了====
21:44:05.501 [restartedMain] INFO  c.e.l.s.d.handler.LogAspectHandler - 方法onApplicationEvent已经执行完
21:44:05.714 [Apollo-RemoteConfigLongPollService-1] WARN  c.c.f.a.i.RemoteConfigLongPollService - Long polling failed, will retry in 120 seconds. appId: platform, cluster: default, namespaces: application+message+sensitive-config, long polling url: null, reason: Get config services failed from http://meta.apollo.xxx.cn/services/config?appId=platform&ip=192.168.31.81 [Cause: Could not complete get operation [Cause: meta.apollo.xxx.cn]]
21:46:07.720 [Apollo-RemoteConfigLongPollService-1] WARN  c.c.f.a.i.RemoteConfigLongPollService - Long polling failed, will retry in 120 seconds. appId: platform, cluster: default, namespaces: application+message+sensitive-config, long polling url: null, reason: Get config services failed from http://meta.apollo.xxx.cn/services/config?appId=platform&ip=192.168.31.81 [Cause: Could not complete get operation [Cause: meta.apollo.xxx.cn]]
21:46:30.389 [Apollo-RemoteConfigRepository-1] WARN  c.c.f.a.i.AbstractConfigRepository - Sync config failed, will retry. Repository class com.ctrip.framework.apollo.internals.RemoteConfigRepository, reason: Get config services failed from http://meta.apollo.xxx.cn/services/config?appId=platform&ip=192.168.31.81 [Cause: Could not complete get operation [Cause: meta.apollo.xxx.cn]]
21:46:40.426 [Apollo-RemoteConfigRepository-1] WARN  c.c.f.a.i.AbstractConfigRepository - Sync config failed, will retry. Repository class com.ctrip.framework.apollo.internals.RemoteConfigRepository, reason: Get config services failed from http://meta.apollo.xxx.cn/services/config?appId=platform&ip=192.168.31.81 [Cause: Could not complete get operation [Cause: meta.apollo.xxx.cn]]
21:46:50.464 [Apollo-RemoteConfigRepository-1] WARN  c.c.f.a.i.AbstractConfigRepository - Sync config failed, will retry. Repository class com.ctrip.framework.apollo.internals.RemoteConfigRepository, reason: Get config services failed from http://meta.apollo.xxx.cn/services/config?appId=platform&ip=192.168.31.81 [Cause: Could not complete get operation [Cause: meta.apollo.xxx.cn]]
21:47:52.090 [Thread-44] INFO  o.a.coyote.http11.Http11NioProtocol - Pausing ProtocolHandler ["http-nio-8088"]
21:47:52.090 [Thread-44] INFO  o.a.catalina.core.StandardService - Stopping service [Tomcat]
21:47:52.092 [Thread-44] INFO  o.a.coyote.http11.Http11NioProtocol - Stopping ProtocolHandler ["http-nio-8088"]
21:47:52.096 [Thread-44] INFO  o.a.coyote.http11.Http11NioProtocol - Destroying ProtocolHandler ["http-nio-8088"]
21:47:52.287 [restartedMain] INFO  c.e.lyc.springboot.demo.Application - Starting Application using Java 17.0.1 with PID 76764 (/Users/liyinchi/workspace/java/lyc.springboot.demo/target/classes started by liyinchi in /Users/liyinchi/workspace/java/lyc.springboot.demo)
21:47:52.288 [restartedMain] DEBUG c.e.lyc.springboot.demo.Application - Running with Spring Boot v3.1.2, Spring v6.0.11
21:47:52.288 [restartedMain] INFO  c.e.lyc.springboot.demo.Application - The following 1 profile is active: "dev"
21:47:52.748 [restartedMain] INFO  o.a.coyote.http11.Http11NioProtocol - Initializing ProtocolHandler ["http-nio-8088"]
21:47:52.748 [restartedMain] INFO  o.a.catalina.core.StandardService - Starting service [Tomcat]
21:47:52.748 [restartedMain] INFO  o.a.catalina.core.StandardEngine - Starting Servlet engine: [Apache Tomcat/10.1.12]
21:47:52.764 [restartedMain] INFO  o.a.c.c.C.[Tomcat-1].[localhost].[/] - Initializing Spring embedded WebApplicationContext
21:47:52.822 [restartedMain] INFO  c.c.f.a.s.a.SpringValueProcessor - Monitoring key: microservice.url.orderUrl, beanName: jsonController, field: com.example.lyc.springboot.demo.controller.JsonController.orderUrl
21:47:52.973 [restartedMain] INFO  c.e.l.s.d.handler.LogAspectHandler - ====doBefore方法进入了====
21:47:52.974 [restartedMain] INFO  c.e.l.s.d.handler.LogAspectHandler - 即将执行方法为: userService，属于com.example.lyc.springboot.demo.config.AppConfig包
21:47:52.974 [restartedMain] INFO  c.e.l.s.d.handler.LogAspectHandler - Not in a request context
21:47:52.975 [restartedMain] INFO  c.e.l.s.d.handler.LogAspectHandler - 方法userService执行完毕，返回参数为：com.example.lyc.springboot.demo.serviceImpl.UserServiceImpl@6b90680e
21:47:52.976 [restartedMain] INFO  c.e.l.s.d.handler.LogAspectHandler - 对返回参数进行业务上的增强：com.example.lyc.springboot.demo.serviceImpl.UserServiceImpl@6b90680e增强版
21:47:52.976 [restartedMain] INFO  c.e.l.s.d.handler.LogAspectHandler - ====doAfter方法进入了====
21:47:52.976 [restartedMain] INFO  c.e.l.s.d.handler.LogAspectHandler - 方法userService已经执行完
21:47:53.003 [restartedMain] INFO  c.e.l.s.d.handler.LogAspectHandler - ====doBefore方法进入了====
21:47:53.004 [restartedMain] INFO  c.e.l.s.d.handler.LogAspectHandler - 即将执行方法为: modelMapper，属于com.example.lyc.springboot.demo.config.AppConfig包
21:47:53.004 [restartedMain] INFO  c.e.l.s.d.handler.LogAspectHandler - Not in a request context
21:47:53.004 [restartedMain] INFO  c.e.l.s.d.handler.LogAspectHandler - 方法modelMapper执行完毕，返回参数为：org.modelmapper.ModelMapper@47026011
21:47:53.004 [restartedMain] INFO  c.e.l.s.d.handler.LogAspectHandler - 对返回参数进行业务上的增强：org.modelmapper.ModelMapper@47026011增强版
21:47:53.004 [restartedMain] INFO  c.e.l.s.d.handler.LogAspectHandler - ====doAfter方法进入了====
21:47:53.004 [restartedMain] INFO  c.e.l.s.d.handler.LogAspectHandler - 方法modelMapper已经执行完
21:47:53.105 [restartedMain] INFO  c.e.l.s.d.handler.LogAspectHandler - ====doBefore方法进入了====
21:47:53.105 [restartedMain] INFO  c.e.l.s.d.handler.LogAspectHandler - 即将执行方法为: publicApi，属于com.example.lyc.springboot.demo.config.SwaggerConfig包
21:47:53.105 [restartedMain] INFO  c.e.l.s.d.handler.LogAspectHandler - Not in a request context
21:47:53.105 [restartedMain] INFO  c.e.l.s.d.handler.LogAspectHandler - 方法publicApi执行完毕，返回参数为：org.springdoc.core.models.GroupedOpenApi@6f2daae0
21:47:53.106 [restartedMain] INFO  c.e.l.s.d.handler.LogAspectHandler - 对返回参数进行业务上的增强：org.springdoc.core.models.GroupedOpenApi@6f2daae0增强版
21:47:53.106 [restartedMain] INFO  c.e.l.s.d.handler.LogAspectHandler - ====doAfter方法进入了====
21:47:53.106 [restartedMain] INFO  c.e.l.s.d.handler.LogAspectHandler - 方法publicApi已经执行完
21:47:53.106 [restartedMain] INFO  c.e.l.s.d.handler.LogAspectHandler - ====doBefore方法进入了====
21:47:53.106 [restartedMain] INFO  c.e.l.s.d.handler.LogAspectHandler - 即将执行方法为: privateApi，属于com.example.lyc.springboot.demo.config.SwaggerConfig包
21:47:53.106 [restartedMain] INFO  c.e.l.s.d.handler.LogAspectHandler - Not in a request context
21:47:53.106 [restartedMain] INFO  c.e.l.s.d.handler.LogAspectHandler - 方法privateApi执行完毕，返回参数为：org.springdoc.core.models.GroupedOpenApi@43870f46
21:47:53.106 [restartedMain] INFO  c.e.l.s.d.handler.LogAspectHandler - 对返回参数进行业务上的增强：org.springdoc.core.models.GroupedOpenApi@43870f46增强版
21:47:53.106 [restartedMain] INFO  c.e.l.s.d.handler.LogAspectHandler - ====doAfter方法进入了====
21:47:53.106 [restartedMain] INFO  c.e.l.s.d.handler.LogAspectHandler - 方法privateApi已经执行完
21:47:53.193 [restartedMain] INFO  c.c.f.a.s.a.SpringValueProcessor - Monitoring key: spring.mvc.servlet.path, beanName: swaggerWelcome, field: org.springdoc.webmvc.ui.SwaggerWelcomeWebMvc.mvcServletPath
21:47:53.370 [restartedMain] WARN  o.s.b.a.t.ThymeleafAutoConfiguration$DefaultTemplateResolverConfiguration - Cannot find template location: classpath:/templates/ (please add some templates, check your Thymeleaf configuration, or set spring.thymeleaf.check-template-location=false)
21:47:53.424 [restartedMain] INFO  c.e.lyc.springboot.demo.Application - Started Application in 1.168 seconds (process running for 10591.03)
21:47:53.424 [restartedMain] INFO  c.e.l.s.d.handler.LogAspectHandler - ====doBefore方法进入了====
21:47:53.424 [restartedMain] INFO  c.e.l.s.d.handler.LogAspectHandler - 即将执行方法为: onApplicationEvent，属于com.example.lyc.springboot.demo.listener.MyListener包
21:47:53.424 [restartedMain] INFO  c.e.l.s.d.handler.LogAspectHandler - Not in a request context
21:47:53.424 [restartedMain] DEBUG c.e.l.s.demo.listener.MyListener - 应用已启动完成
21:47:53.424 [restartedMain] INFO  c.e.l.s.d.handler.LogAspectHandler - 方法onApplicationEvent执行完毕，但返回参数为 null
21:47:53.425 [restartedMain] INFO  c.e.l.s.d.handler.LogAspectHandler - ====doAfter方法进入了====
21:47:53.425 [restartedMain] INFO  c.e.l.s.d.handler.LogAspectHandler - 方法onApplicationEvent已经执行完
21:48:28.286 [background-preinit] INFO  o.h.validator.internal.util.Version - HV000001: Hibernate Validator 8.0.1.Final
21:48:28.328 [restartedMain] INFO  c.c.f.f.i.p.DefaultApplicationProvider - App ID is set to platform by app.id property from System Property
21:48:28.329 [restartedMain] WARN  c.c.f.f.i.p.DefaultApplicationProvider - app.label is not available from System Property and /META-INF/app.properties. It is set to null
21:48:28.329 [restartedMain] INFO  c.c.f.f.i.p.DefaultServerProvider - Environment is set to null. Because it is not available in either (1) JVM system property 'env', (2) OS env variable 'ENV' nor (3) property 'env' from the properties InputStream.
21:48:28.329 [restartedMain] INFO  c.c.f.a.i.DefaultMetaServerProvider - Located meta services from apollo.meta configuration: http://meta.apollo.xxx.cn!
21:48:28.329 [restartedMain] INFO  c.c.f.apollo.core.MetaDomainConsts - Located meta server address http://meta.apollo.xxx.cn for env UNKNOWN from com.ctrip.framework.apollo.internals.DefaultMetaServerProvider
21:48:28.330 [restartedMain] WARN  c.c.f.a.i.LocalFileConfigRepository - Sync config from upstream repository class com.ctrip.framework.apollo.internals.RemoteConfigRepository failed, reason: Get config services failed from http://meta.apollo.xxx.cn/services/config?appId=platform&ip=192.168.31.81 [Cause: Could not complete get operation [Cause: meta.apollo.xxx.cn]]
21:48:28.330 [restartedMain] WARN  c.c.f.a.i.LocalFileConfigRepository - Sync config from upstream repository class com.ctrip.framework.apollo.internals.RemoteConfigRepository failed, reason: Get config services failed from http://meta.apollo.xxx.cn/services/config?appId=platform&ip=192.168.31.81 [Cause: Could not complete get operation [Cause: meta.apollo.xxx.cn]]
21:48:28.330 [restartedMain] WARN  c.c.f.apollo.internals.DefaultConfig - Init Apollo Local Config failed - namespace: application, reason: Load config from local config failed! [Cause: Cannot read from local cache file /Users/liyinchi/workspace/java/lyc.springboot.demo/./config/platform/config-cache/platform+default+application.properties].
21:48:28.330 [restartedMain] WARN  c.c.f.a.i.LocalFileConfigRepository - Sync config from upstream repository class com.ctrip.framework.apollo.internals.RemoteConfigRepository failed, reason: Get config services failed from http://meta.apollo.xxx.cn/services/config?appId=platform&ip=192.168.31.81 [Cause: Could not complete get operation [Cause: meta.apollo.xxx.cn]]
21:48:28.330 [restartedMain] WARN  c.c.f.a.i.LocalFileConfigRepository - Sync config from upstream repository class com.ctrip.framework.apollo.internals.RemoteConfigRepository failed, reason: Get config services failed from http://meta.apollo.xxx.cn/services/config?appId=platform&ip=192.168.31.81 [Cause: Could not complete get operation [Cause: meta.apollo.xxx.cn]]
21:48:28.330 [restartedMain] WARN  c.c.f.apollo.internals.DefaultConfig - Init Apollo Local Config failed - namespace: sensitive-config, reason: Load config from local config failed! [Cause: Cannot read from local cache file /Users/liyinchi/workspace/java/lyc.springboot.demo/./config/platform/config-cache/platform+default+sensitive-config.properties].
21:48:28.330 [restartedMain] WARN  c.c.f.a.i.LocalFileConfigRepository - Sync config from upstream repository class com.ctrip.framework.apollo.internals.RemoteConfigRepository failed, reason: Get config services failed from http://meta.apollo.xxx.cn/services/config?appId=platform&ip=192.168.31.81 [Cause: Could not complete get operation [Cause: meta.apollo.xxx.cn]]
21:48:28.330 [restartedMain] WARN  c.c.f.a.i.LocalFileConfigRepository - Sync config from upstream repository class com.ctrip.framework.apollo.internals.RemoteConfigRepository failed, reason: Get config services failed from http://meta.apollo.xxx.cn/services/config?appId=platform&ip=192.168.31.81 [Cause: Could not complete get operation [Cause: meta.apollo.xxx.cn]]
21:48:28.330 [restartedMain] WARN  c.c.f.apollo.internals.DefaultConfig - Init Apollo Local Config failed - namespace: message, reason: Load config from local config failed! [Cause: Cannot read from local cache file /Users/liyinchi/workspace/java/lyc.springboot.demo/./config/platform/config-cache/platform+default+message.properties].
21:48:28.330 [restartedMain] WARN  c.c.f.apollo.internals.DefaultConfig - Could not load config for namespace application from Apollo, please check whether the configs are released in Apollo! Return default value now!
21:48:28.330 [restartedMain] WARN  c.c.f.apollo.internals.DefaultConfig - Could not load config for namespace sensitive-config from Apollo, please check whether the configs are released in Apollo! Return default value now!
21:48:28.331 [restartedMain] WARN  c.c.f.apollo.internals.DefaultConfig - Could not load config for namespace message from Apollo, please check whether the configs are released in Apollo! Return default value now!
21:48:28.343 [restartedMain] INFO  c.e.lyc.springboot.demo.Application - Starting Application using Java 17.0.1 with PID 99563 (/Users/liyinchi/workspace/java/lyc.springboot.demo/target/classes started by liyinchi in /Users/liyinchi/workspace/java/lyc.springboot.demo)
21:48:28.344 [restartedMain] DEBUG c.e.lyc.springboot.demo.Application - Running with Spring Boot v3.1.2, Spring v6.0.11
21:48:28.346 [restartedMain] INFO  c.e.lyc.springboot.demo.Application - The following 1 profile is active: "dev"
21:48:31.572 [restartedMain] INFO  o.a.coyote.http11.Http11NioProtocol - Initializing ProtocolHandler ["http-nio-8088"]
21:48:31.574 [restartedMain] INFO  o.a.catalina.core.StandardService - Starting service [Tomcat]
21:48:31.574 [restartedMain] INFO  o.a.catalina.core.StandardEngine - Starting Servlet engine: [Apache Tomcat/10.1.12]
21:48:31.656 [restartedMain] INFO  o.a.c.c.C.[Tomcat].[localhost].[/] - Initializing Spring embedded WebApplicationContext
21:48:31.875 [restartedMain] INFO  c.c.f.a.s.a.SpringValueProcessor - Monitoring key: microservice.url.orderUrl, beanName: jsonController, field: com.example.lyc.springboot.demo.controller.JsonController.orderUrl
21:48:32.171 [Apollo-RemoteConfigLongPollService-1] WARN  c.c.f.a.i.RemoteConfigLongPollService - Long polling failed, will retry in 16 seconds. appId: platform, cluster: default, namespaces: application+message+sensitive-config, long polling url: null, reason: Get config services failed from http://meta.apollo.xxx.cn/services/config?appId=platform&ip=192.168.31.81 [Cause: Could not complete get operation [Cause: meta.apollo.xxx.cn]]
21:48:32.730 [restartedMain] INFO  c.e.l.s.d.handler.LogAspectHandler - ====doBefore方法进入了====
21:48:32.731 [restartedMain] INFO  c.e.l.s.d.handler.LogAspectHandler - 即将执行方法为: userService，属于com.example.lyc.springboot.demo.config.AppConfig包
21:48:32.732 [restartedMain] INFO  c.e.l.s.d.handler.LogAspectHandler - Not in a request context
21:48:32.733 [restartedMain] INFO  c.e.l.s.d.handler.LogAspectHandler - 方法userService执行完毕，返回参数为：com.example.lyc.springboot.demo.serviceImpl.UserServiceImpl@6dc5c962
21:48:32.734 [restartedMain] INFO  c.e.l.s.d.handler.LogAspectHandler - 对返回参数进行业务上的增强：com.example.lyc.springboot.demo.serviceImpl.UserServiceImpl@6dc5c962增强版
21:48:32.735 [restartedMain] INFO  c.e.l.s.d.handler.LogAspectHandler - ====doAfter方法进入了====
21:48:32.735 [restartedMain] INFO  c.e.l.s.d.handler.LogAspectHandler - 方法userService已经执行完
21:48:32.777 [restartedMain] INFO  c.e.l.s.d.handler.LogAspectHandler - ====doBefore方法进入了====
21:48:32.778 [restartedMain] INFO  c.e.l.s.d.handler.LogAspectHandler - 即将执行方法为: modelMapper，属于com.example.lyc.springboot.demo.config.AppConfig包
21:48:32.778 [restartedMain] INFO  c.e.l.s.d.handler.LogAspectHandler - Not in a request context
21:48:32.799 [restartedMain] INFO  c.e.l.s.d.handler.LogAspectHandler - 方法modelMapper执行完毕，返回参数为：org.modelmapper.ModelMapper@62bae7f1
21:48:32.799 [restartedMain] INFO  c.e.l.s.d.handler.LogAspectHandler - 对返回参数进行业务上的增强：org.modelmapper.ModelMapper@62bae7f1增强版
21:48:32.800 [restartedMain] INFO  c.e.l.s.d.handler.LogAspectHandler - ====doAfter方法进入了====
21:48:32.800 [restartedMain] INFO  c.e.l.s.d.handler.LogAspectHandler - 方法modelMapper已经执行完
21:48:33.229 [restartedMain] INFO  c.e.l.s.d.handler.LogAspectHandler - ====doBefore方法进入了====
21:48:33.230 [restartedMain] INFO  c.e.l.s.d.handler.LogAspectHandler - 即将执行方法为: publicApi，属于com.example.lyc.springboot.demo.config.SwaggerConfig包
21:48:33.230 [restartedMain] INFO  c.e.l.s.d.handler.LogAspectHandler - Not in a request context
21:48:33.238 [restartedMain] INFO  c.e.l.s.d.handler.LogAspectHandler - 方法publicApi执行完毕，返回参数为：org.springdoc.core.models.GroupedOpenApi@5606e13c
21:48:33.238 [restartedMain] INFO  c.e.l.s.d.handler.LogAspectHandler - 对返回参数进行业务上的增强：org.springdoc.core.models.GroupedOpenApi@5606e13c增强版
21:48:33.238 [restartedMain] INFO  c.e.l.s.d.handler.LogAspectHandler - ====doAfter方法进入了====
21:48:33.238 [restartedMain] INFO  c.e.l.s.d.handler.LogAspectHandler - 方法publicApi已经执行完
21:48:33.241 [restartedMain] INFO  c.e.l.s.d.handler.LogAspectHandler - ====doBefore方法进入了====
21:48:33.241 [restartedMain] INFO  c.e.l.s.d.handler.LogAspectHandler - 即将执行方法为: privateApi，属于com.example.lyc.springboot.demo.config.SwaggerConfig包
21:48:33.241 [restartedMain] INFO  c.e.l.s.d.handler.LogAspectHandler - Not in a request context
21:48:33.241 [restartedMain] INFO  c.e.l.s.d.handler.LogAspectHandler - 方法privateApi执行完毕，返回参数为：org.springdoc.core.models.GroupedOpenApi@298996db
21:48:33.242 [restartedMain] INFO  c.e.l.s.d.handler.LogAspectHandler - 对返回参数进行业务上的增强：org.springdoc.core.models.GroupedOpenApi@298996db增强版
21:48:33.242 [restartedMain] INFO  c.e.l.s.d.handler.LogAspectHandler - ====doAfter方法进入了====
21:48:33.242 [restartedMain] INFO  c.e.l.s.d.handler.LogAspectHandler - 方法privateApi已经执行完
21:48:33.740 [restartedMain] INFO  c.c.f.a.s.a.SpringValueProcessor - Monitoring key: spring.mvc.servlet.path, beanName: swaggerWelcome, field: org.springdoc.webmvc.ui.SwaggerWelcomeWebMvc.mvcServletPath
21:48:34.433 [restartedMain] WARN  o.s.b.a.t.ThymeleafAutoConfiguration$DefaultTemplateResolverConfiguration - Cannot find template location: classpath:/templates/ (please add some templates, check your Thymeleaf configuration, or set spring.thymeleaf.check-template-location=false)
21:48:34.588 [restartedMain] INFO  o.a.coyote.http11.Http11NioProtocol - Starting ProtocolHandler ["http-nio-8088"]
21:48:34.636 [restartedMain] INFO  c.e.lyc.springboot.demo.Application - Started Application in 35.029 seconds (process running for 36.211)
21:48:34.639 [restartedMain] INFO  c.e.l.s.d.handler.LogAspectHandler - ====doBefore方法进入了====
21:48:34.639 [restartedMain] INFO  c.e.l.s.d.handler.LogAspectHandler - 即将执行方法为: onApplicationEvent，属于com.example.lyc.springboot.demo.listener.MyListener包
21:48:34.639 [restartedMain] INFO  c.e.l.s.d.handler.LogAspectHandler - Not in a request context
21:48:34.640 [restartedMain] DEBUG c.e.l.s.demo.listener.MyListener - 应用已启动完成
21:48:34.640 [restartedMain] INFO  c.e.l.s.d.handler.LogAspectHandler - 方法onApplicationEvent执行完毕，但返回参数为 null
21:48:34.640 [restartedMain] INFO  c.e.l.s.d.handler.LogAspectHandler - ====doAfter方法进入了====
21:48:34.640 [restartedMain] INFO  c.e.l.s.d.handler.LogAspectHandler - 方法onApplicationEvent已经执行完
21:48:50.185 [Apollo-RemoteConfigLongPollService-1] WARN  c.c.f.a.i.RemoteConfigLongPollService - Long polling failed, will retry in 32 seconds. appId: platform, cluster: default, namespaces: application+message+sensitive-config, long polling url: null, reason: Get config services failed from http://meta.apollo.xxx.cn/services/config?appId=platform&ip=192.168.31.81 [Cause: Could not complete get operation [Cause: meta.apollo.xxx.cn]]
21:49:24.195 [Apollo-RemoteConfigLongPollService-1] WARN  c.c.f.a.i.RemoteConfigLongPollService - Long polling failed, will retry in 64 seconds. appId: platform, cluster: default, namespaces: application+message+sensitive-config, long polling url: null, reason: Get config services failed from http://meta.apollo.xxx.cn/services/config?appId=platform&ip=192.168.31.81 [Cause: Could not complete get operation [Cause: meta.apollo.xxx.cn]]
21:49:27.744 [http-nio-8088-exec-1] INFO  c.e.l.s.d.handler.LogAspectHandler - ====doBefore方法进入了====
21:49:27.745 [http-nio-8088-exec-1] INFO  c.e.l.s.d.handler.LogAspectHandler - 即将执行方法为: requestInitialized，属于com.example.lyc.springboot.demo.listener.MyServletRequestListener包
21:49:27.745 [http-nio-8088-exec-1] INFO  c.e.l.s.d.handler.LogAspectHandler - Not in a request context
21:49:27.745 [http-nio-8088-exec-1] INFO  c.e.l.s.d.l.MyServletRequestListener - session id为：null
21:49:27.745 [http-nio-8088-exec-1] INFO  c.e.l.s.d.l.MyServletRequestListener - request url为：http://127.0.0.1:8088/v1/test/testRedis
21:49:27.746 [http-nio-8088-exec-1] INFO  c.e.l.s.d.handler.LogAspectHandler - 方法requestInitialized执行完毕，但返回参数为 null
21:49:27.746 [http-nio-8088-exec-1] INFO  c.e.l.s.d.handler.LogAspectHandler - ====doAfter方法进入了====
21:49:27.746 [http-nio-8088-exec-1] INFO  c.e.l.s.d.handler.LogAspectHandler - 方法requestInitialized已经执行完
21:49:27.754 [http-nio-8088-exec-1] INFO  o.a.c.c.C.[Tomcat].[localhost].[/] - Initializing Spring DispatcherServlet 'dispatcherServlet'
21:49:27.781 [http-nio-8088-exec-1] INFO  c.e.l.s.d.c.I.MyInterceptor - ====拦截到了方法：testRedis，在该方法执行之前执行====
21:49:27.798 [http-nio-8088-exec-1] INFO  c.e.l.s.d.handler.LogAspectHandler - ====doBefore方法进入了====
21:49:27.799 [http-nio-8088-exec-1] INFO  c.e.l.s.d.handler.LogAspectHandler - 即将执行方法为: testRedis，属于com.example.lyc.springboot.demo.controller.TestController包
21:49:27.799 [http-nio-8088-exec-1] INFO  c.e.l.s.d.handler.LogAspectHandler - 用户请求的url为：http://127.0.0.1:8088/v1/test/testRedis，ip地址为：127.0.0.1
21:49:27.799 [http-nio-8088-exec-1] INFO  c.e.l.s.d.handler.LogAspectHandler - ====doBefore方法进入了====
21:49:27.800 [http-nio-8088-exec-1] INFO  c.e.l.s.d.handler.LogAspectHandler - 即将执行方法为: testRedisConnection，属于com.example.lyc.springboot.demo.service.RedisService包
21:49:27.800 [http-nio-8088-exec-1] INFO  c.e.l.s.d.handler.LogAspectHandler - 用户请求的url为：http://127.0.0.1:8088/v1/test/testRedis，ip地址为：127.0.0.1
21:49:28.263 [http-nio-8088-exec-1] INFO  c.e.l.s.d.handler.LogAspectHandler - 方法testRedisConnection执行完毕，返回参数为：false
21:49:28.263 [http-nio-8088-exec-1] INFO  c.e.l.s.d.handler.LogAspectHandler - 对返回参数进行业务上的增强：false增强版
21:49:28.263 [http-nio-8088-exec-1] INFO  c.e.l.s.d.handler.LogAspectHandler - ====doAfter方法进入了====
21:49:28.263 [http-nio-8088-exec-1] INFO  c.e.l.s.d.handler.LogAspectHandler - 方法testRedisConnection已经执行完
21:49:28.263 [http-nio-8088-exec-1] INFO  c.e.l.s.d.handler.LogAspectHandler - 方法testRedis执行完毕，返回参数为：false
21:49:28.264 [http-nio-8088-exec-1] INFO  c.e.l.s.d.handler.LogAspectHandler - 对返回参数进行业务上的增强：false增强版
21:49:28.264 [http-nio-8088-exec-1] INFO  c.e.l.s.d.handler.LogAspectHandler - ====doAfter方法进入了====
21:49:28.264 [http-nio-8088-exec-1] INFO  c.e.l.s.d.handler.LogAspectHandler - 方法testRedis已经执行完
21:49:28.301 [http-nio-8088-exec-1] INFO  c.e.l.s.d.c.I.MyInterceptor - 执行完方法之后进执行(Controller方法调用之后)，但是此时还没进行视图渲染
21:49:28.301 [http-nio-8088-exec-1] INFO  c.e.l.s.d.c.I.MyInterceptor - 整个请求都处理完咯，DispatcherServlet也渲染了对应的视图咯，此时我可以做一些清理的工作了
21:49:28.302 [http-nio-8088-exec-1] INFO  c.e.l.s.d.handler.LogAspectHandler - ====doBefore方法进入了====
21:49:28.302 [http-nio-8088-exec-1] INFO  c.e.l.s.d.handler.LogAspectHandler - 即将执行方法为: requestDestroyed，属于com.example.lyc.springboot.demo.listener.MyServletRequestListener包
21:49:28.302 [http-nio-8088-exec-1] INFO  c.e.l.s.d.handler.LogAspectHandler - Not in a request context
21:49:28.302 [http-nio-8088-exec-1] INFO  c.e.l.s.d.l.MyServletRequestListener - request end
21:49:28.302 [http-nio-8088-exec-1] INFO  c.e.l.s.d.l.MyServletRequestListener - request域中保存的name值为：测试自定义事件监听器
21:49:28.302 [http-nio-8088-exec-1] INFO  c.e.l.s.d.handler.LogAspectHandler - 方法requestDestroyed执行完毕，但返回参数为 null
21:49:28.302 [http-nio-8088-exec-1] INFO  c.e.l.s.d.handler.LogAspectHandler - ====doAfter方法进入了====
21:49:28.302 [http-nio-8088-exec-1] INFO  c.e.l.s.d.handler.LogAspectHandler - 方法requestDestroyed已经执行完
21:50:30.204 [Apollo-RemoteConfigLongPollService-1] WARN  c.c.f.a.i.RemoteConfigLongPollService - Long polling failed, will retry in 120 seconds. appId: platform, cluster: default, namespaces: application+message+sensitive-config, long polling url: null, reason: Get config services failed from http://meta.apollo.xxx.cn/services/config?appId=platform&ip=192.168.31.81 [Cause: Could not complete get operation [Cause: meta.apollo.xxx.cn]]
21:50:40.279 [Thread-5] INFO  o.a.coyote.http11.Http11NioProtocol - Pausing ProtocolHandler ["http-nio-8088"]
21:50:40.280 [Thread-5] INFO  o.a.catalina.core.StandardService - Stopping service [Tomcat]
21:50:40.282 [Thread-5] INFO  o.a.c.c.C.[Tomcat].[localhost].[/] - Destroying Spring FrameworkServlet 'dispatcherServlet'
21:50:40.291 [Thread-5] WARN  o.a.c.loader.WebappClassLoaderBase - The web application [ROOT] appears to have started a thread named [lettuce-nioEventLoop-4-1] but has failed to stop it. This is very likely to create a memory leak. Stack trace of thread:
 java.base@17.0.1/sun.nio.ch.KQueue.poll(Native Method)
 java.base@17.0.1/sun.nio.ch.KQueueSelectorImpl.doSelect(KQueueSelectorImpl.java:122)
 java.base@17.0.1/sun.nio.ch.SelectorImpl.lockAndDoSelect(SelectorImpl.java:129)
 java.base@17.0.1/sun.nio.ch.SelectorImpl.select(SelectorImpl.java:146)
 app//io.netty.channel.nio.SelectedSelectionKeySetSelector.select(SelectedSelectionKeySetSelector.java:68)
 app//io.netty.channel.nio.NioEventLoop.select(NioEventLoop.java:879)
 app//io.netty.channel.nio.NioEventLoop.run(NioEventLoop.java:526)
 app//io.netty.util.concurrent.SingleThreadEventExecutor$4.run(SingleThreadEventExecutor.java:997)
 app//io.netty.util.internal.ThreadExecutorMap$2.run(ThreadExecutorMap.java:74)
 app//io.netty.util.concurrent.FastThreadLocalRunnable.run(FastThreadLocalRunnable.java:30)
 java.base@17.0.1/java.lang.Thread.run(Thread.java:833)
21:50:40.293 [Thread-5] INFO  o.a.coyote.http11.Http11NioProtocol - Stopping ProtocolHandler ["http-nio-8088"]
21:50:40.311 [Thread-5] INFO  o.a.coyote.http11.Http11NioProtocol - Destroying ProtocolHandler ["http-nio-8088"]
21:50:40.592 [restartedMain] INFO  c.e.lyc.springboot.demo.Application - Starting Application using Java 17.0.1 with PID 99563 (/Users/liyinchi/workspace/java/lyc.springboot.demo/target/classes started by liyinchi in /Users/liyinchi/workspace/java/lyc.springboot.demo)
21:50:40.605 [restartedMain] DEBUG c.e.lyc.springboot.demo.Application - Running with Spring Boot v3.1.2, Spring v6.0.11
21:50:40.605 [restartedMain] INFO  c.e.lyc.springboot.demo.Application - The following 1 profile is active: "dev"
21:50:41.331 [restartedMain] INFO  o.a.coyote.http11.Http11NioProtocol - Initializing ProtocolHandler ["http-nio-8088"]
21:50:41.332 [restartedMain] INFO  o.a.catalina.core.StandardService - Starting service [Tomcat]
21:50:41.332 [restartedMain] INFO  o.a.catalina.core.StandardEngine - Starting Servlet engine: [Apache Tomcat/10.1.12]
21:50:41.356 [restartedMain] INFO  o.a.c.c.C.[Tomcat].[localhost].[/] - Initializing Spring embedded WebApplicationContext
21:50:41.435 [restartedMain] INFO  c.c.f.a.s.a.SpringValueProcessor - Monitoring key: microservice.url.orderUrl, beanName: jsonController, field: com.example.lyc.springboot.demo.controller.JsonController.orderUrl
21:50:41.675 [restartedMain] INFO  c.e.l.s.d.handler.LogAspectHandler - ====doBefore方法进入了====
21:50:41.675 [restartedMain] INFO  c.e.l.s.d.handler.LogAspectHandler - 即将执行方法为: userService，属于com.example.lyc.springboot.demo.config.AppConfig包
21:50:41.675 [restartedMain] INFO  c.e.l.s.d.handler.LogAspectHandler - Not in a request context
21:50:41.676 [restartedMain] INFO  c.e.l.s.d.handler.LogAspectHandler - 方法userService执行完毕，返回参数为：com.example.lyc.springboot.demo.serviceImpl.UserServiceImpl@32eb2020
21:50:41.677 [restartedMain] INFO  c.e.l.s.d.handler.LogAspectHandler - 对返回参数进行业务上的增强：com.example.lyc.springboot.demo.serviceImpl.UserServiceImpl@32eb2020增强版
21:50:41.677 [restartedMain] INFO  c.e.l.s.d.handler.LogAspectHandler - ====doAfter方法进入了====
21:50:41.677 [restartedMain] INFO  c.e.l.s.d.handler.LogAspectHandler - 方法userService已经执行完
21:50:41.702 [restartedMain] INFO  c.e.l.s.d.handler.LogAspectHandler - ====doBefore方法进入了====
21:50:41.703 [restartedMain] INFO  c.e.l.s.d.handler.LogAspectHandler - 即将执行方法为: modelMapper，属于com.example.lyc.springboot.demo.config.AppConfig包
21:50:41.703 [restartedMain] INFO  c.e.l.s.d.handler.LogAspectHandler - Not in a request context
21:50:41.703 [restartedMain] INFO  c.e.l.s.d.handler.LogAspectHandler - 方法modelMapper执行完毕，返回参数为：org.modelmapper.ModelMapper@724bd42d
21:50:41.703 [restartedMain] INFO  c.e.l.s.d.handler.LogAspectHandler - 对返回参数进行业务上的增强：org.modelmapper.ModelMapper@724bd42d增强版
21:50:41.703 [restartedMain] INFO  c.e.l.s.d.handler.LogAspectHandler - ====doAfter方法进入了====
21:50:41.704 [restartedMain] INFO  c.e.l.s.d.handler.LogAspectHandler - 方法modelMapper已经执行完
21:50:41.967 [restartedMain] INFO  c.e.l.s.d.handler.LogAspectHandler - ====doBefore方法进入了====
21:50:41.968 [restartedMain] INFO  c.e.l.s.d.handler.LogAspectHandler - 即将执行方法为: publicApi，属于com.example.lyc.springboot.demo.config.SwaggerConfig包
21:50:41.968 [restartedMain] INFO  c.e.l.s.d.handler.LogAspectHandler - Not in a request context
21:50:41.968 [restartedMain] INFO  c.e.l.s.d.handler.LogAspectHandler - 方法publicApi执行完毕，返回参数为：org.springdoc.core.models.GroupedOpenApi@1675cc11
21:50:41.968 [restartedMain] INFO  c.e.l.s.d.handler.LogAspectHandler - 对返回参数进行业务上的增强：org.springdoc.core.models.GroupedOpenApi@1675cc11增强版
21:50:41.968 [restartedMain] INFO  c.e.l.s.d.handler.LogAspectHandler - ====doAfter方法进入了====
21:50:41.968 [restartedMain] INFO  c.e.l.s.d.handler.LogAspectHandler - 方法publicApi已经执行完
21:50:41.970 [restartedMain] INFO  c.e.l.s.d.handler.LogAspectHandler - ====doBefore方法进入了====
21:50:41.970 [restartedMain] INFO  c.e.l.s.d.handler.LogAspectHandler - 即将执行方法为: privateApi，属于com.example.lyc.springboot.demo.config.SwaggerConfig包
21:50:41.971 [restartedMain] INFO  c.e.l.s.d.handler.LogAspectHandler - Not in a request context
21:50:41.971 [restartedMain] INFO  c.e.l.s.d.handler.LogAspectHandler - 方法privateApi执行完毕，返回参数为：org.springdoc.core.models.GroupedOpenApi@10f14593
21:50:41.971 [restartedMain] INFO  c.e.l.s.d.handler.LogAspectHandler - 对返回参数进行业务上的增强：org.springdoc.core.models.GroupedOpenApi@10f14593增强版
21:50:41.971 [restartedMain] INFO  c.e.l.s.d.handler.LogAspectHandler - ====doAfter方法进入了====
21:50:41.971 [restartedMain] INFO  c.e.l.s.d.handler.LogAspectHandler - 方法privateApi已经执行完
21:50:42.217 [restartedMain] INFO  c.c.f.a.s.a.SpringValueProcessor - Monitoring key: spring.mvc.servlet.path, beanName: swaggerWelcome, field: org.springdoc.webmvc.ui.SwaggerWelcomeWebMvc.mvcServletPath
21:50:42.737 [restartedMain] WARN  o.s.b.a.t.ThymeleafAutoConfiguration$DefaultTemplateResolverConfiguration - Cannot find template location: classpath:/templates/ (please add some templates, check your Thymeleaf configuration, or set spring.thymeleaf.check-template-location=false)
21:50:42.851 [restartedMain] INFO  o.a.coyote.http11.Http11NioProtocol - Starting ProtocolHandler ["http-nio-8088"]
21:50:42.873 [restartedMain] INFO  c.e.lyc.springboot.demo.Application - Started Application in 2.358 seconds (process running for 164.455)
21:50:42.875 [restartedMain] INFO  c.e.l.s.d.handler.LogAspectHandler - ====doBefore方法进入了====
21:50:42.876 [restartedMain] INFO  c.e.l.s.d.handler.LogAspectHandler - 即将执行方法为: onApplicationEvent，属于com.example.lyc.springboot.demo.listener.MyListener包
21:50:42.877 [restartedMain] INFO  c.e.l.s.d.handler.LogAspectHandler - Not in a request context
21:50:42.877 [restartedMain] DEBUG c.e.l.s.demo.listener.MyListener - 应用已启动完成
21:50:42.877 [restartedMain] INFO  c.e.l.s.d.handler.LogAspectHandler - 方法onApplicationEvent执行完毕，但返回参数为 null
21:50:42.877 [restartedMain] INFO  c.e.l.s.d.handler.LogAspectHandler - ====doAfter方法进入了====
21:50:42.877 [restartedMain] INFO  c.e.l.s.d.handler.LogAspectHandler - 方法onApplicationEvent已经执行完
21:50:45.527 [http-nio-8088-exec-1] INFO  c.e.l.s.d.handler.LogAspectHandler - ====doBefore方法进入了====
21:50:45.527 [http-nio-8088-exec-1] INFO  c.e.l.s.d.handler.LogAspectHandler - 即将执行方法为: requestInitialized，属于com.example.lyc.springboot.demo.listener.MyServletRequestListener包
21:50:45.527 [http-nio-8088-exec-1] INFO  c.e.l.s.d.handler.LogAspectHandler - Not in a request context
21:50:45.527 [http-nio-8088-exec-1] INFO  c.e.l.s.d.l.MyServletRequestListener - session id为：null
21:50:45.527 [http-nio-8088-exec-1] INFO  c.e.l.s.d.l.MyServletRequestListener - request url为：http://127.0.0.1:8088/v1/test/testRedis
21:50:45.528 [http-nio-8088-exec-1] INFO  c.e.l.s.d.handler.LogAspectHandler - 方法requestInitialized执行完毕，但返回参数为 null
21:50:45.528 [http-nio-8088-exec-1] INFO  c.e.l.s.d.handler.LogAspectHandler - ====doAfter方法进入了====
21:50:45.528 [http-nio-8088-exec-1] INFO  c.e.l.s.d.handler.LogAspectHandler - 方法requestInitialized已经执行完
21:50:45.528 [http-nio-8088-exec-1] INFO  o.a.c.c.C.[Tomcat].[localhost].[/] - Initializing Spring DispatcherServlet 'dispatcherServlet'
21:50:45.530 [http-nio-8088-exec-1] INFO  c.e.l.s.d.c.I.MyInterceptor - ====拦截到了方法：testRedis，在该方法执行之前执行====
21:50:45.531 [http-nio-8088-exec-1] INFO  c.e.l.s.d.handler.LogAspectHandler - ====doBefore方法进入了====
21:50:45.531 [http-nio-8088-exec-1] INFO  c.e.l.s.d.handler.LogAspectHandler - 即将执行方法为: testRedis，属于com.example.lyc.springboot.demo.controller.TestController包
21:50:45.531 [http-nio-8088-exec-1] INFO  c.e.l.s.d.handler.LogAspectHandler - 用户请求的url为：http://127.0.0.1:8088/v1/test/testRedis，ip地址为：127.0.0.1
21:50:45.531 [http-nio-8088-exec-1] INFO  c.e.l.s.d.controller.TestController - testRedis
21:50:45.531 [http-nio-8088-exec-1] INFO  c.e.l.s.d.handler.LogAspectHandler - ====doBefore方法进入了====
21:50:45.531 [http-nio-8088-exec-1] INFO  c.e.l.s.d.handler.LogAspectHandler - 即将执行方法为: testRedisConnection，属于com.example.lyc.springboot.demo.service.RedisService包
21:50:45.531 [http-nio-8088-exec-1] INFO  c.e.l.s.d.handler.LogAspectHandler - 用户请求的url为：http://127.0.0.1:8088/v1/test/testRedis，ip地址为：127.0.0.1
21:50:45.539 [http-nio-8088-exec-1] INFO  c.e.l.s.d.handler.LogAspectHandler - 方法testRedisConnection执行完毕，返回参数为：false
21:50:45.540 [http-nio-8088-exec-1] INFO  c.e.l.s.d.handler.LogAspectHandler - 对返回参数进行业务上的增强：false增强版
21:50:45.540 [http-nio-8088-exec-1] INFO  c.e.l.s.d.handler.LogAspectHandler - ====doAfter方法进入了====
21:50:45.540 [http-nio-8088-exec-1] INFO  c.e.l.s.d.handler.LogAspectHandler - 方法testRedisConnection已经执行完
21:50:45.540 [http-nio-8088-exec-1] INFO  c.e.l.s.d.handler.LogAspectHandler - 方法testRedis执行完毕，返回参数为：false
21:50:45.540 [http-nio-8088-exec-1] INFO  c.e.l.s.d.handler.LogAspectHandler - 对返回参数进行业务上的增强：false增强版
21:50:45.540 [http-nio-8088-exec-1] INFO  c.e.l.s.d.handler.LogAspectHandler - ====doAfter方法进入了====
21:50:45.540 [http-nio-8088-exec-1] INFO  c.e.l.s.d.handler.LogAspectHandler - 方法testRedis已经执行完
21:50:45.542 [http-nio-8088-exec-1] INFO  c.e.l.s.d.c.I.MyInterceptor - 执行完方法之后进执行(Controller方法调用之后)，但是此时还没进行视图渲染
21:50:45.542 [http-nio-8088-exec-1] INFO  c.e.l.s.d.c.I.MyInterceptor - 整个请求都处理完咯，DispatcherServlet也渲染了对应的视图咯，此时我可以做一些清理的工作了
21:50:45.543 [http-nio-8088-exec-1] INFO  c.e.l.s.d.handler.LogAspectHandler - ====doBefore方法进入了====
21:50:45.543 [http-nio-8088-exec-1] INFO  c.e.l.s.d.handler.LogAspectHandler - 即将执行方法为: requestDestroyed，属于com.example.lyc.springboot.demo.listener.MyServletRequestListener包
21:50:45.543 [http-nio-8088-exec-1] INFO  c.e.l.s.d.handler.LogAspectHandler - Not in a request context
21:50:45.543 [http-nio-8088-exec-1] INFO  c.e.l.s.d.l.MyServletRequestListener - request end
21:50:45.543 [http-nio-8088-exec-1] INFO  c.e.l.s.d.l.MyServletRequestListener - request域中保存的name值为：测试自定义事件监听器
21:50:45.543 [http-nio-8088-exec-1] INFO  c.e.l.s.d.handler.LogAspectHandler - 方法requestDestroyed执行完毕，但返回参数为 null
21:50:45.543 [http-nio-8088-exec-1] INFO  c.e.l.s.d.handler.LogAspectHandler - ====doAfter方法进入了====
21:50:45.543 [http-nio-8088-exec-1] INFO  c.e.l.s.d.handler.LogAspectHandler - 方法requestDestroyed已经执行完
21:51:14.512 [Thread-7] INFO  o.a.coyote.http11.Http11NioProtocol - Pausing ProtocolHandler ["http-nio-8088"]
21:51:14.513 [Thread-7] INFO  o.a.catalina.core.StandardService - Stopping service [Tomcat]
21:51:14.513 [Thread-7] INFO  o.a.c.c.C.[Tomcat].[localhost].[/] - Destroying Spring FrameworkServlet 'dispatcherServlet'
21:51:14.515 [Thread-7] WARN  o.a.c.loader.WebappClassLoaderBase - The web application [ROOT] appears to have started a thread named [lettuce-nioEventLoop-7-1] but has failed to stop it. This is very likely to create a memory leak. Stack trace of thread:
 java.base@17.0.1/sun.nio.ch.KQueue.poll(Native Method)
 java.base@17.0.1/sun.nio.ch.KQueueSelectorImpl.doSelect(KQueueSelectorImpl.java:122)
 java.base@17.0.1/sun.nio.ch.SelectorImpl.lockAndDoSelect(SelectorImpl.java:129)
 java.base@17.0.1/sun.nio.ch.SelectorImpl.select(SelectorImpl.java:146)
 app//io.netty.channel.nio.SelectedSelectionKeySetSelector.select(SelectedSelectionKeySetSelector.java:68)
 app//io.netty.channel.nio.NioEventLoop.select(NioEventLoop.java:879)
 app//io.netty.channel.nio.NioEventLoop.run(NioEventLoop.java:526)
 app//io.netty.util.concurrent.SingleThreadEventExecutor$4.run(SingleThreadEventExecutor.java:997)
 app//io.netty.util.internal.ThreadExecutorMap$2.run(ThreadExecutorMap.java:74)
 app//io.netty.util.concurrent.FastThreadLocalRunnable.run(FastThreadLocalRunnable.java:30)
 java.base@17.0.1/java.lang.Thread.run(Thread.java:833)
21:51:14.515 [Thread-7] INFO  o.a.coyote.http11.Http11NioProtocol - Stopping ProtocolHandler ["http-nio-8088"]
21:51:14.521 [Thread-7] INFO  o.a.coyote.http11.Http11NioProtocol - Destroying ProtocolHandler ["http-nio-8088"]
21:51:14.762 [restartedMain] INFO  c.e.lyc.springboot.demo.Application - Starting Application using Java 17.0.1 with PID 99563 (/Users/liyinchi/workspace/java/lyc.springboot.demo/target/classes started by liyinchi in /Users/liyinchi/workspace/java/lyc.springboot.demo)
21:51:14.762 [restartedMain] DEBUG c.e.lyc.springboot.demo.Application - Running with Spring Boot v3.1.2, Spring v6.0.11
21:51:14.762 [restartedMain] INFO  c.e.lyc.springboot.demo.Application - The following 1 profile is active: "dev"
21:51:15.234 [restartedMain] INFO  o.a.coyote.http11.Http11NioProtocol - Initializing ProtocolHandler ["http-nio-8088"]
21:51:15.234 [restartedMain] INFO  o.a.catalina.core.StandardService - Starting service [Tomcat]
21:51:15.234 [restartedMain] INFO  o.a.catalina.core.StandardEngine - Starting Servlet engine: [Apache Tomcat/10.1.12]
21:51:15.250 [restartedMain] INFO  o.a.c.c.C.[Tomcat].[localhost].[/] - Initializing Spring embedded WebApplicationContext
21:51:15.302 [restartedMain] INFO  c.c.f.a.s.a.SpringValueProcessor - Monitoring key: microservice.url.orderUrl, beanName: jsonController, field: com.example.lyc.springboot.demo.controller.JsonController.orderUrl
21:51:15.462 [restartedMain] INFO  c.e.l.s.d.handler.LogAspectHandler - ====doBefore方法进入了====
21:51:15.463 [restartedMain] INFO  c.e.l.s.d.handler.LogAspectHandler - 即将执行方法为: userService，属于com.example.lyc.springboot.demo.config.AppConfig包
21:51:15.463 [restartedMain] INFO  c.e.l.s.d.handler.LogAspectHandler - Not in a request context
21:51:15.464 [restartedMain] INFO  c.e.l.s.d.handler.LogAspectHandler - 方法userService执行完毕，返回参数为：com.example.lyc.springboot.demo.serviceImpl.UserServiceImpl@2708da47
21:51:15.464 [restartedMain] INFO  c.e.l.s.d.handler.LogAspectHandler - 对返回参数进行业务上的增强：com.example.lyc.springboot.demo.serviceImpl.UserServiceImpl@2708da47增强版
21:51:15.464 [restartedMain] INFO  c.e.l.s.d.handler.LogAspectHandler - ====doAfter方法进入了====
21:51:15.464 [restartedMain] INFO  c.e.l.s.d.handler.LogAspectHandler - 方法userService已经执行完
21:51:15.498 [restartedMain] INFO  c.e.l.s.d.handler.LogAspectHandler - ====doBefore方法进入了====
21:51:15.498 [restartedMain] INFO  c.e.l.s.d.handler.LogAspectHandler - 即将执行方法为: modelMapper，属于com.example.lyc.springboot.demo.config.AppConfig包
21:51:15.498 [restartedMain] INFO  c.e.l.s.d.handler.LogAspectHandler - Not in a request context
21:51:15.499 [restartedMain] INFO  c.e.l.s.d.handler.LogAspectHandler - 方法modelMapper执行完毕，返回参数为：org.modelmapper.ModelMapper@22af434
21:51:15.499 [restartedMain] INFO  c.e.l.s.d.handler.LogAspectHandler - 对返回参数进行业务上的增强：org.modelmapper.ModelMapper@22af434增强版
21:51:15.499 [restartedMain] INFO  c.e.l.s.d.handler.LogAspectHandler - ====doAfter方法进入了====
21:51:15.500 [restartedMain] INFO  c.e.l.s.d.handler.LogAspectHandler - 方法modelMapper已经执行完
21:51:15.793 [restartedMain] INFO  c.e.l.s.d.handler.LogAspectHandler - ====doBefore方法进入了====
21:51:15.793 [restartedMain] INFO  c.e.l.s.d.handler.LogAspectHandler - 即将执行方法为: publicApi，属于com.example.lyc.springboot.demo.config.SwaggerConfig包
21:51:15.793 [restartedMain] INFO  c.e.l.s.d.handler.LogAspectHandler - Not in a request context
21:51:15.793 [restartedMain] INFO  c.e.l.s.d.handler.LogAspectHandler - 方法publicApi执行完毕，返回参数为：org.springdoc.core.models.GroupedOpenApi@440f39c1
21:51:15.793 [restartedMain] INFO  c.e.l.s.d.handler.LogAspectHandler - 对返回参数进行业务上的增强：org.springdoc.core.models.GroupedOpenApi@440f39c1增强版
21:51:15.793 [restartedMain] INFO  c.e.l.s.d.handler.LogAspectHandler - ====doAfter方法进入了====
21:51:15.793 [restartedMain] INFO  c.e.l.s.d.handler.LogAspectHandler - 方法publicApi已经执行完
21:51:15.794 [restartedMain] INFO  c.e.l.s.d.handler.LogAspectHandler - ====doBefore方法进入了====
21:51:15.794 [restartedMain] INFO  c.e.l.s.d.handler.LogAspectHandler - 即将执行方法为: privateApi，属于com.example.lyc.springboot.demo.config.SwaggerConfig包
21:51:15.794 [restartedMain] INFO  c.e.l.s.d.handler.LogAspectHandler - Not in a request context
21:51:15.794 [restartedMain] INFO  c.e.l.s.d.handler.LogAspectHandler - 方法privateApi执行完毕，返回参数为：org.springdoc.core.models.GroupedOpenApi@7e8d84be
21:51:15.794 [restartedMain] INFO  c.e.l.s.d.handler.LogAspectHandler - 对返回参数进行业务上的增强：org.springdoc.core.models.GroupedOpenApi@7e8d84be增强版
21:51:15.795 [restartedMain] INFO  c.e.l.s.d.handler.LogAspectHandler - ====doAfter方法进入了====
21:51:15.795 [restartedMain] INFO  c.e.l.s.d.handler.LogAspectHandler - 方法privateApi已经执行完
21:51:15.940 [restartedMain] INFO  c.c.f.a.s.a.SpringValueProcessor - Monitoring key: spring.mvc.servlet.path, beanName: swaggerWelcome, field: org.springdoc.webmvc.ui.SwaggerWelcomeWebMvc.mvcServletPath
21:51:16.288 [restartedMain] WARN  o.s.b.a.t.ThymeleafAutoConfiguration$DefaultTemplateResolverConfiguration - Cannot find template location: classpath:/templates/ (please add some templates, check your Thymeleaf configuration, or set spring.thymeleaf.check-template-location=false)
21:51:16.345 [restartedMain] INFO  o.a.coyote.http11.Http11NioProtocol - Starting ProtocolHandler ["http-nio-8088"]
21:51:16.364 [restartedMain] INFO  c.e.lyc.springboot.demo.Application - Started Application in 1.666 seconds (process running for 197.947)
21:51:16.365 [restartedMain] INFO  c.e.l.s.d.handler.LogAspectHandler - ====doBefore方法进入了====
21:51:16.365 [restartedMain] INFO  c.e.l.s.d.handler.LogAspectHandler - 即将执行方法为: onApplicationEvent，属于com.example.lyc.springboot.demo.listener.MyListener包
21:51:16.365 [restartedMain] INFO  c.e.l.s.d.handler.LogAspectHandler - Not in a request context
21:51:16.365 [restartedMain] DEBUG c.e.l.s.demo.listener.MyListener - 应用已启动完成
21:51:16.365 [restartedMain] INFO  c.e.l.s.d.handler.LogAspectHandler - 方法onApplicationEvent执行完毕，但返回参数为 null
21:51:16.365 [restartedMain] INFO  c.e.l.s.d.handler.LogAspectHandler - ====doAfter方法进入了====
21:51:16.365 [restartedMain] INFO  c.e.l.s.d.handler.LogAspectHandler - 方法onApplicationEvent已经执行完
21:51:18.259 [http-nio-8088-exec-1] INFO  c.e.l.s.d.handler.LogAspectHandler - ====doBefore方法进入了====
21:51:18.259 [http-nio-8088-exec-1] INFO  c.e.l.s.d.handler.LogAspectHandler - 即将执行方法为: requestInitialized，属于com.example.lyc.springboot.demo.listener.MyServletRequestListener包
21:51:18.259 [http-nio-8088-exec-1] INFO  c.e.l.s.d.handler.LogAspectHandler - Not in a request context
21:51:18.259 [http-nio-8088-exec-1] INFO  c.e.l.s.d.l.MyServletRequestListener - session id为：null
21:51:18.259 [http-nio-8088-exec-1] INFO  c.e.l.s.d.l.MyServletRequestListener - request url为：http://127.0.0.1:8088/v1/test/testRedis
21:51:18.260 [http-nio-8088-exec-1] INFO  c.e.l.s.d.handler.LogAspectHandler - 方法requestInitialized执行完毕，但返回参数为 null
21:51:18.260 [http-nio-8088-exec-1] INFO  c.e.l.s.d.handler.LogAspectHandler - ====doAfter方法进入了====
21:51:18.260 [http-nio-8088-exec-1] INFO  c.e.l.s.d.handler.LogAspectHandler - 方法requestInitialized已经执行完
21:51:18.260 [http-nio-8088-exec-1] INFO  o.a.c.c.C.[Tomcat].[localhost].[/] - Initializing Spring DispatcherServlet 'dispatcherServlet'
21:51:18.261 [http-nio-8088-exec-1] INFO  c.e.l.s.d.c.I.MyInterceptor - ====拦截到了方法：testRedis，在该方法执行之前执行====
21:51:18.262 [http-nio-8088-exec-1] INFO  c.e.l.s.d.handler.LogAspectHandler - ====doBefore方法进入了====
21:51:18.262 [http-nio-8088-exec-1] INFO  c.e.l.s.d.handler.LogAspectHandler - 即将执行方法为: testRedis，属于com.example.lyc.springboot.demo.controller.TestController包
21:51:18.263 [http-nio-8088-exec-1] INFO  c.e.l.s.d.handler.LogAspectHandler - 用户请求的url为：http://127.0.0.1:8088/v1/test/testRedis，ip地址为：127.0.0.1
21:51:18.263 [http-nio-8088-exec-1] INFO  c.e.l.s.d.controller.TestController - testRedis
21:51:18.263 [http-nio-8088-exec-1] INFO  c.e.l.s.d.handler.LogAspectHandler - ====doBefore方法进入了====
21:51:18.263 [http-nio-8088-exec-1] INFO  c.e.l.s.d.handler.LogAspectHandler - 即将执行方法为: testRedisConnection，属于com.example.lyc.springboot.demo.service.RedisService包
21:51:18.263 [http-nio-8088-exec-1] INFO  c.e.l.s.d.handler.LogAspectHandler - 用户请求的url为：http://127.0.0.1:8088/v1/test/testRedis，ip地址为：127.0.0.1
21:51:18.269 [http-nio-8088-exec-1] INFO  c.e.l.s.d.handler.LogAspectHandler - 方法testRedisConnection执行完毕，返回参数为：false
21:51:18.270 [http-nio-8088-exec-1] INFO  c.e.l.s.d.handler.LogAspectHandler - 对返回参数进行业务上的增强：false增强版
21:51:18.271 [http-nio-8088-exec-1] INFO  c.e.l.s.d.handler.LogAspectHandler - ====doAfter方法进入了====
21:51:18.271 [http-nio-8088-exec-1] INFO  c.e.l.s.d.handler.LogAspectHandler - 方法testRedisConnection已经执行完
21:51:18.271 [http-nio-8088-exec-1] INFO  c.e.l.s.d.handler.LogAspectHandler - 方法testRedis执行完毕，返回参数为：false
21:51:18.271 [http-nio-8088-exec-1] INFO  c.e.l.s.d.handler.LogAspectHandler - 对返回参数进行业务上的增强：false增强版
21:51:18.271 [http-nio-8088-exec-1] INFO  c.e.l.s.d.handler.LogAspectHandler - ====doAfter方法进入了====
21:51:18.271 [http-nio-8088-exec-1] INFO  c.e.l.s.d.handler.LogAspectHandler - 方法testRedis已经执行完
21:51:18.273 [http-nio-8088-exec-1] INFO  c.e.l.s.d.c.I.MyInterceptor - 执行完方法之后进执行(Controller方法调用之后)，但是此时还没进行视图渲染
21:51:18.273 [http-nio-8088-exec-1] INFO  c.e.l.s.d.c.I.MyInterceptor - 整个请求都处理完咯，DispatcherServlet也渲染了对应的视图咯，此时我可以做一些清理的工作了
21:51:18.274 [http-nio-8088-exec-1] INFO  c.e.l.s.d.handler.LogAspectHandler - ====doBefore方法进入了====
21:51:18.274 [http-nio-8088-exec-1] INFO  c.e.l.s.d.handler.LogAspectHandler - 即将执行方法为: requestDestroyed，属于com.example.lyc.springboot.demo.listener.MyServletRequestListener包
21:51:18.274 [http-nio-8088-exec-1] INFO  c.e.l.s.d.handler.LogAspectHandler - Not in a request context
21:51:18.274 [http-nio-8088-exec-1] INFO  c.e.l.s.d.l.MyServletRequestListener - request end
21:51:18.274 [http-nio-8088-exec-1] INFO  c.e.l.s.d.l.MyServletRequestListener - request域中保存的name值为：测试自定义事件监听器
21:51:18.274 [http-nio-8088-exec-1] INFO  c.e.l.s.d.handler.LogAspectHandler - 方法requestDestroyed执行完毕，但返回参数为 null
21:51:18.274 [http-nio-8088-exec-1] INFO  c.e.l.s.d.handler.LogAspectHandler - ====doAfter方法进入了====
21:51:18.274 [http-nio-8088-exec-1] INFO  c.e.l.s.d.handler.LogAspectHandler - 方法requestDestroyed已经执行完
21:52:32.223 [Apollo-RemoteConfigLongPollService-1] WARN  c.c.f.a.i.RemoteConfigLongPollService - Long polling failed, will retry in 120 seconds. appId: platform, cluster: default, namespaces: application+message+sensitive-config, long polling url: null, reason: Get config services failed from http://meta.apollo.xxx.cn/services/config?appId=platform&ip=192.168.31.81 [Cause: Could not complete get operation [Cause: meta.apollo.xxx.cn]]
21:52:45.607 [Thread-11] INFO  o.a.coyote.http11.Http11NioProtocol - Pausing ProtocolHandler ["http-nio-8088"]
21:52:45.607 [Thread-11] INFO  o.a.catalina.core.StandardService - Stopping service [Tomcat]
21:52:45.607 [Thread-11] INFO  o.a.c.c.C.[Tomcat].[localhost].[/] - Destroying Spring FrameworkServlet 'dispatcherServlet'
21:52:45.609 [Thread-11] WARN  o.a.c.loader.WebappClassLoaderBase - The web application [ROOT] appears to have started a thread named [lettuce-nioEventLoop-10-1] but has failed to stop it. This is very likely to create a memory leak. Stack trace of thread:
 java.base@17.0.1/sun.nio.ch.KQueue.poll(Native Method)
 java.base@17.0.1/sun.nio.ch.KQueueSelectorImpl.doSelect(KQueueSelectorImpl.java:122)
 java.base@17.0.1/sun.nio.ch.SelectorImpl.lockAndDoSelect(SelectorImpl.java:129)
 java.base@17.0.1/sun.nio.ch.SelectorImpl.select(SelectorImpl.java:146)
 app//io.netty.channel.nio.SelectedSelectionKeySetSelector.select(SelectedSelectionKeySetSelector.java:68)
 app//io.netty.channel.nio.NioEventLoop.select(NioEventLoop.java:879)
 app//io.netty.channel.nio.NioEventLoop.run(NioEventLoop.java:526)
 app//io.netty.util.concurrent.SingleThreadEventExecutor$4.run(SingleThreadEventExecutor.java:997)
 app//io.netty.util.internal.ThreadExecutorMap$2.run(ThreadExecutorMap.java:74)
 app//io.netty.util.concurrent.FastThreadLocalRunnable.run(FastThreadLocalRunnable.java:30)
 java.base@17.0.1/java.lang.Thread.run(Thread.java:833)
21:52:45.609 [Thread-11] INFO  o.a.coyote.http11.Http11NioProtocol - Stopping ProtocolHandler ["http-nio-8088"]
21:52:45.614 [Thread-11] INFO  o.a.coyote.http11.Http11NioProtocol - Destroying ProtocolHandler ["http-nio-8088"]
21:52:45.811 [restartedMain] INFO  c.e.lyc.springboot.demo.Application - Starting Application using Java 17.0.1 with PID 99563 (/Users/liyinchi/workspace/java/lyc.springboot.demo/target/classes started by liyinchi in /Users/liyinchi/workspace/java/lyc.springboot.demo)
21:52:45.811 [restartedMain] DEBUG c.e.lyc.springboot.demo.Application - Running with Spring Boot v3.1.2, Spring v6.0.11
21:52:45.812 [restartedMain] INFO  c.e.lyc.springboot.demo.Application - The following 1 profile is active: "dev"
21:52:46.134 [restartedMain] INFO  o.a.coyote.http11.Http11NioProtocol - Initializing ProtocolHandler ["http-nio-8088"]
21:52:46.135 [restartedMain] INFO  o.a.catalina.core.StandardService - Starting service [Tomcat]
21:52:46.135 [restartedMain] INFO  o.a.catalina.core.StandardEngine - Starting Servlet engine: [Apache Tomcat/10.1.12]
21:52:46.152 [restartedMain] INFO  o.a.c.c.C.[Tomcat].[localhost].[/] - Initializing Spring embedded WebApplicationContext
21:52:46.204 [restartedMain] INFO  c.c.f.a.s.a.SpringValueProcessor - Monitoring key: microservice.url.orderUrl, beanName: jsonController, field: com.example.lyc.springboot.demo.controller.JsonController.orderUrl
21:52:46.327 [restartedMain] INFO  c.e.l.s.d.handler.LogAspectHandler - ====doBefore方法进入了====
21:52:46.328 [restartedMain] INFO  c.e.l.s.d.handler.LogAspectHandler - 即将执行方法为: userService，属于com.example.lyc.springboot.demo.config.AppConfig包
21:52:46.328 [restartedMain] INFO  c.e.l.s.d.handler.LogAspectHandler - Not in a request context
21:52:46.328 [restartedMain] INFO  c.e.l.s.d.handler.LogAspectHandler - 方法userService执行完毕，返回参数为：com.example.lyc.springboot.demo.serviceImpl.UserServiceImpl@1acf8d38
21:52:46.328 [restartedMain] INFO  c.e.l.s.d.handler.LogAspectHandler - 对返回参数进行业务上的增强：com.example.lyc.springboot.demo.serviceImpl.UserServiceImpl@1acf8d38增强版
21:52:46.328 [restartedMain] INFO  c.e.l.s.d.handler.LogAspectHandler - ====doAfter方法进入了====
21:52:46.328 [restartedMain] INFO  c.e.l.s.d.handler.LogAspectHandler - 方法userService已经执行完
21:52:46.383 [restartedMain] INFO  c.e.l.s.d.handler.LogAspectHandler - ====doBefore方法进入了====
21:52:46.383 [restartedMain] INFO  c.e.l.s.d.handler.LogAspectHandler - 即将执行方法为: modelMapper，属于com.example.lyc.springboot.demo.config.AppConfig包
21:52:46.383 [restartedMain] INFO  c.e.l.s.d.handler.LogAspectHandler - Not in a request context
21:52:46.383 [restartedMain] INFO  c.e.l.s.d.handler.LogAspectHandler - 方法modelMapper执行完毕，返回参数为：org.modelmapper.ModelMapper@6c312329
21:52:46.383 [restartedMain] INFO  c.e.l.s.d.handler.LogAspectHandler - 对返回参数进行业务上的增强：org.modelmapper.ModelMapper@6c312329增强版
21:52:46.383 [restartedMain] INFO  c.e.l.s.d.handler.LogAspectHandler - ====doAfter方法进入了====
21:52:46.383 [restartedMain] INFO  c.e.l.s.d.handler.LogAspectHandler - 方法modelMapper已经执行完
21:52:46.518 [restartedMain] INFO  c.e.l.s.d.handler.LogAspectHandler - ====doBefore方法进入了====
21:52:46.518 [restartedMain] INFO  c.e.l.s.d.handler.LogAspectHandler - 即将执行方法为: publicApi，属于com.example.lyc.springboot.demo.config.SwaggerConfig包
21:52:46.518 [restartedMain] INFO  c.e.l.s.d.handler.LogAspectHandler - Not in a request context
21:52:46.518 [restartedMain] INFO  c.e.l.s.d.handler.LogAspectHandler - 方法publicApi执行完毕，返回参数为：org.springdoc.core.models.GroupedOpenApi@7b539628
21:52:46.518 [restartedMain] INFO  c.e.l.s.d.handler.LogAspectHandler - 对返回参数进行业务上的增强：org.springdoc.core.models.GroupedOpenApi@7b539628增强版
21:52:46.518 [restartedMain] INFO  c.e.l.s.d.handler.LogAspectHandler - ====doAfter方法进入了====
21:52:46.519 [restartedMain] INFO  c.e.l.s.d.handler.LogAspectHandler - 方法publicApi已经执行完
21:52:46.519 [restartedMain] INFO  c.e.l.s.d.handler.LogAspectHandler - ====doBefore方法进入了====
21:52:46.519 [restartedMain] INFO  c.e.l.s.d.handler.LogAspectHandler - 即将执行方法为: privateApi，属于com.example.lyc.springboot.demo.config.SwaggerConfig包
21:52:46.519 [restartedMain] INFO  c.e.l.s.d.handler.LogAspectHandler - Not in a request context
21:52:46.519 [restartedMain] INFO  c.e.l.s.d.handler.LogAspectHandler - 方法privateApi执行完毕，返回参数为：org.springdoc.core.models.GroupedOpenApi@554be1ae
21:52:46.520 [restartedMain] INFO  c.e.l.s.d.handler.LogAspectHandler - 对返回参数进行业务上的增强：org.springdoc.core.models.GroupedOpenApi@554be1ae增强版
21:52:46.520 [restartedMain] INFO  c.e.l.s.d.handler.LogAspectHandler - ====doAfter方法进入了====
21:52:46.520 [restartedMain] INFO  c.e.l.s.d.handler.LogAspectHandler - 方法privateApi已经执行完
21:52:46.659 [restartedMain] INFO  c.c.f.a.s.a.SpringValueProcessor - Monitoring key: spring.mvc.servlet.path, beanName: swaggerWelcome, field: org.springdoc.webmvc.ui.SwaggerWelcomeWebMvc.mvcServletPath
21:52:46.994 [restartedMain] WARN  o.s.b.a.t.ThymeleafAutoConfiguration$DefaultTemplateResolverConfiguration - Cannot find template location: classpath:/templates/ (please add some templates, check your Thymeleaf configuration, or set spring.thymeleaf.check-template-location=false)
21:52:47.036 [restartedMain] INFO  o.a.coyote.http11.Http11NioProtocol - Starting ProtocolHandler ["http-nio-8088"]
21:52:47.053 [restartedMain] INFO  c.e.lyc.springboot.demo.Application - Started Application in 1.274 seconds (process running for 288.642)
21:52:47.054 [restartedMain] INFO  c.e.l.s.d.handler.LogAspectHandler - ====doBefore方法进入了====
21:52:47.054 [restartedMain] INFO  c.e.l.s.d.handler.LogAspectHandler - 即将执行方法为: onApplicationEvent，属于com.example.lyc.springboot.demo.listener.MyListener包
21:52:47.054 [restartedMain] INFO  c.e.l.s.d.handler.LogAspectHandler - Not in a request context
21:52:47.054 [restartedMain] DEBUG c.e.l.s.demo.listener.MyListener - 应用已启动完成
21:52:47.054 [restartedMain] INFO  c.e.l.s.d.handler.LogAspectHandler - 方法onApplicationEvent执行完毕，但返回参数为 null
21:52:47.054 [restartedMain] INFO  c.e.l.s.d.handler.LogAspectHandler - ====doAfter方法进入了====
21:52:47.054 [restartedMain] INFO  c.e.l.s.d.handler.LogAspectHandler - 方法onApplicationEvent已经执行完
21:53:06.075 [Apollo-RemoteConfigRepository-1] WARN  c.c.f.a.i.AbstractConfigRepository - Sync config failed, will retry. Repository class com.ctrip.framework.apollo.internals.RemoteConfigRepository, reason: Get config services failed from http://meta.apollo.xxx.cn/services/config?appId=platform&ip=192.168.31.81 [Cause: Could not complete get operation [Cause: meta.apollo.xxx.cn]]
21:53:16.125 [Apollo-RemoteConfigRepository-1] WARN  c.c.f.a.i.AbstractConfigRepository - Sync config failed, will retry. Repository class com.ctrip.framework.apollo.internals.RemoteConfigRepository, reason: Get config services failed from http://meta.apollo.xxx.cn/services/config?appId=platform&ip=192.168.31.81 [Cause: Could not complete get operation [Cause: meta.apollo.xxx.cn]]
21:53:26.157 [Apollo-RemoteConfigRepository-1] WARN  c.c.f.a.i.AbstractConfigRepository - Sync config failed, will retry. Repository class com.ctrip.framework.apollo.internals.RemoteConfigRepository, reason: Get config services failed from http://meta.apollo.xxx.cn/services/config?appId=platform&ip=192.168.31.81 [Cause: Could not complete get operation [Cause: meta.apollo.xxx.cn]]
21:54:34.231 [Apollo-RemoteConfigLongPollService-1] WARN  c.c.f.a.i.RemoteConfigLongPollService - Long polling failed, will retry in 120 seconds. appId: platform, cluster: default, namespaces: application+message+sensitive-config, long polling url: null, reason: Get config services failed from http://meta.apollo.xxx.cn/services/config?appId=platform&ip=192.168.31.81 [Cause: Could not complete get operation [Cause: meta.apollo.xxx.cn]]
21:56:36.231 [Apollo-RemoteConfigLongPollService-1] WARN  c.c.f.a.i.RemoteConfigLongPollService - Long polling failed, will retry in 120 seconds. appId: platform, cluster: default, namespaces: application+message+sensitive-config, long polling url: null, reason: Get config services failed from http://meta.apollo.xxx.cn/services/config?appId=platform&ip=192.168.31.81 [Cause: Could not complete get operation [Cause: meta.apollo.xxx.cn]]
21:57:10.042 [Thread-15] INFO  o.a.coyote.http11.Http11NioProtocol - Pausing ProtocolHandler ["http-nio-8088"]
21:57:10.042 [Thread-15] INFO  o.a.catalina.core.StandardService - Stopping service [Tomcat]
21:57:10.043 [Thread-15] INFO  o.a.coyote.http11.Http11NioProtocol - Stopping ProtocolHandler ["http-nio-8088"]
21:57:10.050 [Thread-15] INFO  o.a.coyote.http11.Http11NioProtocol - Destroying ProtocolHandler ["http-nio-8088"]
21:57:10.155 [restartedMain] INFO  c.e.lyc.springboot.demo.Application - Starting Application using Java 17.0.1 with PID 99563 (/Users/liyinchi/workspace/java/lyc.springboot.demo/target/classes started by liyinchi in /Users/liyinchi/workspace/java/lyc.springboot.demo)
21:57:10.156 [restartedMain] DEBUG c.e.lyc.springboot.demo.Application - Running with Spring Boot v3.1.2, Spring v6.0.11
21:57:10.156 [restartedMain] INFO  c.e.lyc.springboot.demo.Application - The following 1 profile is active: "dev"
21:57:10.653 [restartedMain] INFO  o.a.coyote.http11.Http11NioProtocol - Initializing ProtocolHandler ["http-nio-8088"]
21:57:10.660 [restartedMain] INFO  o.a.catalina.core.StandardService - Starting service [Tomcat]
21:57:10.660 [restartedMain] INFO  o.a.catalina.core.StandardEngine - Starting Servlet engine: [Apache Tomcat/10.1.12]
21:57:10.675 [restartedMain] INFO  o.a.c.c.C.[Tomcat].[localhost].[/] - Initializing Spring embedded WebApplicationContext
21:57:10.728 [restartedMain] INFO  c.c.f.a.s.a.SpringValueProcessor - Monitoring key: microservice.url.orderUrl, beanName: jsonController, field: com.example.lyc.springboot.demo.controller.JsonController.orderUrl
21:57:10.872 [restartedMain] INFO  c.e.l.s.d.handler.LogAspectHandler - ====doBefore方法进入了====
21:57:10.872 [restartedMain] INFO  c.e.l.s.d.handler.LogAspectHandler - 即将执行方法为: userService，属于com.example.lyc.springboot.demo.config.AppConfig包
21:57:10.873 [restartedMain] INFO  c.e.l.s.d.handler.LogAspectHandler - Not in a request context
21:57:10.873 [restartedMain] INFO  c.e.l.s.d.handler.LogAspectHandler - 方法userService执行完毕，返回参数为：com.example.lyc.springboot.demo.serviceImpl.UserServiceImpl@5c4ca713
21:57:10.873 [restartedMain] INFO  c.e.l.s.d.handler.LogAspectHandler - 对返回参数进行业务上的增强：com.example.lyc.springboot.demo.serviceImpl.UserServiceImpl@5c4ca713增强版
21:57:10.873 [restartedMain] INFO  c.e.l.s.d.handler.LogAspectHandler - ====doAfter方法进入了====
21:57:10.873 [restartedMain] INFO  c.e.l.s.d.handler.LogAspectHandler - 方法userService已经执行完
21:57:10.896 [restartedMain] INFO  c.e.l.s.d.handler.LogAspectHandler - ====doBefore方法进入了====
21:57:10.896 [restartedMain] INFO  c.e.l.s.d.handler.LogAspectHandler - 即将执行方法为: modelMapper，属于com.example.lyc.springboot.demo.config.AppConfig包
21:57:10.896 [restartedMain] INFO  c.e.l.s.d.handler.LogAspectHandler - Not in a request context
21:57:10.896 [restartedMain] INFO  c.e.l.s.d.handler.LogAspectHandler - 方法modelMapper执行完毕，返回参数为：org.modelmapper.ModelMapper@553a349b
21:57:10.896 [restartedMain] INFO  c.e.l.s.d.handler.LogAspectHandler - 对返回参数进行业务上的增强：org.modelmapper.ModelMapper@553a349b增强版
21:57:10.896 [restartedMain] INFO  c.e.l.s.d.handler.LogAspectHandler - ====doAfter方法进入了====
21:57:10.897 [restartedMain] INFO  c.e.l.s.d.handler.LogAspectHandler - 方法modelMapper已经执行完
21:57:11.003 [restartedMain] INFO  c.e.l.s.d.handler.LogAspectHandler - ====doBefore方法进入了====
21:57:11.003 [restartedMain] INFO  c.e.l.s.d.handler.LogAspectHandler - 即将执行方法为: publicApi，属于com.example.lyc.springboot.demo.config.SwaggerConfig包
21:57:11.003 [restartedMain] INFO  c.e.l.s.d.handler.LogAspectHandler - Not in a request context
21:57:11.003 [restartedMain] INFO  c.e.l.s.d.handler.LogAspectHandler - 方法publicApi执行完毕，返回参数为：org.springdoc.core.models.GroupedOpenApi@2dbdddf4
21:57:11.003 [restartedMain] INFO  c.e.l.s.d.handler.LogAspectHandler - 对返回参数进行业务上的增强：org.springdoc.core.models.GroupedOpenApi@2dbdddf4增强版
21:57:11.003 [restartedMain] INFO  c.e.l.s.d.handler.LogAspectHandler - ====doAfter方法进入了====
21:57:11.003 [restartedMain] INFO  c.e.l.s.d.handler.LogAspectHandler - 方法publicApi已经执行完
21:57:11.004 [restartedMain] INFO  c.e.l.s.d.handler.LogAspectHandler - ====doBefore方法进入了====
21:57:11.004 [restartedMain] INFO  c.e.l.s.d.handler.LogAspectHandler - 即将执行方法为: privateApi，属于com.example.lyc.springboot.demo.config.SwaggerConfig包
21:57:11.004 [restartedMain] INFO  c.e.l.s.d.handler.LogAspectHandler - Not in a request context
21:57:11.004 [restartedMain] INFO  c.e.l.s.d.handler.LogAspectHandler - 方法privateApi执行完毕，返回参数为：org.springdoc.core.models.GroupedOpenApi@53177b15
21:57:11.005 [restartedMain] INFO  c.e.l.s.d.handler.LogAspectHandler - 对返回参数进行业务上的增强：org.springdoc.core.models.GroupedOpenApi@53177b15增强版
21:57:11.005 [restartedMain] INFO  c.e.l.s.d.handler.LogAspectHandler - ====doAfter方法进入了====
21:57:11.005 [restartedMain] INFO  c.e.l.s.d.handler.LogAspectHandler - 方法privateApi已经执行完
21:57:11.120 [restartedMain] INFO  c.c.f.a.s.a.SpringValueProcessor - Monitoring key: spring.mvc.servlet.path, beanName: swaggerWelcome, field: org.springdoc.webmvc.ui.SwaggerWelcomeWebMvc.mvcServletPath
21:57:11.395 [restartedMain] WARN  o.s.b.a.t.ThymeleafAutoConfiguration$DefaultTemplateResolverConfiguration - Cannot find template location: classpath:/templates/ (please add some templates, check your Thymeleaf configuration, or set spring.thymeleaf.check-template-location=false)
21:57:11.477 [restartedMain] INFO  o.a.coyote.http11.Http11NioProtocol - Starting ProtocolHandler ["http-nio-8088"]
21:57:11.495 [restartedMain] INFO  c.e.lyc.springboot.demo.Application - Started Application in 1.381 seconds (process running for 553.096)
21:57:11.497 [restartedMain] INFO  c.e.l.s.d.handler.LogAspectHandler - ====doBefore方法进入了====
21:57:11.497 [restartedMain] INFO  c.e.l.s.d.handler.LogAspectHandler - 即将执行方法为: onApplicationEvent，属于com.example.lyc.springboot.demo.listener.MyListener包
21:57:11.497 [restartedMain] INFO  c.e.l.s.d.handler.LogAspectHandler - Not in a request context
21:57:11.497 [restartedMain] DEBUG c.e.l.s.demo.listener.MyListener - 应用已启动完成
21:57:11.497 [restartedMain] INFO  c.e.l.s.d.handler.LogAspectHandler - 方法onApplicationEvent执行完毕，但返回参数为 null
21:57:11.497 [restartedMain] INFO  c.e.l.s.d.handler.LogAspectHandler - ====doAfter方法进入了====
21:57:11.497 [restartedMain] INFO  c.e.l.s.d.handler.LogAspectHandler - 方法onApplicationEvent已经执行完
21:57:23.999 [Thread-19] INFO  o.a.coyote.http11.Http11NioProtocol - Pausing ProtocolHandler ["http-nio-8088"]
21:57:23.999 [Thread-19] INFO  o.a.catalina.core.StandardService - Stopping service [Tomcat]
21:57:24.001 [Thread-19] INFO  o.a.coyote.http11.Http11NioProtocol - Stopping ProtocolHandler ["http-nio-8088"]
21:57:24.008 [Thread-19] INFO  o.a.coyote.http11.Http11NioProtocol - Destroying ProtocolHandler ["http-nio-8088"]
21:57:24.112 [restartedMain] INFO  c.e.lyc.springboot.demo.Application - Starting Application using Java 17.0.1 with PID 99563 (/Users/liyinchi/workspace/java/lyc.springboot.demo/target/classes started by liyinchi in /Users/liyinchi/workspace/java/lyc.springboot.demo)
21:57:24.112 [restartedMain] DEBUG c.e.lyc.springboot.demo.Application - Running with Spring Boot v3.1.2, Spring v6.0.11
21:57:24.112 [restartedMain] INFO  c.e.lyc.springboot.demo.Application - The following 1 profile is active: "dev"
21:57:24.525 [restartedMain] INFO  o.a.coyote.http11.Http11NioProtocol - Initializing ProtocolHandler ["http-nio-8088"]
21:57:24.545 [restartedMain] INFO  o.a.catalina.core.StandardService - Starting service [Tomcat]
21:57:24.546 [restartedMain] INFO  o.a.catalina.core.StandardEngine - Starting Servlet engine: [Apache Tomcat/10.1.12]
21:57:24.563 [restartedMain] INFO  o.a.c.c.C.[Tomcat].[localhost].[/] - Initializing Spring embedded WebApplicationContext
21:57:24.643 [restartedMain] INFO  c.c.f.a.s.a.SpringValueProcessor - Monitoring key: microservice.url.orderUrl, beanName: jsonController, field: com.example.lyc.springboot.demo.controller.JsonController.orderUrl
21:57:24.815 [restartedMain] INFO  c.e.l.s.d.handler.LogAspectHandler - ====doBefore方法进入了====
21:57:24.816 [restartedMain] INFO  c.e.l.s.d.handler.LogAspectHandler - 即将执行方法为: userService，属于com.example.lyc.springboot.demo.config.AppConfig包
21:57:24.816 [restartedMain] INFO  c.e.l.s.d.handler.LogAspectHandler - Not in a request context
21:57:24.817 [restartedMain] INFO  c.e.l.s.d.handler.LogAspectHandler - 方法userService执行完毕，返回参数为：com.example.lyc.springboot.demo.serviceImpl.UserServiceImpl@422282aa
21:57:24.817 [restartedMain] INFO  c.e.l.s.d.handler.LogAspectHandler - 对返回参数进行业务上的增强：com.example.lyc.springboot.demo.serviceImpl.UserServiceImpl@422282aa增强版
21:57:24.817 [restartedMain] INFO  c.e.l.s.d.handler.LogAspectHandler - ====doAfter方法进入了====
21:57:24.817 [restartedMain] INFO  c.e.l.s.d.handler.LogAspectHandler - 方法userService已经执行完
21:57:24.841 [restartedMain] INFO  c.e.l.s.d.handler.LogAspectHandler - ====doBefore方法进入了====
21:57:24.842 [restartedMain] INFO  c.e.l.s.d.handler.LogAspectHandler - 即将执行方法为: modelMapper，属于com.example.lyc.springboot.demo.config.AppConfig包
21:57:24.842 [restartedMain] INFO  c.e.l.s.d.handler.LogAspectHandler - Not in a request context
21:57:24.842 [restartedMain] INFO  c.e.l.s.d.handler.LogAspectHandler - 方法modelMapper执行完毕，返回参数为：org.modelmapper.ModelMapper@78f4a230
21:57:24.842 [restartedMain] INFO  c.e.l.s.d.handler.LogAspectHandler - 对返回参数进行业务上的增强：org.modelmapper.ModelMapper@78f4a230增强版
21:57:24.842 [restartedMain] INFO  c.e.l.s.d.handler.LogAspectHandler - ====doAfter方法进入了====
21:57:24.842 [restartedMain] INFO  c.e.l.s.d.handler.LogAspectHandler - 方法modelMapper已经执行完
21:57:24.980 [restartedMain] INFO  c.e.l.s.d.handler.LogAspectHandler - ====doBefore方法进入了====
21:57:24.980 [restartedMain] INFO  c.e.l.s.d.handler.LogAspectHandler - 即将执行方法为: publicApi，属于com.example.lyc.springboot.demo.config.SwaggerConfig包
21:57:24.981 [restartedMain] INFO  c.e.l.s.d.handler.LogAspectHandler - Not in a request context
21:57:24.981 [restartedMain] INFO  c.e.l.s.d.handler.LogAspectHandler - 方法publicApi执行完毕，返回参数为：org.springdoc.core.models.GroupedOpenApi@71386705
21:57:24.981 [restartedMain] INFO  c.e.l.s.d.handler.LogAspectHandler - 对返回参数进行业务上的增强：org.springdoc.core.models.GroupedOpenApi@71386705增强版
21:57:24.981 [restartedMain] INFO  c.e.l.s.d.handler.LogAspectHandler - ====doAfter方法进入了====
21:57:24.981 [restartedMain] INFO  c.e.l.s.d.handler.LogAspectHandler - 方法publicApi已经执行完
21:57:24.982 [restartedMain] INFO  c.e.l.s.d.handler.LogAspectHandler - ====doBefore方法进入了====
21:57:24.982 [restartedMain] INFO  c.e.l.s.d.handler.LogAspectHandler - 即将执行方法为: privateApi，属于com.example.lyc.springboot.demo.config.SwaggerConfig包
21:57:24.982 [restartedMain] INFO  c.e.l.s.d.handler.LogAspectHandler - Not in a request context
21:57:24.982 [restartedMain] INFO  c.e.l.s.d.handler.LogAspectHandler - 方法privateApi执行完毕，返回参数为：org.springdoc.core.models.GroupedOpenApi@78b26278
21:57:24.982 [restartedMain] INFO  c.e.l.s.d.handler.LogAspectHandler - 对返回参数进行业务上的增强：org.springdoc.core.models.GroupedOpenApi@78b26278增强版
21:57:24.982 [restartedMain] INFO  c.e.l.s.d.handler.LogAspectHandler - ====doAfter方法进入了====
21:57:24.982 [restartedMain] INFO  c.e.l.s.d.handler.LogAspectHandler - 方法privateApi已经执行完
21:57:25.121 [restartedMain] INFO  c.c.f.a.s.a.SpringValueProcessor - Monitoring key: spring.mvc.servlet.path, beanName: swaggerWelcome, field: org.springdoc.webmvc.ui.SwaggerWelcomeWebMvc.mvcServletPath
21:57:25.366 [restartedMain] WARN  o.s.b.a.t.ThymeleafAutoConfiguration$DefaultTemplateResolverConfiguration - Cannot find template location: classpath:/templates/ (please add some templates, check your Thymeleaf configuration, or set spring.thymeleaf.check-template-location=false)
21:57:25.410 [restartedMain] INFO  o.a.coyote.http11.Http11NioProtocol - Starting ProtocolHandler ["http-nio-8088"]
21:57:25.433 [restartedMain] INFO  c.e.lyc.springboot.demo.Application - Started Application in 1.352 seconds (process running for 567.033)
21:57:25.433 [restartedMain] INFO  c.e.l.s.d.handler.LogAspectHandler - ====doBefore方法进入了====
21:57:25.434 [restartedMain] INFO  c.e.l.s.d.handler.LogAspectHandler - 即将执行方法为: onApplicationEvent，属于com.example.lyc.springboot.demo.listener.MyListener包
21:57:25.434 [restartedMain] INFO  c.e.l.s.d.handler.LogAspectHandler - Not in a request context
21:57:25.434 [restartedMain] DEBUG c.e.l.s.demo.listener.MyListener - 应用已启动完成
21:57:25.434 [restartedMain] INFO  c.e.l.s.d.handler.LogAspectHandler - 方法onApplicationEvent执行完毕，但返回参数为 null
21:57:25.434 [restartedMain] INFO  c.e.l.s.d.handler.LogAspectHandler - ====doAfter方法进入了====
21:57:25.434 [restartedMain] INFO  c.e.l.s.d.handler.LogAspectHandler - 方法onApplicationEvent已经执行完
21:58:06.058 [Apollo-RemoteConfigRepository-1] WARN  c.c.f.a.i.AbstractConfigRepository - Sync config failed, will retry. Repository class com.ctrip.framework.apollo.internals.RemoteConfigRepository, reason: Get config services failed from http://meta.apollo.xxx.cn/services/config?appId=platform&ip=192.168.31.81 [Cause: Could not complete get operation [Cause: meta.apollo.xxx.cn]]
21:58:16.112 [Apollo-RemoteConfigRepository-1] WARN  c.c.f.a.i.AbstractConfigRepository - Sync config failed, will retry. Repository class com.ctrip.framework.apollo.internals.RemoteConfigRepository, reason: Get config services failed from http://meta.apollo.xxx.cn/services/config?appId=platform&ip=192.168.31.81 [Cause: Could not complete get operation [Cause: meta.apollo.xxx.cn]]
21:58:26.143 [Apollo-RemoteConfigRepository-1] WARN  c.c.f.a.i.AbstractConfigRepository - Sync config failed, will retry. Repository class com.ctrip.framework.apollo.internals.RemoteConfigRepository, reason: Get config services failed from http://meta.apollo.xxx.cn/services/config?appId=platform&ip=192.168.31.81 [Cause: Could not complete get operation [Cause: meta.apollo.xxx.cn]]
21:58:38.246 [Apollo-RemoteConfigLongPollService-1] WARN  c.c.f.a.i.RemoteConfigLongPollService - Long polling failed, will retry in 120 seconds. appId: platform, cluster: default, namespaces: application+message+sensitive-config, long polling url: null, reason: Get config services failed from http://meta.apollo.xxx.cn/services/config?appId=platform&ip=192.168.31.81 [Cause: Could not complete get operation [Cause: meta.apollo.xxx.cn]]
