19:00:49.283 [Apollo-RemoteConfigRepository-1] WARN  c.c.f.a.i.AbstractConfigRepository - Sync config failed, will retry. Repository class com.ctrip.framework.apollo.internals.RemoteConfigRepository, reason: Get config services failed from http://meta.apollo.xxx.cn/services/config?appId=platform&ip=10.224.0.20 [Cause: Could not complete get operation [Cause: meta.apollo.xxx.cn]]
19:00:59.259 [Apollo-RemoteConfigRepository-1] WARN  c.c.f.a.i.AbstractConfigRepository - Sync config failed, will retry. Repository class com.ctrip.framework.apollo.internals.RemoteConfigRepository, reason: Get config services failed from http://meta.apollo.xxx.cn/services/config?appId=platform&ip=10.224.0.20 [Cause: Could not complete get operation [Cause: meta.apollo.xxx.cn]]
19:01:09.290 [Apollo-RemoteConfigRepository-1] WARN  c.c.f.a.i.AbstractConfigRepository - Sync config failed, will retry. Repository class com.ctrip.framework.apollo.internals.RemoteConfigRepository, reason: Get config services failed from http://meta.apollo.xxx.cn/services/config?appId=platform&ip=10.224.0.20 [Cause: Could not complete get operation [Cause: meta.apollo.xxx.cn]]
19:01:18.537 [Apollo-RemoteConfigLongPollService-1] WARN  c.c.f.a.i.RemoteConfigLongPollService - Long polling failed, will retry in 120 seconds. appId: platform, cluster: default, namespaces: application+message+sensitive-config, long polling url: null, reason: Get config services failed from http://meta.apollo.xxx.cn/services/config?appId=platform&ip=10.224.0.20 [Cause: Could not complete get operation [Cause: meta.apollo.xxx.cn]]
19:03:20.590 [Apollo-RemoteConfigLongPollService-1] WARN  c.c.f.a.i.RemoteConfigLongPollService - Long polling failed, will retry in 120 seconds. appId: platform, cluster: default, namespaces: application+message+sensitive-config, long polling url: null, reason: Get config services failed from http://meta.apollo.xxx.cn/services/config?appId=platform&ip=10.224.0.20 [Cause: Could not complete get operation [Cause: meta.apollo.xxx.cn]]
19:05:22.659 [Apollo-RemoteConfigLongPollService-1] WARN  c.c.f.a.i.RemoteConfigLongPollService - Long polling failed, will retry in 120 seconds. appId: platform, cluster: default, namespaces: application+message+sensitive-config, long polling url: null, reason: Get config services failed from http://meta.apollo.xxx.cn/services/config?appId=platform&ip=10.224.0.20 [Cause: Could not complete get operation [Cause: meta.apollo.xxx.cn]]
19:05:49.210 [Apollo-RemoteConfigRepository-1] WARN  c.c.f.a.i.AbstractConfigRepository - Sync config failed, will retry. Repository class com.ctrip.framework.apollo.internals.RemoteConfigRepository, reason: Get config services failed from http://meta.apollo.xxx.cn/services/config?appId=platform&ip=10.224.0.20 [Cause: Could not complete get operation [Cause: meta.apollo.xxx.cn]]
19:05:59.264 [Apollo-RemoteConfigRepository-1] WARN  c.c.f.a.i.AbstractConfigRepository - Sync config failed, will retry. Repository class com.ctrip.framework.apollo.internals.RemoteConfigRepository, reason: Get config services failed from http://meta.apollo.xxx.cn/services/config?appId=platform&ip=10.224.0.20 [Cause: Could not complete get operation [Cause: meta.apollo.xxx.cn]]
19:06:09.305 [Apollo-RemoteConfigRepository-1] WARN  c.c.f.a.i.AbstractConfigRepository - Sync config failed, will retry. Repository class com.ctrip.framework.apollo.internals.RemoteConfigRepository, reason: Get config services failed from http://meta.apollo.xxx.cn/services/config?appId=platform&ip=10.224.0.20 [Cause: Could not complete get operation [Cause: meta.apollo.xxx.cn]]
19:07:24.726 [Apollo-RemoteConfigLongPollService-1] WARN  c.c.f.a.i.RemoteConfigLongPollService - Long polling failed, will retry in 120 seconds. appId: platform, cluster: default, namespaces: application+message+sensitive-config, long polling url: null, reason: Get config services failed from http://meta.apollo.xxx.cn/services/config?appId=platform&ip=10.224.0.20 [Cause: Could not complete get operation [Cause: meta.apollo.xxx.cn]]
19:09:26.890 [Apollo-RemoteConfigLongPollService-1] WARN  c.c.f.a.i.RemoteConfigLongPollService - Long polling failed, will retry in 120 seconds. appId: platform, cluster: default, namespaces: application+message+sensitive-config, long polling url: null, reason: Get config services failed from http://meta.apollo.xxx.cn/services/config?appId=platform&ip=10.224.0.20 [Cause: Could not complete get operation [Cause: meta.apollo.xxx.cn]]
19:10:49.254 [Apollo-RemoteConfigRepository-1] WARN  c.c.f.a.i.AbstractConfigRepository - Sync config failed, will retry. Repository class com.ctrip.framework.apollo.internals.RemoteConfigRepository, reason: Get config services failed from http://meta.apollo.xxx.cn/services/config?appId=platform&ip=10.224.0.20 [Cause: Could not complete get operation [Cause: meta.apollo.xxx.cn]]
19:10:59.298 [Apollo-RemoteConfigRepository-1] WARN  c.c.f.a.i.AbstractConfigRepository - Sync config failed, will retry. Repository class com.ctrip.framework.apollo.internals.RemoteConfigRepository, reason: Get config services failed from http://meta.apollo.xxx.cn/services/config?appId=platform&ip=10.224.0.20 [Cause: Could not complete get operation [Cause: meta.apollo.xxx.cn]]
19:11:09.341 [Apollo-RemoteConfigRepository-1] WARN  c.c.f.a.i.AbstractConfigRepository - Sync config failed, will retry. Repository class com.ctrip.framework.apollo.internals.RemoteConfigRepository, reason: Get config services failed from http://meta.apollo.xxx.cn/services/config?appId=platform&ip=10.224.0.20 [Cause: Could not complete get operation [Cause: meta.apollo.xxx.cn]]
19:11:28.905 [Apollo-RemoteConfigLongPollService-1] WARN  c.c.f.a.i.RemoteConfigLongPollService - Long polling failed, will retry in 120 seconds. appId: platform, cluster: default, namespaces: application+message+sensitive-config, long polling url: null, reason: Get config services failed from http://meta.apollo.xxx.cn/services/config?appId=platform&ip=10.224.0.20 [Cause: Could not complete get operation [Cause: meta.apollo.xxx.cn]]
19:13:31.236 [Apollo-RemoteConfigLongPollService-1] WARN  c.c.f.a.i.RemoteConfigLongPollService - Long polling failed, will retry in 120 seconds. appId: platform, cluster: default, namespaces: application+message+sensitive-config, long polling url: null, reason: Get config services failed from http://meta.apollo.xxx.cn/services/config?appId=platform&ip=10.224.0.20 [Cause: Could not complete get operation [Cause: meta.apollo.xxx.cn]]
19:15:33.286 [Apollo-RemoteConfigLongPollService-1] WARN  c.c.f.a.i.RemoteConfigLongPollService - Long polling failed, will retry in 120 seconds. appId: platform, cluster: default, namespaces: application+message+sensitive-config, long polling url: null, reason: Get config services failed from http://meta.apollo.xxx.cn/services/config?appId=platform&ip=10.224.0.20 [Cause: Could not complete get operation [Cause: meta.apollo.xxx.cn]]
19:15:49.269 [Apollo-RemoteConfigRepository-1] WARN  c.c.f.a.i.AbstractConfigRepository - Sync config failed, will retry. Repository class com.ctrip.framework.apollo.internals.RemoteConfigRepository, reason: Get config services failed from http://meta.apollo.xxx.cn/services/config?appId=platform&ip=10.224.0.20 [Cause: Could not complete get operation [Cause: meta.apollo.xxx.cn]]
19:15:59.311 [Apollo-RemoteConfigRepository-1] WARN  c.c.f.a.i.AbstractConfigRepository - Sync config failed, will retry. Repository class com.ctrip.framework.apollo.internals.RemoteConfigRepository, reason: Get config services failed from http://meta.apollo.xxx.cn/services/config?appId=platform&ip=10.224.0.20 [Cause: Could not complete get operation [Cause: meta.apollo.xxx.cn]]
19:16:09.353 [Apollo-RemoteConfigRepository-1] WARN  c.c.f.a.i.AbstractConfigRepository - Sync config failed, will retry. Repository class com.ctrip.framework.apollo.internals.RemoteConfigRepository, reason: Get config services failed from http://meta.apollo.xxx.cn/services/config?appId=platform&ip=10.224.0.20 [Cause: Could not complete get operation [Cause: meta.apollo.xxx.cn]]
19:17:35.521 [Apollo-RemoteConfigLongPollService-1] WARN  c.c.f.a.i.RemoteConfigLongPollService - Long polling failed, will retry in 120 seconds. appId: platform, cluster: default, namespaces: application+message+sensitive-config, long polling url: null, reason: Get config services failed from http://meta.apollo.xxx.cn/services/config?appId=platform&ip=10.224.0.20 [Cause: Could not complete get operation [Cause: meta.apollo.xxx.cn]]
19:19:37.596 [Apollo-RemoteConfigLongPollService-1] WARN  c.c.f.a.i.RemoteConfigLongPollService - Long polling failed, will retry in 120 seconds. appId: platform, cluster: default, namespaces: application+message+sensitive-config, long polling url: null, reason: Get config services failed from http://meta.apollo.xxx.cn/services/config?appId=platform&ip=10.224.0.20 [Cause: Could not complete get operation [Cause: meta.apollo.xxx.cn]]
19:20:49.269 [Apollo-RemoteConfigRepository-1] WARN  c.c.f.a.i.AbstractConfigRepository - Sync config failed, will retry. Repository class com.ctrip.framework.apollo.internals.RemoteConfigRepository, reason: Get config services failed from http://meta.apollo.xxx.cn/services/config?appId=platform&ip=10.224.0.20 [Cause: Could not complete get operation [Cause: meta.apollo.xxx.cn]]
19:20:59.411 [Apollo-RemoteConfigRepository-1] WARN  c.c.f.a.i.AbstractConfigRepository - Sync config failed, will retry. Repository class com.ctrip.framework.apollo.internals.RemoteConfigRepository, reason: Get config services failed from http://meta.apollo.xxx.cn/services/config?appId=platform&ip=10.224.0.20 [Cause: Could not complete get operation [Cause: meta.apollo.xxx.cn]]
19:21:09.366 [Apollo-RemoteConfigRepository-1] WARN  c.c.f.a.i.AbstractConfigRepository - Sync config failed, will retry. Repository class com.ctrip.framework.apollo.internals.RemoteConfigRepository, reason: Get config services failed from http://meta.apollo.xxx.cn/services/config?appId=platform&ip=10.224.0.20 [Cause: Could not complete get operation [Cause: meta.apollo.xxx.cn]]
19:21:39.630 [Apollo-RemoteConfigLongPollService-1] WARN  c.c.f.a.i.RemoteConfigLongPollService - Long polling failed, will retry in 120 seconds. appId: platform, cluster: default, namespaces: application+message+sensitive-config, long polling url: null, reason: Get config services failed from http://meta.apollo.xxx.cn/services/config?appId=platform&ip=10.224.0.20 [Cause: Could not complete get operation [Cause: meta.apollo.xxx.cn]]
19:23:41.713 [Apollo-RemoteConfigLongPollService-1] WARN  c.c.f.a.i.RemoteConfigLongPollService - Long polling failed, will retry in 120 seconds. appId: platform, cluster: default, namespaces: application+message+sensitive-config, long polling url: null, reason: Get config services failed from http://meta.apollo.xxx.cn/services/config?appId=platform&ip=10.224.0.20 [Cause: Could not complete get operation [Cause: meta.apollo.xxx.cn]]
19:24:31.616 [Thread-8] INFO  o.a.coyote.http11.Http11NioProtocol - Pausing ProtocolHandler ["http-nio-8088"]
19:24:31.617 [Thread-8] INFO  o.a.catalina.core.StandardService - Stopping service [Tomcat]
19:24:31.650 [Thread-8] INFO  o.a.coyote.http11.Http11NioProtocol - Stopping ProtocolHandler ["http-nio-8088"]
19:24:31.680 [Thread-8] INFO  o.a.coyote.http11.Http11NioProtocol - Destroying ProtocolHandler ["http-nio-8088"]
19:24:32.178 [restartedMain] ERROR o.s.boot.SpringApplication - Application run failed
org.yaml.snakeyaml.constructor.DuplicateKeyException: while constructing a mapping
 in 'reader', line 2, column 1:
    app:
    ^
found duplicate key spring
 in 'reader', line 113, column 1:
    spring:
    ^

	at org.yaml.snakeyaml.constructor.SafeConstructor.processDuplicateKeys(SafeConstructor.java:129)
	at org.yaml.snakeyaml.constructor.SafeConstructor.flattenMapping(SafeConstructor.java:81)
	at org.yaml.snakeyaml.constructor.SafeConstructor.flattenMapping(SafeConstructor.java:76)
	at org.yaml.snakeyaml.constructor.SafeConstructor.constructMapping2ndStep(SafeConstructor.java:212)
	at org.yaml.snakeyaml.constructor.BaseConstructor.constructMapping(BaseConstructor.java:557)
	at org.yaml.snakeyaml.constructor.SafeConstructor$ConstructYamlMap.construct(SafeConstructor.java:600)
	at org.yaml.snakeyaml.constructor.BaseConstructor.constructObjectNoCheck(BaseConstructor.java:270)
	at org.yaml.snakeyaml.constructor.BaseConstructor.constructObject(BaseConstructor.java:253)
	at org.springframework.boot.env.OriginTrackedYamlLoader$OriginTrackingConstructor.constructObject(OriginTrackedYamlLoader.java:119)
	at org.yaml.snakeyaml.constructor.BaseConstructor.constructDocument(BaseConstructor.java:207)
	at org.yaml.snakeyaml.constructor.BaseConstructor.getData(BaseConstructor.java:172)
	at org.springframework.boot.env.OriginTrackedYamlLoader$OriginTrackingConstructor.getData(OriginTrackedYamlLoader.java:99)
	at org.yaml.snakeyaml.Yaml$1.next(Yaml.java:499)
	at org.springframework.beans.factory.config.YamlProcessor.process(YamlProcessor.java:199)
	at org.springframework.beans.factory.config.YamlProcessor.process(YamlProcessor.java:166)
	at org.springframework.boot.env.OriginTrackedYamlLoader.load(OriginTrackedYamlLoader.java:84)
	at org.springframework.boot.env.YamlPropertySourceLoader.load(YamlPropertySourceLoader.java:50)
	at org.springframework.boot.context.config.StandardConfigDataLoader.load(StandardConfigDataLoader.java:54)
	at org.springframework.boot.context.config.StandardConfigDataLoader.load(StandardConfigDataLoader.java:36)
	at org.springframework.boot.context.config.ConfigDataLoaders.load(ConfigDataLoaders.java:96)
	at org.springframework.boot.context.config.ConfigDataImporter.load(ConfigDataImporter.java:132)
	at org.springframework.boot.context.config.ConfigDataImporter.resolveAndLoad(ConfigDataImporter.java:87)
	at org.springframework.boot.context.config.ConfigDataEnvironmentContributors.withProcessedImports(ConfigDataEnvironmentContributors.java:115)
	at org.springframework.boot.context.config.ConfigDataEnvironment.processWithProfiles(ConfigDataEnvironment.java:313)
	at org.springframework.boot.context.config.ConfigDataEnvironment.processAndApply(ConfigDataEnvironment.java:234)
	at org.springframework.boot.context.config.ConfigDataEnvironmentPostProcessor.postProcessEnvironment(ConfigDataEnvironmentPostProcessor.java:96)
	at org.springframework.boot.context.config.ConfigDataEnvironmentPostProcessor.postProcessEnvironment(ConfigDataEnvironmentPostProcessor.java:89)
	at org.springframework.boot.env.EnvironmentPostProcessorApplicationListener.onApplicationEnvironmentPreparedEvent(EnvironmentPostProcessorApplicationListener.java:109)
	at org.springframework.boot.env.EnvironmentPostProcessorApplicationListener.onApplicationEvent(EnvironmentPostProcessorApplicationListener.java:94)
	at org.springframework.context.event.SimpleApplicationEventMulticaster.doInvokeListener(SimpleApplicationEventMulticaster.java:172)
	at org.springframework.context.event.SimpleApplicationEventMulticaster.invokeListener(SimpleApplicationEventMulticaster.java:165)
	at org.springframework.context.event.SimpleApplicationEventMulticaster.multicastEvent(SimpleApplicationEventMulticaster.java:143)
	at org.springframework.context.event.SimpleApplicationEventMulticaster.multicastEvent(SimpleApplicationEventMulticaster.java:131)
	at org.springframework.boot.context.event.EventPublishingRunListener.multicastInitialEvent(EventPublishingRunListener.java:136)
	at org.springframework.boot.context.event.EventPublishingRunListener.environmentPrepared(EventPublishingRunListener.java:81)
	at org.springframework.boot.SpringApplicationRunListeners.lambda$environmentPrepared$2(SpringApplicationRunListeners.java:64)
	at java.base/java.lang.Iterable.forEach(Iterable.java:75)
	at org.springframework.boot.SpringApplicationRunListeners.doWithListeners(SpringApplicationRunListeners.java:118)
	at org.springframework.boot.SpringApplicationRunListeners.doWithListeners(SpringApplicationRunListeners.java:112)
	at org.springframework.boot.SpringApplicationRunListeners.environmentPrepared(SpringApplicationRunListeners.java:63)
	at org.springframework.boot.SpringApplication.prepareEnvironment(SpringApplication.java:356)
	at org.springframework.boot.SpringApplication.run(SpringApplication.java:307)
	at org.springframework.boot.SpringApplication.run(SpringApplication.java:1306)
	at org.springframework.boot.SpringApplication.run(SpringApplication.java:1295)
	at com.example.lyc.springboot.demo.Application.main(Application.java:11)
	at java.base/jdk.internal.reflect.NativeMethodAccessorImpl.invoke0(Native Method)
	at java.base/jdk.internal.reflect.NativeMethodAccessorImpl.invoke(NativeMethodAccessorImpl.java:77)
	at java.base/jdk.internal.reflect.DelegatingMethodAccessorImpl.invoke(DelegatingMethodAccessorImpl.java:43)
	at java.base/java.lang.reflect.Method.invoke(Method.java:568)
	at org.springframework.boot.devtools.restart.RestartLauncher.run(RestartLauncher.java:50)
19:24:35.700 [restartedMain] INFO  c.e.lyc.springboot.demo.Application - Starting Application using Java 17.0.1 with PID 69411 (/Users/liyinchi/workspace/java/lyc.springboot.demo/target/classes started by liyinchi in /Users/liyinchi/workspace/java/lyc.springboot.demo)
19:24:35.700 [restartedMain] DEBUG c.e.lyc.springboot.demo.Application - Running with Spring Boot v3.1.2, Spring v6.0.11
19:24:35.700 [restartedMain] INFO  c.e.lyc.springboot.demo.Application - The following 1 profile is active: "dev"
19:24:37.390 [restartedMain] INFO  o.a.coyote.http11.Http11NioProtocol - Initializing ProtocolHandler ["http-nio-8088"]
19:24:37.390 [restartedMain] INFO  o.a.catalina.core.StandardService - Starting service [Tomcat]
19:24:37.390 [restartedMain] INFO  o.a.catalina.core.StandardEngine - Starting Servlet engine: [Apache Tomcat/10.1.12]
19:24:37.422 [restartedMain] INFO  o.a.c.c.C.[Tomcat].[localhost].[/] - Initializing Spring embedded WebApplicationContext
19:24:37.522 [restartedMain] INFO  c.c.f.a.s.a.SpringValueProcessor - Monitoring key: microservice.url.orderUrl, beanName: jsonController, field: com.example.lyc.springboot.demo.controller.JsonController.orderUrl
19:24:37.648 [restartedMain] INFO  c.e.l.s.demo.service.RedisService - redis port: 6379
19:24:37.789 [restartedMain] INFO  c.e.l.s.d.handler.LogAspectHandler - ====doBefore方法进入了====
19:24:37.789 [restartedMain] INFO  c.e.l.s.d.handler.LogAspectHandler - 即将执行方法为: userService，属于com.example.lyc.springboot.demo.config.AppConfig包
19:24:37.790 [restartedMain] INFO  c.e.l.s.d.handler.LogAspectHandler - Not in a request context
19:24:37.790 [restartedMain] INFO  c.e.l.s.d.handler.LogAspectHandler - 方法userService执行完毕，返回参数为：com.example.lyc.springboot.demo.serviceImpl.UserServiceImpl@57c76542
19:24:37.790 [restartedMain] INFO  c.e.l.s.d.handler.LogAspectHandler - 对返回参数进行业务上的增强：com.example.lyc.springboot.demo.serviceImpl.UserServiceImpl@57c76542增强版
19:24:37.791 [restartedMain] INFO  c.e.l.s.d.handler.LogAspectHandler - ====doAfter方法进入了====
19:24:37.791 [restartedMain] INFO  c.e.l.s.d.handler.LogAspectHandler - 方法userService已经执行完
19:24:37.829 [restartedMain] INFO  c.e.l.s.d.handler.LogAspectHandler - ====doBefore方法进入了====
19:24:37.829 [restartedMain] INFO  c.e.l.s.d.handler.LogAspectHandler - 即将执行方法为: modelMapper，属于com.example.lyc.springboot.demo.config.AppConfig包
19:24:37.829 [restartedMain] INFO  c.e.l.s.d.handler.LogAspectHandler - Not in a request context
19:24:37.831 [restartedMain] INFO  c.e.l.s.d.handler.LogAspectHandler - 方法modelMapper执行完毕，返回参数为：org.modelmapper.ModelMapper@5e705996
19:24:37.832 [restartedMain] INFO  c.e.l.s.d.handler.LogAspectHandler - 对返回参数进行业务上的增强：org.modelmapper.ModelMapper@5e705996增强版
19:24:37.832 [restartedMain] INFO  c.e.l.s.d.handler.LogAspectHandler - ====doAfter方法进入了====
19:24:37.832 [restartedMain] INFO  c.e.l.s.d.handler.LogAspectHandler - 方法modelMapper已经执行完
19:24:38.103 [restartedMain] INFO  c.e.l.s.d.handler.LogAspectHandler - ====doBefore方法进入了====
19:24:38.103 [restartedMain] INFO  c.e.l.s.d.handler.LogAspectHandler - 即将执行方法为: publicApi，属于com.example.lyc.springboot.demo.config.SwaggerConfig包
19:24:38.103 [restartedMain] INFO  c.e.l.s.d.handler.LogAspectHandler - Not in a request context
19:24:38.104 [restartedMain] INFO  c.e.l.s.d.handler.LogAspectHandler - 方法publicApi执行完毕，返回参数为：org.springdoc.core.models.GroupedOpenApi@3ee5e338
19:24:38.105 [restartedMain] INFO  c.e.l.s.d.handler.LogAspectHandler - 对返回参数进行业务上的增强：org.springdoc.core.models.GroupedOpenApi@3ee5e338增强版
19:24:38.105 [restartedMain] INFO  c.e.l.s.d.handler.LogAspectHandler - ====doAfter方法进入了====
19:24:38.105 [restartedMain] INFO  c.e.l.s.d.handler.LogAspectHandler - 方法publicApi已经执行完
19:24:38.110 [restartedMain] INFO  c.e.l.s.d.handler.LogAspectHandler - ====doBefore方法进入了====
19:24:38.110 [restartedMain] INFO  c.e.l.s.d.handler.LogAspectHandler - 即将执行方法为: privateApi，属于com.example.lyc.springboot.demo.config.SwaggerConfig包
19:24:38.110 [restartedMain] INFO  c.e.l.s.d.handler.LogAspectHandler - Not in a request context
19:24:38.111 [restartedMain] INFO  c.e.l.s.d.handler.LogAspectHandler - 方法privateApi执行完毕，返回参数为：org.springdoc.core.models.GroupedOpenApi@17f953a
19:24:38.111 [restartedMain] INFO  c.e.l.s.d.handler.LogAspectHandler - 对返回参数进行业务上的增强：org.springdoc.core.models.GroupedOpenApi@17f953a增强版
19:24:38.111 [restartedMain] INFO  c.e.l.s.d.handler.LogAspectHandler - ====doAfter方法进入了====
19:24:38.111 [restartedMain] INFO  c.e.l.s.d.handler.LogAspectHandler - 方法privateApi已经执行完
19:24:38.336 [restartedMain] INFO  c.c.f.a.s.a.SpringValueProcessor - Monitoring key: spring.mvc.servlet.path, beanName: swaggerWelcome, field: org.springdoc.webmvc.ui.SwaggerWelcomeWebMvc.mvcServletPath
19:24:38.938 [restartedMain] WARN  o.s.b.a.t.ThymeleafAutoConfiguration$DefaultTemplateResolverConfiguration - Cannot find template location: classpath:/templates/ (please add some templates, check your Thymeleaf configuration, or set spring.thymeleaf.check-template-location=false)
19:24:39.737 [restartedMain] INFO  o.a.coyote.http11.Http11NioProtocol - Starting ProtocolHandler ["http-nio-8088"]
19:24:39.758 [restartedMain] INFO  c.e.lyc.springboot.demo.Application - Started Application in 4.123 seconds (process running for 5340.591)
19:24:39.759 [restartedMain] INFO  c.e.l.s.d.handler.LogAspectHandler - ====doBefore方法进入了====
19:24:39.759 [restartedMain] INFO  c.e.l.s.d.handler.LogAspectHandler - 即将执行方法为: onApplicationEvent，属于com.example.lyc.springboot.demo.listener.MyListener包
19:24:39.759 [restartedMain] INFO  c.e.l.s.d.handler.LogAspectHandler - Not in a request context
19:24:39.759 [restartedMain] DEBUG c.e.l.s.demo.listener.MyListener - 应用已启动完成
19:24:39.759 [restartedMain] INFO  c.e.l.s.d.handler.LogAspectHandler - 方法onApplicationEvent执行完毕，但返回参数为 null
19:24:39.759 [restartedMain] INFO  c.e.l.s.d.handler.LogAspectHandler - ====doAfter方法进入了====
19:24:39.759 [restartedMain] INFO  c.e.l.s.d.handler.LogAspectHandler - 方法onApplicationEvent已经执行完
19:25:01.345 [Thread-12] INFO  o.a.coyote.http11.Http11NioProtocol - Pausing ProtocolHandler ["http-nio-8088"]
19:25:01.345 [Thread-12] INFO  o.a.catalina.core.StandardService - Stopping service [Tomcat]
19:25:01.375 [Thread-12] INFO  o.a.coyote.http11.Http11NioProtocol - Stopping ProtocolHandler ["http-nio-8088"]
19:25:01.381 [Thread-12] INFO  o.a.coyote.http11.Http11NioProtocol - Destroying ProtocolHandler ["http-nio-8088"]
19:25:01.505 [restartedMain] INFO  c.e.lyc.springboot.demo.Application - Starting Application using Java 17.0.1 with PID 69411 (/Users/liyinchi/workspace/java/lyc.springboot.demo/target/classes started by liyinchi in /Users/liyinchi/workspace/java/lyc.springboot.demo)
19:25:01.505 [restartedMain] DEBUG c.e.lyc.springboot.demo.Application - Running with Spring Boot v3.1.2, Spring v6.0.11
19:25:01.581 [restartedMain] INFO  c.e.lyc.springboot.demo.Application - The following 1 profile is active: "dev"
19:25:02.087 [restartedMain] INFO  o.a.coyote.http11.Http11NioProtocol - Initializing ProtocolHandler ["http-nio-8088"]
19:25:02.088 [restartedMain] INFO  o.a.catalina.core.StandardService - Starting service [Tomcat]
19:25:02.088 [restartedMain] INFO  o.a.catalina.core.StandardEngine - Starting Servlet engine: [Apache Tomcat/10.1.12]
19:25:02.109 [restartedMain] INFO  o.a.c.c.C.[Tomcat].[localhost].[/] - Initializing Spring embedded WebApplicationContext
19:25:02.176 [restartedMain] INFO  c.c.f.a.s.a.SpringValueProcessor - Monitoring key: microservice.url.orderUrl, beanName: jsonController, field: com.example.lyc.springboot.demo.controller.JsonController.orderUrl
19:25:02.254 [restartedMain] INFO  c.e.l.s.demo.service.RedisService - redis port: null
19:25:02.365 [restartedMain] INFO  c.e.l.s.d.handler.LogAspectHandler - ====doBefore方法进入了====
19:25:02.366 [restartedMain] INFO  c.e.l.s.d.handler.LogAspectHandler - 即将执行方法为: userService，属于com.example.lyc.springboot.demo.config.AppConfig包
19:25:02.366 [restartedMain] INFO  c.e.l.s.d.handler.LogAspectHandler - Not in a request context
19:25:02.367 [restartedMain] INFO  c.e.l.s.d.handler.LogAspectHandler - 方法userService执行完毕，返回参数为：com.example.lyc.springboot.demo.serviceImpl.UserServiceImpl@76d2c36a
19:25:02.368 [restartedMain] INFO  c.e.l.s.d.handler.LogAspectHandler - 对返回参数进行业务上的增强：com.example.lyc.springboot.demo.serviceImpl.UserServiceImpl@76d2c36a增强版
19:25:02.368 [restartedMain] INFO  c.e.l.s.d.handler.LogAspectHandler - ====doAfter方法进入了====
19:25:02.368 [restartedMain] INFO  c.e.l.s.d.handler.LogAspectHandler - 方法userService已经执行完
19:25:02.407 [restartedMain] INFO  c.e.l.s.d.handler.LogAspectHandler - ====doBefore方法进入了====
19:25:02.407 [restartedMain] INFO  c.e.l.s.d.handler.LogAspectHandler - 即将执行方法为: modelMapper，属于com.example.lyc.springboot.demo.config.AppConfig包
19:25:02.407 [restartedMain] INFO  c.e.l.s.d.handler.LogAspectHandler - Not in a request context
19:25:02.408 [restartedMain] INFO  c.e.l.s.d.handler.LogAspectHandler - 方法modelMapper执行完毕，返回参数为：org.modelmapper.ModelMapper@594aad15
19:25:02.408 [restartedMain] INFO  c.e.l.s.d.handler.LogAspectHandler - 对返回参数进行业务上的增强：org.modelmapper.ModelMapper@594aad15增强版
19:25:02.408 [restartedMain] INFO  c.e.l.s.d.handler.LogAspectHandler - ====doAfter方法进入了====
19:25:02.408 [restartedMain] INFO  c.e.l.s.d.handler.LogAspectHandler - 方法modelMapper已经执行完
19:25:02.621 [restartedMain] INFO  c.e.l.s.d.handler.LogAspectHandler - ====doBefore方法进入了====
19:25:02.622 [restartedMain] INFO  c.e.l.s.d.handler.LogAspectHandler - 即将执行方法为: publicApi，属于com.example.lyc.springboot.demo.config.SwaggerConfig包
19:25:02.622 [restartedMain] INFO  c.e.l.s.d.handler.LogAspectHandler - Not in a request context
19:25:02.622 [restartedMain] INFO  c.e.l.s.d.handler.LogAspectHandler - 方法publicApi执行完毕，返回参数为：org.springdoc.core.models.GroupedOpenApi@497bc58
19:25:02.622 [restartedMain] INFO  c.e.l.s.d.handler.LogAspectHandler - 对返回参数进行业务上的增强：org.springdoc.core.models.GroupedOpenApi@497bc58增强版
19:25:02.622 [restartedMain] INFO  c.e.l.s.d.handler.LogAspectHandler - ====doAfter方法进入了====
19:25:02.622 [restartedMain] INFO  c.e.l.s.d.handler.LogAspectHandler - 方法publicApi已经执行完
19:25:02.624 [restartedMain] INFO  c.e.l.s.d.handler.LogAspectHandler - ====doBefore方法进入了====
19:25:02.624 [restartedMain] INFO  c.e.l.s.d.handler.LogAspectHandler - 即将执行方法为: privateApi，属于com.example.lyc.springboot.demo.config.SwaggerConfig包
19:25:02.624 [restartedMain] INFO  c.e.l.s.d.handler.LogAspectHandler - Not in a request context
19:25:02.624 [restartedMain] INFO  c.e.l.s.d.handler.LogAspectHandler - 方法privateApi执行完毕，返回参数为：org.springdoc.core.models.GroupedOpenApi@186cc17c
19:25:02.624 [restartedMain] INFO  c.e.l.s.d.handler.LogAspectHandler - 对返回参数进行业务上的增强：org.springdoc.core.models.GroupedOpenApi@186cc17c增强版
19:25:02.624 [restartedMain] INFO  c.e.l.s.d.handler.LogAspectHandler - ====doAfter方法进入了====
19:25:02.624 [restartedMain] INFO  c.e.l.s.d.handler.LogAspectHandler - 方法privateApi已经执行完
19:25:02.832 [restartedMain] INFO  c.c.f.a.s.a.SpringValueProcessor - Monitoring key: spring.mvc.servlet.path, beanName: swaggerWelcome, field: org.springdoc.webmvc.ui.SwaggerWelcomeWebMvc.mvcServletPath
19:25:03.219 [restartedMain] WARN  o.s.b.a.t.ThymeleafAutoConfiguration$DefaultTemplateResolverConfiguration - Cannot find template location: classpath:/templates/ (please add some templates, check your Thymeleaf configuration, or set spring.thymeleaf.check-template-location=false)
19:25:03.322 [restartedMain] INFO  o.a.coyote.http11.Http11NioProtocol - Starting ProtocolHandler ["http-nio-8088"]
19:25:03.366 [restartedMain] INFO  c.e.lyc.springboot.demo.Application - Started Application in 1.905 seconds (process running for 5364.199)
19:25:03.368 [restartedMain] INFO  c.e.l.s.d.handler.LogAspectHandler - ====doBefore方法进入了====
19:25:03.387 [restartedMain] INFO  c.e.l.s.d.handler.LogAspectHandler - 即将执行方法为: onApplicationEvent，属于com.example.lyc.springboot.demo.listener.MyListener包
19:25:03.387 [restartedMain] INFO  c.e.l.s.d.handler.LogAspectHandler - Not in a request context
19:25:03.387 [restartedMain] DEBUG c.e.l.s.demo.listener.MyListener - 应用已启动完成
19:25:03.388 [restartedMain] INFO  c.e.l.s.d.handler.LogAspectHandler - 方法onApplicationEvent执行完毕，但返回参数为 null
19:25:03.388 [restartedMain] INFO  c.e.l.s.d.handler.LogAspectHandler - ====doAfter方法进入了====
19:25:03.388 [restartedMain] INFO  c.e.l.s.d.handler.LogAspectHandler - 方法onApplicationEvent已经执行完
19:25:43.760 [Apollo-RemoteConfigLongPollService-1] WARN  c.c.f.a.i.RemoteConfigLongPollService - Long polling failed, will retry in 120 seconds. appId: platform, cluster: default, namespaces: application+message+sensitive-config, long polling url: null, reason: Get config services failed from http://meta.apollo.xxx.cn/services/config?appId=platform&ip=10.224.0.20 [Cause: Could not complete get operation [Cause: meta.apollo.xxx.cn]]
19:25:49.278 [Apollo-RemoteConfigRepository-1] WARN  c.c.f.a.i.AbstractConfigRepository - Sync config failed, will retry. Repository class com.ctrip.framework.apollo.internals.RemoteConfigRepository, reason: Get config services failed from http://meta.apollo.xxx.cn/services/config?appId=platform&ip=10.224.0.20 [Cause: Could not complete get operation [Cause: meta.apollo.xxx.cn]]
19:25:59.324 [Apollo-RemoteConfigRepository-1] WARN  c.c.f.a.i.AbstractConfigRepository - Sync config failed, will retry. Repository class com.ctrip.framework.apollo.internals.RemoteConfigRepository, reason: Get config services failed from http://meta.apollo.xxx.cn/services/config?appId=platform&ip=10.224.0.20 [Cause: Could not complete get operation [Cause: meta.apollo.xxx.cn]]
19:26:09.365 [Apollo-RemoteConfigRepository-1] WARN  c.c.f.a.i.AbstractConfigRepository - Sync config failed, will retry. Repository class com.ctrip.framework.apollo.internals.RemoteConfigRepository, reason: Get config services failed from http://meta.apollo.xxx.cn/services/config?appId=platform&ip=10.224.0.20 [Cause: Could not complete get operation [Cause: meta.apollo.xxx.cn]]
19:27:45.806 [Apollo-RemoteConfigLongPollService-1] WARN  c.c.f.a.i.RemoteConfigLongPollService - Long polling failed, will retry in 120 seconds. appId: platform, cluster: default, namespaces: application+message+sensitive-config, long polling url: null, reason: Get config services failed from http://meta.apollo.xxx.cn/services/config?appId=platform&ip=10.224.0.20 [Cause: Could not complete get operation [Cause: meta.apollo.xxx.cn]]
19:29:47.871 [Apollo-RemoteConfigLongPollService-1] WARN  c.c.f.a.i.RemoteConfigLongPollService - Long polling failed, will retry in 120 seconds. appId: platform, cluster: default, namespaces: application+message+sensitive-config, long polling url: null, reason: Get config services failed from http://meta.apollo.xxx.cn/services/config?appId=platform&ip=10.224.0.20 [Cause: Could not complete get operation [Cause: meta.apollo.xxx.cn]]
19:30:49.296 [Apollo-RemoteConfigRepository-1] WARN  c.c.f.a.i.AbstractConfigRepository - Sync config failed, will retry. Repository class com.ctrip.framework.apollo.internals.RemoteConfigRepository, reason: Get config services failed from http://meta.apollo.xxx.cn/services/config?appId=platform&ip=10.224.0.20 [Cause: Could not complete get operation [Cause: meta.apollo.xxx.cn]]
19:30:59.349 [Apollo-RemoteConfigRepository-1] WARN  c.c.f.a.i.AbstractConfigRepository - Sync config failed, will retry. Repository class com.ctrip.framework.apollo.internals.RemoteConfigRepository, reason: Get config services failed from http://meta.apollo.xxx.cn/services/config?appId=platform&ip=10.224.0.20 [Cause: Could not complete get operation [Cause: meta.apollo.xxx.cn]]
19:31:03.453 [Thread-18] INFO  o.a.coyote.http11.Http11NioProtocol - Pausing ProtocolHandler ["http-nio-8088"]
19:31:03.454 [Thread-18] INFO  o.a.catalina.core.StandardService - Stopping service [Tomcat]
19:31:03.466 [Thread-18] INFO  o.a.coyote.http11.Http11NioProtocol - Stopping ProtocolHandler ["http-nio-8088"]
19:31:03.480 [Thread-18] INFO  o.a.coyote.http11.Http11NioProtocol - Destroying ProtocolHandler ["http-nio-8088"]
19:31:03.897 [restartedMain] INFO  c.e.lyc.springboot.demo.Application - Starting Application using Java 17.0.1 with PID 69411 (/Users/liyinchi/workspace/java/lyc.springboot.demo/target/classes started by liyinchi in /Users/liyinchi/workspace/java/lyc.springboot.demo)
19:31:03.898 [restartedMain] DEBUG c.e.lyc.springboot.demo.Application - Running with Spring Boot v3.1.2, Spring v6.0.11
19:31:03.898 [restartedMain] INFO  c.e.lyc.springboot.demo.Application - The following 1 profile is active: "dev"
19:31:04.776 [restartedMain] INFO  o.a.coyote.http11.Http11NioProtocol - Initializing ProtocolHandler ["http-nio-8088"]
19:31:04.776 [restartedMain] INFO  o.a.catalina.core.StandardService - Starting service [Tomcat]
19:31:04.776 [restartedMain] INFO  o.a.catalina.core.StandardEngine - Starting Servlet engine: [Apache Tomcat/10.1.12]
19:31:04.814 [restartedMain] INFO  o.a.c.c.C.[Tomcat].[localhost].[/] - Initializing Spring embedded WebApplicationContext
19:31:04.975 [restartedMain] INFO  c.c.f.a.s.a.SpringValueProcessor - Monitoring key: microservice.url.orderUrl, beanName: jsonController, field: com.example.lyc.springboot.demo.controller.JsonController.orderUrl
19:31:05.159 [restartedMain] INFO  c.e.l.s.demo.service.RedisService - redis port: 6379
19:31:05.285 [restartedMain] INFO  c.e.l.s.d.handler.LogAspectHandler - ====doBefore方法进入了====
19:31:05.285 [restartedMain] INFO  c.e.l.s.d.handler.LogAspectHandler - 即将执行方法为: userService，属于com.example.lyc.springboot.demo.config.AppConfig包
19:31:05.286 [restartedMain] INFO  c.e.l.s.d.handler.LogAspectHandler - Not in a request context
19:31:05.286 [restartedMain] INFO  c.e.l.s.d.handler.LogAspectHandler - 方法userService执行完毕，返回参数为：com.example.lyc.springboot.demo.serviceImpl.UserServiceImpl@3a52dfd4
19:31:05.287 [restartedMain] INFO  c.e.l.s.d.handler.LogAspectHandler - 对返回参数进行业务上的增强：com.example.lyc.springboot.demo.serviceImpl.UserServiceImpl@3a52dfd4增强版
19:31:05.288 [restartedMain] INFO  c.e.l.s.d.handler.LogAspectHandler - ====doAfter方法进入了====
19:31:05.288 [restartedMain] INFO  c.e.l.s.d.handler.LogAspectHandler - 方法userService已经执行完
19:31:05.328 [restartedMain] INFO  c.e.l.s.d.handler.LogAspectHandler - ====doBefore方法进入了====
19:31:05.328 [restartedMain] INFO  c.e.l.s.d.handler.LogAspectHandler - 即将执行方法为: modelMapper，属于com.example.lyc.springboot.demo.config.AppConfig包
19:31:05.328 [restartedMain] INFO  c.e.l.s.d.handler.LogAspectHandler - Not in a request context
19:31:05.329 [restartedMain] INFO  c.e.l.s.d.handler.LogAspectHandler - 方法modelMapper执行完毕，返回参数为：org.modelmapper.ModelMapper@202cec26
19:31:05.329 [restartedMain] INFO  c.e.l.s.d.handler.LogAspectHandler - 对返回参数进行业务上的增强：org.modelmapper.ModelMapper@202cec26增强版
19:31:05.329 [restartedMain] INFO  c.e.l.s.d.handler.LogAspectHandler - ====doAfter方法进入了====
19:31:05.329 [restartedMain] INFO  c.e.l.s.d.handler.LogAspectHandler - 方法modelMapper已经执行完
19:31:05.538 [restartedMain] INFO  c.e.l.s.d.handler.LogAspectHandler - ====doBefore方法进入了====
19:31:05.538 [restartedMain] INFO  c.e.l.s.d.handler.LogAspectHandler - 即将执行方法为: publicApi，属于com.example.lyc.springboot.demo.config.SwaggerConfig包
19:31:05.538 [restartedMain] INFO  c.e.l.s.d.handler.LogAspectHandler - Not in a request context
19:31:05.538 [restartedMain] INFO  c.e.l.s.d.handler.LogAspectHandler - 方法publicApi执行完毕，返回参数为：org.springdoc.core.models.GroupedOpenApi@76a63d31
19:31:05.539 [restartedMain] INFO  c.e.l.s.d.handler.LogAspectHandler - 对返回参数进行业务上的增强：org.springdoc.core.models.GroupedOpenApi@76a63d31增强版
19:31:05.539 [restartedMain] INFO  c.e.l.s.d.handler.LogAspectHandler - ====doAfter方法进入了====
19:31:05.539 [restartedMain] INFO  c.e.l.s.d.handler.LogAspectHandler - 方法publicApi已经执行完
19:31:05.540 [restartedMain] INFO  c.e.l.s.d.handler.LogAspectHandler - ====doBefore方法进入了====
19:31:05.540 [restartedMain] INFO  c.e.l.s.d.handler.LogAspectHandler - 即将执行方法为: privateApi，属于com.example.lyc.springboot.demo.config.SwaggerConfig包
19:31:05.540 [restartedMain] INFO  c.e.l.s.d.handler.LogAspectHandler - Not in a request context
19:31:05.540 [restartedMain] INFO  c.e.l.s.d.handler.LogAspectHandler - 方法privateApi执行完毕，返回参数为：org.springdoc.core.models.GroupedOpenApi@16a00eaf
19:31:05.540 [restartedMain] INFO  c.e.l.s.d.handler.LogAspectHandler - 对返回参数进行业务上的增强：org.springdoc.core.models.GroupedOpenApi@16a00eaf增强版
19:31:05.540 [restartedMain] INFO  c.e.l.s.d.handler.LogAspectHandler - ====doAfter方法进入了====
19:31:05.540 [restartedMain] INFO  c.e.l.s.d.handler.LogAspectHandler - 方法privateApi已经执行完
19:31:05.705 [restartedMain] INFO  c.c.f.a.s.a.SpringValueProcessor - Monitoring key: spring.mvc.servlet.path, beanName: swaggerWelcome, field: org.springdoc.webmvc.ui.SwaggerWelcomeWebMvc.mvcServletPath
19:31:06.202 [restartedMain] WARN  o.s.b.a.t.ThymeleafAutoConfiguration$DefaultTemplateResolverConfiguration - Cannot find template location: classpath:/templates/ (please add some templates, check your Thymeleaf configuration, or set spring.thymeleaf.check-template-location=false)
19:31:06.262 [restartedMain] INFO  o.a.coyote.http11.Http11NioProtocol - Starting ProtocolHandler ["http-nio-8088"]
19:31:06.280 [restartedMain] INFO  c.e.lyc.springboot.demo.Application - Started Application in 2.437 seconds (process running for 5727.087)
19:31:06.281 [restartedMain] INFO  c.e.l.s.d.handler.LogAspectHandler - ====doBefore方法进入了====
19:31:06.281 [restartedMain] INFO  c.e.l.s.d.handler.LogAspectHandler - 即将执行方法为: onApplicationEvent，属于com.example.lyc.springboot.demo.listener.MyListener包
19:31:06.282 [restartedMain] INFO  c.e.l.s.d.handler.LogAspectHandler - Not in a request context
19:31:06.282 [restartedMain] DEBUG c.e.l.s.demo.listener.MyListener - 应用已启动完成
19:31:06.282 [restartedMain] INFO  c.e.l.s.d.handler.LogAspectHandler - 方法onApplicationEvent执行完毕，但返回参数为 null
19:31:06.282 [restartedMain] INFO  c.e.l.s.d.handler.LogAspectHandler - ====doAfter方法进入了====
19:31:06.282 [restartedMain] INFO  c.e.l.s.d.handler.LogAspectHandler - 方法onApplicationEvent已经执行完
19:31:09.408 [Apollo-RemoteConfigRepository-1] WARN  c.c.f.a.i.AbstractConfigRepository - Sync config failed, will retry. Repository class com.ctrip.framework.apollo.internals.RemoteConfigRepository, reason: Get config services failed from http://meta.apollo.xxx.cn/services/config?appId=platform&ip=10.224.0.20 [Cause: Could not complete get operation [Cause: meta.apollo.xxx.cn]]
19:31:14.747 [Thread-22] INFO  o.a.coyote.http11.Http11NioProtocol - Pausing ProtocolHandler ["http-nio-8088"]
19:31:14.748 [Thread-22] INFO  o.a.catalina.core.StandardService - Stopping service [Tomcat]
19:31:14.749 [Thread-22] INFO  o.a.coyote.http11.Http11NioProtocol - Stopping ProtocolHandler ["http-nio-8088"]
19:31:14.753 [Thread-22] INFO  o.a.coyote.http11.Http11NioProtocol - Destroying ProtocolHandler ["http-nio-8088"]
19:31:14.870 [restartedMain] INFO  c.e.lyc.springboot.demo.Application - Starting Application using Java 17.0.1 with PID 69411 (/Users/liyinchi/workspace/java/lyc.springboot.demo/target/classes started by liyinchi in /Users/liyinchi/workspace/java/lyc.springboot.demo)
19:31:14.871 [restartedMain] DEBUG c.e.lyc.springboot.demo.Application - Running with Spring Boot v3.1.2, Spring v6.0.11
19:31:14.871 [restartedMain] INFO  c.e.lyc.springboot.demo.Application - The following 1 profile is active: "dev"
19:31:15.472 [restartedMain] INFO  c.c.f.a.s.a.SpringValueProcessor - Monitoring key: microservice.url.orderUrl, beanName: jsonController, field: com.example.lyc.springboot.demo.controller.JsonController.orderUrl
19:31:15.551 [restartedMain] INFO  c.e.l.s.demo.service.RedisService - redis port: 6379
19:31:15.638 [restartedMain] INFO  c.e.l.s.d.handler.LogAspectHandler - ====doBefore方法进入了====
19:31:15.638 [restartedMain] INFO  c.e.l.s.d.handler.LogAspectHandler - 即将执行方法为: userService，属于com.example.lyc.springboot.demo.config.AppConfig包
19:31:15.638 [restartedMain] INFO  c.e.l.s.d.handler.LogAspectHandler - Not in a request context
19:31:15.639 [restartedMain] INFO  c.e.l.s.d.handler.LogAspectHandler - 方法userService执行完毕，返回参数为：com.example.lyc.springboot.demo.serviceImpl.UserServiceImpl@4ddc754f
19:31:15.639 [restartedMain] INFO  c.e.l.s.d.handler.LogAspectHandler - 对返回参数进行业务上的增强：com.example.lyc.springboot.demo.serviceImpl.UserServiceImpl@4ddc754f增强版
19:31:15.639 [restartedMain] INFO  c.e.l.s.d.handler.LogAspectHandler - ====doAfter方法进入了====
19:31:15.639 [restartedMain] INFO  c.e.l.s.d.handler.LogAspectHandler - 方法userService已经执行完
19:31:15.664 [restartedMain] INFO  c.e.l.s.d.handler.LogAspectHandler - ====doBefore方法进入了====
19:31:15.665 [restartedMain] INFO  c.e.l.s.d.handler.LogAspectHandler - 即将执行方法为: modelMapper，属于com.example.lyc.springboot.demo.config.AppConfig包
19:31:15.665 [restartedMain] INFO  c.e.l.s.d.handler.LogAspectHandler - Not in a request context
19:31:15.665 [restartedMain] INFO  c.e.l.s.d.handler.LogAspectHandler - 方法modelMapper执行完毕，返回参数为：org.modelmapper.ModelMapper@62576e58
19:31:15.665 [restartedMain] INFO  c.e.l.s.d.handler.LogAspectHandler - 对返回参数进行业务上的增强：org.modelmapper.ModelMapper@62576e58增强版
19:31:15.665 [restartedMain] INFO  c.e.l.s.d.handler.LogAspectHandler - ====doAfter方法进入了====
19:31:15.665 [restartedMain] INFO  c.e.l.s.d.handler.LogAspectHandler - 方法modelMapper已经执行完
19:31:15.792 [restartedMain] INFO  c.e.l.s.d.handler.LogAspectHandler - ====doBefore方法进入了====
19:31:15.792 [restartedMain] INFO  c.e.l.s.d.handler.LogAspectHandler - 即将执行方法为: publicApi，属于com.example.lyc.springboot.demo.config.SwaggerConfig包
19:31:15.792 [restartedMain] INFO  c.e.l.s.d.handler.LogAspectHandler - Not in a request context
19:31:15.792 [restartedMain] INFO  c.e.l.s.d.handler.LogAspectHandler - 方法publicApi执行完毕，返回参数为：org.springdoc.core.models.GroupedOpenApi@573abd28
19:31:15.792 [restartedMain] INFO  c.e.l.s.d.handler.LogAspectHandler - 对返回参数进行业务上的增强：org.springdoc.core.models.GroupedOpenApi@573abd28增强版
19:31:15.792 [restartedMain] INFO  c.e.l.s.d.handler.LogAspectHandler - ====doAfter方法进入了====
19:31:15.792 [restartedMain] INFO  c.e.l.s.d.handler.LogAspectHandler - 方法publicApi已经执行完
19:31:15.793 [restartedMain] INFO  c.e.l.s.d.handler.LogAspectHandler - ====doBefore方法进入了====
19:31:15.793 [restartedMain] INFO  c.e.l.s.d.handler.LogAspectHandler - 即将执行方法为: privateApi，属于com.example.lyc.springboot.demo.config.SwaggerConfig包
19:31:15.793 [restartedMain] INFO  c.e.l.s.d.handler.LogAspectHandler - Not in a request context
19:31:15.793 [restartedMain] INFO  c.e.l.s.d.handler.LogAspectHandler - 方法privateApi执行完毕，返回参数为：org.springdoc.core.models.GroupedOpenApi@3ddbe12f
19:31:15.793 [restartedMain] INFO  c.e.l.s.d.handler.LogAspectHandler - 对返回参数进行业务上的增强：org.springdoc.core.models.GroupedOpenApi@3ddbe12f增强版
19:31:15.793 [restartedMain] INFO  c.e.l.s.d.handler.LogAspectHandler - ====doAfter方法进入了====
19:31:15.793 [restartedMain] INFO  c.e.l.s.d.handler.LogAspectHandler - 方法privateApi已经执行完
19:31:15.921 [restartedMain] INFO  c.c.f.a.s.a.SpringValueProcessor - Monitoring key: spring.mvc.servlet.path, beanName: swaggerWelcome, field: org.springdoc.webmvc.ui.SwaggerWelcomeWebMvc.mvcServletPath
19:31:16.340 [restartedMain] WARN  o.s.b.a.t.ThymeleafAutoConfiguration$DefaultTemplateResolverConfiguration - Cannot find template location: classpath:/templates/ (please add some templates, check your Thymeleaf configuration, or set spring.thymeleaf.check-template-location=false)
19:31:16.474 [restartedMain] INFO  c.e.lyc.springboot.demo.Application - Started Application in 1.642 seconds (process running for 5737.281)
19:31:16.478 [restartedMain] INFO  c.e.l.s.d.handler.LogAspectHandler - ====doBefore方法进入了====
19:31:16.481 [restartedMain] INFO  c.e.l.s.d.handler.LogAspectHandler - 即将执行方法为: onApplicationEvent，属于com.example.lyc.springboot.demo.listener.MyListener包
19:31:16.481 [restartedMain] INFO  c.e.l.s.d.handler.LogAspectHandler - Not in a request context
19:31:16.481 [restartedMain] DEBUG c.e.l.s.demo.listener.MyListener - 应用已启动完成
19:31:16.482 [restartedMain] INFO  c.e.l.s.d.handler.LogAspectHandler - 方法onApplicationEvent执行完毕，但返回参数为 null
19:31:16.483 [restartedMain] INFO  c.e.l.s.d.handler.LogAspectHandler - ====doAfter方法进入了====
19:31:16.483 [restartedMain] INFO  c.e.l.s.d.handler.LogAspectHandler - 方法onApplicationEvent已经执行完
19:32:09.008 [background-preinit] INFO  o.h.validator.internal.util.Version - HV000001: Hibernate Validator 8.0.1.Final
19:32:09.054 [restartedMain] INFO  c.c.f.f.i.p.DefaultApplicationProvider - App ID is set to platform by app.id property from System Property
19:32:09.055 [restartedMain] WARN  c.c.f.f.i.p.DefaultApplicationProvider - app.label is not available from System Property and /META-INF/app.properties. It is set to null
19:32:09.055 [restartedMain] INFO  c.c.f.f.i.p.DefaultServerProvider - Environment is set to null. Because it is not available in either (1) JVM system property 'env', (2) OS env variable 'ENV' nor (3) property 'env' from the properties InputStream.
19:32:09.055 [restartedMain] INFO  c.c.f.a.i.DefaultMetaServerProvider - Located meta services from apollo.meta configuration: http://meta.apollo.xxx.cn!
19:32:09.055 [restartedMain] INFO  c.c.f.apollo.core.MetaDomainConsts - Located meta server address http://meta.apollo.xxx.cn for env UNKNOWN from com.ctrip.framework.apollo.internals.DefaultMetaServerProvider
19:32:09.055 [restartedMain] WARN  c.c.f.a.i.LocalFileConfigRepository - Sync config from upstream repository class com.ctrip.framework.apollo.internals.RemoteConfigRepository failed, reason: Get config services failed from http://meta.apollo.xxx.cn/services/config?appId=platform&ip=10.224.0.20 [Cause: Could not complete get operation [Cause: meta.apollo.xxx.cn]]
19:32:09.056 [restartedMain] WARN  c.c.f.a.i.LocalFileConfigRepository - Sync config from upstream repository class com.ctrip.framework.apollo.internals.RemoteConfigRepository failed, reason: Get config services failed from http://meta.apollo.xxx.cn/services/config?appId=platform&ip=10.224.0.20 [Cause: Could not complete get operation [Cause: meta.apollo.xxx.cn]]
19:32:09.056 [restartedMain] WARN  c.c.f.apollo.internals.DefaultConfig - Init Apollo Local Config failed - namespace: application, reason: Load config from local config failed! [Cause: Cannot read from local cache file /Users/liyinchi/workspace/java/lyc.springboot.demo/./config/platform/config-cache/platform+default+application.properties].
19:32:09.056 [restartedMain] WARN  c.c.f.a.i.LocalFileConfigRepository - Sync config from upstream repository class com.ctrip.framework.apollo.internals.RemoteConfigRepository failed, reason: Get config services failed from http://meta.apollo.xxx.cn/services/config?appId=platform&ip=10.224.0.20 [Cause: Could not complete get operation [Cause: meta.apollo.xxx.cn]]
19:32:09.056 [restartedMain] WARN  c.c.f.a.i.LocalFileConfigRepository - Sync config from upstream repository class com.ctrip.framework.apollo.internals.RemoteConfigRepository failed, reason: Get config services failed from http://meta.apollo.xxx.cn/services/config?appId=platform&ip=10.224.0.20 [Cause: Could not complete get operation [Cause: meta.apollo.xxx.cn]]
19:32:09.056 [restartedMain] WARN  c.c.f.apollo.internals.DefaultConfig - Init Apollo Local Config failed - namespace: sensitive-config, reason: Load config from local config failed! [Cause: Cannot read from local cache file /Users/liyinchi/workspace/java/lyc.springboot.demo/./config/platform/config-cache/platform+default+sensitive-config.properties].
19:32:09.056 [restartedMain] WARN  c.c.f.a.i.LocalFileConfigRepository - Sync config from upstream repository class com.ctrip.framework.apollo.internals.RemoteConfigRepository failed, reason: Get config services failed from http://meta.apollo.xxx.cn/services/config?appId=platform&ip=10.224.0.20 [Cause: Could not complete get operation [Cause: meta.apollo.xxx.cn]]
19:32:09.056 [restartedMain] WARN  c.c.f.a.i.LocalFileConfigRepository - Sync config from upstream repository class com.ctrip.framework.apollo.internals.RemoteConfigRepository failed, reason: Get config services failed from http://meta.apollo.xxx.cn/services/config?appId=platform&ip=10.224.0.20 [Cause: Could not complete get operation [Cause: meta.apollo.xxx.cn]]
19:32:09.056 [restartedMain] WARN  c.c.f.apollo.internals.DefaultConfig - Init Apollo Local Config failed - namespace: message, reason: Load config from local config failed! [Cause: Cannot read from local cache file /Users/liyinchi/workspace/java/lyc.springboot.demo/./config/platform/config-cache/platform+default+message.properties].
19:32:09.057 [restartedMain] WARN  c.c.f.apollo.internals.DefaultConfig - Could not load config for namespace application from Apollo, please check whether the configs are released in Apollo! Return default value now!
19:32:09.057 [restartedMain] WARN  c.c.f.apollo.internals.DefaultConfig - Could not load config for namespace sensitive-config from Apollo, please check whether the configs are released in Apollo! Return default value now!
19:32:09.057 [restartedMain] WARN  c.c.f.apollo.internals.DefaultConfig - Could not load config for namespace message from Apollo, please check whether the configs are released in Apollo! Return default value now!
19:32:09.073 [restartedMain] INFO  c.e.lyc.springboot.demo.Application - Starting Application using Java 17.0.1 with PID 80157 (/Users/liyinchi/workspace/java/lyc.springboot.demo/target/classes started by liyinchi in /Users/liyinchi/workspace/java/lyc.springboot.demo)
19:32:09.073 [restartedMain] DEBUG c.e.lyc.springboot.demo.Application - Running with Spring Boot v3.1.2, Spring v6.0.11
19:32:09.074 [restartedMain] INFO  c.e.lyc.springboot.demo.Application - The following 1 profile is active: "dev"
19:32:12.878 [Apollo-RemoteConfigLongPollService-1] WARN  c.c.f.a.i.RemoteConfigLongPollService - Long polling failed, will retry in 16 seconds. appId: platform, cluster: default, namespaces: application+message+sensitive-config, long polling url: null, reason: Get config services failed from http://meta.apollo.xxx.cn/services/config?appId=platform&ip=10.224.0.20 [Cause: Could not complete get operation [Cause: meta.apollo.xxx.cn]]
19:32:12.935 [restartedMain] INFO  o.a.coyote.http11.Http11NioProtocol - Initializing ProtocolHandler ["http-nio-8088"]
19:32:12.939 [restartedMain] INFO  o.a.catalina.core.StandardService - Starting service [Tomcat]
19:32:12.940 [restartedMain] INFO  o.a.catalina.core.StandardEngine - Starting Servlet engine: [Apache Tomcat/10.1.12]
19:32:13.112 [restartedMain] INFO  o.a.c.c.C.[Tomcat].[localhost].[/] - Initializing Spring embedded WebApplicationContext
19:32:13.594 [restartedMain] INFO  c.c.f.a.s.a.SpringValueProcessor - Monitoring key: microservice.url.orderUrl, beanName: jsonController, field: com.example.lyc.springboot.demo.controller.JsonController.orderUrl
19:32:14.401 [restartedMain] INFO  c.e.l.s.demo.service.RedisService - redis port: 6379
19:32:15.000 [restartedMain] INFO  c.e.l.s.d.handler.LogAspectHandler - ====doBefore方法进入了====
19:32:15.002 [restartedMain] INFO  c.e.l.s.d.handler.LogAspectHandler - 即将执行方法为: userService，属于com.example.lyc.springboot.demo.config.AppConfig包
19:32:15.004 [restartedMain] INFO  c.e.l.s.d.handler.LogAspectHandler - Not in a request context
19:32:15.005 [restartedMain] INFO  c.e.l.s.d.handler.LogAspectHandler - 方法userService执行完毕，返回参数为：com.example.lyc.springboot.demo.serviceImpl.UserServiceImpl@6d3e4a5a
19:32:15.006 [restartedMain] INFO  c.e.l.s.d.handler.LogAspectHandler - 对返回参数进行业务上的增强：com.example.lyc.springboot.demo.serviceImpl.UserServiceImpl@6d3e4a5a增强版
19:32:15.007 [restartedMain] INFO  c.e.l.s.d.handler.LogAspectHandler - ====doAfter方法进入了====
19:32:15.007 [restartedMain] INFO  c.e.l.s.d.handler.LogAspectHandler - 方法userService已经执行完
19:32:15.065 [restartedMain] INFO  c.e.l.s.d.handler.LogAspectHandler - ====doBefore方法进入了====
19:32:15.065 [restartedMain] INFO  c.e.l.s.d.handler.LogAspectHandler - 即将执行方法为: modelMapper，属于com.example.lyc.springboot.demo.config.AppConfig包
19:32:15.065 [restartedMain] INFO  c.e.l.s.d.handler.LogAspectHandler - Not in a request context
19:32:15.096 [restartedMain] INFO  c.e.l.s.d.handler.LogAspectHandler - 方法modelMapper执行完毕，返回参数为：org.modelmapper.ModelMapper@6bcff512
19:32:15.096 [restartedMain] INFO  c.e.l.s.d.handler.LogAspectHandler - 对返回参数进行业务上的增强：org.modelmapper.ModelMapper@6bcff512增强版
19:32:15.097 [restartedMain] INFO  c.e.l.s.d.handler.LogAspectHandler - ====doAfter方法进入了====
19:32:15.097 [restartedMain] INFO  c.e.l.s.d.handler.LogAspectHandler - 方法modelMapper已经执行完
19:32:15.920 [restartedMain] INFO  c.e.l.s.d.handler.LogAspectHandler - ====doBefore方法进入了====
19:32:15.921 [restartedMain] INFO  c.e.l.s.d.handler.LogAspectHandler - 即将执行方法为: publicApi，属于com.example.lyc.springboot.demo.config.SwaggerConfig包
19:32:15.921 [restartedMain] INFO  c.e.l.s.d.handler.LogAspectHandler - Not in a request context
19:32:15.931 [restartedMain] INFO  c.e.l.s.d.handler.LogAspectHandler - 方法publicApi执行完毕，返回参数为：org.springdoc.core.models.GroupedOpenApi@7e974832
19:32:15.931 [restartedMain] INFO  c.e.l.s.d.handler.LogAspectHandler - 对返回参数进行业务上的增强：org.springdoc.core.models.GroupedOpenApi@7e974832增强版
19:32:15.932 [restartedMain] INFO  c.e.l.s.d.handler.LogAspectHandler - ====doAfter方法进入了====
19:32:15.932 [restartedMain] INFO  c.e.l.s.d.handler.LogAspectHandler - 方法publicApi已经执行完
19:32:15.937 [restartedMain] INFO  c.e.l.s.d.handler.LogAspectHandler - ====doBefore方法进入了====
19:32:15.938 [restartedMain] INFO  c.e.l.s.d.handler.LogAspectHandler - 即将执行方法为: privateApi，属于com.example.lyc.springboot.demo.config.SwaggerConfig包
19:32:15.939 [restartedMain] INFO  c.e.l.s.d.handler.LogAspectHandler - Not in a request context
19:32:15.939 [restartedMain] INFO  c.e.l.s.d.handler.LogAspectHandler - 方法privateApi执行完毕，返回参数为：org.springdoc.core.models.GroupedOpenApi@2b374e23
19:32:15.939 [restartedMain] INFO  c.e.l.s.d.handler.LogAspectHandler - 对返回参数进行业务上的增强：org.springdoc.core.models.GroupedOpenApi@2b374e23增强版
19:32:15.940 [restartedMain] INFO  c.e.l.s.d.handler.LogAspectHandler - ====doAfter方法进入了====
19:32:15.940 [restartedMain] INFO  c.e.l.s.d.handler.LogAspectHandler - 方法privateApi已经执行完
19:32:16.553 [restartedMain] INFO  c.c.f.a.s.a.SpringValueProcessor - Monitoring key: spring.mvc.servlet.path, beanName: swaggerWelcome, field: org.springdoc.webmvc.ui.SwaggerWelcomeWebMvc.mvcServletPath
19:32:17.724 [restartedMain] WARN  o.s.b.a.t.ThymeleafAutoConfiguration$DefaultTemplateResolverConfiguration - Cannot find template location: classpath:/templates/ (please add some templates, check your Thymeleaf configuration, or set spring.thymeleaf.check-template-location=false)
19:32:18.018 [restartedMain] INFO  o.a.coyote.http11.Http11NioProtocol - Starting ProtocolHandler ["http-nio-8088"]
19:32:18.083 [restartedMain] INFO  c.e.lyc.springboot.demo.Application - Started Application in 37.776 seconds (process running for 39.124)
19:32:18.087 [restartedMain] INFO  c.e.l.s.d.handler.LogAspectHandler - ====doBefore方法进入了====
19:32:18.088 [restartedMain] INFO  c.e.l.s.d.handler.LogAspectHandler - 即将执行方法为: onApplicationEvent，属于com.example.lyc.springboot.demo.listener.MyListener包
19:32:18.088 [restartedMain] INFO  c.e.l.s.d.handler.LogAspectHandler - Not in a request context
19:32:18.088 [restartedMain] DEBUG c.e.l.s.demo.listener.MyListener - 应用已启动完成
19:32:18.088 [restartedMain] INFO  c.e.l.s.d.handler.LogAspectHandler - 方法onApplicationEvent执行完毕，但返回参数为 null
19:32:18.089 [restartedMain] INFO  c.e.l.s.d.handler.LogAspectHandler - ====doAfter方法进入了====
19:32:18.089 [restartedMain] INFO  c.e.l.s.d.handler.LogAspectHandler - 方法onApplicationEvent已经执行完
19:32:19.166 [http-nio-8088-exec-1] INFO  c.e.l.s.d.handler.LogAspectHandler - ====doBefore方法进入了====
19:32:19.166 [http-nio-8088-exec-1] INFO  c.e.l.s.d.handler.LogAspectHandler - 即将执行方法为: requestInitialized，属于com.example.lyc.springboot.demo.listener.MyServletRequestListener包
19:32:19.166 [http-nio-8088-exec-1] INFO  c.e.l.s.d.handler.LogAspectHandler - Not in a request context
19:32:19.167 [http-nio-8088-exec-1] INFO  c.e.l.s.d.l.MyServletRequestListener - session id为：null
19:32:19.167 [http-nio-8088-exec-1] INFO  c.e.l.s.d.l.MyServletRequestListener - request url为：http://127.0.0.1:8088/v1/test/testRedis
19:32:19.168 [http-nio-8088-exec-1] INFO  c.e.l.s.d.handler.LogAspectHandler - 方法requestInitialized执行完毕，但返回参数为 null
19:32:19.168 [http-nio-8088-exec-1] INFO  c.e.l.s.d.handler.LogAspectHandler - ====doAfter方法进入了====
19:32:19.168 [http-nio-8088-exec-1] INFO  c.e.l.s.d.handler.LogAspectHandler - 方法requestInitialized已经执行完
19:32:19.176 [http-nio-8088-exec-1] INFO  o.a.c.c.C.[Tomcat].[localhost].[/] - Initializing Spring DispatcherServlet 'dispatcherServlet'
19:32:19.207 [http-nio-8088-exec-1] INFO  c.e.l.s.d.c.I.MyInterceptor - ====拦截到了方法：testRedis，在该方法执行之前执行====
19:32:19.218 [http-nio-8088-exec-1] INFO  c.e.l.s.d.handler.LogAspectHandler - ====doBefore方法进入了====
19:32:19.218 [http-nio-8088-exec-1] INFO  c.e.l.s.d.handler.LogAspectHandler - 即将执行方法为: testRedis，属于com.example.lyc.springboot.demo.controller.TestController包
19:32:19.219 [http-nio-8088-exec-1] INFO  c.e.l.s.d.handler.LogAspectHandler - 用户请求的url为：http://127.0.0.1:8088/v1/test/testRedis，ip地址为：127.0.0.1
19:32:19.219 [http-nio-8088-exec-1] INFO  c.e.l.s.d.controller.TestController - testRedis
19:32:19.219 [http-nio-8088-exec-1] INFO  c.e.l.s.d.handler.LogAspectHandler - ====doBefore方法进入了====
19:32:19.219 [http-nio-8088-exec-1] INFO  c.e.l.s.d.handler.LogAspectHandler - 即将执行方法为: testRedisConnection，属于com.example.lyc.springboot.demo.service.RedisService包
19:32:19.220 [http-nio-8088-exec-1] INFO  c.e.l.s.d.handler.LogAspectHandler - 用户请求的url为：http://127.0.0.1:8088/v1/test/testRedis，ip地址为：127.0.0.1
19:32:19.796 [http-nio-8088-exec-1] ERROR c.e.l.s.demo.service.RedisService - redis连接失败
org.springframework.data.redis.RedisConnectionFailureException: Unable to connect to Redis
	at org.springframework.data.redis.connection.lettuce.LettuceConnectionFactory$ExceptionTranslatingConnectionProvider.translateException(LettuceConnectionFactory.java:1604)
	at org.springframework.data.redis.connection.lettuce.LettuceConnectionFactory$ExceptionTranslatingConnectionProvider.getConnection(LettuceConnectionFactory.java:1535)
	at org.springframework.data.redis.connection.lettuce.LettuceConnectionFactory$SharedConnection.getNativeConnection(LettuceConnectionFactory.java:1360)
	at org.springframework.data.redis.connection.lettuce.LettuceConnectionFactory$SharedConnection.getConnection(LettuceConnectionFactory.java:1343)
	at org.springframework.data.redis.connection.lettuce.LettuceConnectionFactory.getSharedConnection(LettuceConnectionFactory.java:1061)
	at org.springframework.data.redis.connection.lettuce.LettuceConnectionFactory.getConnection(LettuceConnectionFactory.java:400)
	at org.springframework.data.redis.core.RedisConnectionUtils.fetchConnection(RedisConnectionUtils.java:193)
	at org.springframework.data.redis.core.RedisConnectionUtils.doGetConnection(RedisConnectionUtils.java:144)
	at org.springframework.data.redis.core.RedisConnectionUtils.getConnection(RedisConnectionUtils.java:105)
	at org.springframework.data.redis.core.RedisTemplate.execute(RedisTemplate.java:393)
	at org.springframework.data.redis.core.RedisTemplate.execute(RedisTemplate.java:373)
	at org.springframework.data.redis.core.AbstractOperations.execute(AbstractOperations.java:97)
	at org.springframework.data.redis.core.DefaultValueOperations.set(DefaultValueOperations.java:237)
	at com.example.lyc.springboot.demo.service.RedisService.setString(RedisService.java:37)
	at com.example.lyc.springboot.demo.service.RedisService.testRedisConnection(RedisService.java:58)
	at java.base/jdk.internal.reflect.NativeMethodAccessorImpl.invoke0(Native Method)
	at java.base/jdk.internal.reflect.NativeMethodAccessorImpl.invoke(NativeMethodAccessorImpl.java:77)
	at java.base/jdk.internal.reflect.DelegatingMethodAccessorImpl.invoke(DelegatingMethodAccessorImpl.java:43)
	at java.base/java.lang.reflect.Method.invoke(Method.java:568)
	at org.springframework.aop.support.AopUtils.invokeJoinpointUsingReflection(AopUtils.java:343)
	at org.springframework.aop.framework.ReflectiveMethodInvocation.invokeJoinpoint(ReflectiveMethodInvocation.java:196)
	at org.springframework.aop.framework.ReflectiveMethodInvocation.proceed(ReflectiveMethodInvocation.java:163)
	at org.springframework.aop.framework.CglibAopProxy$CglibMethodInvocation.proceed(CglibAopProxy.java:756)
	at org.springframework.aop.aspectj.AspectJAfterThrowingAdvice.invoke(AspectJAfterThrowingAdvice.java:64)
	at org.springframework.aop.framework.ReflectiveMethodInvocation.proceed(ReflectiveMethodInvocation.java:184)
	at org.springframework.aop.framework.CglibAopProxy$CglibMethodInvocation.proceed(CglibAopProxy.java:756)
	at org.springframework.aop.framework.adapter.AfterReturningAdviceInterceptor.invoke(AfterReturningAdviceInterceptor.java:57)
	at org.springframework.aop.framework.ReflectiveMethodInvocation.proceed(ReflectiveMethodInvocation.java:184)
	at org.springframework.aop.framework.CglibAopProxy$CglibMethodInvocation.proceed(CglibAopProxy.java:756)
	at org.springframework.aop.aspectj.AspectJAfterAdvice.invoke(AspectJAfterAdvice.java:49)
	at org.springframework.aop.framework.ReflectiveMethodInvocation.proceed(ReflectiveMethodInvocation.java:184)
	at org.springframework.aop.framework.CglibAopProxy$CglibMethodInvocation.proceed(CglibAopProxy.java:756)
	at org.springframework.aop.framework.adapter.MethodBeforeAdviceInterceptor.invoke(MethodBeforeAdviceInterceptor.java:58)
	at org.springframework.aop.framework.ReflectiveMethodInvocation.proceed(ReflectiveMethodInvocation.java:184)
	at org.springframework.aop.framework.CglibAopProxy$CglibMethodInvocation.proceed(CglibAopProxy.java:756)
	at org.springframework.aop.interceptor.ExposeInvocationInterceptor.invoke(ExposeInvocationInterceptor.java:97)
	at org.springframework.aop.framework.ReflectiveMethodInvocation.proceed(ReflectiveMethodInvocation.java:184)
	at org.springframework.aop.framework.CglibAopProxy$CglibMethodInvocation.proceed(CglibAopProxy.java:756)
	at org.springframework.aop.framework.CglibAopProxy$DynamicAdvisedInterceptor.intercept(CglibAopProxy.java:708)
	at com.example.lyc.springboot.demo.service.RedisService$$SpringCGLIB$$0.testRedisConnection(<generated>)
	at com.example.lyc.springboot.demo.controller.TestController.testRedis(TestController.java:32)
	at java.base/jdk.internal.reflect.NativeMethodAccessorImpl.invoke0(Native Method)
	at java.base/jdk.internal.reflect.NativeMethodAccessorImpl.invoke(NativeMethodAccessorImpl.java:77)
	at java.base/jdk.internal.reflect.DelegatingMethodAccessorImpl.invoke(DelegatingMethodAccessorImpl.java:43)
	at java.base/java.lang.reflect.Method.invoke(Method.java:568)
	at org.springframework.aop.support.AopUtils.invokeJoinpointUsingReflection(AopUtils.java:343)
	at org.springframework.aop.framework.ReflectiveMethodInvocation.invokeJoinpoint(ReflectiveMethodInvocation.java:196)
	at org.springframework.aop.framework.ReflectiveMethodInvocation.proceed(ReflectiveMethodInvocation.java:163)
	at org.springframework.aop.framework.CglibAopProxy$CglibMethodInvocation.proceed(CglibAopProxy.java:756)
	at org.springframework.aop.aspectj.AspectJAfterThrowingAdvice.invoke(AspectJAfterThrowingAdvice.java:64)
	at org.springframework.aop.framework.ReflectiveMethodInvocation.proceed(ReflectiveMethodInvocation.java:184)
	at org.springframework.aop.framework.CglibAopProxy$CglibMethodInvocation.proceed(CglibAopProxy.java:756)
	at org.springframework.aop.framework.adapter.AfterReturningAdviceInterceptor.invoke(AfterReturningAdviceInterceptor.java:57)
	at org.springframework.aop.framework.ReflectiveMethodInvocation.proceed(ReflectiveMethodInvocation.java:184)
	at org.springframework.aop.framework.CglibAopProxy$CglibMethodInvocation.proceed(CglibAopProxy.java:756)
	at org.springframework.aop.aspectj.AspectJAfterAdvice.invoke(AspectJAfterAdvice.java:49)
	at org.springframework.aop.framework.ReflectiveMethodInvocation.proceed(ReflectiveMethodInvocation.java:184)
	at org.springframework.aop.framework.CglibAopProxy$CglibMethodInvocation.proceed(CglibAopProxy.java:756)
	at org.springframework.aop.framework.adapter.MethodBeforeAdviceInterceptor.invoke(MethodBeforeAdviceInterceptor.java:58)
	at org.springframework.aop.framework.ReflectiveMethodInvocation.proceed(ReflectiveMethodInvocation.java:184)
	at org.springframework.aop.framework.CglibAopProxy$CglibMethodInvocation.proceed(CglibAopProxy.java:756)
	at org.springframework.aop.interceptor.ExposeInvocationInterceptor.invoke(ExposeInvocationInterceptor.java:97)
	at org.springframework.aop.framework.ReflectiveMethodInvocation.proceed(ReflectiveMethodInvocation.java:184)
	at org.springframework.aop.framework.CglibAopProxy$CglibMethodInvocation.proceed(CglibAopProxy.java:756)
	at org.springframework.aop.framework.CglibAopProxy$DynamicAdvisedInterceptor.intercept(CglibAopProxy.java:708)
	at com.example.lyc.springboot.demo.controller.TestController$$SpringCGLIB$$0.testRedis(<generated>)
	at java.base/jdk.internal.reflect.NativeMethodAccessorImpl.invoke0(Native Method)
	at java.base/jdk.internal.reflect.NativeMethodAccessorImpl.invoke(NativeMethodAccessorImpl.java:77)
	at java.base/jdk.internal.reflect.DelegatingMethodAccessorImpl.invoke(DelegatingMethodAccessorImpl.java:43)
	at java.base/java.lang.reflect.Method.invoke(Method.java:568)
	at org.springframework.web.method.support.InvocableHandlerMethod.doInvoke(InvocableHandlerMethod.java:205)
	at org.springframework.web.method.support.InvocableHandlerMethod.invokeForRequest(InvocableHandlerMethod.java:150)
	at org.springframework.web.servlet.mvc.method.annotation.ServletInvocableHandlerMethod.invokeAndHandle(ServletInvocableHandlerMethod.java:118)
	at org.springframework.web.servlet.mvc.method.annotation.RequestMappingHandlerAdapter.invokeHandlerMethod(RequestMappingHandlerAdapter.java:884)
	at org.springframework.web.servlet.mvc.method.annotation.RequestMappingHandlerAdapter.handleInternal(RequestMappingHandlerAdapter.java:797)
	at org.springframework.web.servlet.mvc.method.AbstractHandlerMethodAdapter.handle(AbstractHandlerMethodAdapter.java:87)
	at org.springframework.web.servlet.DispatcherServlet.doDispatch(DispatcherServlet.java:1081)
	at org.springframework.web.servlet.DispatcherServlet.doService(DispatcherServlet.java:974)
	at org.springframework.web.servlet.FrameworkServlet.processRequest(FrameworkServlet.java:1011)
	at org.springframework.web.servlet.FrameworkServlet.doGet(FrameworkServlet.java:903)
	at jakarta.servlet.http.HttpServlet.service(HttpServlet.java:564)
	at org.springframework.web.servlet.FrameworkServlet.service(FrameworkServlet.java:885)
	at jakarta.servlet.http.HttpServlet.service(HttpServlet.java:658)
	at org.apache.catalina.core.ApplicationFilterChain.internalDoFilter(ApplicationFilterChain.java:205)
	at org.apache.catalina.core.ApplicationFilterChain.doFilter(ApplicationFilterChain.java:149)
	at org.apache.tomcat.websocket.server.WsFilter.doFilter(WsFilter.java:51)
	at org.apache.catalina.core.ApplicationFilterChain.internalDoFilter(ApplicationFilterChain.java:174)
	at org.apache.catalina.core.ApplicationFilterChain.doFilter(ApplicationFilterChain.java:149)
	at org.springframework.web.filter.CharacterEncodingFilter.doFilterInternal(CharacterEncodingFilter.java:201)
	at org.springframework.web.filter.OncePerRequestFilter.doFilter(OncePerRequestFilter.java:116)
	at org.apache.catalina.core.ApplicationFilterChain.internalDoFilter(ApplicationFilterChain.java:174)
	at org.apache.catalina.core.ApplicationFilterChain.doFilter(ApplicationFilterChain.java:149)
	at org.apache.catalina.core.StandardWrapperValve.invoke(StandardWrapperValve.java:166)
	at org.apache.catalina.core.StandardContextValve.invoke(StandardContextValve.java:90)
	at org.apache.catalina.authenticator.AuthenticatorBase.invoke(AuthenticatorBase.java:482)
	at org.apache.catalina.core.StandardHostValve.invoke(StandardHostValve.java:115)
	at org.apache.catalina.valves.ErrorReportValve.invoke(ErrorReportValve.java:93)
	at org.apache.catalina.core.StandardEngineValve.invoke(StandardEngineValve.java:74)
	at org.apache.catalina.connector.CoyoteAdapter.service(CoyoteAdapter.java:341)
	at org.apache.coyote.http11.Http11Processor.service(Http11Processor.java:391)
	at org.apache.coyote.AbstractProcessorLight.process(AbstractProcessorLight.java:63)
	at org.apache.coyote.AbstractProtocol$ConnectionHandler.process(AbstractProtocol.java:894)
	at org.apache.tomcat.util.net.NioEndpoint$SocketProcessor.doRun(NioEndpoint.java:1740)
	at org.apache.tomcat.util.net.SocketProcessorBase.run(SocketProcessorBase.java:52)
	at org.apache.tomcat.util.threads.ThreadPoolExecutor.runWorker(ThreadPoolExecutor.java:1191)
	at org.apache.tomcat.util.threads.ThreadPoolExecutor$Worker.run(ThreadPoolExecutor.java:659)
	at org.apache.tomcat.util.threads.TaskThread$WrappingRunnable.run(TaskThread.java:61)
	at java.base/java.lang.Thread.run(Thread.java:833)
Caused by: org.springframework.data.redis.connection.PoolException: Could not get a resource from the pool
	at org.springframework.data.redis.connection.lettuce.LettucePoolingConnectionProvider.getConnection(LettucePoolingConnectionProvider.java:104)
	at org.springframework.data.redis.connection.lettuce.LettuceConnectionFactory$ExceptionTranslatingConnectionProvider.getConnection(LettuceConnectionFactory.java:1533)
	... 106 common frames omitted
Caused by: io.lettuce.core.RedisConnectionException: Unable to connect to localhost/<unresolved>:6379
	at io.lettuce.core.RedisConnectionException.create(RedisConnectionException.java:78)
	at io.lettuce.core.RedisConnectionException.create(RedisConnectionException.java:56)
	at io.lettuce.core.AbstractRedisClient.getConnection(AbstractRedisClient.java:350)
	at io.lettuce.core.RedisClient.connect(RedisClient.java:216)
	at org.springframework.data.redis.connection.lettuce.StandaloneConnectionProvider.lambda$getConnection$1(StandaloneConnectionProvider.java:112)
	at java.base/java.util.Optional.orElseGet(Optional.java:364)
	at org.springframework.data.redis.connection.lettuce.StandaloneConnectionProvider.getConnection(StandaloneConnectionProvider.java:112)
	at org.springframework.data.redis.connection.lettuce.LettucePoolingConnectionProvider.lambda$getConnection$0(LettucePoolingConnectionProvider.java:93)
	at io.lettuce.core.support.ConnectionPoolSupport$RedisPooledObjectFactory.create(ConnectionPoolSupport.java:211)
	at io.lettuce.core.support.ConnectionPoolSupport$RedisPooledObjectFactory.create(ConnectionPoolSupport.java:201)
	at org.apache.commons.pool2.BasePooledObjectFactory.makeObject(BasePooledObjectFactory.java:70)
	at org.apache.commons.pool2.impl.GenericObjectPool.create(GenericObjectPool.java:571)
	at org.apache.commons.pool2.impl.GenericObjectPool.borrowObject(GenericObjectPool.java:298)
	at org.apache.commons.pool2.impl.GenericObjectPool.borrowObject(GenericObjectPool.java:223)
	at io.lettuce.core.support.ConnectionPoolSupport$1.borrowObject(ConnectionPoolSupport.java:122)
	at io.lettuce.core.support.ConnectionPoolSupport$1.borrowObject(ConnectionPoolSupport.java:117)
	at org.springframework.data.redis.connection.lettuce.LettucePoolingConnectionProvider.getConnection(LettucePoolingConnectionProvider.java:99)
	... 107 common frames omitted
Caused by: io.lettuce.core.RedisCommandExecutionException: NOAUTH HELLO must be called with the client already authenticated, otherwise the HELLO <proto> AUTH <user> <pass> option can be used to authenticate the client and select the RESP protocol version at the same time
	at io.lettuce.core.internal.ExceptionFactory.createExecutionException(ExceptionFactory.java:147)
	at io.lettuce.core.internal.ExceptionFactory.createExecutionException(ExceptionFactory.java:116)
	at io.lettuce.core.protocol.AsyncCommand.completeResult(AsyncCommand.java:120)
	at io.lettuce.core.protocol.AsyncCommand.complete(AsyncCommand.java:111)
	at io.lettuce.core.protocol.CommandWrapper.complete(CommandWrapper.java:63)
	at io.lettuce.core.protocol.CommandHandler.complete(CommandHandler.java:746)
	at io.lettuce.core.protocol.CommandHandler.decode(CommandHandler.java:681)
	at io.lettuce.core.protocol.CommandHandler.channelRead(CommandHandler.java:598)
	at io.netty.channel.AbstractChannelHandlerContext.invokeChannelRead(AbstractChannelHandlerContext.java:442)
	at io.netty.channel.AbstractChannelHandlerContext.invokeChannelRead(AbstractChannelHandlerContext.java:420)
	at io.netty.channel.AbstractChannelHandlerContext.fireChannelRead(AbstractChannelHandlerContext.java:412)
	at io.netty.channel.DefaultChannelPipeline$HeadContext.channelRead(DefaultChannelPipeline.java:1410)
	at io.netty.channel.AbstractChannelHandlerContext.invokeChannelRead(AbstractChannelHandlerContext.java:440)
	at io.netty.channel.AbstractChannelHandlerContext.invokeChannelRead(AbstractChannelHandlerContext.java:420)
	at io.netty.channel.DefaultChannelPipeline.fireChannelRead(DefaultChannelPipeline.java:919)
	at io.netty.channel.nio.AbstractNioByteChannel$NioByteUnsafe.read(AbstractNioByteChannel.java:166)
	at io.netty.channel.nio.NioEventLoop.processSelectedKey(NioEventLoop.java:788)
	at io.netty.channel.nio.NioEventLoop.processSelectedKeysOptimized(NioEventLoop.java:724)
	at io.netty.channel.nio.NioEventLoop.processSelectedKeys(NioEventLoop.java:650)
	at io.netty.channel.nio.NioEventLoop.run(NioEventLoop.java:562)
	at io.netty.util.concurrent.SingleThreadEventExecutor$4.run(SingleThreadEventExecutor.java:997)
	at io.netty.util.internal.ThreadExecutorMap$2.run(ThreadExecutorMap.java:74)
	at io.netty.util.concurrent.FastThreadLocalRunnable.run(FastThreadLocalRunnable.java:30)
	... 1 common frames omitted
19:32:19.804 [http-nio-8088-exec-1] INFO  c.e.l.s.d.handler.LogAspectHandler - 方法testRedisConnection执行完毕，返回参数为：false
19:32:19.804 [http-nio-8088-exec-1] INFO  c.e.l.s.d.handler.LogAspectHandler - 对返回参数进行业务上的增强：false增强版
19:32:19.804 [http-nio-8088-exec-1] INFO  c.e.l.s.d.handler.LogAspectHandler - ====doAfter方法进入了====
19:32:19.804 [http-nio-8088-exec-1] INFO  c.e.l.s.d.handler.LogAspectHandler - 方法testRedisConnection已经执行完
19:32:19.804 [http-nio-8088-exec-1] INFO  c.e.l.s.d.handler.LogAspectHandler - 方法testRedis执行完毕，返回参数为：false
19:32:19.804 [http-nio-8088-exec-1] INFO  c.e.l.s.d.handler.LogAspectHandler - 对返回参数进行业务上的增强：false增强版
19:32:19.805 [http-nio-8088-exec-1] INFO  c.e.l.s.d.handler.LogAspectHandler - ====doAfter方法进入了====
19:32:19.805 [http-nio-8088-exec-1] INFO  c.e.l.s.d.handler.LogAspectHandler - 方法testRedis已经执行完
19:32:19.835 [http-nio-8088-exec-1] INFO  c.e.l.s.d.c.I.MyInterceptor - 执行完方法之后进执行(Controller方法调用之后)，但是此时还没进行视图渲染
19:32:19.835 [http-nio-8088-exec-1] INFO  c.e.l.s.d.c.I.MyInterceptor - 整个请求都处理完咯，DispatcherServlet也渲染了对应的视图咯，此时我可以做一些清理的工作了
19:32:19.837 [http-nio-8088-exec-1] INFO  c.e.l.s.d.handler.LogAspectHandler - ====doBefore方法进入了====
19:32:19.837 [http-nio-8088-exec-1] INFO  c.e.l.s.d.handler.LogAspectHandler - 即将执行方法为: requestDestroyed，属于com.example.lyc.springboot.demo.listener.MyServletRequestListener包
19:32:19.837 [http-nio-8088-exec-1] INFO  c.e.l.s.d.handler.LogAspectHandler - Not in a request context
19:32:19.837 [http-nio-8088-exec-1] INFO  c.e.l.s.d.l.MyServletRequestListener - request end
19:32:19.837 [http-nio-8088-exec-1] INFO  c.e.l.s.d.l.MyServletRequestListener - request域中保存的name值为：测试自定义事件监听器
19:32:19.838 [http-nio-8088-exec-1] INFO  c.e.l.s.d.handler.LogAspectHandler - 方法requestDestroyed执行完毕，但返回参数为 null
19:32:19.838 [http-nio-8088-exec-1] INFO  c.e.l.s.d.handler.LogAspectHandler - ====doAfter方法进入了====
19:32:19.838 [http-nio-8088-exec-1] INFO  c.e.l.s.d.handler.LogAspectHandler - 方法requestDestroyed已经执行完
19:32:31.080 [Apollo-RemoteConfigLongPollService-1] WARN  c.c.f.a.i.RemoteConfigLongPollService - Long polling failed, will retry in 32 seconds. appId: platform, cluster: default, namespaces: application+message+sensitive-config, long polling url: null, reason: Get config services failed from http://meta.apollo.xxx.cn/services/config?appId=platform&ip=10.224.0.20 [Cause: Could not complete get operation [Cause: meta.apollo.xxx.cn]]
19:33:05.093 [Apollo-RemoteConfigLongPollService-1] WARN  c.c.f.a.i.RemoteConfigLongPollService - Long polling failed, will retry in 64 seconds. appId: platform, cluster: default, namespaces: application+message+sensitive-config, long polling url: null, reason: Get config services failed from http://meta.apollo.xxx.cn/services/config?appId=platform&ip=10.224.0.20 [Cause: Could not complete get operation [Cause: meta.apollo.xxx.cn]]
19:34:11.152 [Apollo-RemoteConfigLongPollService-1] WARN  c.c.f.a.i.RemoteConfigLongPollService - Long polling failed, will retry in 120 seconds. appId: platform, cluster: default, namespaces: application+message+sensitive-config, long polling url: null, reason: Get config services failed from http://meta.apollo.xxx.cn/services/config?appId=platform&ip=10.224.0.20 [Cause: Could not complete get operation [Cause: meta.apollo.xxx.cn]]
19:36:13.350 [Apollo-RemoteConfigLongPollService-1] WARN  c.c.f.a.i.RemoteConfigLongPollService - Long polling failed, will retry in 120 seconds. appId: platform, cluster: default, namespaces: application+message+sensitive-config, long polling url: null, reason: Get config services failed from http://meta.apollo.xxx.cn/services/config?appId=platform&ip=10.224.0.20 [Cause: Could not complete get operation [Cause: meta.apollo.xxx.cn]]
19:36:46.824 [Apollo-RemoteConfigRepository-1] WARN  c.c.f.a.i.AbstractConfigRepository - Sync config failed, will retry. Repository class com.ctrip.framework.apollo.internals.RemoteConfigRepository, reason: Get config services failed from http://meta.apollo.xxx.cn/services/config?appId=platform&ip=10.224.0.20 [Cause: Could not complete get operation [Cause: meta.apollo.xxx.cn]]
19:36:56.858 [Apollo-RemoteConfigRepository-1] WARN  c.c.f.a.i.AbstractConfigRepository - Sync config failed, will retry. Repository class com.ctrip.framework.apollo.internals.RemoteConfigRepository, reason: Get config services failed from http://meta.apollo.xxx.cn/services/config?appId=platform&ip=10.224.0.20 [Cause: Could not complete get operation [Cause: meta.apollo.xxx.cn]]
19:37:06.895 [Apollo-RemoteConfigRepository-1] WARN  c.c.f.a.i.AbstractConfigRepository - Sync config failed, will retry. Repository class com.ctrip.framework.apollo.internals.RemoteConfigRepository, reason: Get config services failed from http://meta.apollo.xxx.cn/services/config?appId=platform&ip=10.224.0.20 [Cause: Could not complete get operation [Cause: meta.apollo.xxx.cn]]
19:38:15.397 [Apollo-RemoteConfigLongPollService-1] WARN  c.c.f.a.i.RemoteConfigLongPollService - Long polling failed, will retry in 120 seconds. appId: platform, cluster: default, namespaces: application+message+sensitive-config, long polling url: null, reason: Get config services failed from http://meta.apollo.xxx.cn/services/config?appId=platform&ip=10.224.0.20 [Cause: Could not complete get operation [Cause: meta.apollo.xxx.cn]]
19:40:17.681 [Apollo-RemoteConfigLongPollService-1] WARN  c.c.f.a.i.RemoteConfigLongPollService - Long polling failed, will retry in 120 seconds. appId: platform, cluster: default, namespaces: application+message+sensitive-config, long polling url: null, reason: Get config services failed from http://meta.apollo.xxx.cn/services/config?appId=platform&ip=10.224.0.20 [Cause: Could not complete get operation [Cause: meta.apollo.xxx.cn]]
19:41:46.850 [Apollo-RemoteConfigRepository-1] WARN  c.c.f.a.i.AbstractConfigRepository - Sync config failed, will retry. Repository class com.ctrip.framework.apollo.internals.RemoteConfigRepository, reason: Get config services failed from http://meta.apollo.xxx.cn/services/config?appId=platform&ip=10.224.0.20 [Cause: Could not complete get operation [Cause: meta.apollo.xxx.cn]]
19:41:56.869 [Apollo-RemoteConfigRepository-1] WARN  c.c.f.a.i.AbstractConfigRepository - Sync config failed, will retry. Repository class com.ctrip.framework.apollo.internals.RemoteConfigRepository, reason: Get config services failed from http://meta.apollo.xxx.cn/services/config?appId=platform&ip=10.224.0.20 [Cause: Could not complete get operation [Cause: meta.apollo.xxx.cn]]
19:42:06.906 [Apollo-RemoteConfigRepository-1] WARN  c.c.f.a.i.AbstractConfigRepository - Sync config failed, will retry. Repository class com.ctrip.framework.apollo.internals.RemoteConfigRepository, reason: Get config services failed from http://meta.apollo.xxx.cn/services/config?appId=platform&ip=10.224.0.20 [Cause: Could not complete get operation [Cause: meta.apollo.xxx.cn]]
19:42:19.701 [Apollo-RemoteConfigLongPollService-1] WARN  c.c.f.a.i.RemoteConfigLongPollService - Long polling failed, will retry in 120 seconds. appId: platform, cluster: default, namespaces: application+message+sensitive-config, long polling url: null, reason: Get config services failed from http://meta.apollo.xxx.cn/services/config?appId=platform&ip=10.224.0.20 [Cause: Could not complete get operation [Cause: meta.apollo.xxx.cn]]
19:44:21.952 [Apollo-RemoteConfigLongPollService-1] WARN  c.c.f.a.i.RemoteConfigLongPollService - Long polling failed, will retry in 120 seconds. appId: platform, cluster: default, namespaces: application+message+sensitive-config, long polling url: null, reason: Get config services failed from http://meta.apollo.xxx.cn/services/config?appId=platform&ip=10.224.0.20 [Cause: Could not complete get operation [Cause: meta.apollo.xxx.cn]]
19:46:24.006 [Apollo-RemoteConfigLongPollService-1] WARN  c.c.f.a.i.RemoteConfigLongPollService - Long polling failed, will retry in 120 seconds. appId: platform, cluster: default, namespaces: application+message+sensitive-config, long polling url: null, reason: Get config services failed from http://meta.apollo.xxx.cn/services/config?appId=platform&ip=10.224.0.20 [Cause: Could not complete get operation [Cause: meta.apollo.xxx.cn]]
19:46:46.843 [Apollo-RemoteConfigRepository-1] WARN  c.c.f.a.i.AbstractConfigRepository - Sync config failed, will retry. Repository class com.ctrip.framework.apollo.internals.RemoteConfigRepository, reason: Get config services failed from http://meta.apollo.xxx.cn/services/config?appId=platform&ip=10.224.0.20 [Cause: Could not complete get operation [Cause: meta.apollo.xxx.cn]]
19:46:56.874 [Apollo-RemoteConfigRepository-1] WARN  c.c.f.a.i.AbstractConfigRepository - Sync config failed, will retry. Repository class com.ctrip.framework.apollo.internals.RemoteConfigRepository, reason: Get config services failed from http://meta.apollo.xxx.cn/services/config?appId=platform&ip=10.224.0.20 [Cause: Could not complete get operation [Cause: meta.apollo.xxx.cn]]
19:47:06.914 [Apollo-RemoteConfigRepository-1] WARN  c.c.f.a.i.AbstractConfigRepository - Sync config failed, will retry. Repository class com.ctrip.framework.apollo.internals.RemoteConfigRepository, reason: Get config services failed from http://meta.apollo.xxx.cn/services/config?appId=platform&ip=10.224.0.20 [Cause: Could not complete get operation [Cause: meta.apollo.xxx.cn]]
19:48:26.042 [Apollo-RemoteConfigLongPollService-1] WARN  c.c.f.a.i.RemoteConfigLongPollService - Long polling failed, will retry in 120 seconds. appId: platform, cluster: default, namespaces: application+message+sensitive-config, long polling url: null, reason: Get config services failed from http://meta.apollo.xxx.cn/services/config?appId=platform&ip=10.224.0.20 [Cause: Could not complete get operation [Cause: meta.apollo.xxx.cn]]
19:50:28.164 [Apollo-RemoteConfigLongPollService-1] WARN  c.c.f.a.i.RemoteConfigLongPollService - Long polling failed, will retry in 120 seconds. appId: platform, cluster: default, namespaces: application+message+sensitive-config, long polling url: null, reason: Get config services failed from http://meta.apollo.xxx.cn/services/config?appId=platform&ip=10.224.0.20 [Cause: Could not complete get operation [Cause: meta.apollo.xxx.cn]]
19:51:46.828 [Apollo-RemoteConfigRepository-1] WARN  c.c.f.a.i.AbstractConfigRepository - Sync config failed, will retry. Repository class com.ctrip.framework.apollo.internals.RemoteConfigRepository, reason: Get config services failed from http://meta.apollo.xxx.cn/services/config?appId=platform&ip=10.224.0.20 [Cause: Could not complete get operation [Cause: meta.apollo.xxx.cn]]
19:51:57.048 [Apollo-RemoteConfigRepository-1] WARN  c.c.f.a.i.AbstractConfigRepository - Sync config failed, will retry. Repository class com.ctrip.framework.apollo.internals.RemoteConfigRepository, reason: Get config services failed from http://meta.apollo.xxx.cn/services/config?appId=platform&ip=10.224.0.20 [Cause: Could not complete get operation [Cause: meta.apollo.xxx.cn]]
19:52:06.895 [Apollo-RemoteConfigRepository-1] WARN  c.c.f.a.i.AbstractConfigRepository - Sync config failed, will retry. Repository class com.ctrip.framework.apollo.internals.RemoteConfigRepository, reason: Get config services failed from http://meta.apollo.xxx.cn/services/config?appId=platform&ip=10.224.0.20 [Cause: Could not complete get operation [Cause: meta.apollo.xxx.cn]]
19:52:30.182 [Apollo-RemoteConfigLongPollService-1] WARN  c.c.f.a.i.RemoteConfigLongPollService - Long polling failed, will retry in 120 seconds. appId: platform, cluster: default, namespaces: application+message+sensitive-config, long polling url: null, reason: Get config services failed from http://meta.apollo.xxx.cn/services/config?appId=platform&ip=10.224.0.20 [Cause: Could not complete get operation [Cause: meta.apollo.xxx.cn]]
19:54:32.233 [Apollo-RemoteConfigLongPollService-1] WARN  c.c.f.a.i.RemoteConfigLongPollService - Long polling failed, will retry in 120 seconds. appId: platform, cluster: default, namespaces: application+message+sensitive-config, long polling url: null, reason: Get config services failed from http://meta.apollo.xxx.cn/services/config?appId=platform&ip=10.224.0.20 [Cause: Could not complete get operation [Cause: meta.apollo.xxx.cn]]
19:56:34.279 [Apollo-RemoteConfigLongPollService-1] WARN  c.c.f.a.i.RemoteConfigLongPollService - Long polling failed, will retry in 120 seconds. appId: platform, cluster: default, namespaces: application+message+sensitive-config, long polling url: null, reason: Get config services failed from http://meta.apollo.xxx.cn/services/config?appId=platform&ip=10.224.0.20 [Cause: Could not complete get operation [Cause: meta.apollo.xxx.cn]]
19:56:46.834 [Apollo-RemoteConfigRepository-1] WARN  c.c.f.a.i.AbstractConfigRepository - Sync config failed, will retry. Repository class com.ctrip.framework.apollo.internals.RemoteConfigRepository, reason: Get config services failed from http://meta.apollo.xxx.cn/services/config?appId=platform&ip=10.224.0.20 [Cause: Could not complete get operation [Cause: meta.apollo.xxx.cn]]
19:56:56.874 [Apollo-RemoteConfigRepository-1] WARN  c.c.f.a.i.AbstractConfigRepository - Sync config failed, will retry. Repository class com.ctrip.framework.apollo.internals.RemoteConfigRepository, reason: Get config services failed from http://meta.apollo.xxx.cn/services/config?appId=platform&ip=10.224.0.20 [Cause: Could not complete get operation [Cause: meta.apollo.xxx.cn]]
19:57:06.900 [Apollo-RemoteConfigRepository-1] WARN  c.c.f.a.i.AbstractConfigRepository - Sync config failed, will retry. Repository class com.ctrip.framework.apollo.internals.RemoteConfigRepository, reason: Get config services failed from http://meta.apollo.xxx.cn/services/config?appId=platform&ip=10.224.0.20 [Cause: Could not complete get operation [Cause: meta.apollo.xxx.cn]]
19:58:36.521 [Apollo-RemoteConfigLongPollService-1] WARN  c.c.f.a.i.RemoteConfigLongPollService - Long polling failed, will retry in 120 seconds. appId: platform, cluster: default, namespaces: application+message+sensitive-config, long polling url: null, reason: Get config services failed from http://meta.apollo.xxx.cn/services/config?appId=platform&ip=10.224.0.20 [Cause: Could not complete get operation [Cause: meta.apollo.xxx.cn]]
