20:00:25.327 [Apollo-RemoteConfigRepository-1] WARN  c.c.f.a.i.AbstractConfigRepository - Sync config failed, will retry. Repository class com.ctrip.framework.apollo.internals.RemoteConfigRepository, reason: Get config services failed from http://meta.apollo.xxx.cn/services/config?appId=platform&ip=10.224.0.20 [Cause: Could not complete get operation [Cause: Unexpected end of file from server]]
20:00:35.180 [Apollo-RemoteConfigRepository-1] WARN  c.c.f.a.i.AbstractConfigRepository - Sync config failed, will retry. Repository class com.ctrip.framework.apollo.internals.RemoteConfigRepository, reason: Get config services failed from http://meta.apollo.xxx.cn/services/config?appId=platform&ip=10.224.0.20 [Cause: Could not complete get operation [Cause: Unexpected end of file from server]]
20:00:45.047 [Apollo-RemoteConfigRepository-1] WARN  c.c.f.a.i.AbstractConfigRepository - Sync config failed, will retry. Repository class com.ctrip.framework.apollo.internals.RemoteConfigRepository, reason: Get config services failed from http://meta.apollo.xxx.cn/services/config?appId=platform&ip=10.224.0.20 [Cause: Could not complete get operation [Cause: Unexpected end of file from server]]
20:01:26.498 [Apollo-RemoteConfigLongPollService-1] WARN  c.c.f.a.i.RemoteConfigLongPollService - Long polling failed, will retry in 120 seconds. appId: platform, cluster: default, namespaces: application+message+sensitive-config, long polling url: null, reason: Get config services failed from http://meta.apollo.xxx.cn/services/config?appId=platform&ip=10.224.0.20 [Cause: Could not complete get operation [Cause: Unexpected end of file from server]]
20:03:28.956 [Apollo-RemoteConfigLongPollService-1] WARN  c.c.f.a.i.RemoteConfigLongPollService - Long polling failed, will retry in 120 seconds. appId: platform, cluster: default, namespaces: application+message+sensitive-config, long polling url: null, reason: Get config services failed from http://meta.apollo.xxx.cn/services/config?appId=platform&ip=10.224.0.20 [Cause: Could not complete get operation [Cause: Unexpected end of file from server]]
20:05:25.217 [Apollo-RemoteConfigRepository-1] WARN  c.c.f.a.i.AbstractConfigRepository - Sync config failed, will retry. Repository class com.ctrip.framework.apollo.internals.RemoteConfigRepository, reason: Get config services failed from http://meta.apollo.xxx.cn/services/config?appId=platform&ip=10.224.0.20 [Cause: Could not complete get operation [Cause: Unexpected end of file from server]]
20:05:31.450 [Apollo-RemoteConfigLongPollService-1] WARN  c.c.f.a.i.RemoteConfigLongPollService - Long polling failed, will retry in 120 seconds. appId: platform, cluster: default, namespaces: application+message+sensitive-config, long polling url: null, reason: Get config services failed from http://meta.apollo.xxx.cn/services/config?appId=platform&ip=10.224.0.20 [Cause: Could not complete get operation [Cause: Unexpected end of file from server]]
20:05:35.156 [Apollo-RemoteConfigRepository-1] WARN  c.c.f.a.i.AbstractConfigRepository - Sync config failed, will retry. Repository class com.ctrip.framework.apollo.internals.RemoteConfigRepository, reason: Get config services failed from http://meta.apollo.xxx.cn/services/config?appId=platform&ip=10.224.0.20 [Cause: Could not complete get operation [Cause: Unexpected end of file from server]]
20:05:45.030 [Apollo-RemoteConfigRepository-1] WARN  c.c.f.a.i.AbstractConfigRepository - Sync config failed, will retry. Repository class com.ctrip.framework.apollo.internals.RemoteConfigRepository, reason: Get config services failed from http://meta.apollo.xxx.cn/services/config?appId=platform&ip=10.224.0.20 [Cause: Could not complete get operation [Cause: Unexpected end of file from server]]
20:07:34.072 [Apollo-RemoteConfigLongPollService-1] WARN  c.c.f.a.i.RemoteConfigLongPollService - Long polling failed, will retry in 120 seconds. appId: platform, cluster: default, namespaces: application+message+sensitive-config, long polling url: null, reason: Get config services failed from http://meta.apollo.xxx.cn/services/config?appId=platform&ip=10.224.0.20 [Cause: Could not complete get operation [Cause: Unexpected end of file from server]]
20:09:36.899 [Apollo-RemoteConfigLongPollService-1] WARN  c.c.f.a.i.RemoteConfigLongPollService - Long polling failed, will retry in 120 seconds. appId: platform, cluster: default, namespaces: application+message+sensitive-config, long polling url: null, reason: Get config services failed from http://meta.apollo.xxx.cn/services/config?appId=platform&ip=10.224.0.20 [Cause: Could not complete get operation [Cause: Unexpected end of file from server]]
20:10:25.196 [Apollo-RemoteConfigRepository-1] WARN  c.c.f.a.i.AbstractConfigRepository - Sync config failed, will retry. Repository class com.ctrip.framework.apollo.internals.RemoteConfigRepository, reason: Get config services failed from http://meta.apollo.xxx.cn/services/config?appId=platform&ip=10.224.0.20 [Cause: Could not complete get operation [Cause: Unexpected end of file from server]]
20:10:35.174 [Apollo-RemoteConfigRepository-1] WARN  c.c.f.a.i.AbstractConfigRepository - Sync config failed, will retry. Repository class com.ctrip.framework.apollo.internals.RemoteConfigRepository, reason: Get config services failed from http://meta.apollo.xxx.cn/services/config?appId=platform&ip=10.224.0.20 [Cause: Could not complete get operation [Cause: Unexpected end of file from server]]
20:10:45.007 [Apollo-RemoteConfigRepository-1] WARN  c.c.f.a.i.AbstractConfigRepository - Sync config failed, will retry. Repository class com.ctrip.framework.apollo.internals.RemoteConfigRepository, reason: Get config services failed from http://meta.apollo.xxx.cn/services/config?appId=platform&ip=10.224.0.20 [Cause: Could not complete get operation [Cause: Unexpected end of file from server]]
20:11:39.311 [Apollo-RemoteConfigLongPollService-1] WARN  c.c.f.a.i.RemoteConfigLongPollService - Long polling failed, will retry in 120 seconds. appId: platform, cluster: default, namespaces: application+message+sensitive-config, long polling url: null, reason: Get config services failed from http://meta.apollo.xxx.cn/services/config?appId=platform&ip=10.224.0.20 [Cause: Could not complete get operation [Cause: Unexpected end of file from server]]
20:13:41.816 [Apollo-RemoteConfigLongPollService-1] WARN  c.c.f.a.i.RemoteConfigLongPollService - Long polling failed, will retry in 120 seconds. appId: platform, cluster: default, namespaces: application+message+sensitive-config, long polling url: null, reason: Get config services failed from http://meta.apollo.xxx.cn/services/config?appId=platform&ip=10.224.0.20 [Cause: Could not complete get operation [Cause: Unexpected end of file from server]]
20:15:28.479 [Apollo-RemoteConfigRepository-1] WARN  c.c.f.a.i.AbstractConfigRepository - Sync config failed, will retry. Repository class com.ctrip.framework.apollo.internals.RemoteConfigRepository, reason: Get config services failed from http://meta.apollo.xxx.cn/services/config?appId=platform&ip=10.224.0.20 [Cause: Could not complete get operation [Cause: Unexpected end of file from server]]
20:15:35.079 [Apollo-RemoteConfigRepository-1] WARN  c.c.f.a.i.AbstractConfigRepository - Sync config failed, will retry. Repository class com.ctrip.framework.apollo.internals.RemoteConfigRepository, reason: Get config services failed from http://meta.apollo.xxx.cn/services/config?appId=platform&ip=10.224.0.20 [Cause: Could not complete get operation [Cause: Unexpected end of file from server]]
20:15:44.187 [Apollo-RemoteConfigLongPollService-1] WARN  c.c.f.a.i.RemoteConfigLongPollService - Long polling failed, will retry in 120 seconds. appId: platform, cluster: default, namespaces: application+message+sensitive-config, long polling url: null, reason: Get config services failed from http://meta.apollo.xxx.cn/services/config?appId=platform&ip=10.224.0.20 [Cause: Could not complete get operation [Cause: Unexpected end of file from server]]
20:15:46.777 [Apollo-RemoteConfigRepository-1] WARN  c.c.f.a.i.AbstractConfigRepository - Sync config failed, will retry. Repository class com.ctrip.framework.apollo.internals.RemoteConfigRepository, reason: Get config services failed from http://meta.apollo.xxx.cn/services/config?appId=platform&ip=10.224.0.20 [Cause: Could not complete get operation [Cause: Unexpected end of file from server]]
20:17:46.614 [Apollo-RemoteConfigLongPollService-1] WARN  c.c.f.a.i.RemoteConfigLongPollService - Long polling failed, will retry in 120 seconds. appId: platform, cluster: default, namespaces: application+message+sensitive-config, long polling url: null, reason: Get config services failed from http://meta.apollo.xxx.cn/services/config?appId=platform&ip=10.224.0.20 [Cause: Could not complete get operation [Cause: Unexpected end of file from server]]
20:19:49.416 [Apollo-RemoteConfigLongPollService-1] WARN  c.c.f.a.i.RemoteConfigLongPollService - Long polling failed, will retry in 120 seconds. appId: platform, cluster: default, namespaces: application+message+sensitive-config, long polling url: null, reason: Get config services failed from http://meta.apollo.xxx.cn/services/config?appId=platform&ip=10.224.0.20 [Cause: Could not complete get operation [Cause: Unexpected end of file from server]]
20:20:25.323 [Apollo-RemoteConfigRepository-1] WARN  c.c.f.a.i.AbstractConfigRepository - Sync config failed, will retry. Repository class com.ctrip.framework.apollo.internals.RemoteConfigRepository, reason: Get config services failed from http://meta.apollo.xxx.cn/services/config?appId=platform&ip=10.224.0.20 [Cause: Could not complete get operation [Cause: Unexpected end of file from server]]
20:20:35.209 [Apollo-RemoteConfigRepository-1] WARN  c.c.f.a.i.AbstractConfigRepository - Sync config failed, will retry. Repository class com.ctrip.framework.apollo.internals.RemoteConfigRepository, reason: Get config services failed from http://meta.apollo.xxx.cn/services/config?appId=platform&ip=10.224.0.20 [Cause: Could not complete get operation [Cause: Unexpected end of file from server]]
20:20:45.186 [Apollo-RemoteConfigRepository-1] WARN  c.c.f.a.i.AbstractConfigRepository - Sync config failed, will retry. Repository class com.ctrip.framework.apollo.internals.RemoteConfigRepository, reason: Get config services failed from http://meta.apollo.xxx.cn/services/config?appId=platform&ip=10.224.0.20 [Cause: Could not complete get operation [Cause: Unexpected end of file from server]]
20:21:51.881 [Apollo-RemoteConfigLongPollService-1] WARN  c.c.f.a.i.RemoteConfigLongPollService - Long polling failed, will retry in 120 seconds. appId: platform, cluster: default, namespaces: application+message+sensitive-config, long polling url: null, reason: Get config services failed from http://meta.apollo.xxx.cn/services/config?appId=platform&ip=10.224.0.20 [Cause: Could not complete get operation [Cause: Unexpected end of file from server]]
20:23:54.481 [Apollo-RemoteConfigLongPollService-1] WARN  c.c.f.a.i.RemoteConfigLongPollService - Long polling failed, will retry in 120 seconds. appId: platform, cluster: default, namespaces: application+message+sensitive-config, long polling url: null, reason: Get config services failed from http://meta.apollo.xxx.cn/services/config?appId=platform&ip=10.224.0.20 [Cause: Could not complete get operation [Cause: Unexpected end of file from server]]
20:25:25.627 [Apollo-RemoteConfigRepository-1] WARN  c.c.f.a.i.AbstractConfigRepository - Sync config failed, will retry. Repository class com.ctrip.framework.apollo.internals.RemoteConfigRepository, reason: Get config services failed from http://meta.apollo.xxx.cn/services/config?appId=platform&ip=10.224.0.20 [Cause: Could not complete get operation [Cause: Unexpected end of file from server]]
20:25:34.606 [Thread-9] INFO  o.a.coyote.http11.Http11NioProtocol - Pausing ProtocolHandler ["http-nio-8088"]
20:25:34.607 [Thread-9] INFO  o.a.catalina.core.StandardService - Stopping service [Tomcat]
20:25:34.649 [Thread-9] INFO  o.a.c.c.C.[Tomcat].[localhost].[/] - Destroying Spring FrameworkServlet 'dispatcherServlet'
20:25:34.726 [Thread-9] INFO  o.a.coyote.http11.Http11NioProtocol - Stopping ProtocolHandler ["http-nio-8088"]
20:25:34.894 [Thread-9] INFO  o.a.coyote.http11.Http11NioProtocol - Destroying ProtocolHandler ["http-nio-8088"]
20:25:35.564 [Apollo-RemoteConfigRepository-1] WARN  c.c.f.a.i.AbstractConfigRepository - Sync config failed, will retry. Repository class com.ctrip.framework.apollo.internals.RemoteConfigRepository, reason: Get config services failed from http://meta.apollo.xxx.cn/services/config?appId=platform&ip=10.224.0.20 [Cause: Could not complete get operation [Cause: Unexpected end of file from server]]
20:25:35.760 [restartedMain] INFO  c.e.lyc.springboot.demo.Application - Starting Application using Java 17.0.1 with PID 24847 (/Users/liyinchi/workspace/java/lyc.springboot.demo/target/classes started by liyinchi in /Users/liyinchi/workspace/java/lyc.springboot.demo)
20:25:35.760 [restartedMain] DEBUG c.e.lyc.springboot.demo.Application - Running with Spring Boot v3.1.2, Spring v6.0.11
20:25:35.760 [restartedMain] INFO  c.e.lyc.springboot.demo.Application - The following 1 profile is active: "dev"
20:25:36.937 [restartedMain] INFO  o.a.coyote.http11.Http11NioProtocol - Initializing ProtocolHandler ["http-nio-8088"]
20:25:36.938 [restartedMain] INFO  o.a.catalina.core.StandardService - Starting service [Tomcat]
20:25:36.938 [restartedMain] INFO  o.a.catalina.core.StandardEngine - Starting Servlet engine: [Apache Tomcat/10.1.12]
20:25:36.968 [restartedMain] INFO  o.a.c.c.C.[Tomcat].[localhost].[/] - Initializing Spring embedded WebApplicationContext
20:25:37.176 [restartedMain] INFO  c.e.l.s.d.handler.LogAspectHandler - ====doBefore方法进入了====
20:25:37.176 [restartedMain] INFO  c.e.l.s.d.handler.LogAspectHandler - 即将执行方法为: queue，属于com.example.lyc.springboot.demo.config.ActiveMqConfig包
20:25:37.176 [restartedMain] INFO  c.e.l.s.d.handler.LogAspectHandler - Not in a request context
20:25:37.176 [restartedMain] INFO  c.e.l.s.d.handler.LogAspectHandler - 方法queue执行完毕，返回参数为：queue://activemq.queue
20:25:37.177 [restartedMain] INFO  c.e.l.s.d.handler.LogAspectHandler - 对返回参数进行业务上的增强：queue://activemq.queue增强版
20:25:37.177 [restartedMain] INFO  c.e.l.s.d.handler.LogAspectHandler - ====doAfter方法进入了====
20:25:37.177 [restartedMain] INFO  c.e.l.s.d.handler.LogAspectHandler - 方法queue已经执行完
20:25:37.209 [restartedMain] INFO  c.c.f.a.s.a.SpringValueProcessor - Monitoring key: microservice.url.orderUrl, beanName: jsonController, field: com.example.lyc.springboot.demo.controller.JsonController.orderUrl
20:25:37.361 [restartedMain] INFO  c.e.l.s.demo.service.RedisService - redis port: 6379
20:25:37.530 [restartedMain] INFO  c.e.l.s.d.handler.LogAspectHandler - ====doBefore方法进入了====
20:25:37.531 [restartedMain] INFO  c.e.l.s.d.handler.LogAspectHandler - 即将执行方法为: userService，属于com.example.lyc.springboot.demo.config.AppConfig包
20:25:37.531 [restartedMain] INFO  c.e.l.s.d.handler.LogAspectHandler - Not in a request context
20:25:37.531 [restartedMain] INFO  c.e.l.s.d.handler.LogAspectHandler - 方法userService执行完毕，返回参数为：com.example.lyc.springboot.demo.serviceImpl.UserServiceImpl@4e956c59
20:25:37.531 [restartedMain] INFO  c.e.l.s.d.handler.LogAspectHandler - 对返回参数进行业务上的增强：com.example.lyc.springboot.demo.serviceImpl.UserServiceImpl@4e956c59增强版
20:25:37.531 [restartedMain] INFO  c.e.l.s.d.handler.LogAspectHandler - ====doAfter方法进入了====
20:25:37.532 [restartedMain] INFO  c.e.l.s.d.handler.LogAspectHandler - 方法userService已经执行完
20:25:37.565 [restartedMain] INFO  c.e.l.s.d.handler.LogAspectHandler - ====doBefore方法进入了====
20:25:37.565 [restartedMain] INFO  c.e.l.s.d.handler.LogAspectHandler - 即将执行方法为: topic，属于com.example.lyc.springboot.demo.config.ActiveMqConfig包
20:25:37.565 [restartedMain] INFO  c.e.l.s.d.handler.LogAspectHandler - Not in a request context
20:25:37.565 [restartedMain] INFO  c.e.l.s.d.handler.LogAspectHandler - 方法topic执行完毕，返回参数为：topic://activemq.topic
20:25:37.565 [restartedMain] INFO  c.e.l.s.d.handler.LogAspectHandler - 对返回参数进行业务上的增强：topic://activemq.topic增强版
20:25:37.566 [restartedMain] INFO  c.e.l.s.d.handler.LogAspectHandler - ====doAfter方法进入了====
20:25:37.566 [restartedMain] INFO  c.e.l.s.d.handler.LogAspectHandler - 方法topic已经执行完
20:25:37.571 [restartedMain] INFO  c.e.l.s.d.handler.LogAspectHandler - ====doBefore方法进入了====
20:25:37.572 [restartedMain] INFO  c.e.l.s.d.handler.LogAspectHandler - 即将执行方法为: modelMapper，属于com.example.lyc.springboot.demo.config.AppConfig包
20:25:37.572 [restartedMain] INFO  c.e.l.s.d.handler.LogAspectHandler - Not in a request context
20:25:37.573 [restartedMain] INFO  c.e.l.s.d.handler.LogAspectHandler - 方法modelMapper执行完毕，返回参数为：org.modelmapper.ModelMapper@55654e10
20:25:37.574 [restartedMain] INFO  c.e.l.s.d.handler.LogAspectHandler - 对返回参数进行业务上的增强：org.modelmapper.ModelMapper@55654e10增强版
20:25:37.574 [restartedMain] INFO  c.e.l.s.d.handler.LogAspectHandler - ====doAfter方法进入了====
20:25:37.574 [restartedMain] INFO  c.e.l.s.d.handler.LogAspectHandler - 方法modelMapper已经执行完
20:25:37.808 [restartedMain] INFO  c.e.l.s.d.handler.LogAspectHandler - ====doBefore方法进入了====
20:25:37.808 [restartedMain] INFO  c.e.l.s.d.handler.LogAspectHandler - 即将执行方法为: publicApi，属于com.example.lyc.springboot.demo.config.SwaggerConfig包
20:25:37.808 [restartedMain] INFO  c.e.l.s.d.handler.LogAspectHandler - Not in a request context
20:25:37.809 [restartedMain] INFO  c.e.l.s.d.handler.LogAspectHandler - 方法publicApi执行完毕，返回参数为：org.springdoc.core.models.GroupedOpenApi@241bd734
20:25:37.809 [restartedMain] INFO  c.e.l.s.d.handler.LogAspectHandler - 对返回参数进行业务上的增强：org.springdoc.core.models.GroupedOpenApi@241bd734增强版
20:25:37.809 [restartedMain] INFO  c.e.l.s.d.handler.LogAspectHandler - ====doAfter方法进入了====
20:25:37.809 [restartedMain] INFO  c.e.l.s.d.handler.LogAspectHandler - 方法publicApi已经执行完
20:25:37.813 [restartedMain] INFO  c.e.l.s.d.handler.LogAspectHandler - ====doBefore方法进入了====
20:25:37.813 [restartedMain] INFO  c.e.l.s.d.handler.LogAspectHandler - 即将执行方法为: privateApi，属于com.example.lyc.springboot.demo.config.SwaggerConfig包
20:25:37.813 [restartedMain] INFO  c.e.l.s.d.handler.LogAspectHandler - Not in a request context
20:25:37.813 [restartedMain] INFO  c.e.l.s.d.handler.LogAspectHandler - 方法privateApi执行完毕，返回参数为：org.springdoc.core.models.GroupedOpenApi@68c1ed90
20:25:37.813 [restartedMain] INFO  c.e.l.s.d.handler.LogAspectHandler - 对返回参数进行业务上的增强：org.springdoc.core.models.GroupedOpenApi@68c1ed90增强版
20:25:37.813 [restartedMain] INFO  c.e.l.s.d.handler.LogAspectHandler - ====doAfter方法进入了====
20:25:37.813 [restartedMain] INFO  c.e.l.s.d.handler.LogAspectHandler - 方法privateApi已经执行完
20:25:38.058 [restartedMain] INFO  c.c.f.a.s.a.SpringValueProcessor - Monitoring key: spring.mvc.servlet.path, beanName: swaggerWelcome, field: org.springdoc.webmvc.ui.SwaggerWelcomeWebMvc.mvcServletPath
20:25:38.502 [restartedMain] WARN  o.s.b.a.t.ThymeleafAutoConfiguration$DefaultTemplateResolverConfiguration - Cannot find template location: classpath:/templates/ (please add some templates, check your Thymeleaf configuration, or set spring.thymeleaf.check-template-location=false)
20:25:38.588 [restartedMain] INFO  o.a.coyote.http11.Http11NioProtocol - Starting ProtocolHandler ["http-nio-8088"]
20:25:38.677 [restartedMain] INFO  c.e.lyc.springboot.demo.Application - Started Application in 3.05 seconds (process running for 9923.413)
20:25:38.702 [restartedMain] INFO  c.e.l.s.d.handler.LogAspectHandler - ====doBefore方法进入了====
20:25:38.703 [restartedMain] INFO  c.e.l.s.d.handler.LogAspectHandler - 即将执行方法为: onApplicationEvent，属于com.example.lyc.springboot.demo.listener.MyListener包
20:25:38.703 [restartedMain] INFO  c.e.l.s.d.handler.LogAspectHandler - Not in a request context
20:25:38.703 [restartedMain] DEBUG c.e.l.s.demo.listener.MyListener - 应用已启动完成
20:25:38.703 [restartedMain] INFO  c.e.l.s.d.handler.LogAspectHandler - 方法onApplicationEvent执行完毕，但返回参数为 null
20:25:38.703 [restartedMain] INFO  c.e.l.s.d.handler.LogAspectHandler - ====doAfter方法进入了====
20:25:38.703 [restartedMain] INFO  c.e.l.s.d.handler.LogAspectHandler - 方法onApplicationEvent已经执行完
20:25:45.255 [Apollo-RemoteConfigRepository-1] WARN  c.c.f.a.i.AbstractConfigRepository - Sync config failed, will retry. Repository class com.ctrip.framework.apollo.internals.RemoteConfigRepository, reason: Get config services failed from http://meta.apollo.xxx.cn/services/config?appId=platform&ip=10.224.0.20 [Cause: Could not complete get operation [Cause: Unexpected end of file from server]]
20:25:45.716 [Thread-15] INFO  o.a.coyote.http11.Http11NioProtocol - Pausing ProtocolHandler ["http-nio-8088"]
20:25:45.716 [Thread-15] INFO  o.a.catalina.core.StandardService - Stopping service [Tomcat]
20:25:45.717 [Thread-15] INFO  o.a.coyote.http11.Http11NioProtocol - Stopping ProtocolHandler ["http-nio-8088"]
20:25:45.722 [Thread-15] INFO  o.a.coyote.http11.Http11NioProtocol - Destroying ProtocolHandler ["http-nio-8088"]
20:25:45.941 [restartedMain] INFO  c.e.lyc.springboot.demo.Application - Starting Application using Java 17.0.1 with PID 24847 (/Users/liyinchi/workspace/java/lyc.springboot.demo/target/classes started by liyinchi in /Users/liyinchi/workspace/java/lyc.springboot.demo)
20:25:45.941 [restartedMain] DEBUG c.e.lyc.springboot.demo.Application - Running with Spring Boot v3.1.2, Spring v6.0.11
20:25:45.941 [restartedMain] INFO  c.e.lyc.springboot.demo.Application - The following 1 profile is active: "dev"
20:25:46.429 [restartedMain] INFO  o.a.coyote.http11.Http11NioProtocol - Initializing ProtocolHandler ["http-nio-8088"]
20:25:46.430 [restartedMain] INFO  o.a.catalina.core.StandardService - Starting service [Tomcat]
20:25:46.430 [restartedMain] INFO  o.a.catalina.core.StandardEngine - Starting Servlet engine: [Apache Tomcat/10.1.12]
20:25:46.447 [restartedMain] INFO  o.a.c.c.C.[Tomcat].[localhost].[/] - Initializing Spring embedded WebApplicationContext
20:25:46.587 [restartedMain] INFO  c.e.l.s.d.handler.LogAspectHandler - ====doBefore方法进入了====
20:25:46.587 [restartedMain] INFO  c.e.l.s.d.handler.LogAspectHandler - 即将执行方法为: queue，属于com.example.lyc.springboot.demo.config.ActiveMqConfig包
20:25:46.587 [restartedMain] INFO  c.e.l.s.d.handler.LogAspectHandler - Not in a request context
20:25:46.587 [restartedMain] INFO  c.e.l.s.d.handler.LogAspectHandler - 方法queue执行完毕，返回参数为：queue://activemq.queue
20:25:46.587 [restartedMain] INFO  c.e.l.s.d.handler.LogAspectHandler - 对返回参数进行业务上的增强：queue://activemq.queue增强版
20:25:46.587 [restartedMain] INFO  c.e.l.s.d.handler.LogAspectHandler - ====doAfter方法进入了====
20:25:46.588 [restartedMain] INFO  c.e.l.s.d.handler.LogAspectHandler - 方法queue已经执行完
20:25:46.611 [restartedMain] INFO  c.c.f.a.s.a.SpringValueProcessor - Monitoring key: microservice.url.orderUrl, beanName: jsonController, field: com.example.lyc.springboot.demo.controller.JsonController.orderUrl
20:25:46.713 [restartedMain] INFO  c.e.l.s.demo.service.RedisService - redis port: 6379
20:25:46.818 [restartedMain] INFO  c.e.l.s.d.handler.LogAspectHandler - ====doBefore方法进入了====
20:25:46.818 [restartedMain] INFO  c.e.l.s.d.handler.LogAspectHandler - 即将执行方法为: userService，属于com.example.lyc.springboot.demo.config.AppConfig包
20:25:46.818 [restartedMain] INFO  c.e.l.s.d.handler.LogAspectHandler - Not in a request context
20:25:46.818 [restartedMain] INFO  c.e.l.s.d.handler.LogAspectHandler - 方法userService执行完毕，返回参数为：com.example.lyc.springboot.demo.serviceImpl.UserServiceImpl@d89e4c7
20:25:46.819 [restartedMain] INFO  c.e.l.s.d.handler.LogAspectHandler - 对返回参数进行业务上的增强：com.example.lyc.springboot.demo.serviceImpl.UserServiceImpl@d89e4c7增强版
20:25:46.819 [restartedMain] INFO  c.e.l.s.d.handler.LogAspectHandler - ====doAfter方法进入了====
20:25:46.819 [restartedMain] INFO  c.e.l.s.d.handler.LogAspectHandler - 方法userService已经执行完
20:25:46.853 [restartedMain] INFO  c.e.l.s.d.handler.LogAspectHandler - ====doBefore方法进入了====
20:25:46.853 [restartedMain] INFO  c.e.l.s.d.handler.LogAspectHandler - 即将执行方法为: topic，属于com.example.lyc.springboot.demo.config.ActiveMqConfig包
20:25:46.853 [restartedMain] INFO  c.e.l.s.d.handler.LogAspectHandler - Not in a request context
20:25:46.853 [restartedMain] INFO  c.e.l.s.d.handler.LogAspectHandler - 方法topic执行完毕，返回参数为：topic://activemq.topic
20:25:46.854 [restartedMain] INFO  c.e.l.s.d.handler.LogAspectHandler - 对返回参数进行业务上的增强：topic://activemq.topic增强版
20:25:46.854 [restartedMain] INFO  c.e.l.s.d.handler.LogAspectHandler - ====doAfter方法进入了====
20:25:46.854 [restartedMain] INFO  c.e.l.s.d.handler.LogAspectHandler - 方法topic已经执行完
20:25:46.857 [restartedMain] INFO  c.e.l.s.d.handler.LogAspectHandler - ====doBefore方法进入了====
20:25:46.857 [restartedMain] INFO  c.e.l.s.d.handler.LogAspectHandler - 即将执行方法为: modelMapper，属于com.example.lyc.springboot.demo.config.AppConfig包
20:25:46.857 [restartedMain] INFO  c.e.l.s.d.handler.LogAspectHandler - Not in a request context
20:25:46.857 [restartedMain] INFO  c.e.l.s.d.handler.LogAspectHandler - 方法modelMapper执行完毕，返回参数为：org.modelmapper.ModelMapper@697de7a
20:25:46.857 [restartedMain] INFO  c.e.l.s.d.handler.LogAspectHandler - 对返回参数进行业务上的增强：org.modelmapper.ModelMapper@697de7a增强版
20:25:46.857 [restartedMain] INFO  c.e.l.s.d.handler.LogAspectHandler - ====doAfter方法进入了====
20:25:46.857 [restartedMain] INFO  c.e.l.s.d.handler.LogAspectHandler - 方法modelMapper已经执行完
20:25:47.013 [restartedMain] INFO  c.e.l.s.d.handler.LogAspectHandler - ====doBefore方法进入了====
20:25:47.014 [restartedMain] INFO  c.e.l.s.d.handler.LogAspectHandler - 即将执行方法为: publicApi，属于com.example.lyc.springboot.demo.config.SwaggerConfig包
20:25:47.014 [restartedMain] INFO  c.e.l.s.d.handler.LogAspectHandler - Not in a request context
20:25:47.014 [restartedMain] INFO  c.e.l.s.d.handler.LogAspectHandler - 方法publicApi执行完毕，返回参数为：org.springdoc.core.models.GroupedOpenApi@41c88970
20:25:47.014 [restartedMain] INFO  c.e.l.s.d.handler.LogAspectHandler - 对返回参数进行业务上的增强：org.springdoc.core.models.GroupedOpenApi@41c88970增强版
20:25:47.014 [restartedMain] INFO  c.e.l.s.d.handler.LogAspectHandler - ====doAfter方法进入了====
20:25:47.014 [restartedMain] INFO  c.e.l.s.d.handler.LogAspectHandler - 方法publicApi已经执行完
20:25:47.015 [restartedMain] INFO  c.e.l.s.d.handler.LogAspectHandler - ====doBefore方法进入了====
20:25:47.015 [restartedMain] INFO  c.e.l.s.d.handler.LogAspectHandler - 即将执行方法为: privateApi，属于com.example.lyc.springboot.demo.config.SwaggerConfig包
20:25:47.015 [restartedMain] INFO  c.e.l.s.d.handler.LogAspectHandler - Not in a request context
20:25:47.015 [restartedMain] INFO  c.e.l.s.d.handler.LogAspectHandler - 方法privateApi执行完毕，返回参数为：org.springdoc.core.models.GroupedOpenApi@4ec7cf73
20:25:47.015 [restartedMain] INFO  c.e.l.s.d.handler.LogAspectHandler - 对返回参数进行业务上的增强：org.springdoc.core.models.GroupedOpenApi@4ec7cf73增强版
20:25:47.015 [restartedMain] INFO  c.e.l.s.d.handler.LogAspectHandler - ====doAfter方法进入了====
20:25:47.015 [restartedMain] INFO  c.e.l.s.d.handler.LogAspectHandler - 方法privateApi已经执行完
20:25:47.194 [restartedMain] INFO  c.c.f.a.s.a.SpringValueProcessor - Monitoring key: spring.mvc.servlet.path, beanName: swaggerWelcome, field: org.springdoc.webmvc.ui.SwaggerWelcomeWebMvc.mvcServletPath
20:25:47.777 [restartedMain] WARN  o.s.b.a.t.ThymeleafAutoConfiguration$DefaultTemplateResolverConfiguration - Cannot find template location: classpath:/templates/ (please add some templates, check your Thymeleaf configuration, or set spring.thymeleaf.check-template-location=false)
20:25:47.853 [restartedMain] INFO  o.a.coyote.http11.Http11NioProtocol - Starting ProtocolHandler ["http-nio-8088"]
20:25:47.898 [restartedMain] INFO  c.e.lyc.springboot.demo.Application - Started Application in 2.05 seconds (process running for 9932.634)
20:25:47.899 [restartedMain] INFO  c.e.l.s.d.handler.LogAspectHandler - ====doBefore方法进入了====
20:25:47.899 [restartedMain] INFO  c.e.l.s.d.handler.LogAspectHandler - 即将执行方法为: onApplicationEvent，属于com.example.lyc.springboot.demo.listener.MyListener包
20:25:47.899 [restartedMain] INFO  c.e.l.s.d.handler.LogAspectHandler - Not in a request context
20:25:47.899 [restartedMain] DEBUG c.e.l.s.demo.listener.MyListener - 应用已启动完成
20:25:47.899 [restartedMain] INFO  c.e.l.s.d.handler.LogAspectHandler - 方法onApplicationEvent执行完毕，但返回参数为 null
20:25:47.899 [restartedMain] INFO  c.e.l.s.d.handler.LogAspectHandler - ====doAfter方法进入了====
20:25:47.900 [restartedMain] INFO  c.e.l.s.d.handler.LogAspectHandler - 方法onApplicationEvent已经执行完
20:25:56.835 [Apollo-RemoteConfigLongPollService-1] WARN  c.c.f.a.i.RemoteConfigLongPollService - Long polling failed, will retry in 120 seconds. appId: platform, cluster: default, namespaces: application+message+sensitive-config, long polling url: null, reason: Get config services failed from http://meta.apollo.xxx.cn/services/config?appId=platform&ip=10.224.0.20 [Cause: Could not complete get operation [Cause: Unexpected end of file from server]]
20:26:25.037 [Thread-21] INFO  o.a.coyote.http11.Http11NioProtocol - Pausing ProtocolHandler ["http-nio-8088"]
20:26:25.037 [Thread-21] INFO  o.a.catalina.core.StandardService - Stopping service [Tomcat]
20:26:25.038 [Thread-21] INFO  o.a.coyote.http11.Http11NioProtocol - Stopping ProtocolHandler ["http-nio-8088"]
20:26:25.045 [Thread-21] INFO  o.a.coyote.http11.Http11NioProtocol - Destroying ProtocolHandler ["http-nio-8088"]
20:26:25.196 [restartedMain] INFO  c.e.lyc.springboot.demo.Application - Starting Application using Java 17.0.1 with PID 24847 (/Users/liyinchi/workspace/java/lyc.springboot.demo/target/classes started by liyinchi in /Users/liyinchi/workspace/java/lyc.springboot.demo)
20:26:25.196 [restartedMain] DEBUG c.e.lyc.springboot.demo.Application - Running with Spring Boot v3.1.2, Spring v6.0.11
20:26:25.196 [restartedMain] INFO  c.e.lyc.springboot.demo.Application - The following 1 profile is active: "dev"
20:26:25.682 [restartedMain] INFO  o.a.coyote.http11.Http11NioProtocol - Initializing ProtocolHandler ["http-nio-8088"]
20:26:25.682 [restartedMain] INFO  o.a.catalina.core.StandardService - Starting service [Tomcat]
20:26:25.682 [restartedMain] INFO  o.a.catalina.core.StandardEngine - Starting Servlet engine: [Apache Tomcat/10.1.12]
20:26:25.701 [restartedMain] INFO  o.a.c.c.C.[Tomcat].[localhost].[/] - Initializing Spring embedded WebApplicationContext
20:26:25.837 [restartedMain] INFO  c.e.l.s.d.handler.LogAspectHandler - ====doBefore方法进入了====
20:26:25.837 [restartedMain] INFO  c.e.l.s.d.handler.LogAspectHandler - 即将执行方法为: queue，属于com.example.lyc.springboot.demo.config.ActiveMqConfig包
20:26:25.837 [restartedMain] INFO  c.e.l.s.d.handler.LogAspectHandler - Not in a request context
20:26:25.837 [restartedMain] INFO  c.e.l.s.d.handler.LogAspectHandler - 方法queue执行完毕，返回参数为：queue://activemq.queue
20:26:25.837 [restartedMain] INFO  c.e.l.s.d.handler.LogAspectHandler - 对返回参数进行业务上的增强：queue://activemq.queue增强版
20:26:25.838 [restartedMain] INFO  c.e.l.s.d.handler.LogAspectHandler - ====doAfter方法进入了====
20:26:25.838 [restartedMain] INFO  c.e.l.s.d.handler.LogAspectHandler - 方法queue已经执行完
20:26:25.859 [restartedMain] INFO  c.c.f.a.s.a.SpringValueProcessor - Monitoring key: microservice.url.orderUrl, beanName: jsonController, field: com.example.lyc.springboot.demo.controller.JsonController.orderUrl
20:26:25.947 [restartedMain] INFO  c.e.l.s.demo.service.RedisService - redis port: 6379
20:26:26.061 [restartedMain] INFO  c.e.l.s.d.handler.LogAspectHandler - ====doBefore方法进入了====
20:26:26.061 [restartedMain] INFO  c.e.l.s.d.handler.LogAspectHandler - 即将执行方法为: userService，属于com.example.lyc.springboot.demo.config.AppConfig包
20:26:26.062 [restartedMain] INFO  c.e.l.s.d.handler.LogAspectHandler - Not in a request context
20:26:26.062 [restartedMain] INFO  c.e.l.s.d.handler.LogAspectHandler - 方法userService执行完毕，返回参数为：com.example.lyc.springboot.demo.serviceImpl.UserServiceImpl@25a0d5e
20:26:26.062 [restartedMain] INFO  c.e.l.s.d.handler.LogAspectHandler - 对返回参数进行业务上的增强：com.example.lyc.springboot.demo.serviceImpl.UserServiceImpl@25a0d5e增强版
20:26:26.062 [restartedMain] INFO  c.e.l.s.d.handler.LogAspectHandler - ====doAfter方法进入了====
20:26:26.063 [restartedMain] INFO  c.e.l.s.d.handler.LogAspectHandler - 方法userService已经执行完
20:26:26.090 [restartedMain] INFO  c.e.l.s.d.handler.LogAspectHandler - ====doBefore方法进入了====
20:26:26.090 [restartedMain] INFO  c.e.l.s.d.handler.LogAspectHandler - 即将执行方法为: topic，属于com.example.lyc.springboot.demo.config.ActiveMqConfig包
20:26:26.090 [restartedMain] INFO  c.e.l.s.d.handler.LogAspectHandler - Not in a request context
20:26:26.090 [restartedMain] INFO  c.e.l.s.d.handler.LogAspectHandler - 方法topic执行完毕，返回参数为：topic://activemq.topic
20:26:26.090 [restartedMain] INFO  c.e.l.s.d.handler.LogAspectHandler - 对返回参数进行业务上的增强：topic://activemq.topic增强版
20:26:26.090 [restartedMain] INFO  c.e.l.s.d.handler.LogAspectHandler - ====doAfter方法进入了====
20:26:26.090 [restartedMain] INFO  c.e.l.s.d.handler.LogAspectHandler - 方法topic已经执行完
20:26:26.094 [restartedMain] INFO  c.e.l.s.d.handler.LogAspectHandler - ====doBefore方法进入了====
20:26:26.094 [restartedMain] INFO  c.e.l.s.d.handler.LogAspectHandler - 即将执行方法为: modelMapper，属于com.example.lyc.springboot.demo.config.AppConfig包
20:26:26.094 [restartedMain] INFO  c.e.l.s.d.handler.LogAspectHandler - Not in a request context
20:26:26.094 [restartedMain] INFO  c.e.l.s.d.handler.LogAspectHandler - 方法modelMapper执行完毕，返回参数为：org.modelmapper.ModelMapper@621996dc
20:26:26.094 [restartedMain] INFO  c.e.l.s.d.handler.LogAspectHandler - 对返回参数进行业务上的增强：org.modelmapper.ModelMapper@621996dc增强版
20:26:26.094 [restartedMain] INFO  c.e.l.s.d.handler.LogAspectHandler - ====doAfter方法进入了====
20:26:26.094 [restartedMain] INFO  c.e.l.s.d.handler.LogAspectHandler - 方法modelMapper已经执行完
20:26:26.260 [restartedMain] INFO  c.e.l.s.d.handler.LogAspectHandler - ====doBefore方法进入了====
20:26:26.260 [restartedMain] INFO  c.e.l.s.d.handler.LogAspectHandler - 即将执行方法为: publicApi，属于com.example.lyc.springboot.demo.config.SwaggerConfig包
20:26:26.260 [restartedMain] INFO  c.e.l.s.d.handler.LogAspectHandler - Not in a request context
20:26:26.261 [restartedMain] INFO  c.e.l.s.d.handler.LogAspectHandler - 方法publicApi执行完毕，返回参数为：org.springdoc.core.models.GroupedOpenApi@33701325
20:26:26.261 [restartedMain] INFO  c.e.l.s.d.handler.LogAspectHandler - 对返回参数进行业务上的增强：org.springdoc.core.models.GroupedOpenApi@33701325增强版
20:26:26.261 [restartedMain] INFO  c.e.l.s.d.handler.LogAspectHandler - ====doAfter方法进入了====
20:26:26.261 [restartedMain] INFO  c.e.l.s.d.handler.LogAspectHandler - 方法publicApi已经执行完
20:26:26.262 [restartedMain] INFO  c.e.l.s.d.handler.LogAspectHandler - ====doBefore方法进入了====
20:26:26.262 [restartedMain] INFO  c.e.l.s.d.handler.LogAspectHandler - 即将执行方法为: privateApi，属于com.example.lyc.springboot.demo.config.SwaggerConfig包
20:26:26.263 [restartedMain] INFO  c.e.l.s.d.handler.LogAspectHandler - Not in a request context
20:26:26.263 [restartedMain] INFO  c.e.l.s.d.handler.LogAspectHandler - 方法privateApi执行完毕，返回参数为：org.springdoc.core.models.GroupedOpenApi@54eb8c41
20:26:26.263 [restartedMain] INFO  c.e.l.s.d.handler.LogAspectHandler - 对返回参数进行业务上的增强：org.springdoc.core.models.GroupedOpenApi@54eb8c41增强版
20:26:26.263 [restartedMain] INFO  c.e.l.s.d.handler.LogAspectHandler - ====doAfter方法进入了====
20:26:26.263 [restartedMain] INFO  c.e.l.s.d.handler.LogAspectHandler - 方法privateApi已经执行完
20:26:26.429 [restartedMain] INFO  c.c.f.a.s.a.SpringValueProcessor - Monitoring key: spring.mvc.servlet.path, beanName: swaggerWelcome, field: org.springdoc.webmvc.ui.SwaggerWelcomeWebMvc.mvcServletPath
20:26:26.778 [restartedMain] WARN  o.s.b.a.t.ThymeleafAutoConfiguration$DefaultTemplateResolverConfiguration - Cannot find template location: classpath:/templates/ (please add some templates, check your Thymeleaf configuration, or set spring.thymeleaf.check-template-location=false)
20:26:26.843 [restartedMain] INFO  o.a.coyote.http11.Http11NioProtocol - Starting ProtocolHandler ["http-nio-8088"]
20:26:26.909 [restartedMain] INFO  c.e.lyc.springboot.demo.Application - Started Application in 1.758 seconds (process running for 9971.644)
20:26:26.911 [restartedMain] INFO  c.e.l.s.d.handler.LogAspectHandler - ====doBefore方法进入了====
20:26:26.911 [restartedMain] INFO  c.e.l.s.d.handler.LogAspectHandler - 即将执行方法为: onApplicationEvent，属于com.example.lyc.springboot.demo.listener.MyListener包
20:26:26.911 [restartedMain] INFO  c.e.l.s.d.handler.LogAspectHandler - Not in a request context
20:26:26.911 [restartedMain] DEBUG c.e.l.s.demo.listener.MyListener - 应用已启动完成
20:26:26.911 [restartedMain] INFO  c.e.l.s.d.handler.LogAspectHandler - 方法onApplicationEvent执行完毕，但返回参数为 null
20:26:26.911 [restartedMain] INFO  c.e.l.s.d.handler.LogAspectHandler - ====doAfter方法进入了====
20:26:26.911 [restartedMain] INFO  c.e.l.s.d.handler.LogAspectHandler - 方法onApplicationEvent已经执行完
20:27:59.469 [Apollo-RemoteConfigLongPollService-1] WARN  c.c.f.a.i.RemoteConfigLongPollService - Long polling failed, will retry in 120 seconds. appId: platform, cluster: default, namespaces: application+message+sensitive-config, long polling url: null, reason: Get config services failed from http://meta.apollo.xxx.cn/services/config?appId=platform&ip=10.224.0.20 [Cause: Could not complete get operation [Cause: Unexpected end of file from server]]
20:29:00.569 [Thread-27] INFO  o.a.coyote.http11.Http11NioProtocol - Pausing ProtocolHandler ["http-nio-8088"]
20:29:00.571 [Thread-27] INFO  o.a.catalina.core.StandardService - Stopping service [Tomcat]
20:29:00.572 [Thread-27] INFO  o.a.coyote.http11.Http11NioProtocol - Stopping ProtocolHandler ["http-nio-8088"]
20:29:00.637 [Thread-27] INFO  o.a.coyote.http11.Http11NioProtocol - Destroying ProtocolHandler ["http-nio-8088"]
20:29:00.868 [restartedMain] INFO  c.e.lyc.springboot.demo.Application - Starting Application using Java 17.0.1 with PID 24847 (/Users/liyinchi/workspace/java/lyc.springboot.demo/target/classes started by liyinchi in /Users/liyinchi/workspace/java/lyc.springboot.demo)
20:29:00.869 [restartedMain] DEBUG c.e.lyc.springboot.demo.Application - Running with Spring Boot v3.1.2, Spring v6.0.11
20:29:00.870 [restartedMain] INFO  c.e.lyc.springboot.demo.Application - The following 1 profile is active: "dev"
20:29:01.727 [restartedMain] INFO  o.a.coyote.http11.Http11NioProtocol - Initializing ProtocolHandler ["http-nio-8088"]
20:29:01.728 [restartedMain] INFO  o.a.catalina.core.StandardService - Starting service [Tomcat]
20:29:01.728 [restartedMain] INFO  o.a.catalina.core.StandardEngine - Starting Servlet engine: [Apache Tomcat/10.1.12]
20:29:01.755 [restartedMain] INFO  o.a.c.c.C.[Tomcat].[localhost].[/] - Initializing Spring embedded WebApplicationContext
20:29:01.987 [restartedMain] INFO  c.e.l.s.d.handler.LogAspectHandler - ====doBefore方法进入了====
20:29:01.987 [restartedMain] INFO  c.e.l.s.d.handler.LogAspectHandler - 即将执行方法为: queue，属于com.example.lyc.springboot.demo.config.ActiveMqConfig包
20:29:01.987 [restartedMain] INFO  c.e.l.s.d.handler.LogAspectHandler - Not in a request context
20:29:01.987 [restartedMain] INFO  c.e.l.s.d.handler.LogAspectHandler - 方法queue执行完毕，返回参数为：queue://activemq.queue
20:29:01.988 [restartedMain] INFO  c.e.l.s.d.handler.LogAspectHandler - 对返回参数进行业务上的增强：queue://activemq.queue增强版
20:29:01.988 [restartedMain] INFO  c.e.l.s.d.handler.LogAspectHandler - ====doAfter方法进入了====
20:29:01.988 [restartedMain] INFO  c.e.l.s.d.handler.LogAspectHandler - 方法queue已经执行完
20:29:02.012 [restartedMain] INFO  c.c.f.a.s.a.SpringValueProcessor - Monitoring key: microservice.url.orderUrl, beanName: jsonController, field: com.example.lyc.springboot.demo.controller.JsonController.orderUrl
20:29:02.140 [restartedMain] INFO  c.e.l.s.demo.service.RedisService - redis port: 6379
20:29:02.276 [restartedMain] INFO  c.e.l.s.d.handler.LogAspectHandler - ====doBefore方法进入了====
20:29:02.276 [restartedMain] INFO  c.e.l.s.d.handler.LogAspectHandler - 即将执行方法为: userService，属于com.example.lyc.springboot.demo.config.AppConfig包
20:29:02.276 [restartedMain] INFO  c.e.l.s.d.handler.LogAspectHandler - Not in a request context
20:29:02.277 [restartedMain] INFO  c.e.l.s.d.handler.LogAspectHandler - 方法userService执行完毕，返回参数为：com.example.lyc.springboot.demo.serviceImpl.UserServiceImpl@662cf96c
20:29:02.277 [restartedMain] INFO  c.e.l.s.d.handler.LogAspectHandler - 对返回参数进行业务上的增强：com.example.lyc.springboot.demo.serviceImpl.UserServiceImpl@662cf96c增强版
20:29:02.277 [restartedMain] INFO  c.e.l.s.d.handler.LogAspectHandler - ====doAfter方法进入了====
20:29:02.277 [restartedMain] INFO  c.e.l.s.d.handler.LogAspectHandler - 方法userService已经执行完
20:29:02.317 [restartedMain] INFO  c.e.l.s.d.handler.LogAspectHandler - ====doBefore方法进入了====
20:29:02.317 [restartedMain] INFO  c.e.l.s.d.handler.LogAspectHandler - 即将执行方法为: topic，属于com.example.lyc.springboot.demo.config.ActiveMqConfig包
20:29:02.317 [restartedMain] INFO  c.e.l.s.d.handler.LogAspectHandler - Not in a request context
20:29:02.318 [restartedMain] INFO  c.e.l.s.d.handler.LogAspectHandler - 方法topic执行完毕，返回参数为：topic://activemq.topic
20:29:02.318 [restartedMain] INFO  c.e.l.s.d.handler.LogAspectHandler - 对返回参数进行业务上的增强：topic://activemq.topic增强版
20:29:02.318 [restartedMain] INFO  c.e.l.s.d.handler.LogAspectHandler - ====doAfter方法进入了====
20:29:02.318 [restartedMain] INFO  c.e.l.s.d.handler.LogAspectHandler - 方法topic已经执行完
20:29:02.325 [restartedMain] INFO  c.e.l.s.d.handler.LogAspectHandler - ====doBefore方法进入了====
20:29:02.326 [restartedMain] INFO  c.e.l.s.d.handler.LogAspectHandler - 即将执行方法为: modelMapper，属于com.example.lyc.springboot.demo.config.AppConfig包
20:29:02.326 [restartedMain] INFO  c.e.l.s.d.handler.LogAspectHandler - Not in a request context
20:29:02.326 [restartedMain] INFO  c.e.l.s.d.handler.LogAspectHandler - 方法modelMapper执行完毕，返回参数为：org.modelmapper.ModelMapper@357a3659
20:29:02.326 [restartedMain] INFO  c.e.l.s.d.handler.LogAspectHandler - 对返回参数进行业务上的增强：org.modelmapper.ModelMapper@357a3659增强版
20:29:02.326 [restartedMain] INFO  c.e.l.s.d.handler.LogAspectHandler - ====doAfter方法进入了====
20:29:02.326 [restartedMain] INFO  c.e.l.s.d.handler.LogAspectHandler - 方法modelMapper已经执行完
20:29:02.572 [restartedMain] INFO  c.e.l.s.d.handler.LogAspectHandler - ====doBefore方法进入了====
20:29:02.572 [restartedMain] INFO  c.e.l.s.d.handler.LogAspectHandler - 即将执行方法为: publicApi，属于com.example.lyc.springboot.demo.config.SwaggerConfig包
20:29:02.573 [restartedMain] INFO  c.e.l.s.d.handler.LogAspectHandler - Not in a request context
20:29:02.574 [restartedMain] INFO  c.e.l.s.d.handler.LogAspectHandler - 方法publicApi执行完毕，返回参数为：org.springdoc.core.models.GroupedOpenApi@572d8285
20:29:02.574 [restartedMain] INFO  c.e.l.s.d.handler.LogAspectHandler - 对返回参数进行业务上的增强：org.springdoc.core.models.GroupedOpenApi@572d8285增强版
20:29:02.574 [restartedMain] INFO  c.e.l.s.d.handler.LogAspectHandler - ====doAfter方法进入了====
20:29:02.574 [restartedMain] INFO  c.e.l.s.d.handler.LogAspectHandler - 方法publicApi已经执行完
20:29:02.576 [restartedMain] INFO  c.e.l.s.d.handler.LogAspectHandler - ====doBefore方法进入了====
20:29:02.576 [restartedMain] INFO  c.e.l.s.d.handler.LogAspectHandler - 即将执行方法为: privateApi，属于com.example.lyc.springboot.demo.config.SwaggerConfig包
20:29:02.576 [restartedMain] INFO  c.e.l.s.d.handler.LogAspectHandler - Not in a request context
20:29:02.576 [restartedMain] INFO  c.e.l.s.d.handler.LogAspectHandler - 方法privateApi执行完毕，返回参数为：org.springdoc.core.models.GroupedOpenApi@45fd2c4c
20:29:02.576 [restartedMain] INFO  c.e.l.s.d.handler.LogAspectHandler - 对返回参数进行业务上的增强：org.springdoc.core.models.GroupedOpenApi@45fd2c4c增强版
20:29:02.576 [restartedMain] INFO  c.e.l.s.d.handler.LogAspectHandler - ====doAfter方法进入了====
20:29:02.576 [restartedMain] INFO  c.e.l.s.d.handler.LogAspectHandler - 方法privateApi已经执行完
20:29:02.807 [restartedMain] INFO  c.c.f.a.s.a.SpringValueProcessor - Monitoring key: spring.mvc.servlet.path, beanName: swaggerWelcome, field: org.springdoc.webmvc.ui.SwaggerWelcomeWebMvc.mvcServletPath
20:29:03.445 [restartedMain] WARN  o.s.b.a.t.ThymeleafAutoConfiguration$DefaultTemplateResolverConfiguration - Cannot find template location: classpath:/templates/ (please add some templates, check your Thymeleaf configuration, or set spring.thymeleaf.check-template-location=false)
20:29:03.580 [restartedMain] INFO  o.a.coyote.http11.Http11NioProtocol - Starting ProtocolHandler ["http-nio-8088"]
20:29:03.642 [restartedMain] INFO  c.e.lyc.springboot.demo.Application - Started Application in 2.849 seconds (process running for 10128.375)
20:29:03.644 [restartedMain] INFO  c.e.l.s.d.handler.LogAspectHandler - ====doBefore方法进入了====
20:29:03.644 [restartedMain] INFO  c.e.l.s.d.handler.LogAspectHandler - 即将执行方法为: onApplicationEvent，属于com.example.lyc.springboot.demo.listener.MyListener包
20:29:03.645 [restartedMain] INFO  c.e.l.s.d.handler.LogAspectHandler - Not in a request context
20:29:03.645 [restartedMain] DEBUG c.e.l.s.demo.listener.MyListener - 应用已启动完成
20:29:03.645 [restartedMain] INFO  c.e.l.s.d.handler.LogAspectHandler - 方法onApplicationEvent执行完毕，但返回参数为 null
20:29:03.645 [restartedMain] INFO  c.e.l.s.d.handler.LogAspectHandler - ====doAfter方法进入了====
20:29:03.645 [restartedMain] INFO  c.e.l.s.d.handler.LogAspectHandler - 方法onApplicationEvent已经执行完
20:30:02.011 [Apollo-RemoteConfigLongPollService-1] WARN  c.c.f.a.i.RemoteConfigLongPollService - Long polling failed, will retry in 120 seconds. appId: platform, cluster: default, namespaces: application+message+sensitive-config, long polling url: null, reason: Get config services failed from http://meta.apollo.xxx.cn/services/config?appId=platform&ip=10.224.0.20 [Cause: Could not complete get operation [Cause: Unexpected end of file from server]]
20:30:09.877 [Thread-33] INFO  o.a.coyote.http11.Http11NioProtocol - Pausing ProtocolHandler ["http-nio-8088"]
20:30:09.877 [Thread-33] INFO  o.a.catalina.core.StandardService - Stopping service [Tomcat]
20:30:09.879 [Thread-33] INFO  o.a.coyote.http11.Http11NioProtocol - Stopping ProtocolHandler ["http-nio-8088"]
20:30:09.888 [Thread-33] INFO  o.a.coyote.http11.Http11NioProtocol - Destroying ProtocolHandler ["http-nio-8088"]
20:30:10.076 [restartedMain] INFO  c.e.lyc.springboot.demo.Application - Starting Application using Java 17.0.1 with PID 24847 (/Users/liyinchi/workspace/java/lyc.springboot.demo/target/classes started by liyinchi in /Users/liyinchi/workspace/java/lyc.springboot.demo)
20:30:10.076 [restartedMain] DEBUG c.e.lyc.springboot.demo.Application - Running with Spring Boot v3.1.2, Spring v6.0.11
20:30:10.076 [restartedMain] INFO  c.e.lyc.springboot.demo.Application - The following 1 profile is active: "dev"
20:30:10.785 [restartedMain] INFO  o.a.coyote.http11.Http11NioProtocol - Initializing ProtocolHandler ["http-nio-8088"]
20:30:10.785 [restartedMain] INFO  o.a.catalina.core.StandardService - Starting service [Tomcat]
20:30:10.785 [restartedMain] INFO  o.a.catalina.core.StandardEngine - Starting Servlet engine: [Apache Tomcat/10.1.12]
20:30:10.813 [restartedMain] INFO  o.a.c.c.C.[Tomcat].[localhost].[/] - Initializing Spring embedded WebApplicationContext
20:30:11.027 [restartedMain] INFO  c.e.l.s.d.handler.LogAspectHandler - ====doBefore方法进入了====
20:30:11.028 [restartedMain] INFO  c.e.l.s.d.handler.LogAspectHandler - 即将执行方法为: queue，属于com.example.lyc.springboot.demo.config.ActiveMqConfig包
20:30:11.028 [restartedMain] INFO  c.e.l.s.d.handler.LogAspectHandler - Not in a request context
20:30:11.029 [restartedMain] INFO  c.e.l.s.d.handler.LogAspectHandler - 方法queue执行完毕，返回参数为：queue://activemq.queue
20:30:11.029 [restartedMain] INFO  c.e.l.s.d.handler.LogAspectHandler - 对返回参数进行业务上的增强：queue://activemq.queue增强版
20:30:11.030 [restartedMain] INFO  c.e.l.s.d.handler.LogAspectHandler - ====doAfter方法进入了====
20:30:11.030 [restartedMain] INFO  c.e.l.s.d.handler.LogAspectHandler - 方法queue已经执行完
20:30:11.070 [restartedMain] INFO  c.c.f.a.s.a.SpringValueProcessor - Monitoring key: microservice.url.orderUrl, beanName: jsonController, field: com.example.lyc.springboot.demo.controller.JsonController.orderUrl
20:30:11.208 [restartedMain] INFO  c.e.l.s.demo.service.RedisService - redis port: 6379
20:30:11.378 [restartedMain] INFO  c.e.l.s.d.handler.LogAspectHandler - ====doBefore方法进入了====
20:30:16.185 [restartedMain] INFO  c.e.l.s.d.handler.LogAspectHandler - 即将执行方法为: userService，属于com.example.lyc.springboot.demo.config.AppConfig包
20:30:16.261 [restartedMain] INFO  c.e.l.s.d.handler.LogAspectHandler - Not in a request context
20:30:16.265 [restartedMain] INFO  c.e.l.s.d.handler.LogAspectHandler - 方法userService执行完毕，返回参数为：com.example.lyc.springboot.demo.serviceImpl.UserServiceImpl@6920eff9
20:30:16.293 [restartedMain] INFO  c.e.l.s.d.handler.LogAspectHandler - 对返回参数进行业务上的增强：com.example.lyc.springboot.demo.serviceImpl.UserServiceImpl@6920eff9增强版
20:30:16.298 [restartedMain] INFO  c.e.l.s.d.handler.LogAspectHandler - ====doAfter方法进入了====
20:30:16.298 [restartedMain] INFO  c.e.l.s.d.handler.LogAspectHandler - 方法userService已经执行完
20:30:16.358 [restartedMain] INFO  c.e.l.s.d.handler.LogAspectHandler - ====doBefore方法进入了====
20:30:16.358 [restartedMain] INFO  c.e.l.s.d.handler.LogAspectHandler - 即将执行方法为: topic，属于com.example.lyc.springboot.demo.config.ActiveMqConfig包
20:30:16.358 [restartedMain] INFO  c.e.l.s.d.handler.LogAspectHandler - Not in a request context
20:30:16.359 [restartedMain] INFO  c.e.l.s.d.handler.LogAspectHandler - 方法topic执行完毕，返回参数为：topic://activemq.topic
20:30:16.359 [restartedMain] INFO  c.e.l.s.d.handler.LogAspectHandler - 对返回参数进行业务上的增强：topic://activemq.topic增强版
20:30:16.359 [restartedMain] INFO  c.e.l.s.d.handler.LogAspectHandler - ====doAfter方法进入了====
20:30:16.359 [restartedMain] INFO  c.e.l.s.d.handler.LogAspectHandler - 方法topic已经执行完
20:30:16.364 [restartedMain] INFO  c.e.l.s.d.handler.LogAspectHandler - ====doBefore方法进入了====
20:30:16.364 [restartedMain] INFO  c.e.l.s.d.handler.LogAspectHandler - 即将执行方法为: modelMapper，属于com.example.lyc.springboot.demo.config.AppConfig包
20:30:16.365 [restartedMain] INFO  c.e.l.s.d.handler.LogAspectHandler - Not in a request context
20:30:16.365 [restartedMain] INFO  c.e.l.s.d.handler.LogAspectHandler - 方法modelMapper执行完毕，返回参数为：org.modelmapper.ModelMapper@6e28e50a
20:30:16.365 [restartedMain] INFO  c.e.l.s.d.handler.LogAspectHandler - 对返回参数进行业务上的增强：org.modelmapper.ModelMapper@6e28e50a增强版
20:30:16.365 [restartedMain] INFO  c.e.l.s.d.handler.LogAspectHandler - ====doAfter方法进入了====
20:30:16.365 [restartedMain] INFO  c.e.l.s.d.handler.LogAspectHandler - 方法modelMapper已经执行完
20:30:16.801 [restartedMain] INFO  c.e.l.s.d.handler.LogAspectHandler - ====doBefore方法进入了====
20:30:16.803 [restartedMain] INFO  c.e.l.s.d.handler.LogAspectHandler - 即将执行方法为: publicApi，属于com.example.lyc.springboot.demo.config.SwaggerConfig包
20:30:16.804 [restartedMain] INFO  c.e.l.s.d.handler.LogAspectHandler - Not in a request context
20:30:16.806 [restartedMain] INFO  c.e.l.s.d.handler.LogAspectHandler - 方法publicApi执行完毕，返回参数为：org.springdoc.core.models.GroupedOpenApi@21b99b8b
20:30:16.806 [restartedMain] INFO  c.e.l.s.d.handler.LogAspectHandler - 对返回参数进行业务上的增强：org.springdoc.core.models.GroupedOpenApi@21b99b8b增强版
20:30:16.806 [restartedMain] INFO  c.e.l.s.d.handler.LogAspectHandler - ====doAfter方法进入了====
20:30:16.806 [restartedMain] INFO  c.e.l.s.d.handler.LogAspectHandler - 方法publicApi已经执行完
20:30:16.812 [restartedMain] INFO  c.e.l.s.d.handler.LogAspectHandler - ====doBefore方法进入了====
20:30:16.813 [restartedMain] INFO  c.e.l.s.d.handler.LogAspectHandler - 即将执行方法为: privateApi，属于com.example.lyc.springboot.demo.config.SwaggerConfig包
20:30:16.813 [restartedMain] INFO  c.e.l.s.d.handler.LogAspectHandler - Not in a request context
20:30:16.813 [restartedMain] INFO  c.e.l.s.d.handler.LogAspectHandler - 方法privateApi执行完毕，返回参数为：org.springdoc.core.models.GroupedOpenApi@37950bf0
20:30:16.813 [restartedMain] INFO  c.e.l.s.d.handler.LogAspectHandler - 对返回参数进行业务上的增强：org.springdoc.core.models.GroupedOpenApi@37950bf0增强版
20:30:16.813 [restartedMain] INFO  c.e.l.s.d.handler.LogAspectHandler - ====doAfter方法进入了====
20:30:16.813 [restartedMain] INFO  c.e.l.s.d.handler.LogAspectHandler - 方法privateApi已经执行完
20:30:17.072 [restartedMain] INFO  c.c.f.a.s.a.SpringValueProcessor - Monitoring key: spring.mvc.servlet.path, beanName: swaggerWelcome, field: org.springdoc.webmvc.ui.SwaggerWelcomeWebMvc.mvcServletPath
20:30:17.470 [restartedMain] WARN  o.s.b.a.t.ThymeleafAutoConfiguration$DefaultTemplateResolverConfiguration - Cannot find template location: classpath:/templates/ (please add some templates, check your Thymeleaf configuration, or set spring.thymeleaf.check-template-location=false)
20:30:17.577 [restartedMain] INFO  o.a.coyote.http11.Http11NioProtocol - Starting ProtocolHandler ["http-nio-8088"]
20:30:17.651 [restartedMain] INFO  c.e.lyc.springboot.demo.Application - Started Application in 7.619 seconds (process running for 10202.382)
20:30:17.653 [restartedMain] INFO  c.e.l.s.d.handler.LogAspectHandler - ====doBefore方法进入了====
20:30:17.653 [restartedMain] INFO  c.e.l.s.d.handler.LogAspectHandler - 即将执行方法为: onApplicationEvent，属于com.example.lyc.springboot.demo.listener.MyListener包
20:30:17.653 [restartedMain] INFO  c.e.l.s.d.handler.LogAspectHandler - Not in a request context
20:30:17.653 [restartedMain] DEBUG c.e.l.s.demo.listener.MyListener - 应用已启动完成
20:30:17.653 [restartedMain] INFO  c.e.l.s.d.handler.LogAspectHandler - 方法onApplicationEvent执行完毕，但返回参数为 null
20:30:17.653 [restartedMain] INFO  c.e.l.s.d.handler.LogAspectHandler - ====doAfter方法进入了====
20:30:17.653 [restartedMain] INFO  c.e.l.s.d.handler.LogAspectHandler - 方法onApplicationEvent已经执行完
20:30:25.555 [Apollo-RemoteConfigRepository-1] WARN  c.c.f.a.i.AbstractConfigRepository - Sync config failed, will retry. Repository class com.ctrip.framework.apollo.internals.RemoteConfigRepository, reason: Get config services failed from http://meta.apollo.xxx.cn/services/config?appId=platform&ip=10.224.0.20 [Cause: Could not complete get operation [Cause: Unexpected end of file from server]]
20:30:35.114 [Apollo-RemoteConfigRepository-1] WARN  c.c.f.a.i.AbstractConfigRepository - Sync config failed, will retry. Repository class com.ctrip.framework.apollo.internals.RemoteConfigRepository, reason: Get config services failed from http://meta.apollo.xxx.cn/services/config?appId=platform&ip=10.224.0.20 [Cause: Could not complete get operation [Cause: Unexpected end of file from server]]
20:30:45.315 [Apollo-RemoteConfigRepository-1] WARN  c.c.f.a.i.AbstractConfigRepository - Sync config failed, will retry. Repository class com.ctrip.framework.apollo.internals.RemoteConfigRepository, reason: Get config services failed from http://meta.apollo.xxx.cn/services/config?appId=platform&ip=10.224.0.20 [Cause: Could not complete get operation [Cause: Unexpected end of file from server]]
20:32:04.390 [Apollo-RemoteConfigLongPollService-1] WARN  c.c.f.a.i.RemoteConfigLongPollService - Long polling failed, will retry in 120 seconds. appId: platform, cluster: default, namespaces: application+message+sensitive-config, long polling url: null, reason: Get config services failed from http://meta.apollo.xxx.cn/services/config?appId=platform&ip=10.224.0.20 [Cause: Could not complete get operation [Cause: Unexpected end of file from server]]
20:32:08.990 [Thread-39] INFO  o.a.coyote.http11.Http11NioProtocol - Pausing ProtocolHandler ["http-nio-8088"]
20:32:08.990 [Thread-39] INFO  o.a.catalina.core.StandardService - Stopping service [Tomcat]
20:32:09.002 [Thread-39] INFO  o.a.coyote.http11.Http11NioProtocol - Stopping ProtocolHandler ["http-nio-8088"]
20:32:09.021 [Thread-39] INFO  o.a.coyote.http11.Http11NioProtocol - Destroying ProtocolHandler ["http-nio-8088"]
20:32:09.630 [restartedMain] INFO  c.e.lyc.springboot.demo.Application - Starting Application using Java 17.0.1 with PID 24847 (/Users/liyinchi/workspace/java/lyc.springboot.demo/target/classes started by liyinchi in /Users/liyinchi/workspace/java/lyc.springboot.demo)
20:32:09.630 [restartedMain] DEBUG c.e.lyc.springboot.demo.Application - Running with Spring Boot v3.1.2, Spring v6.0.11
20:32:10.281 [restartedMain] INFO  c.e.lyc.springboot.demo.Application - The following 1 profile is active: "dev"
20:32:11.172 [restartedMain] INFO  o.a.coyote.http11.Http11NioProtocol - Initializing ProtocolHandler ["http-nio-8088"]
20:32:11.173 [restartedMain] INFO  o.a.catalina.core.StandardService - Starting service [Tomcat]
20:32:11.173 [restartedMain] INFO  o.a.catalina.core.StandardEngine - Starting Servlet engine: [Apache Tomcat/10.1.12]
20:32:11.219 [restartedMain] INFO  o.a.c.c.C.[Tomcat].[localhost].[/] - Initializing Spring embedded WebApplicationContext
20:32:11.484 [restartedMain] INFO  c.e.l.s.d.handler.LogAspectHandler - ====doBefore方法进入了====
20:32:11.489 [restartedMain] INFO  c.e.l.s.d.handler.LogAspectHandler - 即将执行方法为: queue，属于com.example.lyc.springboot.demo.config.ActiveMqConfig包
20:32:11.490 [restartedMain] INFO  c.e.l.s.d.handler.LogAspectHandler - Not in a request context
20:32:11.490 [restartedMain] INFO  c.e.l.s.d.handler.LogAspectHandler - 方法queue执行完毕，返回参数为：queue://activemq.queue
20:32:11.491 [restartedMain] INFO  c.e.l.s.d.handler.LogAspectHandler - 对返回参数进行业务上的增强：queue://activemq.queue增强版
20:32:11.491 [restartedMain] INFO  c.e.l.s.d.handler.LogAspectHandler - ====doAfter方法进入了====
20:32:11.491 [restartedMain] INFO  c.e.l.s.d.handler.LogAspectHandler - 方法queue已经执行完
20:32:11.523 [restartedMain] INFO  c.c.f.a.s.a.SpringValueProcessor - Monitoring key: microservice.url.orderUrl, beanName: jsonController, field: com.example.lyc.springboot.demo.controller.JsonController.orderUrl
20:32:11.672 [restartedMain] INFO  c.e.l.s.demo.service.RedisService - redis port: 6379
20:32:11.830 [restartedMain] INFO  c.e.l.s.d.handler.LogAspectHandler - ====doBefore方法进入了====
20:32:11.830 [restartedMain] INFO  c.e.l.s.d.handler.LogAspectHandler - 即将执行方法为: userService，属于com.example.lyc.springboot.demo.config.AppConfig包
20:32:11.830 [restartedMain] INFO  c.e.l.s.d.handler.LogAspectHandler - Not in a request context
20:32:11.830 [restartedMain] INFO  c.e.l.s.d.handler.LogAspectHandler - 方法userService执行完毕，返回参数为：com.example.lyc.springboot.demo.serviceImpl.UserServiceImpl@648ae270
20:32:11.830 [restartedMain] INFO  c.e.l.s.d.handler.LogAspectHandler - 对返回参数进行业务上的增强：com.example.lyc.springboot.demo.serviceImpl.UserServiceImpl@648ae270增强版
20:32:11.830 [restartedMain] INFO  c.e.l.s.d.handler.LogAspectHandler - ====doAfter方法进入了====
20:32:11.830 [restartedMain] INFO  c.e.l.s.d.handler.LogAspectHandler - 方法userService已经执行完
20:32:11.867 [restartedMain] INFO  c.e.l.s.d.handler.LogAspectHandler - ====doBefore方法进入了====
20:32:11.868 [restartedMain] INFO  c.e.l.s.d.handler.LogAspectHandler - 即将执行方法为: topic，属于com.example.lyc.springboot.demo.config.ActiveMqConfig包
20:32:11.868 [restartedMain] INFO  c.e.l.s.d.handler.LogAspectHandler - Not in a request context
20:32:11.868 [restartedMain] INFO  c.e.l.s.d.handler.LogAspectHandler - 方法topic执行完毕，返回参数为：topic://activemq.topic
20:32:11.868 [restartedMain] INFO  c.e.l.s.d.handler.LogAspectHandler - 对返回参数进行业务上的增强：topic://activemq.topic增强版
20:32:11.868 [restartedMain] INFO  c.e.l.s.d.handler.LogAspectHandler - ====doAfter方法进入了====
20:32:11.868 [restartedMain] INFO  c.e.l.s.d.handler.LogAspectHandler - 方法topic已经执行完
20:32:11.871 [restartedMain] INFO  c.e.l.s.d.handler.LogAspectHandler - ====doBefore方法进入了====
20:32:11.871 [restartedMain] INFO  c.e.l.s.d.handler.LogAspectHandler - 即将执行方法为: modelMapper，属于com.example.lyc.springboot.demo.config.AppConfig包
20:32:11.871 [restartedMain] INFO  c.e.l.s.d.handler.LogAspectHandler - Not in a request context
20:32:11.871 [restartedMain] INFO  c.e.l.s.d.handler.LogAspectHandler - 方法modelMapper执行完毕，返回参数为：org.modelmapper.ModelMapper@681d227c
20:32:11.871 [restartedMain] INFO  c.e.l.s.d.handler.LogAspectHandler - 对返回参数进行业务上的增强：org.modelmapper.ModelMapper@681d227c增强版
20:32:11.871 [restartedMain] INFO  c.e.l.s.d.handler.LogAspectHandler - ====doAfter方法进入了====
20:32:11.871 [restartedMain] INFO  c.e.l.s.d.handler.LogAspectHandler - 方法modelMapper已经执行完
20:32:12.035 [restartedMain] INFO  c.e.l.s.d.handler.LogAspectHandler - ====doBefore方法进入了====
20:32:17.099 [restartedMain] INFO  c.e.l.s.d.handler.LogAspectHandler - 即将执行方法为: publicApi，属于com.example.lyc.springboot.demo.config.SwaggerConfig包
20:32:17.100 [restartedMain] INFO  c.e.l.s.d.handler.LogAspectHandler - Not in a request context
20:32:17.100 [restartedMain] INFO  c.e.l.s.d.handler.LogAspectHandler - 方法publicApi执行完毕，返回参数为：org.springdoc.core.models.GroupedOpenApi@34a4d4a5
20:32:17.101 [restartedMain] INFO  c.e.l.s.d.handler.LogAspectHandler - 对返回参数进行业务上的增强：org.springdoc.core.models.GroupedOpenApi@34a4d4a5增强版
20:32:17.102 [restartedMain] INFO  c.e.l.s.d.handler.LogAspectHandler - ====doAfter方法进入了====
20:32:17.102 [restartedMain] INFO  c.e.l.s.d.handler.LogAspectHandler - 方法publicApi已经执行完
20:32:17.104 [restartedMain] INFO  c.e.l.s.d.handler.LogAspectHandler - ====doBefore方法进入了====
20:32:17.104 [restartedMain] INFO  c.e.l.s.d.handler.LogAspectHandler - 即将执行方法为: privateApi，属于com.example.lyc.springboot.demo.config.SwaggerConfig包
20:32:17.104 [restartedMain] INFO  c.e.l.s.d.handler.LogAspectHandler - Not in a request context
20:32:17.104 [restartedMain] INFO  c.e.l.s.d.handler.LogAspectHandler - 方法privateApi执行完毕，返回参数为：org.springdoc.core.models.GroupedOpenApi@285b1ca5
20:32:17.104 [restartedMain] INFO  c.e.l.s.d.handler.LogAspectHandler - 对返回参数进行业务上的增强：org.springdoc.core.models.GroupedOpenApi@285b1ca5增强版
20:32:17.104 [restartedMain] INFO  c.e.l.s.d.handler.LogAspectHandler - ====doAfter方法进入了====
20:32:17.104 [restartedMain] INFO  c.e.l.s.d.handler.LogAspectHandler - 方法privateApi已经执行完
20:32:17.385 [restartedMain] INFO  c.c.f.a.s.a.SpringValueProcessor - Monitoring key: spring.mvc.servlet.path, beanName: swaggerWelcome, field: org.springdoc.webmvc.ui.SwaggerWelcomeWebMvc.mvcServletPath
20:32:17.848 [restartedMain] WARN  o.s.b.a.t.ThymeleafAutoConfiguration$DefaultTemplateResolverConfiguration - Cannot find template location: classpath:/templates/ (please add some templates, check your Thymeleaf configuration, or set spring.thymeleaf.check-template-location=false)
20:32:17.928 [restartedMain] INFO  o.a.coyote.http11.Http11NioProtocol - Starting ProtocolHandler ["http-nio-8088"]
20:32:17.989 [restartedMain] INFO  c.e.lyc.springboot.demo.Application - Started Application in 8.44 seconds (process running for 10322.717)
20:32:17.990 [restartedMain] INFO  c.e.l.s.d.handler.LogAspectHandler - ====doBefore方法进入了====
20:32:17.990 [restartedMain] INFO  c.e.l.s.d.handler.LogAspectHandler - 即将执行方法为: onApplicationEvent，属于com.example.lyc.springboot.demo.listener.MyListener包
20:32:17.990 [restartedMain] INFO  c.e.l.s.d.handler.LogAspectHandler - Not in a request context
20:32:17.990 [restartedMain] DEBUG c.e.l.s.demo.listener.MyListener - 应用已启动完成
20:32:17.991 [restartedMain] INFO  c.e.l.s.d.handler.LogAspectHandler - 方法onApplicationEvent执行完毕，但返回参数为 null
20:32:17.991 [restartedMain] INFO  c.e.l.s.d.handler.LogAspectHandler - ====doAfter方法进入了====
20:32:17.991 [restartedMain] INFO  c.e.l.s.d.handler.LogAspectHandler - 方法onApplicationEvent已经执行完
20:34:06.759 [Apollo-RemoteConfigLongPollService-1] WARN  c.c.f.a.i.RemoteConfigLongPollService - Long polling failed, will retry in 120 seconds. appId: platform, cluster: default, namespaces: application+message+sensitive-config, long polling url: null, reason: Get config services failed from http://meta.apollo.xxx.cn/services/config?appId=platform&ip=10.224.0.20 [Cause: Could not complete get operation [Cause: Unexpected end of file from server]]
20:34:55.485 [Thread-45] INFO  o.a.coyote.http11.Http11NioProtocol - Pausing ProtocolHandler ["http-nio-8088"]
20:34:55.486 [Thread-45] INFO  o.a.catalina.core.StandardService - Stopping service [Tomcat]
20:34:55.487 [Thread-45] INFO  o.a.coyote.http11.Http11NioProtocol - Stopping ProtocolHandler ["http-nio-8088"]
20:34:55.491 [Thread-45] INFO  o.a.coyote.http11.Http11NioProtocol - Destroying ProtocolHandler ["http-nio-8088"]
20:34:55.668 [restartedMain] INFO  c.e.lyc.springboot.demo.Application - Starting Application using Java 17.0.1 with PID 24847 (/Users/liyinchi/workspace/java/lyc.springboot.demo/target/classes started by liyinchi in /Users/liyinchi/workspace/java/lyc.springboot.demo)
20:34:55.668 [restartedMain] DEBUG c.e.lyc.springboot.demo.Application - Running with Spring Boot v3.1.2, Spring v6.0.11
20:34:55.668 [restartedMain] INFO  c.e.lyc.springboot.demo.Application - The following 1 profile is active: "dev"
20:34:56.227 [restartedMain] INFO  o.a.coyote.http11.Http11NioProtocol - Initializing ProtocolHandler ["http-nio-8088"]
20:34:56.228 [restartedMain] INFO  o.a.catalina.core.StandardService - Starting service [Tomcat]
20:34:56.229 [restartedMain] INFO  o.a.catalina.core.StandardEngine - Starting Servlet engine: [Apache Tomcat/10.1.12]
20:34:56.257 [restartedMain] INFO  o.a.c.c.C.[Tomcat].[localhost].[/] - Initializing Spring embedded WebApplicationContext
20:34:56.452 [restartedMain] INFO  c.e.l.s.d.handler.LogAspectHandler - ====doBefore方法进入了====
20:34:56.452 [restartedMain] INFO  c.e.l.s.d.handler.LogAspectHandler - 即将执行方法为: queue，属于com.example.lyc.springboot.demo.config.ActiveMqConfig包
20:34:56.453 [restartedMain] INFO  c.e.l.s.d.handler.LogAspectHandler - Not in a request context
20:34:56.453 [restartedMain] INFO  c.e.l.s.d.handler.LogAspectHandler - 方法queue执行完毕，返回参数为：queue://activemq.queue
20:34:56.454 [restartedMain] INFO  c.e.l.s.d.handler.LogAspectHandler - 对返回参数进行业务上的增强：queue://activemq.queue增强版
20:34:56.454 [restartedMain] INFO  c.e.l.s.d.handler.LogAspectHandler - ====doAfter方法进入了====
20:34:56.454 [restartedMain] INFO  c.e.l.s.d.handler.LogAspectHandler - 方法queue已经执行完
20:34:56.484 [restartedMain] INFO  c.c.f.a.s.a.SpringValueProcessor - Monitoring key: microservice.url.orderUrl, beanName: jsonController, field: com.example.lyc.springboot.demo.controller.JsonController.orderUrl
20:34:56.574 [restartedMain] INFO  c.e.l.s.demo.service.RedisService - redis port: 6379
20:34:56.663 [restartedMain] INFO  c.e.l.s.d.handler.LogAspectHandler - ====doBefore方法进入了====
20:34:56.663 [restartedMain] INFO  c.e.l.s.d.handler.LogAspectHandler - 即将执行方法为: userService，属于com.example.lyc.springboot.demo.config.AppConfig包
20:34:56.663 [restartedMain] INFO  c.e.l.s.d.handler.LogAspectHandler - Not in a request context
20:34:56.664 [restartedMain] INFO  c.e.l.s.d.handler.LogAspectHandler - 方法userService执行完毕，返回参数为：com.example.lyc.springboot.demo.serviceImpl.UserServiceImpl@7394654e
20:34:56.664 [restartedMain] INFO  c.e.l.s.d.handler.LogAspectHandler - 对返回参数进行业务上的增强：com.example.lyc.springboot.demo.serviceImpl.UserServiceImpl@7394654e增强版
20:34:56.664 [restartedMain] INFO  c.e.l.s.d.handler.LogAspectHandler - ====doAfter方法进入了====
20:34:56.664 [restartedMain] INFO  c.e.l.s.d.handler.LogAspectHandler - 方法userService已经执行完
20:34:56.697 [restartedMain] INFO  c.e.l.s.d.handler.LogAspectHandler - ====doBefore方法进入了====
20:34:56.697 [restartedMain] INFO  c.e.l.s.d.handler.LogAspectHandler - 即将执行方法为: topic，属于com.example.lyc.springboot.demo.config.ActiveMqConfig包
20:34:56.697 [restartedMain] INFO  c.e.l.s.d.handler.LogAspectHandler - Not in a request context
20:34:56.698 [restartedMain] INFO  c.e.l.s.d.handler.LogAspectHandler - 方法topic执行完毕，返回参数为：topic://activemq.topic
20:34:56.698 [restartedMain] INFO  c.e.l.s.d.handler.LogAspectHandler - 对返回参数进行业务上的增强：topic://activemq.topic增强版
20:34:56.698 [restartedMain] INFO  c.e.l.s.d.handler.LogAspectHandler - ====doAfter方法进入了====
20:34:56.698 [restartedMain] INFO  c.e.l.s.d.handler.LogAspectHandler - 方法topic已经执行完
20:34:56.702 [restartedMain] INFO  c.e.l.s.d.handler.LogAspectHandler - ====doBefore方法进入了====
20:34:56.702 [restartedMain] INFO  c.e.l.s.d.handler.LogAspectHandler - 即将执行方法为: modelMapper，属于com.example.lyc.springboot.demo.config.AppConfig包
20:34:56.702 [restartedMain] INFO  c.e.l.s.d.handler.LogAspectHandler - Not in a request context
20:34:56.702 [restartedMain] INFO  c.e.l.s.d.handler.LogAspectHandler - 方法modelMapper执行完毕，返回参数为：org.modelmapper.ModelMapper@77bcc49a
20:34:56.702 [restartedMain] INFO  c.e.l.s.d.handler.LogAspectHandler - 对返回参数进行业务上的增强：org.modelmapper.ModelMapper@77bcc49a增强版
20:34:56.702 [restartedMain] INFO  c.e.l.s.d.handler.LogAspectHandler - ====doAfter方法进入了====
20:34:56.702 [restartedMain] INFO  c.e.l.s.d.handler.LogAspectHandler - 方法modelMapper已经执行完
20:34:56.880 [restartedMain] INFO  c.e.l.s.d.handler.LogAspectHandler - ====doBefore方法进入了====
20:34:56.881 [restartedMain] INFO  c.e.l.s.d.handler.LogAspectHandler - 即将执行方法为: publicApi，属于com.example.lyc.springboot.demo.config.SwaggerConfig包
20:34:56.881 [restartedMain] INFO  c.e.l.s.d.handler.LogAspectHandler - Not in a request context
20:34:56.881 [restartedMain] INFO  c.e.l.s.d.handler.LogAspectHandler - 方法publicApi执行完毕，返回参数为：org.springdoc.core.models.GroupedOpenApi@6d7621e
20:34:56.881 [restartedMain] INFO  c.e.l.s.d.handler.LogAspectHandler - 对返回参数进行业务上的增强：org.springdoc.core.models.GroupedOpenApi@6d7621e增强版
20:34:56.881 [restartedMain] INFO  c.e.l.s.d.handler.LogAspectHandler - ====doAfter方法进入了====
20:34:56.881 [restartedMain] INFO  c.e.l.s.d.handler.LogAspectHandler - 方法publicApi已经执行完
20:34:56.883 [restartedMain] INFO  c.e.l.s.d.handler.LogAspectHandler - ====doBefore方法进入了====
20:34:56.883 [restartedMain] INFO  c.e.l.s.d.handler.LogAspectHandler - 即将执行方法为: privateApi，属于com.example.lyc.springboot.demo.config.SwaggerConfig包
20:34:56.883 [restartedMain] INFO  c.e.l.s.d.handler.LogAspectHandler - Not in a request context
20:34:56.883 [restartedMain] INFO  c.e.l.s.d.handler.LogAspectHandler - 方法privateApi执行完毕，返回参数为：org.springdoc.core.models.GroupedOpenApi@40ccd5e
20:34:56.883 [restartedMain] INFO  c.e.l.s.d.handler.LogAspectHandler - 对返回参数进行业务上的增强：org.springdoc.core.models.GroupedOpenApi@40ccd5e增强版
20:34:56.883 [restartedMain] INFO  c.e.l.s.d.handler.LogAspectHandler - ====doAfter方法进入了====
20:34:56.883 [restartedMain] INFO  c.e.l.s.d.handler.LogAspectHandler - 方法privateApi已经执行完
20:34:57.045 [restartedMain] INFO  c.c.f.a.s.a.SpringValueProcessor - Monitoring key: spring.mvc.servlet.path, beanName: swaggerWelcome, field: org.springdoc.webmvc.ui.SwaggerWelcomeWebMvc.mvcServletPath
20:34:57.354 [restartedMain] WARN  o.s.b.a.t.ThymeleafAutoConfiguration$DefaultTemplateResolverConfiguration - Cannot find template location: classpath:/templates/ (please add some templates, check your Thymeleaf configuration, or set spring.thymeleaf.check-template-location=false)
20:34:57.431 [restartedMain] INFO  o.a.coyote.http11.Http11NioProtocol - Starting ProtocolHandler ["http-nio-8088"]
20:34:57.491 [restartedMain] INFO  c.e.lyc.springboot.demo.Application - Started Application in 1.866 seconds (process running for 10482.224)
20:34:57.493 [restartedMain] INFO  c.e.l.s.d.handler.LogAspectHandler - ====doBefore方法进入了====
20:34:57.493 [restartedMain] INFO  c.e.l.s.d.handler.LogAspectHandler - 即将执行方法为: onApplicationEvent，属于com.example.lyc.springboot.demo.listener.MyListener包
20:34:57.493 [restartedMain] INFO  c.e.l.s.d.handler.LogAspectHandler - Not in a request context
20:34:57.493 [restartedMain] DEBUG c.e.l.s.demo.listener.MyListener - 应用已启动完成
20:34:57.493 [restartedMain] INFO  c.e.l.s.d.handler.LogAspectHandler - 方法onApplicationEvent执行完毕，但返回参数为 null
20:34:57.493 [restartedMain] INFO  c.e.l.s.d.handler.LogAspectHandler - ====doAfter方法进入了====
20:34:57.493 [restartedMain] INFO  c.e.l.s.d.handler.LogAspectHandler - 方法onApplicationEvent已经执行完
20:35:25.437 [Apollo-RemoteConfigRepository-1] WARN  c.c.f.a.i.AbstractConfigRepository - Sync config failed, will retry. Repository class com.ctrip.framework.apollo.internals.RemoteConfigRepository, reason: Get config services failed from http://meta.apollo.xxx.cn/services/config?appId=platform&ip=10.224.0.20 [Cause: Could not complete get operation [Cause: Unexpected end of file from server]]
20:35:35.017 [Apollo-RemoteConfigRepository-1] WARN  c.c.f.a.i.AbstractConfigRepository - Sync config failed, will retry. Repository class com.ctrip.framework.apollo.internals.RemoteConfigRepository, reason: Get config services failed from http://meta.apollo.xxx.cn/services/config?appId=platform&ip=10.224.0.20 [Cause: Could not complete get operation [Cause: Unexpected end of file from server]]
20:35:45.092 [Apollo-RemoteConfigRepository-1] WARN  c.c.f.a.i.AbstractConfigRepository - Sync config failed, will retry. Repository class com.ctrip.framework.apollo.internals.RemoteConfigRepository, reason: Get config services failed from http://meta.apollo.xxx.cn/services/config?appId=platform&ip=10.224.0.20 [Cause: Could not complete get operation [Cause: Unexpected end of file from server]]
20:36:09.428 [Apollo-RemoteConfigLongPollService-1] WARN  c.c.f.a.i.RemoteConfigLongPollService - Long polling failed, will retry in 120 seconds. appId: platform, cluster: default, namespaces: application+message+sensitive-config, long polling url: null, reason: Get config services failed from http://meta.apollo.xxx.cn/services/config?appId=platform&ip=10.224.0.20 [Cause: Could not complete get operation [Cause: Unexpected end of file from server]]
20:38:12.241 [Apollo-RemoteConfigLongPollService-1] WARN  c.c.f.a.i.RemoteConfigLongPollService - Long polling failed, will retry in 120 seconds. appId: platform, cluster: default, namespaces: application+message+sensitive-config, long polling url: null, reason: Get config services failed from http://meta.apollo.xxx.cn/services/config?appId=platform&ip=10.224.0.20 [Cause: Could not complete get operation [Cause: Unexpected end of file from server]]
20:40:14.701 [Apollo-RemoteConfigLongPollService-1] WARN  c.c.f.a.i.RemoteConfigLongPollService - Long polling failed, will retry in 120 seconds. appId: platform, cluster: default, namespaces: application+message+sensitive-config, long polling url: null, reason: Get config services failed from http://meta.apollo.xxx.cn/services/config?appId=platform&ip=10.224.0.20 [Cause: Could not complete get operation [Cause: Unexpected end of file from server]]
20:40:25.548 [Apollo-RemoteConfigRepository-1] WARN  c.c.f.a.i.AbstractConfigRepository - Sync config failed, will retry. Repository class com.ctrip.framework.apollo.internals.RemoteConfigRepository, reason: Get config services failed from http://meta.apollo.xxx.cn/services/config?appId=platform&ip=10.224.0.20 [Cause: Could not complete get operation [Cause: Unexpected end of file from server]]
20:40:35.278 [Apollo-RemoteConfigRepository-1] WARN  c.c.f.a.i.AbstractConfigRepository - Sync config failed, will retry. Repository class com.ctrip.framework.apollo.internals.RemoteConfigRepository, reason: Get config services failed from http://meta.apollo.xxx.cn/services/config?appId=platform&ip=10.224.0.20 [Cause: Could not complete get operation [Cause: Unexpected end of file from server]]
20:40:45.111 [Apollo-RemoteConfigRepository-1] WARN  c.c.f.a.i.AbstractConfigRepository - Sync config failed, will retry. Repository class com.ctrip.framework.apollo.internals.RemoteConfigRepository, reason: Get config services failed from http://meta.apollo.xxx.cn/services/config?appId=platform&ip=10.224.0.20 [Cause: Could not complete get operation [Cause: Unexpected end of file from server]]
20:42:17.259 [Apollo-RemoteConfigLongPollService-1] WARN  c.c.f.a.i.RemoteConfigLongPollService - Long polling failed, will retry in 120 seconds. appId: platform, cluster: default, namespaces: application+message+sensitive-config, long polling url: null, reason: Get config services failed from http://meta.apollo.xxx.cn/services/config?appId=platform&ip=10.224.0.20 [Cause: Could not complete get operation [Cause: Unexpected end of file from server]]
20:44:19.409 [Apollo-RemoteConfigLongPollService-1] WARN  c.c.f.a.i.RemoteConfigLongPollService - Long polling failed, will retry in 120 seconds. appId: platform, cluster: default, namespaces: application+message+sensitive-config, long polling url: null, reason: Get config services failed from http://meta.apollo.xxx.cn/services/config?appId=platform&ip=10.224.0.20 [Cause: Could not complete get operation [Cause: meta.apollo.xxx.cn]]
20:45:24.672 [Apollo-RemoteConfigRepository-1] WARN  c.c.f.a.i.AbstractConfigRepository - Sync config failed, will retry. Repository class com.ctrip.framework.apollo.internals.RemoteConfigRepository, reason: Get config services failed from http://meta.apollo.xxx.cn/services/config?appId=platform&ip=10.224.0.20 [Cause: Could not complete get operation [Cause: meta.apollo.xxx.cn]]
20:45:34.719 [Apollo-RemoteConfigRepository-1] WARN  c.c.f.a.i.AbstractConfigRepository - Sync config failed, will retry. Repository class com.ctrip.framework.apollo.internals.RemoteConfigRepository, reason: Get config services failed from http://meta.apollo.xxx.cn/services/config?appId=platform&ip=10.224.0.20 [Cause: Could not complete get operation [Cause: meta.apollo.xxx.cn]]
20:45:44.842 [Apollo-RemoteConfigRepository-1] WARN  c.c.f.a.i.AbstractConfigRepository - Sync config failed, will retry. Repository class com.ctrip.framework.apollo.internals.RemoteConfigRepository, reason: Get config services failed from http://meta.apollo.xxx.cn/services/config?appId=platform&ip=10.224.0.20 [Cause: Could not complete get operation [Cause: meta.apollo.xxx.cn]]
20:46:21.578 [Apollo-RemoteConfigLongPollService-1] WARN  c.c.f.a.i.RemoteConfigLongPollService - Long polling failed, will retry in 120 seconds. appId: platform, cluster: default, namespaces: application+message+sensitive-config, long polling url: null, reason: Get config services failed from http://meta.apollo.xxx.cn/services/config?appId=platform&ip=10.224.0.20 [Cause: Could not complete get operation [Cause: meta.apollo.xxx.cn]]
20:48:23.663 [Apollo-RemoteConfigLongPollService-1] WARN  c.c.f.a.i.RemoteConfigLongPollService - Long polling failed, will retry in 120 seconds. appId: platform, cluster: default, namespaces: application+message+sensitive-config, long polling url: null, reason: Get config services failed from http://meta.apollo.xxx.cn/services/config?appId=platform&ip=10.224.0.20 [Cause: Could not complete get operation [Cause: meta.apollo.xxx.cn]]
20:50:24.692 [Apollo-RemoteConfigRepository-1] WARN  c.c.f.a.i.AbstractConfigRepository - Sync config failed, will retry. Repository class com.ctrip.framework.apollo.internals.RemoteConfigRepository, reason: Get config services failed from http://meta.apollo.xxx.cn/services/config?appId=platform&ip=10.224.0.20 [Cause: Could not complete get operation [Cause: meta.apollo.xxx.cn]]
20:50:26.702 [Apollo-RemoteConfigLongPollService-1] WARN  c.c.f.a.i.RemoteConfigLongPollService - Long polling failed, will retry in 120 seconds. appId: platform, cluster: default, namespaces: application+message+sensitive-config, long polling url: null, reason: Get config services failed from http://meta.apollo.xxx.cn/services/config?appId=platform&ip=10.224.0.20 [Cause: Could not complete get operation [Cause: meta.apollo.xxx.cn]]
20:50:34.718 [Apollo-RemoteConfigRepository-1] WARN  c.c.f.a.i.AbstractConfigRepository - Sync config failed, will retry. Repository class com.ctrip.framework.apollo.internals.RemoteConfigRepository, reason: Get config services failed from http://meta.apollo.xxx.cn/services/config?appId=platform&ip=10.224.0.20 [Cause: Could not complete get operation [Cause: meta.apollo.xxx.cn]]
20:50:44.760 [Apollo-RemoteConfigRepository-1] WARN  c.c.f.a.i.AbstractConfigRepository - Sync config failed, will retry. Repository class com.ctrip.framework.apollo.internals.RemoteConfigRepository, reason: Get config services failed from http://meta.apollo.xxx.cn/services/config?appId=platform&ip=10.224.0.20 [Cause: Could not complete get operation [Cause: meta.apollo.xxx.cn]]
20:52:28.760 [Apollo-RemoteConfigLongPollService-1] WARN  c.c.f.a.i.RemoteConfigLongPollService - Long polling failed, will retry in 120 seconds. appId: platform, cluster: default, namespaces: application+message+sensitive-config, long polling url: null, reason: Get config services failed from http://meta.apollo.xxx.cn/services/config?appId=platform&ip=10.224.0.20 [Cause: Could not complete get operation [Cause: meta.apollo.xxx.cn]]
20:54:30.989 [Apollo-RemoteConfigLongPollService-1] WARN  c.c.f.a.i.RemoteConfigLongPollService - Long polling failed, will retry in 120 seconds. appId: platform, cluster: default, namespaces: application+message+sensitive-config, long polling url: null, reason: Get config services failed from http://meta.apollo.xxx.cn/services/config?appId=platform&ip=10.224.0.20 [Cause: Could not complete get operation [Cause: meta.apollo.xxx.cn]]
20:55:24.675 [Apollo-RemoteConfigRepository-1] WARN  c.c.f.a.i.AbstractConfigRepository - Sync config failed, will retry. Repository class com.ctrip.framework.apollo.internals.RemoteConfigRepository, reason: Get config services failed from http://meta.apollo.xxx.cn/services/config?appId=platform&ip=10.224.0.20 [Cause: Could not complete get operation [Cause: meta.apollo.xxx.cn]]
20:55:34.767 [Apollo-RemoteConfigRepository-1] WARN  c.c.f.a.i.AbstractConfigRepository - Sync config failed, will retry. Repository class com.ctrip.framework.apollo.internals.RemoteConfigRepository, reason: Get config services failed from http://meta.apollo.xxx.cn/services/config?appId=platform&ip=10.224.0.20 [Cause: Could not complete get operation [Cause: meta.apollo.xxx.cn]]
20:55:44.760 [Apollo-RemoteConfigRepository-1] WARN  c.c.f.a.i.AbstractConfigRepository - Sync config failed, will retry. Repository class com.ctrip.framework.apollo.internals.RemoteConfigRepository, reason: Get config services failed from http://meta.apollo.xxx.cn/services/config?appId=platform&ip=10.224.0.20 [Cause: Could not complete get operation [Cause: meta.apollo.xxx.cn]]
20:56:33.003 [Apollo-RemoteConfigLongPollService-1] WARN  c.c.f.a.i.RemoteConfigLongPollService - Long polling failed, will retry in 120 seconds. appId: platform, cluster: default, namespaces: application+message+sensitive-config, long polling url: null, reason: Get config services failed from http://meta.apollo.xxx.cn/services/config?appId=platform&ip=10.224.0.20 [Cause: Could not complete get operation [Cause: meta.apollo.xxx.cn]]
20:58:35.020 [Apollo-RemoteConfigLongPollService-1] WARN  c.c.f.a.i.RemoteConfigLongPollService - Long polling failed, will retry in 120 seconds. appId: platform, cluster: default, namespaces: application+message+sensitive-config, long polling url: null, reason: Get config services failed from http://meta.apollo.xxx.cn/services/config?appId=platform&ip=10.224.0.20 [Cause: Could not complete get operation [Cause: meta.apollo.xxx.cn]]
