09:21:03.820 [Apollo-RemoteConfigRepository-1] WARN  c.c.f.a.i.AbstractConfigRepository - Sync config failed, will retry. Repository class com.ctrip.framework.apollo.internals.RemoteConfigRepository, reason: Get config services failed from http://meta.apollo.xxx.cn/services/config?appId=platform&ip=192.168.31.81 [Cause: Could not complete get operation [Cause: meta.apollo.xxx.cn]]
09:21:13.703 [Apollo-RemoteConfigRepository-1] WARN  c.c.f.a.i.AbstractConfigRepository - Sync config failed, will retry. Repository class com.ctrip.framework.apollo.internals.RemoteConfigRepository, reason: Get config services failed from http://meta.apollo.xxx.cn/services/config?appId=platform&ip=192.168.31.81 [Cause: Could not complete get operation [Cause: meta.apollo.xxx.cn]]
09:21:23.752 [Apollo-RemoteConfigRepository-1] WARN  c.c.f.a.i.AbstractConfigRepository - Sync config failed, will retry. Repository class com.ctrip.framework.apollo.internals.RemoteConfigRepository, reason: Get config services failed from http://meta.apollo.xxx.cn/services/config?appId=platform&ip=192.168.31.81 [Cause: Could not complete get operation [Cause: meta.apollo.xxx.cn]]
09:22:36.453 [Apollo-RemoteConfigLongPollService-1] WARN  c.c.f.a.i.RemoteConfigLongPollService - Long polling failed, will retry in 120 seconds. appId: platform, cluster: default, namespaces: application+message+sensitive-config, long polling url: null, reason: Get config services failed from http://meta.apollo.xxx.cn/services/config?appId=platform&ip=192.168.31.81 [Cause: Could not complete get operation [Cause: meta.apollo.xxx.cn]]
09:26:49.144 [Apollo-RemoteConfigLongPollService-1] WARN  c.c.f.a.i.RemoteConfigLongPollService - Long polling failed, will retry in 120 seconds. appId: platform, cluster: default, namespaces: application+message+sensitive-config, long polling url: null, reason: Get config services failed from http://meta.apollo.xxx.cn/services/config?appId=platform&ip=192.168.31.81 [Cause: Could not complete get operation [Cause: meta.apollo.xxx.cn]]
09:28:51.209 [Apollo-RemoteConfigLongPollService-1] WARN  c.c.f.a.i.RemoteConfigLongPollService - Long polling failed, will retry in 120 seconds. appId: platform, cluster: default, namespaces: application+message+sensitive-config, long polling url: null, reason: Get config services failed from http://meta.apollo.xxx.cn/services/config?appId=platform&ip=192.168.31.81 [Cause: Could not complete get operation [Cause: meta.apollo.xxx.cn]]
09:29:03.350 [Apollo-RemoteConfigRepository-1] WARN  c.c.f.a.i.AbstractConfigRepository - Sync config failed, will retry. Repository class com.ctrip.framework.apollo.internals.RemoteConfigRepository, reason: Get config services failed from http://meta.apollo.xxx.cn/services/config?appId=platform&ip=192.168.31.81 [Cause: Could not complete get operation [Cause: meta.apollo.xxx.cn]]
09:29:13.397 [Apollo-RemoteConfigRepository-1] WARN  c.c.f.a.i.AbstractConfigRepository - Sync config failed, will retry. Repository class com.ctrip.framework.apollo.internals.RemoteConfigRepository, reason: Get config services failed from http://meta.apollo.xxx.cn/services/config?appId=platform&ip=192.168.31.81 [Cause: Could not complete get operation [Cause: meta.apollo.xxx.cn]]
09:29:23.444 [Apollo-RemoteConfigRepository-1] WARN  c.c.f.a.i.AbstractConfigRepository - Sync config failed, will retry. Repository class com.ctrip.framework.apollo.internals.RemoteConfigRepository, reason: Get config services failed from http://meta.apollo.xxx.cn/services/config?appId=platform&ip=192.168.31.81 [Cause: Could not complete get operation [Cause: meta.apollo.xxx.cn]]
09:30:53.501 [Apollo-RemoteConfigLongPollService-1] WARN  c.c.f.a.i.RemoteConfigLongPollService - Long polling failed, will retry in 120 seconds. appId: platform, cluster: default, namespaces: application+message+sensitive-config, long polling url: null, reason: Get config services failed from http://meta.apollo.xxx.cn/services/config?appId=platform&ip=192.168.31.81 [Cause: Could not complete get operation [Cause: meta.apollo.xxx.cn]]
09:32:55.585 [Apollo-RemoteConfigLongPollService-1] WARN  c.c.f.a.i.RemoteConfigLongPollService - Long polling failed, will retry in 120 seconds. appId: platform, cluster: default, namespaces: application+message+sensitive-config, long polling url: null, reason: Get config services failed from http://meta.apollo.xxx.cn/services/config?appId=platform&ip=192.168.31.81 [Cause: Could not complete get operation [Cause: meta.apollo.xxx.cn]]
09:52:29.366 [Apollo-RemoteConfigRepository-1] WARN  c.c.f.a.i.AbstractConfigRepository - Sync config failed, will retry. Repository class com.ctrip.framework.apollo.internals.RemoteConfigRepository, reason: Get config services failed from http://meta.apollo.xxx.cn/services/config?appId=platform&ip=192.168.31.81 [Cause: Could not complete get operation [Cause: meta.apollo.xxx.cn]]
09:52:39.366 [Apollo-RemoteConfigRepository-1] WARN  c.c.f.a.i.AbstractConfigRepository - Sync config failed, will retry. Repository class com.ctrip.framework.apollo.internals.RemoteConfigRepository, reason: Get config services failed from http://meta.apollo.xxx.cn/services/config?appId=platform&ip=192.168.31.81 [Cause: Could not complete get operation [Cause: meta.apollo.xxx.cn]]
09:53:24.428 [background-preinit] INFO  o.h.validator.internal.util.Version - HV000001: Hibernate Validator 8.0.1.Final
09:53:24.481 [restartedMain] INFO  c.c.f.f.i.p.DefaultApplicationProvider - App ID is set to platform by app.id property from System Property
09:53:24.481 [restartedMain] WARN  c.c.f.f.i.p.DefaultApplicationProvider - app.label is not available from System Property and /META-INF/app.properties. It is set to null
09:53:24.481 [restartedMain] INFO  c.c.f.f.i.p.DefaultServerProvider - Environment is set to null. Because it is not available in either (1) JVM system property 'env', (2) OS env variable 'ENV' nor (3) property 'env' from the properties InputStream.
09:53:24.482 [restartedMain] INFO  c.c.f.a.i.DefaultMetaServerProvider - Located meta services from apollo.meta configuration: http://meta.apollo.xxx.cn!
09:53:24.482 [restartedMain] INFO  c.c.f.apollo.core.MetaDomainConsts - Located meta server address http://meta.apollo.xxx.cn for env UNKNOWN from com.ctrip.framework.apollo.internals.DefaultMetaServerProvider
09:53:24.482 [restartedMain] WARN  c.c.f.a.i.LocalFileConfigRepository - Sync config from upstream repository class com.ctrip.framework.apollo.internals.RemoteConfigRepository failed, reason: Get config services failed from http://meta.apollo.xxx.cn/services/config?appId=platform&ip=10.224.0.20 [Cause: Could not complete get operation [Cause: meta.apollo.xxx.cn]]
09:53:24.483 [restartedMain] WARN  c.c.f.a.i.LocalFileConfigRepository - Sync config from upstream repository class com.ctrip.framework.apollo.internals.RemoteConfigRepository failed, reason: Get config services failed from http://meta.apollo.xxx.cn/services/config?appId=platform&ip=10.224.0.20 [Cause: Could not complete get operation [Cause: meta.apollo.xxx.cn]]
09:53:24.483 [restartedMain] WARN  c.c.f.apollo.internals.DefaultConfig - Init Apollo Local Config failed - namespace: application, reason: Load config from local config failed! [Cause: Cannot read from local cache file /Users/liyinchi/workspace/java/lyc.springboot.demo/./config/platform/config-cache/platform+default+application.properties].
09:53:24.483 [restartedMain] WARN  c.c.f.a.i.LocalFileConfigRepository - Sync config from upstream repository class com.ctrip.framework.apollo.internals.RemoteConfigRepository failed, reason: Get config services failed from http://meta.apollo.xxx.cn/services/config?appId=platform&ip=10.224.0.20 [Cause: Could not complete get operation [Cause: meta.apollo.xxx.cn]]
09:53:24.483 [restartedMain] WARN  c.c.f.a.i.LocalFileConfigRepository - Sync config from upstream repository class com.ctrip.framework.apollo.internals.RemoteConfigRepository failed, reason: Get config services failed from http://meta.apollo.xxx.cn/services/config?appId=platform&ip=10.224.0.20 [Cause: Could not complete get operation [Cause: meta.apollo.xxx.cn]]
09:53:24.483 [restartedMain] WARN  c.c.f.apollo.internals.DefaultConfig - Init Apollo Local Config failed - namespace: sensitive-config, reason: Load config from local config failed! [Cause: Cannot read from local cache file /Users/liyinchi/workspace/java/lyc.springboot.demo/./config/platform/config-cache/platform+default+sensitive-config.properties].
09:53:24.484 [restartedMain] WARN  c.c.f.a.i.LocalFileConfigRepository - Sync config from upstream repository class com.ctrip.framework.apollo.internals.RemoteConfigRepository failed, reason: Get config services failed from http://meta.apollo.xxx.cn/services/config?appId=platform&ip=10.224.0.20 [Cause: Could not complete get operation [Cause: meta.apollo.xxx.cn]]
09:53:24.484 [restartedMain] WARN  c.c.f.a.i.LocalFileConfigRepository - Sync config from upstream repository class com.ctrip.framework.apollo.internals.RemoteConfigRepository failed, reason: Get config services failed from http://meta.apollo.xxx.cn/services/config?appId=platform&ip=10.224.0.20 [Cause: Could not complete get operation [Cause: meta.apollo.xxx.cn]]
09:53:24.484 [restartedMain] WARN  c.c.f.apollo.internals.DefaultConfig - Init Apollo Local Config failed - namespace: message, reason: Load config from local config failed! [Cause: Cannot read from local cache file /Users/liyinchi/workspace/java/lyc.springboot.demo/./config/platform/config-cache/platform+default+message.properties].
09:53:24.484 [restartedMain] WARN  c.c.f.apollo.internals.DefaultConfig - Could not load config for namespace application from Apollo, please check whether the configs are released in Apollo! Return default value now!
09:53:24.484 [restartedMain] WARN  c.c.f.apollo.internals.DefaultConfig - Could not load config for namespace sensitive-config from Apollo, please check whether the configs are released in Apollo! Return default value now!
09:53:24.484 [restartedMain] WARN  c.c.f.apollo.internals.DefaultConfig - Could not load config for namespace message from Apollo, please check whether the configs are released in Apollo! Return default value now!
09:53:24.500 [restartedMain] INFO  c.e.lyc.springboot.demo.Application - Starting Application using Java 17.0.1 with PID 14714 (/Users/liyinchi/workspace/java/lyc.springboot.demo/target/classes started by liyinchi in /Users/liyinchi/workspace/java/lyc.springboot.demo)
09:53:24.501 [restartedMain] DEBUG c.e.lyc.springboot.demo.Application - Running with Spring Boot v3.1.2, Spring v6.0.11
09:53:24.502 [restartedMain] INFO  c.e.lyc.springboot.demo.Application - The following 1 profile is active: "dev"
09:53:27.905 [restartedMain] INFO  o.a.coyote.http11.Http11NioProtocol - Initializing ProtocolHandler ["http-nio-8088"]
09:53:27.909 [restartedMain] INFO  o.a.catalina.core.StandardService - Starting service [Tomcat]
09:53:27.909 [restartedMain] INFO  o.a.catalina.core.StandardEngine - Starting Servlet engine: [Apache Tomcat/10.1.12]
09:53:28.071 [restartedMain] INFO  o.a.c.c.C.[Tomcat].[localhost].[/] - Initializing Spring embedded WebApplicationContext
09:53:28.266 [Apollo-RemoteConfigLongPollService-1] WARN  c.c.f.a.i.RemoteConfigLongPollService - Long polling failed, will retry in 16 seconds. appId: platform, cluster: default, namespaces: application+message+sensitive-config, long polling url: null, reason: Get config services failed from http://meta.apollo.xxx.cn/services/config?appId=platform&ip=10.224.0.20 [Cause: Could not complete get operation [Cause: meta.apollo.xxx.cn]]
09:53:28.444 [restartedMain] INFO  c.c.f.a.s.a.SpringValueProcessor - Monitoring key: microservice.url.orderUrl, beanName: jsonController, field: com.example.lyc.springboot.demo.controller.JsonController.orderUrl
09:53:29.587 [restartedMain] INFO  c.e.l.s.demo.service.RedisService - redis port: 6379
09:53:30.633 [restartedMain] INFO  c.e.l.s.d.handler.LogAspectHandler - ====doBefore方法进入了====
09:53:30.640 [restartedMain] INFO  c.e.l.s.d.handler.LogAspectHandler - 即将执行方法为: userService，属于com.example.lyc.springboot.demo.config.AppConfig包
09:53:30.642 [restartedMain] INFO  c.e.l.s.d.handler.LogAspectHandler - Not in a request context
09:53:30.644 [restartedMain] INFO  c.e.l.s.d.handler.LogAspectHandler - 方法userService执行完毕，返回参数为：com.example.lyc.springboot.demo.serviceImpl.UserServiceImpl@367e3fef
09:53:30.645 [restartedMain] INFO  c.e.l.s.d.handler.LogAspectHandler - 对返回参数进行业务上的增强：com.example.lyc.springboot.demo.serviceImpl.UserServiceImpl@367e3fef增强版
09:53:30.646 [restartedMain] INFO  c.e.l.s.d.handler.LogAspectHandler - ====doAfter方法进入了====
09:53:30.646 [restartedMain] INFO  c.e.l.s.d.handler.LogAspectHandler - 方法userService已经执行完
09:53:30.742 [restartedMain] INFO  c.e.l.s.d.handler.LogAspectHandler - ====doBefore方法进入了====
09:53:30.742 [restartedMain] INFO  c.e.l.s.d.handler.LogAspectHandler - 即将执行方法为: modelMapper，属于com.example.lyc.springboot.demo.config.AppConfig包
09:53:30.742 [restartedMain] INFO  c.e.l.s.d.handler.LogAspectHandler - Not in a request context
09:53:30.794 [restartedMain] INFO  c.e.l.s.d.handler.LogAspectHandler - 方法modelMapper执行完毕，返回参数为：org.modelmapper.ModelMapper@7392f77b
09:53:30.813 [restartedMain] INFO  c.e.l.s.d.handler.LogAspectHandler - 对返回参数进行业务上的增强：org.modelmapper.ModelMapper@7392f77b增强版
09:53:30.814 [restartedMain] INFO  c.e.l.s.d.handler.LogAspectHandler - ====doAfter方法进入了====
09:53:30.814 [restartedMain] INFO  c.e.l.s.d.handler.LogAspectHandler - 方法modelMapper已经执行完
09:53:32.552 [restartedMain] INFO  c.e.l.s.d.handler.LogAspectHandler - ====doBefore方法进入了====
09:53:32.552 [restartedMain] INFO  c.e.l.s.d.handler.LogAspectHandler - 即将执行方法为: publicApi，属于com.example.lyc.springboot.demo.config.SwaggerConfig包
09:53:32.553 [restartedMain] INFO  c.e.l.s.d.handler.LogAspectHandler - Not in a request context
09:53:32.573 [restartedMain] INFO  c.e.l.s.d.handler.LogAspectHandler - 方法publicApi执行完毕，返回参数为：org.springdoc.core.models.GroupedOpenApi@302486aa
09:53:32.573 [restartedMain] INFO  c.e.l.s.d.handler.LogAspectHandler - 对返回参数进行业务上的增强：org.springdoc.core.models.GroupedOpenApi@302486aa增强版
09:53:32.573 [restartedMain] INFO  c.e.l.s.d.handler.LogAspectHandler - ====doAfter方法进入了====
09:53:32.573 [restartedMain] INFO  c.e.l.s.d.handler.LogAspectHandler - 方法publicApi已经执行完
09:53:32.578 [restartedMain] INFO  c.e.l.s.d.handler.LogAspectHandler - ====doBefore方法进入了====
09:53:32.579 [restartedMain] INFO  c.e.l.s.d.handler.LogAspectHandler - 即将执行方法为: privateApi，属于com.example.lyc.springboot.demo.config.SwaggerConfig包
09:53:32.579 [restartedMain] INFO  c.e.l.s.d.handler.LogAspectHandler - Not in a request context
09:53:32.580 [restartedMain] INFO  c.e.l.s.d.handler.LogAspectHandler - 方法privateApi执行完毕，返回参数为：org.springdoc.core.models.GroupedOpenApi@44bba49d
09:53:32.580 [restartedMain] INFO  c.e.l.s.d.handler.LogAspectHandler - 对返回参数进行业务上的增强：org.springdoc.core.models.GroupedOpenApi@44bba49d增强版
09:53:32.580 [restartedMain] INFO  c.e.l.s.d.handler.LogAspectHandler - ====doAfter方法进入了====
09:53:32.581 [restartedMain] INFO  c.e.l.s.d.handler.LogAspectHandler - 方法privateApi已经执行完
09:53:33.488 [restartedMain] INFO  c.c.f.a.s.a.SpringValueProcessor - Monitoring key: spring.mvc.servlet.path, beanName: swaggerWelcome, field: org.springdoc.webmvc.ui.SwaggerWelcomeWebMvc.mvcServletPath
09:53:35.152 [restartedMain] WARN  o.s.b.a.t.ThymeleafAutoConfiguration$DefaultTemplateResolverConfiguration - Cannot find template location: classpath:/templates/ (please add some templates, check your Thymeleaf configuration, or set spring.thymeleaf.check-template-location=false)
09:53:35.504 [restartedMain] INFO  o.a.coyote.http11.Http11NioProtocol - Starting ProtocolHandler ["http-nio-8088"]
09:53:35.632 [restartedMain] INFO  c.e.lyc.springboot.demo.Application - Started Application in 40.273 seconds (process running for 42.786)
09:53:35.638 [restartedMain] INFO  c.e.l.s.d.handler.LogAspectHandler - ====doBefore方法进入了====
09:53:35.639 [restartedMain] INFO  c.e.l.s.d.handler.LogAspectHandler - 即将执行方法为: onApplicationEvent，属于com.example.lyc.springboot.demo.listener.MyListener包
09:53:35.639 [restartedMain] INFO  c.e.l.s.d.handler.LogAspectHandler - Not in a request context
09:53:35.639 [restartedMain] DEBUG c.e.l.s.demo.listener.MyListener - 应用已启动完成
09:53:35.640 [restartedMain] INFO  c.e.l.s.d.handler.LogAspectHandler - 方法onApplicationEvent执行完毕，但返回参数为 null
09:53:35.640 [restartedMain] INFO  c.e.l.s.d.handler.LogAspectHandler - ====doAfter方法进入了====
09:53:35.640 [restartedMain] INFO  c.e.l.s.d.handler.LogAspectHandler - 方法onApplicationEvent已经执行完
09:53:46.399 [Apollo-RemoteConfigLongPollService-1] WARN  c.c.f.a.i.RemoteConfigLongPollService - Long polling failed, will retry in 32 seconds. appId: platform, cluster: default, namespaces: application+message+sensitive-config, long polling url: null, reason: Get config services failed from http://meta.apollo.xxx.cn/services/config?appId=platform&ip=10.224.0.20 [Cause: Could not complete get operation [Cause: meta.apollo.xxx.cn]]
09:54:20.409 [Apollo-RemoteConfigLongPollService-1] WARN  c.c.f.a.i.RemoteConfigLongPollService - Long polling failed, will retry in 64 seconds. appId: platform, cluster: default, namespaces: application+message+sensitive-config, long polling url: null, reason: Get config services failed from http://meta.apollo.xxx.cn/services/config?appId=platform&ip=10.224.0.20 [Cause: Could not complete get operation [Cause: meta.apollo.xxx.cn]]
09:55:26.677 [Apollo-RemoteConfigLongPollService-1] WARN  c.c.f.a.i.RemoteConfigLongPollService - Long polling failed, will retry in 120 seconds. appId: platform, cluster: default, namespaces: application+message+sensitive-config, long polling url: null, reason: Get config services failed from http://meta.apollo.xxx.cn/services/config?appId=platform&ip=10.224.0.20 [Cause: Could not complete get operation [Cause: meta.apollo.xxx.cn]]
09:57:08.317 [http-nio-8088-exec-1] INFO  c.e.l.s.d.handler.LogAspectHandler - ====doBefore方法进入了====
09:57:08.318 [http-nio-8088-exec-1] INFO  c.e.l.s.d.handler.LogAspectHandler - 即将执行方法为: requestInitialized，属于com.example.lyc.springboot.demo.listener.MyServletRequestListener包
09:57:08.318 [http-nio-8088-exec-1] INFO  c.e.l.s.d.handler.LogAspectHandler - Not in a request context
09:57:08.319 [http-nio-8088-exec-1] INFO  c.e.l.s.d.l.MyServletRequestListener - session id为：null
09:57:08.320 [http-nio-8088-exec-1] INFO  c.e.l.s.d.l.MyServletRequestListener - request url为：http://127.0.0.1:8088/v1/test/testRedis
09:57:08.322 [http-nio-8088-exec-1] INFO  c.e.l.s.d.handler.LogAspectHandler - 方法requestInitialized执行完毕，但返回参数为 null
09:57:08.322 [http-nio-8088-exec-1] INFO  c.e.l.s.d.handler.LogAspectHandler - ====doAfter方法进入了====
09:57:08.322 [http-nio-8088-exec-1] INFO  c.e.l.s.d.handler.LogAspectHandler - 方法requestInitialized已经执行完
09:57:08.353 [http-nio-8088-exec-1] INFO  o.a.c.c.C.[Tomcat].[localhost].[/] - Initializing Spring DispatcherServlet 'dispatcherServlet'
09:57:08.432 [http-nio-8088-exec-1] INFO  c.e.l.s.d.c.I.MyInterceptor - ====拦截到了方法：testRedis，在该方法执行之前执行====
09:57:08.478 [http-nio-8088-exec-1] INFO  c.e.l.s.d.handler.LogAspectHandler - ====doBefore方法进入了====
09:57:08.479 [http-nio-8088-exec-1] INFO  c.e.l.s.d.handler.LogAspectHandler - 即将执行方法为: testRedis，属于com.example.lyc.springboot.demo.controller.TestController包
09:57:08.479 [http-nio-8088-exec-1] INFO  c.e.l.s.d.handler.LogAspectHandler - 用户请求的url为：http://127.0.0.1:8088/v1/test/testRedis，ip地址为：127.0.0.1
09:57:08.480 [http-nio-8088-exec-1] INFO  c.e.l.s.d.controller.TestController - testRedis
09:57:08.480 [http-nio-8088-exec-1] INFO  c.e.l.s.d.handler.LogAspectHandler - ====doBefore方法进入了====
09:57:08.481 [http-nio-8088-exec-1] INFO  c.e.l.s.d.handler.LogAspectHandler - 即将执行方法为: testRedisConnection，属于com.example.lyc.springboot.demo.service.RedisService包
09:57:08.481 [http-nio-8088-exec-1] INFO  c.e.l.s.d.handler.LogAspectHandler - 用户请求的url为：http://127.0.0.1:8088/v1/test/testRedis，ip地址为：127.0.0.1
09:57:10.789 [http-nio-8088-exec-1] ERROR c.e.l.s.demo.service.RedisService - redis连接失败
org.springframework.data.redis.RedisConnectionFailureException: Unable to connect to Redis
	at org.springframework.data.redis.connection.lettuce.LettuceConnectionFactory$ExceptionTranslatingConnectionProvider.translateException(LettuceConnectionFactory.java:1604)
	at org.springframework.data.redis.connection.lettuce.LettuceConnectionFactory$ExceptionTranslatingConnectionProvider.getConnection(LettuceConnectionFactory.java:1535)
	at org.springframework.data.redis.connection.lettuce.LettuceConnectionFactory$SharedConnection.getNativeConnection(LettuceConnectionFactory.java:1360)
	at org.springframework.data.redis.connection.lettuce.LettuceConnectionFactory$SharedConnection.getConnection(LettuceConnectionFactory.java:1343)
	at org.springframework.data.redis.connection.lettuce.LettuceConnectionFactory.getSharedConnection(LettuceConnectionFactory.java:1061)
	at org.springframework.data.redis.connection.lettuce.LettuceConnectionFactory.getConnection(LettuceConnectionFactory.java:400)
	at org.springframework.data.redis.core.RedisConnectionUtils.fetchConnection(RedisConnectionUtils.java:193)
	at org.springframework.data.redis.core.RedisConnectionUtils.doGetConnection(RedisConnectionUtils.java:144)
	at org.springframework.data.redis.core.RedisConnectionUtils.getConnection(RedisConnectionUtils.java:105)
	at org.springframework.data.redis.core.RedisTemplate.execute(RedisTemplate.java:393)
	at org.springframework.data.redis.core.RedisTemplate.execute(RedisTemplate.java:373)
	at org.springframework.data.redis.core.AbstractOperations.execute(AbstractOperations.java:97)
	at org.springframework.data.redis.core.DefaultValueOperations.set(DefaultValueOperations.java:237)
	at com.example.lyc.springboot.demo.service.RedisService.setString(RedisService.java:37)
	at com.example.lyc.springboot.demo.service.RedisService.testRedisConnection(RedisService.java:58)
	at java.base/jdk.internal.reflect.NativeMethodAccessorImpl.invoke0(Native Method)
	at java.base/jdk.internal.reflect.NativeMethodAccessorImpl.invoke(NativeMethodAccessorImpl.java:77)
	at java.base/jdk.internal.reflect.DelegatingMethodAccessorImpl.invoke(DelegatingMethodAccessorImpl.java:43)
	at java.base/java.lang.reflect.Method.invoke(Method.java:568)
	at org.springframework.aop.support.AopUtils.invokeJoinpointUsingReflection(AopUtils.java:343)
	at org.springframework.aop.framework.ReflectiveMethodInvocation.invokeJoinpoint(ReflectiveMethodInvocation.java:196)
	at org.springframework.aop.framework.ReflectiveMethodInvocation.proceed(ReflectiveMethodInvocation.java:163)
	at org.springframework.aop.framework.CglibAopProxy$CglibMethodInvocation.proceed(CglibAopProxy.java:756)
	at org.springframework.aop.aspectj.AspectJAfterThrowingAdvice.invoke(AspectJAfterThrowingAdvice.java:64)
	at org.springframework.aop.framework.ReflectiveMethodInvocation.proceed(ReflectiveMethodInvocation.java:184)
	at org.springframework.aop.framework.CglibAopProxy$CglibMethodInvocation.proceed(CglibAopProxy.java:756)
	at org.springframework.aop.framework.adapter.AfterReturningAdviceInterceptor.invoke(AfterReturningAdviceInterceptor.java:57)
	at org.springframework.aop.framework.ReflectiveMethodInvocation.proceed(ReflectiveMethodInvocation.java:184)
	at org.springframework.aop.framework.CglibAopProxy$CglibMethodInvocation.proceed(CglibAopProxy.java:756)
	at org.springframework.aop.aspectj.AspectJAfterAdvice.invoke(AspectJAfterAdvice.java:49)
	at org.springframework.aop.framework.ReflectiveMethodInvocation.proceed(ReflectiveMethodInvocation.java:184)
	at org.springframework.aop.framework.CglibAopProxy$CglibMethodInvocation.proceed(CglibAopProxy.java:756)
	at org.springframework.aop.framework.adapter.MethodBeforeAdviceInterceptor.invoke(MethodBeforeAdviceInterceptor.java:58)
	at org.springframework.aop.framework.ReflectiveMethodInvocation.proceed(ReflectiveMethodInvocation.java:184)
	at org.springframework.aop.framework.CglibAopProxy$CglibMethodInvocation.proceed(CglibAopProxy.java:756)
	at org.springframework.aop.interceptor.ExposeInvocationInterceptor.invoke(ExposeInvocationInterceptor.java:97)
	at org.springframework.aop.framework.ReflectiveMethodInvocation.proceed(ReflectiveMethodInvocation.java:184)
	at org.springframework.aop.framework.CglibAopProxy$CglibMethodInvocation.proceed(CglibAopProxy.java:756)
	at org.springframework.aop.framework.CglibAopProxy$DynamicAdvisedInterceptor.intercept(CglibAopProxy.java:708)
	at com.example.lyc.springboot.demo.service.RedisService$$SpringCGLIB$$0.testRedisConnection(<generated>)
	at com.example.lyc.springboot.demo.controller.TestController.testRedis(TestController.java:32)
	at java.base/jdk.internal.reflect.NativeMethodAccessorImpl.invoke0(Native Method)
	at java.base/jdk.internal.reflect.NativeMethodAccessorImpl.invoke(NativeMethodAccessorImpl.java:77)
	at java.base/jdk.internal.reflect.DelegatingMethodAccessorImpl.invoke(DelegatingMethodAccessorImpl.java:43)
	at java.base/java.lang.reflect.Method.invoke(Method.java:568)
	at org.springframework.aop.support.AopUtils.invokeJoinpointUsingReflection(AopUtils.java:343)
	at org.springframework.aop.framework.ReflectiveMethodInvocation.invokeJoinpoint(ReflectiveMethodInvocation.java:196)
	at org.springframework.aop.framework.ReflectiveMethodInvocation.proceed(ReflectiveMethodInvocation.java:163)
	at org.springframework.aop.framework.CglibAopProxy$CglibMethodInvocation.proceed(CglibAopProxy.java:756)
	at org.springframework.aop.aspectj.AspectJAfterThrowingAdvice.invoke(AspectJAfterThrowingAdvice.java:64)
	at org.springframework.aop.framework.ReflectiveMethodInvocation.proceed(ReflectiveMethodInvocation.java:184)
	at org.springframework.aop.framework.CglibAopProxy$CglibMethodInvocation.proceed(CglibAopProxy.java:756)
	at org.springframework.aop.framework.adapter.AfterReturningAdviceInterceptor.invoke(AfterReturningAdviceInterceptor.java:57)
	at org.springframework.aop.framework.ReflectiveMethodInvocation.proceed(ReflectiveMethodInvocation.java:184)
	at org.springframework.aop.framework.CglibAopProxy$CglibMethodInvocation.proceed(CglibAopProxy.java:756)
	at org.springframework.aop.aspectj.AspectJAfterAdvice.invoke(AspectJAfterAdvice.java:49)
	at org.springframework.aop.framework.ReflectiveMethodInvocation.proceed(ReflectiveMethodInvocation.java:184)
	at org.springframework.aop.framework.CglibAopProxy$CglibMethodInvocation.proceed(CglibAopProxy.java:756)
	at org.springframework.aop.framework.adapter.MethodBeforeAdviceInterceptor.invoke(MethodBeforeAdviceInterceptor.java:58)
	at org.springframework.aop.framework.ReflectiveMethodInvocation.proceed(ReflectiveMethodInvocation.java:184)
	at org.springframework.aop.framework.CglibAopProxy$CglibMethodInvocation.proceed(CglibAopProxy.java:756)
	at org.springframework.aop.interceptor.ExposeInvocationInterceptor.invoke(ExposeInvocationInterceptor.java:97)
	at org.springframework.aop.framework.ReflectiveMethodInvocation.proceed(ReflectiveMethodInvocation.java:184)
	at org.springframework.aop.framework.CglibAopProxy$CglibMethodInvocation.proceed(CglibAopProxy.java:756)
	at org.springframework.aop.framework.CglibAopProxy$DynamicAdvisedInterceptor.intercept(CglibAopProxy.java:708)
	at com.example.lyc.springboot.demo.controller.TestController$$SpringCGLIB$$0.testRedis(<generated>)
	at java.base/jdk.internal.reflect.NativeMethodAccessorImpl.invoke0(Native Method)
	at java.base/jdk.internal.reflect.NativeMethodAccessorImpl.invoke(NativeMethodAccessorImpl.java:77)
	at java.base/jdk.internal.reflect.DelegatingMethodAccessorImpl.invoke(DelegatingMethodAccessorImpl.java:43)
	at java.base/java.lang.reflect.Method.invoke(Method.java:568)
	at org.springframework.web.method.support.InvocableHandlerMethod.doInvoke(InvocableHandlerMethod.java:205)
	at org.springframework.web.method.support.InvocableHandlerMethod.invokeForRequest(InvocableHandlerMethod.java:150)
	at org.springframework.web.servlet.mvc.method.annotation.ServletInvocableHandlerMethod.invokeAndHandle(ServletInvocableHandlerMethod.java:118)
	at org.springframework.web.servlet.mvc.method.annotation.RequestMappingHandlerAdapter.invokeHandlerMethod(RequestMappingHandlerAdapter.java:884)
	at org.springframework.web.servlet.mvc.method.annotation.RequestMappingHandlerAdapter.handleInternal(RequestMappingHandlerAdapter.java:797)
	at org.springframework.web.servlet.mvc.method.AbstractHandlerMethodAdapter.handle(AbstractHandlerMethodAdapter.java:87)
	at org.springframework.web.servlet.DispatcherServlet.doDispatch(DispatcherServlet.java:1081)
	at org.springframework.web.servlet.DispatcherServlet.doService(DispatcherServlet.java:974)
	at org.springframework.web.servlet.FrameworkServlet.processRequest(FrameworkServlet.java:1011)
	at org.springframework.web.servlet.FrameworkServlet.doGet(FrameworkServlet.java:903)
	at jakarta.servlet.http.HttpServlet.service(HttpServlet.java:564)
	at org.springframework.web.servlet.FrameworkServlet.service(FrameworkServlet.java:885)
	at jakarta.servlet.http.HttpServlet.service(HttpServlet.java:658)
	at org.apache.catalina.core.ApplicationFilterChain.internalDoFilter(ApplicationFilterChain.java:205)
	at org.apache.catalina.core.ApplicationFilterChain.doFilter(ApplicationFilterChain.java:149)
	at org.apache.tomcat.websocket.server.WsFilter.doFilter(WsFilter.java:51)
	at org.apache.catalina.core.ApplicationFilterChain.internalDoFilter(ApplicationFilterChain.java:174)
	at org.apache.catalina.core.ApplicationFilterChain.doFilter(ApplicationFilterChain.java:149)
	at org.springframework.web.filter.CharacterEncodingFilter.doFilterInternal(CharacterEncodingFilter.java:201)
	at org.springframework.web.filter.OncePerRequestFilter.doFilter(OncePerRequestFilter.java:116)
	at org.apache.catalina.core.ApplicationFilterChain.internalDoFilter(ApplicationFilterChain.java:174)
	at org.apache.catalina.core.ApplicationFilterChain.doFilter(ApplicationFilterChain.java:149)
	at org.apache.catalina.core.StandardWrapperValve.invoke(StandardWrapperValve.java:166)
	at org.apache.catalina.core.StandardContextValve.invoke(StandardContextValve.java:90)
	at org.apache.catalina.authenticator.AuthenticatorBase.invoke(AuthenticatorBase.java:482)
	at org.apache.catalina.core.StandardHostValve.invoke(StandardHostValve.java:115)
	at org.apache.catalina.valves.ErrorReportValve.invoke(ErrorReportValve.java:93)
	at org.apache.catalina.core.StandardEngineValve.invoke(StandardEngineValve.java:74)
	at org.apache.catalina.connector.CoyoteAdapter.service(CoyoteAdapter.java:341)
	at org.apache.coyote.http11.Http11Processor.service(Http11Processor.java:391)
	at org.apache.coyote.AbstractProcessorLight.process(AbstractProcessorLight.java:63)
	at org.apache.coyote.AbstractProtocol$ConnectionHandler.process(AbstractProtocol.java:894)
	at org.apache.tomcat.util.net.NioEndpoint$SocketProcessor.doRun(NioEndpoint.java:1740)
	at org.apache.tomcat.util.net.SocketProcessorBase.run(SocketProcessorBase.java:52)
	at org.apache.tomcat.util.threads.ThreadPoolExecutor.runWorker(ThreadPoolExecutor.java:1191)
	at org.apache.tomcat.util.threads.ThreadPoolExecutor$Worker.run(ThreadPoolExecutor.java:659)
	at org.apache.tomcat.util.threads.TaskThread$WrappingRunnable.run(TaskThread.java:61)
	at java.base/java.lang.Thread.run(Thread.java:833)
Caused by: org.springframework.data.redis.connection.PoolException: Could not get a resource from the pool
	at org.springframework.data.redis.connection.lettuce.LettucePoolingConnectionProvider.getConnection(LettucePoolingConnectionProvider.java:104)
	at org.springframework.data.redis.connection.lettuce.LettuceConnectionFactory$ExceptionTranslatingConnectionProvider.getConnection(LettuceConnectionFactory.java:1533)
	... 106 common frames omitted
Caused by: io.lettuce.core.RedisConnectionException: Unable to connect to localhost/<unresolved>:6379
	at io.lettuce.core.RedisConnectionException.create(RedisConnectionException.java:78)
	at io.lettuce.core.RedisConnectionException.create(RedisConnectionException.java:56)
	at io.lettuce.core.AbstractRedisClient.getConnection(AbstractRedisClient.java:350)
	at io.lettuce.core.RedisClient.connect(RedisClient.java:216)
	at org.springframework.data.redis.connection.lettuce.StandaloneConnectionProvider.lambda$getConnection$1(StandaloneConnectionProvider.java:112)
	at java.base/java.util.Optional.orElseGet(Optional.java:364)
	at org.springframework.data.redis.connection.lettuce.StandaloneConnectionProvider.getConnection(StandaloneConnectionProvider.java:112)
	at org.springframework.data.redis.connection.lettuce.LettucePoolingConnectionProvider.lambda$getConnection$0(LettucePoolingConnectionProvider.java:93)
	at io.lettuce.core.support.ConnectionPoolSupport$RedisPooledObjectFactory.create(ConnectionPoolSupport.java:211)
	at io.lettuce.core.support.ConnectionPoolSupport$RedisPooledObjectFactory.create(ConnectionPoolSupport.java:201)
	at org.apache.commons.pool2.BasePooledObjectFactory.makeObject(BasePooledObjectFactory.java:70)
	at org.apache.commons.pool2.impl.GenericObjectPool.create(GenericObjectPool.java:571)
	at org.apache.commons.pool2.impl.GenericObjectPool.borrowObject(GenericObjectPool.java:298)
	at org.apache.commons.pool2.impl.GenericObjectPool.borrowObject(GenericObjectPool.java:223)
	at io.lettuce.core.support.ConnectionPoolSupport$1.borrowObject(ConnectionPoolSupport.java:122)
	at io.lettuce.core.support.ConnectionPoolSupport$1.borrowObject(ConnectionPoolSupport.java:117)
	at org.springframework.data.redis.connection.lettuce.LettucePoolingConnectionProvider.getConnection(LettucePoolingConnectionProvider.java:99)
	... 107 common frames omitted
Caused by: io.lettuce.core.RedisCommandExecutionException: NOAUTH HELLO must be called with the client already authenticated, otherwise the HELLO <proto> AUTH <user> <pass> option can be used to authenticate the client and select the RESP protocol version at the same time
	at io.lettuce.core.internal.ExceptionFactory.createExecutionException(ExceptionFactory.java:147)
	at io.lettuce.core.internal.ExceptionFactory.createExecutionException(ExceptionFactory.java:116)
	at io.lettuce.core.protocol.AsyncCommand.completeResult(AsyncCommand.java:120)
	at io.lettuce.core.protocol.AsyncCommand.complete(AsyncCommand.java:111)
	at io.lettuce.core.protocol.CommandWrapper.complete(CommandWrapper.java:63)
	at io.lettuce.core.protocol.CommandHandler.complete(CommandHandler.java:746)
	at io.lettuce.core.protocol.CommandHandler.decode(CommandHandler.java:681)
	at io.lettuce.core.protocol.CommandHandler.channelRead(CommandHandler.java:598)
	at io.netty.channel.AbstractChannelHandlerContext.invokeChannelRead(AbstractChannelHandlerContext.java:442)
	at io.netty.channel.AbstractChannelHandlerContext.invokeChannelRead(AbstractChannelHandlerContext.java:420)
	at io.netty.channel.AbstractChannelHandlerContext.fireChannelRead(AbstractChannelHandlerContext.java:412)
	at io.netty.channel.DefaultChannelPipeline$HeadContext.channelRead(DefaultChannelPipeline.java:1410)
	at io.netty.channel.AbstractChannelHandlerContext.invokeChannelRead(AbstractChannelHandlerContext.java:440)
	at io.netty.channel.AbstractChannelHandlerContext.invokeChannelRead(AbstractChannelHandlerContext.java:420)
	at io.netty.channel.DefaultChannelPipeline.fireChannelRead(DefaultChannelPipeline.java:919)
	at io.netty.channel.nio.AbstractNioByteChannel$NioByteUnsafe.read(AbstractNioByteChannel.java:166)
	at io.netty.channel.nio.NioEventLoop.processSelectedKey(NioEventLoop.java:788)
	at io.netty.channel.nio.NioEventLoop.processSelectedKeysOptimized(NioEventLoop.java:724)
	at io.netty.channel.nio.NioEventLoop.processSelectedKeys(NioEventLoop.java:650)
	at io.netty.channel.nio.NioEventLoop.run(NioEventLoop.java:562)
	at io.netty.util.concurrent.SingleThreadEventExecutor$4.run(SingleThreadEventExecutor.java:997)
	at io.netty.util.internal.ThreadExecutorMap$2.run(ThreadExecutorMap.java:74)
	at io.netty.util.concurrent.FastThreadLocalRunnable.run(FastThreadLocalRunnable.java:30)
	... 1 common frames omitted
09:57:10.809 [http-nio-8088-exec-1] INFO  c.e.l.s.d.handler.LogAspectHandler - 方法testRedisConnection执行完毕，返回参数为：false
09:57:10.809 [http-nio-8088-exec-1] INFO  c.e.l.s.d.handler.LogAspectHandler - 对返回参数进行业务上的增强：false增强版
09:57:10.810 [http-nio-8088-exec-1] INFO  c.e.l.s.d.handler.LogAspectHandler - ====doAfter方法进入了====
09:57:10.810 [http-nio-8088-exec-1] INFO  c.e.l.s.d.handler.LogAspectHandler - 方法testRedisConnection已经执行完
09:57:10.810 [http-nio-8088-exec-1] INFO  c.e.l.s.d.handler.LogAspectHandler - 方法testRedis执行完毕，返回参数为：false
09:57:10.810 [http-nio-8088-exec-1] INFO  c.e.l.s.d.handler.LogAspectHandler - 对返回参数进行业务上的增强：false增强版
09:57:10.810 [http-nio-8088-exec-1] INFO  c.e.l.s.d.handler.LogAspectHandler - ====doAfter方法进入了====
09:57:10.810 [http-nio-8088-exec-1] INFO  c.e.l.s.d.handler.LogAspectHandler - 方法testRedis已经执行完
09:57:10.881 [http-nio-8088-exec-1] INFO  c.e.l.s.d.c.I.MyInterceptor - 执行完方法之后进执行(Controller方法调用之后)，但是此时还没进行视图渲染
09:57:10.881 [http-nio-8088-exec-1] INFO  c.e.l.s.d.c.I.MyInterceptor - 整个请求都处理完咯，DispatcherServlet也渲染了对应的视图咯，此时我可以做一些清理的工作了
09:57:10.883 [http-nio-8088-exec-1] INFO  c.e.l.s.d.handler.LogAspectHandler - ====doBefore方法进入了====
09:57:10.883 [http-nio-8088-exec-1] INFO  c.e.l.s.d.handler.LogAspectHandler - 即将执行方法为: requestDestroyed，属于com.example.lyc.springboot.demo.listener.MyServletRequestListener包
09:57:10.883 [http-nio-8088-exec-1] INFO  c.e.l.s.d.handler.LogAspectHandler - Not in a request context
09:57:10.884 [http-nio-8088-exec-1] INFO  c.e.l.s.d.l.MyServletRequestListener - request end
09:57:10.884 [http-nio-8088-exec-1] INFO  c.e.l.s.d.l.MyServletRequestListener - request域中保存的name值为：测试自定义事件监听器
09:57:10.884 [http-nio-8088-exec-1] INFO  c.e.l.s.d.handler.LogAspectHandler - 方法requestDestroyed执行完毕，但返回参数为 null
09:57:10.884 [http-nio-8088-exec-1] INFO  c.e.l.s.d.handler.LogAspectHandler - ====doAfter方法进入了====
09:57:10.884 [http-nio-8088-exec-1] INFO  c.e.l.s.d.handler.LogAspectHandler - 方法requestDestroyed已经执行完
09:57:28.734 [Apollo-RemoteConfigLongPollService-1] WARN  c.c.f.a.i.RemoteConfigLongPollService - Long polling failed, will retry in 120 seconds. appId: platform, cluster: default, namespaces: application+message+sensitive-config, long polling url: null, reason: Get config services failed from http://meta.apollo.xxx.cn/services/config?appId=platform&ip=10.224.0.20 [Cause: Could not complete get operation [Cause: meta.apollo.xxx.cn]]
09:58:02.185 [Apollo-RemoteConfigRepository-1] WARN  c.c.f.a.i.AbstractConfigRepository - Sync config failed, will retry. Repository class com.ctrip.framework.apollo.internals.RemoteConfigRepository, reason: Get config services failed from http://meta.apollo.xxx.cn/services/config?appId=platform&ip=10.224.0.20 [Cause: Could not complete get operation [Cause: meta.apollo.xxx.cn]]
09:58:12.251 [Apollo-RemoteConfigRepository-1] WARN  c.c.f.a.i.AbstractConfigRepository - Sync config failed, will retry. Repository class com.ctrip.framework.apollo.internals.RemoteConfigRepository, reason: Get config services failed from http://meta.apollo.xxx.cn/services/config?appId=platform&ip=10.224.0.20 [Cause: Could not complete get operation [Cause: meta.apollo.xxx.cn]]
09:58:22.276 [Apollo-RemoteConfigRepository-1] WARN  c.c.f.a.i.AbstractConfigRepository - Sync config failed, will retry. Repository class com.ctrip.framework.apollo.internals.RemoteConfigRepository, reason: Get config services failed from http://meta.apollo.xxx.cn/services/config?appId=platform&ip=10.224.0.20 [Cause: Could not complete get operation [Cause: meta.apollo.xxx.cn]]
09:58:26.987 [http-nio-8088-exec-3] INFO  c.e.l.s.d.handler.LogAspectHandler - ====doBefore方法进入了====
09:58:26.987 [http-nio-8088-exec-3] INFO  c.e.l.s.d.handler.LogAspectHandler - 即将执行方法为: requestInitialized，属于com.example.lyc.springboot.demo.listener.MyServletRequestListener包
09:58:26.987 [http-nio-8088-exec-3] INFO  c.e.l.s.d.handler.LogAspectHandler - Not in a request context
09:58:26.987 [http-nio-8088-exec-3] INFO  c.e.l.s.d.l.MyServletRequestListener - session id为：null
09:58:26.988 [http-nio-8088-exec-3] INFO  c.e.l.s.d.l.MyServletRequestListener - request url为：http://127.0.0.1:8088/v1/test/testRedis
09:58:26.988 [http-nio-8088-exec-3] INFO  c.e.l.s.d.handler.LogAspectHandler - 方法requestInitialized执行完毕，但返回参数为 null
09:58:26.988 [http-nio-8088-exec-3] INFO  c.e.l.s.d.handler.LogAspectHandler - ====doAfter方法进入了====
09:58:26.988 [http-nio-8088-exec-3] INFO  c.e.l.s.d.handler.LogAspectHandler - 方法requestInitialized已经执行完
09:58:26.989 [http-nio-8088-exec-3] INFO  c.e.l.s.d.c.I.MyInterceptor - ====拦截到了方法：testRedis，在该方法执行之前执行====
09:58:26.990 [http-nio-8088-exec-3] INFO  c.e.l.s.d.handler.LogAspectHandler - ====doBefore方法进入了====
09:58:26.990 [http-nio-8088-exec-3] INFO  c.e.l.s.d.handler.LogAspectHandler - 即将执行方法为: testRedis，属于com.example.lyc.springboot.demo.controller.TestController包
09:58:26.990 [http-nio-8088-exec-3] INFO  c.e.l.s.d.handler.LogAspectHandler - 用户请求的url为：http://127.0.0.1:8088/v1/test/testRedis，ip地址为：127.0.0.1
09:58:26.990 [http-nio-8088-exec-3] INFO  c.e.l.s.d.controller.TestController - testRedis
09:58:26.990 [http-nio-8088-exec-3] INFO  c.e.l.s.d.handler.LogAspectHandler - ====doBefore方法进入了====
09:58:26.990 [http-nio-8088-exec-3] INFO  c.e.l.s.d.handler.LogAspectHandler - 即将执行方法为: testRedisConnection，属于com.example.lyc.springboot.demo.service.RedisService包
09:58:26.990 [http-nio-8088-exec-3] INFO  c.e.l.s.d.handler.LogAspectHandler - 用户请求的url为：http://127.0.0.1:8088/v1/test/testRedis，ip地址为：127.0.0.1
09:58:27.013 [http-nio-8088-exec-3] ERROR c.e.l.s.demo.service.RedisService - redis连接失败
org.springframework.data.redis.RedisConnectionFailureException: Unable to connect to Redis
	at org.springframework.data.redis.connection.lettuce.LettuceConnectionFactory$ExceptionTranslatingConnectionProvider.translateException(LettuceConnectionFactory.java:1604)
	at org.springframework.data.redis.connection.lettuce.LettuceConnectionFactory$ExceptionTranslatingConnectionProvider.getConnection(LettuceConnectionFactory.java:1535)
	at org.springframework.data.redis.connection.lettuce.LettuceConnectionFactory$SharedConnection.getNativeConnection(LettuceConnectionFactory.java:1360)
	at org.springframework.data.redis.connection.lettuce.LettuceConnectionFactory$SharedConnection.getConnection(LettuceConnectionFactory.java:1343)
	at org.springframework.data.redis.connection.lettuce.LettuceConnectionFactory.getSharedConnection(LettuceConnectionFactory.java:1061)
	at org.springframework.data.redis.connection.lettuce.LettuceConnectionFactory.getConnection(LettuceConnectionFactory.java:400)
	at org.springframework.data.redis.core.RedisConnectionUtils.fetchConnection(RedisConnectionUtils.java:193)
	at org.springframework.data.redis.core.RedisConnectionUtils.doGetConnection(RedisConnectionUtils.java:144)
	at org.springframework.data.redis.core.RedisConnectionUtils.getConnection(RedisConnectionUtils.java:105)
	at org.springframework.data.redis.core.RedisTemplate.execute(RedisTemplate.java:393)
	at org.springframework.data.redis.core.RedisTemplate.execute(RedisTemplate.java:373)
	at org.springframework.data.redis.core.AbstractOperations.execute(AbstractOperations.java:97)
	at org.springframework.data.redis.core.DefaultValueOperations.set(DefaultValueOperations.java:237)
	at com.example.lyc.springboot.demo.service.RedisService.setString(RedisService.java:37)
	at com.example.lyc.springboot.demo.service.RedisService.testRedisConnection(RedisService.java:58)
	at java.base/jdk.internal.reflect.NativeMethodAccessorImpl.invoke0(Native Method)
	at java.base/jdk.internal.reflect.NativeMethodAccessorImpl.invoke(NativeMethodAccessorImpl.java:77)
	at java.base/jdk.internal.reflect.DelegatingMethodAccessorImpl.invoke(DelegatingMethodAccessorImpl.java:43)
	at java.base/java.lang.reflect.Method.invoke(Method.java:568)
	at org.springframework.aop.support.AopUtils.invokeJoinpointUsingReflection(AopUtils.java:343)
	at org.springframework.aop.framework.ReflectiveMethodInvocation.invokeJoinpoint(ReflectiveMethodInvocation.java:196)
	at org.springframework.aop.framework.ReflectiveMethodInvocation.proceed(ReflectiveMethodInvocation.java:163)
	at org.springframework.aop.framework.CglibAopProxy$CglibMethodInvocation.proceed(CglibAopProxy.java:756)
	at org.springframework.aop.aspectj.AspectJAfterThrowingAdvice.invoke(AspectJAfterThrowingAdvice.java:64)
	at org.springframework.aop.framework.ReflectiveMethodInvocation.proceed(ReflectiveMethodInvocation.java:184)
	at org.springframework.aop.framework.CglibAopProxy$CglibMethodInvocation.proceed(CglibAopProxy.java:756)
	at org.springframework.aop.framework.adapter.AfterReturningAdviceInterceptor.invoke(AfterReturningAdviceInterceptor.java:57)
	at org.springframework.aop.framework.ReflectiveMethodInvocation.proceed(ReflectiveMethodInvocation.java:184)
	at org.springframework.aop.framework.CglibAopProxy$CglibMethodInvocation.proceed(CglibAopProxy.java:756)
	at org.springframework.aop.aspectj.AspectJAfterAdvice.invoke(AspectJAfterAdvice.java:49)
	at org.springframework.aop.framework.ReflectiveMethodInvocation.proceed(ReflectiveMethodInvocation.java:184)
	at org.springframework.aop.framework.CglibAopProxy$CglibMethodInvocation.proceed(CglibAopProxy.java:756)
	at org.springframework.aop.framework.adapter.MethodBeforeAdviceInterceptor.invoke(MethodBeforeAdviceInterceptor.java:58)
	at org.springframework.aop.framework.ReflectiveMethodInvocation.proceed(ReflectiveMethodInvocation.java:184)
	at org.springframework.aop.framework.CglibAopProxy$CglibMethodInvocation.proceed(CglibAopProxy.java:756)
	at org.springframework.aop.interceptor.ExposeInvocationInterceptor.invoke(ExposeInvocationInterceptor.java:97)
	at org.springframework.aop.framework.ReflectiveMethodInvocation.proceed(ReflectiveMethodInvocation.java:184)
	at org.springframework.aop.framework.CglibAopProxy$CglibMethodInvocation.proceed(CglibAopProxy.java:756)
	at org.springframework.aop.framework.CglibAopProxy$DynamicAdvisedInterceptor.intercept(CglibAopProxy.java:708)
	at com.example.lyc.springboot.demo.service.RedisService$$SpringCGLIB$$0.testRedisConnection(<generated>)
	at com.example.lyc.springboot.demo.controller.TestController.testRedis(TestController.java:32)
	at java.base/jdk.internal.reflect.NativeMethodAccessorImpl.invoke0(Native Method)
	at java.base/jdk.internal.reflect.NativeMethodAccessorImpl.invoke(NativeMethodAccessorImpl.java:77)
	at java.base/jdk.internal.reflect.DelegatingMethodAccessorImpl.invoke(DelegatingMethodAccessorImpl.java:43)
	at java.base/java.lang.reflect.Method.invoke(Method.java:568)
	at org.springframework.aop.support.AopUtils.invokeJoinpointUsingReflection(AopUtils.java:343)
	at org.springframework.aop.framework.ReflectiveMethodInvocation.invokeJoinpoint(ReflectiveMethodInvocation.java:196)
	at org.springframework.aop.framework.ReflectiveMethodInvocation.proceed(ReflectiveMethodInvocation.java:163)
	at org.springframework.aop.framework.CglibAopProxy$CglibMethodInvocation.proceed(CglibAopProxy.java:756)
	at org.springframework.aop.aspectj.AspectJAfterThrowingAdvice.invoke(AspectJAfterThrowingAdvice.java:64)
	at org.springframework.aop.framework.ReflectiveMethodInvocation.proceed(ReflectiveMethodInvocation.java:184)
	at org.springframework.aop.framework.CglibAopProxy$CglibMethodInvocation.proceed(CglibAopProxy.java:756)
	at org.springframework.aop.framework.adapter.AfterReturningAdviceInterceptor.invoke(AfterReturningAdviceInterceptor.java:57)
	at org.springframework.aop.framework.ReflectiveMethodInvocation.proceed(ReflectiveMethodInvocation.java:184)
	at org.springframework.aop.framework.CglibAopProxy$CglibMethodInvocation.proceed(CglibAopProxy.java:756)
	at org.springframework.aop.aspectj.AspectJAfterAdvice.invoke(AspectJAfterAdvice.java:49)
	at org.springframework.aop.framework.ReflectiveMethodInvocation.proceed(ReflectiveMethodInvocation.java:184)
	at org.springframework.aop.framework.CglibAopProxy$CglibMethodInvocation.proceed(CglibAopProxy.java:756)
	at org.springframework.aop.framework.adapter.MethodBeforeAdviceInterceptor.invoke(MethodBeforeAdviceInterceptor.java:58)
	at org.springframework.aop.framework.ReflectiveMethodInvocation.proceed(ReflectiveMethodInvocation.java:184)
	at org.springframework.aop.framework.CglibAopProxy$CglibMethodInvocation.proceed(CglibAopProxy.java:756)
	at org.springframework.aop.interceptor.ExposeInvocationInterceptor.invoke(ExposeInvocationInterceptor.java:97)
	at org.springframework.aop.framework.ReflectiveMethodInvocation.proceed(ReflectiveMethodInvocation.java:184)
	at org.springframework.aop.framework.CglibAopProxy$CglibMethodInvocation.proceed(CglibAopProxy.java:756)
	at org.springframework.aop.framework.CglibAopProxy$DynamicAdvisedInterceptor.intercept(CglibAopProxy.java:708)
	at com.example.lyc.springboot.demo.controller.TestController$$SpringCGLIB$$0.testRedis(<generated>)
	at java.base/jdk.internal.reflect.NativeMethodAccessorImpl.invoke0(Native Method)
	at java.base/jdk.internal.reflect.NativeMethodAccessorImpl.invoke(NativeMethodAccessorImpl.java:77)
	at java.base/jdk.internal.reflect.DelegatingMethodAccessorImpl.invoke(DelegatingMethodAccessorImpl.java:43)
	at java.base/java.lang.reflect.Method.invoke(Method.java:568)
	at org.springframework.web.method.support.InvocableHandlerMethod.doInvoke(InvocableHandlerMethod.java:205)
	at org.springframework.web.method.support.InvocableHandlerMethod.invokeForRequest(InvocableHandlerMethod.java:150)
	at org.springframework.web.servlet.mvc.method.annotation.ServletInvocableHandlerMethod.invokeAndHandle(ServletInvocableHandlerMethod.java:118)
	at org.springframework.web.servlet.mvc.method.annotation.RequestMappingHandlerAdapter.invokeHandlerMethod(RequestMappingHandlerAdapter.java:884)
	at org.springframework.web.servlet.mvc.method.annotation.RequestMappingHandlerAdapter.handleInternal(RequestMappingHandlerAdapter.java:797)
	at org.springframework.web.servlet.mvc.method.AbstractHandlerMethodAdapter.handle(AbstractHandlerMethodAdapter.java:87)
	at org.springframework.web.servlet.DispatcherServlet.doDispatch(DispatcherServlet.java:1081)
	at org.springframework.web.servlet.DispatcherServlet.doService(DispatcherServlet.java:974)
	at org.springframework.web.servlet.FrameworkServlet.processRequest(FrameworkServlet.java:1011)
	at org.springframework.web.servlet.FrameworkServlet.doGet(FrameworkServlet.java:903)
	at jakarta.servlet.http.HttpServlet.service(HttpServlet.java:564)
	at org.springframework.web.servlet.FrameworkServlet.service(FrameworkServlet.java:885)
	at jakarta.servlet.http.HttpServlet.service(HttpServlet.java:658)
	at org.apache.catalina.core.ApplicationFilterChain.internalDoFilter(ApplicationFilterChain.java:205)
	at org.apache.catalina.core.ApplicationFilterChain.doFilter(ApplicationFilterChain.java:149)
	at org.apache.tomcat.websocket.server.WsFilter.doFilter(WsFilter.java:51)
	at org.apache.catalina.core.ApplicationFilterChain.internalDoFilter(ApplicationFilterChain.java:174)
	at org.apache.catalina.core.ApplicationFilterChain.doFilter(ApplicationFilterChain.java:149)
	at org.springframework.web.filter.CharacterEncodingFilter.doFilterInternal(CharacterEncodingFilter.java:201)
	at org.springframework.web.filter.OncePerRequestFilter.doFilter(OncePerRequestFilter.java:116)
	at org.apache.catalina.core.ApplicationFilterChain.internalDoFilter(ApplicationFilterChain.java:174)
	at org.apache.catalina.core.ApplicationFilterChain.doFilter(ApplicationFilterChain.java:149)
	at org.apache.catalina.core.StandardWrapperValve.invoke(StandardWrapperValve.java:166)
	at org.apache.catalina.core.StandardContextValve.invoke(StandardContextValve.java:90)
	at org.apache.catalina.authenticator.AuthenticatorBase.invoke(AuthenticatorBase.java:482)
	at org.apache.catalina.core.StandardHostValve.invoke(StandardHostValve.java:115)
	at org.apache.catalina.valves.ErrorReportValve.invoke(ErrorReportValve.java:93)
	at org.apache.catalina.core.StandardEngineValve.invoke(StandardEngineValve.java:74)
	at org.apache.catalina.connector.CoyoteAdapter.service(CoyoteAdapter.java:341)
	at org.apache.coyote.http11.Http11Processor.service(Http11Processor.java:391)
	at org.apache.coyote.AbstractProcessorLight.process(AbstractProcessorLight.java:63)
	at org.apache.coyote.AbstractProtocol$ConnectionHandler.process(AbstractProtocol.java:894)
	at org.apache.tomcat.util.net.NioEndpoint$SocketProcessor.doRun(NioEndpoint.java:1740)
	at org.apache.tomcat.util.net.SocketProcessorBase.run(SocketProcessorBase.java:52)
	at org.apache.tomcat.util.threads.ThreadPoolExecutor.runWorker(ThreadPoolExecutor.java:1191)
	at org.apache.tomcat.util.threads.ThreadPoolExecutor$Worker.run(ThreadPoolExecutor.java:659)
	at org.apache.tomcat.util.threads.TaskThread$WrappingRunnable.run(TaskThread.java:61)
	at java.base/java.lang.Thread.run(Thread.java:833)
Caused by: org.springframework.data.redis.connection.PoolException: Could not get a resource from the pool
	at org.springframework.data.redis.connection.lettuce.LettucePoolingConnectionProvider.getConnection(LettucePoolingConnectionProvider.java:104)
	at org.springframework.data.redis.connection.lettuce.LettuceConnectionFactory$ExceptionTranslatingConnectionProvider.getConnection(LettuceConnectionFactory.java:1533)
	... 106 common frames omitted
Caused by: io.lettuce.core.RedisConnectionException: Unable to connect to localhost/<unresolved>:6379
	at io.lettuce.core.RedisConnectionException.create(RedisConnectionException.java:78)
	at io.lettuce.core.RedisConnectionException.create(RedisConnectionException.java:56)
	at io.lettuce.core.AbstractRedisClient.getConnection(AbstractRedisClient.java:350)
	at io.lettuce.core.RedisClient.connect(RedisClient.java:216)
	at org.springframework.data.redis.connection.lettuce.StandaloneConnectionProvider.lambda$getConnection$1(StandaloneConnectionProvider.java:112)
	at java.base/java.util.Optional.orElseGet(Optional.java:364)
	at org.springframework.data.redis.connection.lettuce.StandaloneConnectionProvider.getConnection(StandaloneConnectionProvider.java:112)
	at org.springframework.data.redis.connection.lettuce.LettucePoolingConnectionProvider.lambda$getConnection$0(LettucePoolingConnectionProvider.java:93)
	at io.lettuce.core.support.ConnectionPoolSupport$RedisPooledObjectFactory.create(ConnectionPoolSupport.java:211)
	at io.lettuce.core.support.ConnectionPoolSupport$RedisPooledObjectFactory.create(ConnectionPoolSupport.java:201)
	at org.apache.commons.pool2.BasePooledObjectFactory.makeObject(BasePooledObjectFactory.java:70)
	at org.apache.commons.pool2.impl.GenericObjectPool.create(GenericObjectPool.java:571)
	at org.apache.commons.pool2.impl.GenericObjectPool.borrowObject(GenericObjectPool.java:298)
	at org.apache.commons.pool2.impl.GenericObjectPool.borrowObject(GenericObjectPool.java:223)
	at io.lettuce.core.support.ConnectionPoolSupport$1.borrowObject(ConnectionPoolSupport.java:122)
	at io.lettuce.core.support.ConnectionPoolSupport$1.borrowObject(ConnectionPoolSupport.java:117)
	at org.springframework.data.redis.connection.lettuce.LettucePoolingConnectionProvider.getConnection(LettucePoolingConnectionProvider.java:99)
	... 107 common frames omitted
Caused by: io.lettuce.core.RedisCommandExecutionException: NOAUTH HELLO must be called with the client already authenticated, otherwise the HELLO <proto> AUTH <user> <pass> option can be used to authenticate the client and select the RESP protocol version at the same time
	at io.lettuce.core.internal.ExceptionFactory.createExecutionException(ExceptionFactory.java:147)
	at io.lettuce.core.internal.ExceptionFactory.createExecutionException(ExceptionFactory.java:116)
	at io.lettuce.core.protocol.AsyncCommand.completeResult(AsyncCommand.java:120)
	at io.lettuce.core.protocol.AsyncCommand.complete(AsyncCommand.java:111)
	at io.lettuce.core.protocol.CommandWrapper.complete(CommandWrapper.java:63)
	at io.lettuce.core.protocol.CommandHandler.complete(CommandHandler.java:746)
	at io.lettuce.core.protocol.CommandHandler.decode(CommandHandler.java:681)
	at io.lettuce.core.protocol.CommandHandler.channelRead(CommandHandler.java:598)
	at io.netty.channel.AbstractChannelHandlerContext.invokeChannelRead(AbstractChannelHandlerContext.java:442)
	at io.netty.channel.AbstractChannelHandlerContext.invokeChannelRead(AbstractChannelHandlerContext.java:420)
	at io.netty.channel.AbstractChannelHandlerContext.fireChannelRead(AbstractChannelHandlerContext.java:412)
	at io.netty.channel.DefaultChannelPipeline$HeadContext.channelRead(DefaultChannelPipeline.java:1410)
	at io.netty.channel.AbstractChannelHandlerContext.invokeChannelRead(AbstractChannelHandlerContext.java:440)
	at io.netty.channel.AbstractChannelHandlerContext.invokeChannelRead(AbstractChannelHandlerContext.java:420)
	at io.netty.channel.DefaultChannelPipeline.fireChannelRead(DefaultChannelPipeline.java:919)
	at io.netty.channel.nio.AbstractNioByteChannel$NioByteUnsafe.read(AbstractNioByteChannel.java:166)
	at io.netty.channel.nio.NioEventLoop.processSelectedKey(NioEventLoop.java:788)
	at io.netty.channel.nio.NioEventLoop.processSelectedKeysOptimized(NioEventLoop.java:724)
	at io.netty.channel.nio.NioEventLoop.processSelectedKeys(NioEventLoop.java:650)
	at io.netty.channel.nio.NioEventLoop.run(NioEventLoop.java:562)
	at io.netty.util.concurrent.SingleThreadEventExecutor$4.run(SingleThreadEventExecutor.java:997)
	at io.netty.util.internal.ThreadExecutorMap$2.run(ThreadExecutorMap.java:74)
	at io.netty.util.concurrent.FastThreadLocalRunnable.run(FastThreadLocalRunnable.java:30)
	... 1 common frames omitted
09:58:27.018 [http-nio-8088-exec-3] INFO  c.e.l.s.d.handler.LogAspectHandler - 方法testRedisConnection执行完毕，返回参数为：false
09:58:27.018 [http-nio-8088-exec-3] INFO  c.e.l.s.d.handler.LogAspectHandler - 对返回参数进行业务上的增强：false增强版
09:58:27.018 [http-nio-8088-exec-3] INFO  c.e.l.s.d.handler.LogAspectHandler - ====doAfter方法进入了====
09:58:27.018 [http-nio-8088-exec-3] INFO  c.e.l.s.d.handler.LogAspectHandler - 方法testRedisConnection已经执行完
09:58:27.019 [http-nio-8088-exec-3] INFO  c.e.l.s.d.handler.LogAspectHandler - 方法testRedis执行完毕，返回参数为：false
09:58:27.019 [http-nio-8088-exec-3] INFO  c.e.l.s.d.handler.LogAspectHandler - 对返回参数进行业务上的增强：false增强版
09:58:27.019 [http-nio-8088-exec-3] INFO  c.e.l.s.d.handler.LogAspectHandler - ====doAfter方法进入了====
09:58:27.019 [http-nio-8088-exec-3] INFO  c.e.l.s.d.handler.LogAspectHandler - 方法testRedis已经执行完
09:58:27.021 [http-nio-8088-exec-3] INFO  c.e.l.s.d.c.I.MyInterceptor - 执行完方法之后进执行(Controller方法调用之后)，但是此时还没进行视图渲染
09:58:27.021 [http-nio-8088-exec-3] INFO  c.e.l.s.d.c.I.MyInterceptor - 整个请求都处理完咯，DispatcherServlet也渲染了对应的视图咯，此时我可以做一些清理的工作了
09:58:27.022 [http-nio-8088-exec-3] INFO  c.e.l.s.d.handler.LogAspectHandler - ====doBefore方法进入了====
09:58:27.022 [http-nio-8088-exec-3] INFO  c.e.l.s.d.handler.LogAspectHandler - 即将执行方法为: requestDestroyed，属于com.example.lyc.springboot.demo.listener.MyServletRequestListener包
09:58:27.022 [http-nio-8088-exec-3] INFO  c.e.l.s.d.handler.LogAspectHandler - Not in a request context
09:58:27.022 [http-nio-8088-exec-3] INFO  c.e.l.s.d.l.MyServletRequestListener - request end
09:58:27.022 [http-nio-8088-exec-3] INFO  c.e.l.s.d.l.MyServletRequestListener - request域中保存的name值为：测试自定义事件监听器
09:58:27.023 [http-nio-8088-exec-3] INFO  c.e.l.s.d.handler.LogAspectHandler - 方法requestDestroyed执行完毕，但返回参数为 null
09:58:27.023 [http-nio-8088-exec-3] INFO  c.e.l.s.d.handler.LogAspectHandler - ====doAfter方法进入了====
09:58:27.023 [http-nio-8088-exec-3] INFO  c.e.l.s.d.handler.LogAspectHandler - 方法requestDestroyed已经执行完
09:59:30.985 [Apollo-RemoteConfigLongPollService-1] WARN  c.c.f.a.i.RemoteConfigLongPollService - Long polling failed, will retry in 120 seconds. appId: platform, cluster: default, namespaces: application+message+sensitive-config, long polling url: null, reason: Get config services failed from http://meta.apollo.xxx.cn/services/config?appId=platform&ip=10.224.0.20 [Cause: Could not complete get operation [Cause: meta.apollo.xxx.cn]]
