21:00:02.110 [org.springframework.jms.JmsListenerEndpointContainer#0-1] ERROR o.s.j.l.DefaultMessageListenerContainer - Could not refresh JMS Connection for destination 'activemq.queue' - retrying using FixedBackOff{interval=5000, currentAttempts=199, maxAttempts=unlimited}. Cause: Could not connect to broker URL: tcp://localhost:61616. Reason: java.net.ConnectException: Connection refused
21:00:07.118 [org.springframework.jms.JmsListenerEndpointContainer#0-1] ERROR o.s.j.l.DefaultMessageListenerContainer - Could not refresh JMS Connection for destination 'activemq.queue' - retrying using FixedBackOff{interval=5000, currentAttempts=200, maxAttempts=unlimited}. Cause: Could not connect to broker URL: tcp://localhost:61616. Reason: java.net.ConnectException: Connection refused
21:00:12.121 [org.springframework.jms.JmsListenerEndpointContainer#0-1] ERROR o.s.j.l.DefaultMessageListenerContainer - Could not refresh JMS Connection for destination 'activemq.queue' - retrying using FixedBackOff{interval=5000, currentAttempts=201, maxAttempts=unlimited}. Cause: Could not connect to broker URL: tcp://localhost:61616. Reason: java.net.ConnectException: Connection refused
21:00:17.126 [org.springframework.jms.JmsListenerEndpointContainer#0-1] ERROR o.s.j.l.DefaultMessageListenerContainer - Could not refresh JMS Connection for destination 'activemq.queue' - retrying using FixedBackOff{interval=5000, currentAttempts=202, maxAttempts=unlimited}. Cause: Could not connect to broker URL: tcp://localhost:61616. Reason: java.net.ConnectException: Connection refused
21:00:22.138 [org.springframework.jms.JmsListenerEndpointContainer#0-1] ERROR o.s.j.l.DefaultMessageListenerContainer - Could not refresh JMS Connection for destination 'activemq.queue' - retrying using FixedBackOff{interval=5000, currentAttempts=203, maxAttempts=unlimited}. Cause: Could not connect to broker URL: tcp://localhost:61616. Reason: java.net.ConnectException: Connection refused
21:00:27.145 [org.springframework.jms.JmsListenerEndpointContainer#0-1] ERROR o.s.j.l.DefaultMessageListenerContainer - Could not refresh JMS Connection for destination 'activemq.queue' - retrying using FixedBackOff{interval=5000, currentAttempts=204, maxAttempts=unlimited}. Cause: Could not connect to broker URL: tcp://localhost:61616. Reason: java.net.ConnectException: Connection refused
21:00:32.157 [org.springframework.jms.JmsListenerEndpointContainer#0-1] ERROR o.s.j.l.DefaultMessageListenerContainer - Could not refresh JMS Connection for destination 'activemq.queue' - retrying using FixedBackOff{interval=5000, currentAttempts=205, maxAttempts=unlimited}. Cause: Could not connect to broker URL: tcp://localhost:61616. Reason: java.net.ConnectException: Connection refused
21:00:37.163 [org.springframework.jms.JmsListenerEndpointContainer#0-1] ERROR o.s.j.l.DefaultMessageListenerContainer - Could not refresh JMS Connection for destination 'activemq.queue' - retrying using FixedBackOff{interval=5000, currentAttempts=206, maxAttempts=unlimited}. Cause: Could not connect to broker URL: tcp://localhost:61616. Reason: java.net.ConnectException: Connection refused
21:00:42.199 [org.springframework.jms.JmsListenerEndpointContainer#0-1] ERROR o.s.j.l.DefaultMessageListenerContainer - Could not refresh JMS Connection for destination 'activemq.queue' - retrying using FixedBackOff{interval=5000, currentAttempts=207, maxAttempts=unlimited}. Cause: Could not connect to broker URL: tcp://localhost:61616. Reason: java.net.ConnectException: Connection refused
21:00:47.203 [org.springframework.jms.JmsListenerEndpointContainer#0-1] ERROR o.s.j.l.DefaultMessageListenerContainer - Could not refresh JMS Connection for destination 'activemq.queue' - retrying using FixedBackOff{interval=5000, currentAttempts=208, maxAttempts=unlimited}. Cause: Could not connect to broker URL: tcp://localhost:61616. Reason: java.net.ConnectException: Connection refused
21:00:52.207 [org.springframework.jms.JmsListenerEndpointContainer#0-1] ERROR o.s.j.l.DefaultMessageListenerContainer - Could not refresh JMS Connection for destination 'activemq.queue' - retrying using FixedBackOff{interval=5000, currentAttempts=209, maxAttempts=unlimited}. Cause: Could not connect to broker URL: tcp://localhost:61616. Reason: java.net.ConnectException: Connection refused
21:00:57.227 [org.springframework.jms.JmsListenerEndpointContainer#0-1] ERROR o.s.j.l.DefaultMessageListenerContainer - Could not refresh JMS Connection for destination 'activemq.queue' - retrying using FixedBackOff{interval=5000, currentAttempts=210, maxAttempts=unlimited}. Cause: Could not connect to broker URL: tcp://localhost:61616. Reason: java.net.ConnectException: Connection refused
21:01:02.234 [org.springframework.jms.JmsListenerEndpointContainer#0-1] ERROR o.s.j.l.DefaultMessageListenerContainer - Could not refresh JMS Connection for destination 'activemq.queue' - retrying using FixedBackOff{interval=5000, currentAttempts=211, maxAttempts=unlimited}. Cause: Could not connect to broker URL: tcp://localhost:61616. Reason: java.net.ConnectException: Connection refused
21:01:07.239 [org.springframework.jms.JmsListenerEndpointContainer#0-1] ERROR o.s.j.l.DefaultMessageListenerContainer - Could not refresh JMS Connection for destination 'activemq.queue' - retrying using FixedBackOff{interval=5000, currentAttempts=212, maxAttempts=unlimited}. Cause: Could not connect to broker URL: tcp://localhost:61616. Reason: java.net.ConnectException: Connection refused
21:01:12.273 [org.springframework.jms.JmsListenerEndpointContainer#0-1] ERROR o.s.j.l.DefaultMessageListenerContainer - Could not refresh JMS Connection for destination 'activemq.queue' - retrying using FixedBackOff{interval=5000, currentAttempts=213, maxAttempts=unlimited}. Cause: Could not connect to broker URL: tcp://localhost:61616. Reason: java.net.ConnectException: Connection refused
21:01:15.446 [Apollo-RemoteConfigLongPollService-1] WARN  c.c.f.a.i.RemoteConfigLongPollService - Long polling failed, will retry in 120 seconds. appId: platform, cluster: default, namespaces: application+message+sensitive-config, long polling url: null, reason: Get config services failed from http://meta.apollo.xxx.cn/services/config?appId=platform&ip=10.224.0.20 [Cause: Could not complete get operation [Cause: meta.apollo.xxx.cn]]
21:01:17.281 [org.springframework.jms.JmsListenerEndpointContainer#0-1] ERROR o.s.j.l.DefaultMessageListenerContainer - Could not refresh JMS Connection for destination 'activemq.queue' - retrying using FixedBackOff{interval=5000, currentAttempts=214, maxAttempts=unlimited}. Cause: Could not connect to broker URL: tcp://localhost:61616. Reason: java.net.ConnectException: Connection refused
21:01:22.285 [org.springframework.jms.JmsListenerEndpointContainer#0-1] ERROR o.s.j.l.DefaultMessageListenerContainer - Could not refresh JMS Connection for destination 'activemq.queue' - retrying using FixedBackOff{interval=5000, currentAttempts=215, maxAttempts=unlimited}. Cause: Could not connect to broker URL: tcp://localhost:61616. Reason: java.net.ConnectException: Connection refused
21:01:27.353 [org.springframework.jms.JmsListenerEndpointContainer#0-1] ERROR o.s.j.l.DefaultMessageListenerContainer - Could not refresh JMS Connection for destination 'activemq.queue' - retrying using FixedBackOff{interval=5000, currentAttempts=216, maxAttempts=unlimited}. Cause: Could not connect to broker URL: tcp://localhost:61616. Reason: java.net.ConnectException: Connection refused
21:01:30.948 [http-nio-8088-exec-4] INFO  c.e.l.s.d.handler.LogAspectHandler - ==============doBefore方法进入了==============
21:01:30.949 [http-nio-8088-exec-4] INFO  c.e.l.s.d.handler.LogAspectHandler - ==============即将执行方法为: requestInitialized，属于com.example.lyc.springboot.demo.listener.MyServletRequestListener包==============
21:01:30.950 [http-nio-8088-exec-4] INFO  c.e.l.s.d.handler.LogAspectHandler - Not in a request context
21:01:30.952 [http-nio-8088-exec-4] INFO  c.e.l.s.d.l.MyServletRequestListener - session id为：287E7846416197E575AAD8315B90B18D
21:01:30.953 [http-nio-8088-exec-4] INFO  c.e.l.s.d.l.MyServletRequestListener - request url为：http://3z5753f148.vicp.fun/login/wechat/callback
21:01:30.955 [http-nio-8088-exec-4] INFO  c.e.l.s.d.handler.LogAspectHandler - ==============方法requestInitialized执行完毕，但返回参数为 null==============
21:01:30.955 [http-nio-8088-exec-4] INFO  c.e.l.s.d.handler.LogAspectHandler - ==============doAfter方法进入了==============
21:01:30.955 [http-nio-8088-exec-4] INFO  c.e.l.s.d.handler.LogAspectHandler - ==============方法requestInitialized已经执行完==============
21:01:31.079 [http-nio-8088-exec-4] INFO  c.e.l.s.d.c.I.MyInterceptor - ====拦截到了方法：wechatCallback，在该方法执行之前执行====
21:01:31.308 [http-nio-8088-exec-4] INFO  c.e.l.s.d.handler.LogAspectHandler - ==============doBefore方法进入了==============
21:01:31.308 [http-nio-8088-exec-4] INFO  c.e.l.s.d.handler.LogAspectHandler - ==============即将执行方法为: handleHttpMessageNotReadableException，属于com.example.lyc.springboot.demo.exception.GlobalExceptionHandler包==============
21:01:31.326 [http-nio-8088-exec-4] INFO  c.e.l.s.d.handler.LogAspectHandler - ==================用户请求的url为：http://3z5753f148.vicp.fun/login/wechat/callback，ip地址为：127.0.0.1==============
21:01:31.327 [http-nio-8088-exec-4] ERROR c.e.l.s.d.e.GlobalExceptionHandler - 缺少请求参数，Required request parameter 'code' for method parameter type String is not present
21:01:31.327 [http-nio-8088-exec-4] INFO  c.e.l.s.d.handler.LogAspectHandler - ==============方法handleHttpMessageNotReadableException执行完毕，返回参数为：BaseResponse(code=400, message=缺少必要的请求参数, data=null)==============
21:01:31.387 [http-nio-8088-exec-4] INFO  c.e.l.s.d.handler.LogAspectHandler - ==============对返回参数进行业务上的增强：BaseResponse(code=400, message=缺少必要的请求参数, data=null)增强版==============
21:01:31.387 [http-nio-8088-exec-4] INFO  c.e.l.s.d.handler.LogAspectHandler - ==============doAfter方法进入了==============
21:01:31.387 [http-nio-8088-exec-4] INFO  c.e.l.s.d.handler.LogAspectHandler - ==============方法handleHttpMessageNotReadableException已经执行完==============
21:01:31.813 [http-nio-8088-exec-4] INFO  c.e.l.s.d.c.I.MyInterceptor - 整个请求都处理完咯，DispatcherServlet也渲染了对应的视图咯，此时我可以做一些清理的工作了
21:01:31.819 [http-nio-8088-exec-4] INFO  c.e.l.s.d.handler.LogAspectHandler - ==============doBefore方法进入了==============
21:01:31.819 [http-nio-8088-exec-4] INFO  c.e.l.s.d.handler.LogAspectHandler - ==============即将执行方法为: requestDestroyed，属于com.example.lyc.springboot.demo.listener.MyServletRequestListener包==============
21:01:31.819 [http-nio-8088-exec-4] INFO  c.e.l.s.d.handler.LogAspectHandler - Not in a request context
21:01:31.819 [http-nio-8088-exec-4] INFO  c.e.l.s.d.l.MyServletRequestListener - request end
21:01:31.819 [http-nio-8088-exec-4] INFO  c.e.l.s.d.l.MyServletRequestListener - request域中保存的name值为：测试自定义事件监听器
21:01:31.820 [http-nio-8088-exec-4] INFO  c.e.l.s.d.handler.LogAspectHandler - ==============方法requestDestroyed执行完毕，但返回参数为 null==============
21:01:31.821 [http-nio-8088-exec-4] INFO  c.e.l.s.d.handler.LogAspectHandler - ==============doAfter方法进入了==============
21:01:31.821 [http-nio-8088-exec-4] INFO  c.e.l.s.d.handler.LogAspectHandler - ==============方法requestDestroyed已经执行完==============
21:01:32.343 [http-nio-8088-exec-5] INFO  c.e.l.s.d.handler.LogAspectHandler - ==============doBefore方法进入了==============
21:01:32.343 [http-nio-8088-exec-5] INFO  c.e.l.s.d.handler.LogAspectHandler - ==============即将执行方法为: requestInitialized，属于com.example.lyc.springboot.demo.listener.MyServletRequestListener包==============
21:01:32.343 [http-nio-8088-exec-5] INFO  c.e.l.s.d.handler.LogAspectHandler - Not in a request context
21:01:32.343 [http-nio-8088-exec-5] INFO  c.e.l.s.d.l.MyServletRequestListener - session id为：287E7846416197E575AAD8315B90B18D
21:01:32.344 [http-nio-8088-exec-5] INFO  c.e.l.s.d.l.MyServletRequestListener - request url为：http://3z5753f148.vicp.fun/favicon.ico
21:01:32.344 [http-nio-8088-exec-5] INFO  c.e.l.s.d.handler.LogAspectHandler - ==============方法requestInitialized执行完毕，但返回参数为 null==============
21:01:32.344 [http-nio-8088-exec-5] INFO  c.e.l.s.d.handler.LogAspectHandler - ==============doAfter方法进入了==============
21:01:32.344 [http-nio-8088-exec-5] INFO  c.e.l.s.d.handler.LogAspectHandler - ==============方法requestInitialized已经执行完==============
21:01:32.369 [http-nio-8088-exec-5] INFO  c.e.l.s.d.handler.LogAspectHandler - ==============doBefore方法进入了==============
21:01:32.380 [http-nio-8088-exec-5] INFO  c.e.l.s.d.handler.LogAspectHandler - ==============即将执行方法为: requestDestroyed，属于com.example.lyc.springboot.demo.listener.MyServletRequestListener包==============
21:01:32.381 [http-nio-8088-exec-5] INFO  c.e.l.s.d.handler.LogAspectHandler - Not in a request context
21:01:32.381 [http-nio-8088-exec-5] INFO  c.e.l.s.d.l.MyServletRequestListener - request end
21:01:32.381 [http-nio-8088-exec-5] INFO  c.e.l.s.d.l.MyServletRequestListener - request域中保存的name值为：测试自定义事件监听器
21:01:32.381 [http-nio-8088-exec-5] INFO  c.e.l.s.d.handler.LogAspectHandler - ==============方法requestDestroyed执行完毕，但返回参数为 null==============
21:01:32.381 [http-nio-8088-exec-5] INFO  c.e.l.s.d.handler.LogAspectHandler - ==============doAfter方法进入了==============
21:01:32.381 [http-nio-8088-exec-5] INFO  c.e.l.s.d.handler.LogAspectHandler - ==============方法requestDestroyed已经执行完==============
21:01:32.409 [org.springframework.jms.JmsListenerEndpointContainer#0-1] ERROR o.s.j.l.DefaultMessageListenerContainer - Could not refresh JMS Connection for destination 'activemq.queue' - retrying using FixedBackOff{interval=5000, currentAttempts=217, maxAttempts=unlimited}. Cause: Could not connect to broker URL: tcp://localhost:61616. Reason: java.net.ConnectException: Connection refused
21:01:37.415 [org.springframework.jms.JmsListenerEndpointContainer#0-1] ERROR o.s.j.l.DefaultMessageListenerContainer - Could not refresh JMS Connection for destination 'activemq.queue' - retrying using FixedBackOff{interval=5000, currentAttempts=218, maxAttempts=unlimited}. Cause: Could not connect to broker URL: tcp://localhost:61616. Reason: java.net.ConnectException: Connection refused
21:01:42.419 [org.springframework.jms.JmsListenerEndpointContainer#0-1] ERROR o.s.j.l.DefaultMessageListenerContainer - Could not refresh JMS Connection for destination 'activemq.queue' - retrying using FixedBackOff{interval=5000, currentAttempts=219, maxAttempts=unlimited}. Cause: Could not connect to broker URL: tcp://localhost:61616. Reason: java.net.ConnectException: Connection refused
21:01:47.424 [org.springframework.jms.JmsListenerEndpointContainer#0-1] ERROR o.s.j.l.DefaultMessageListenerContainer - Could not refresh JMS Connection for destination 'activemq.queue' - retrying using FixedBackOff{interval=5000, currentAttempts=220, maxAttempts=unlimited}. Cause: Could not connect to broker URL: tcp://localhost:61616. Reason: java.net.ConnectException: Connection refused
21:01:52.444 [org.springframework.jms.JmsListenerEndpointContainer#0-1] ERROR o.s.j.l.DefaultMessageListenerContainer - Could not refresh JMS Connection for destination 'activemq.queue' - retrying using FixedBackOff{interval=5000, currentAttempts=221, maxAttempts=unlimited}. Cause: Could not connect to broker URL: tcp://localhost:61616. Reason: java.net.ConnectException: Connection refused
21:01:57.451 [org.springframework.jms.JmsListenerEndpointContainer#0-1] ERROR o.s.j.l.DefaultMessageListenerContainer - Could not refresh JMS Connection for destination 'activemq.queue' - retrying using FixedBackOff{interval=5000, currentAttempts=222, maxAttempts=unlimited}. Cause: Could not connect to broker URL: tcp://localhost:61616. Reason: java.net.ConnectException: Connection refused
21:02:02.473 [org.springframework.jms.JmsListenerEndpointContainer#0-1] ERROR o.s.j.l.DefaultMessageListenerContainer - Could not refresh JMS Connection for destination 'activemq.queue' - retrying using FixedBackOff{interval=5000, currentAttempts=223, maxAttempts=unlimited}. Cause: Could not connect to broker URL: tcp://localhost:61616. Reason: java.net.ConnectException: Connection refused
21:02:07.482 [org.springframework.jms.JmsListenerEndpointContainer#0-1] ERROR o.s.j.l.DefaultMessageListenerContainer - Could not refresh JMS Connection for destination 'activemq.queue' - retrying using FixedBackOff{interval=5000, currentAttempts=224, maxAttempts=unlimited}. Cause: Could not connect to broker URL: tcp://localhost:61616. Reason: java.net.ConnectException: Connection refused
21:02:12.489 [org.springframework.jms.JmsListenerEndpointContainer#0-1] ERROR o.s.j.l.DefaultMessageListenerContainer - Could not refresh JMS Connection for destination 'activemq.queue' - retrying using FixedBackOff{interval=5000, currentAttempts=225, maxAttempts=unlimited}. Cause: Could not connect to broker URL: tcp://localhost:61616. Reason: java.net.ConnectException: Connection refused
21:02:17.495 [org.springframework.jms.JmsListenerEndpointContainer#0-1] ERROR o.s.j.l.DefaultMessageListenerContainer - Could not refresh JMS Connection for destination 'activemq.queue' - retrying using FixedBackOff{interval=5000, currentAttempts=226, maxAttempts=unlimited}. Cause: Could not connect to broker URL: tcp://localhost:61616. Reason: java.net.ConnectException: Connection refused
21:02:22.499 [org.springframework.jms.JmsListenerEndpointContainer#0-1] ERROR o.s.j.l.DefaultMessageListenerContainer - Could not refresh JMS Connection for destination 'activemq.queue' - retrying using FixedBackOff{interval=5000, currentAttempts=227, maxAttempts=unlimited}. Cause: Could not connect to broker URL: tcp://localhost:61616. Reason: java.net.ConnectException: Connection refused
21:02:27.513 [org.springframework.jms.JmsListenerEndpointContainer#0-1] ERROR o.s.j.l.DefaultMessageListenerContainer - Could not refresh JMS Connection for destination 'activemq.queue' - retrying using FixedBackOff{interval=5000, currentAttempts=228, maxAttempts=unlimited}. Cause: Could not connect to broker URL: tcp://localhost:61616. Reason: java.net.ConnectException: Connection refused
21:02:28.925 [Thread-1] INFO  o.a.coyote.http11.Http11NioProtocol - Pausing ProtocolHandler ["http-nio-8088"]
21:02:28.925 [Thread-1] INFO  o.a.catalina.core.StandardService - Stopping service [Tomcat]
21:02:28.935 [Thread-1] INFO  o.a.c.c.C.[Tomcat].[localhost].[/] - Destroying Spring FrameworkServlet 'dispatcherServlet'
21:02:29.049 [Thread-1] INFO  o.a.coyote.http11.Http11NioProtocol - Stopping ProtocolHandler ["http-nio-8088"]
21:02:29.250 [Thread-1] INFO  o.a.coyote.http11.Http11NioProtocol - Destroying ProtocolHandler ["http-nio-8088"]
