08:17:59.256 [org.springframework.jms.JmsListenerEndpointContainer#0-1] ERROR o.s.j.l.DefaultMessageListenerContainer - Could not refresh JMS Connection for destination 'activemq.queue' - retrying using FixedBackOff{interval=5000, currentAttempts=997, maxAttempts=unlimited}. Cause: Could not connect to broker URL: tcp://localhost:61616. Reason: java.net.ConnectException: Connection refused
08:18:04.286 [org.springframework.jms.JmsListenerEndpointContainer#0-1] ERROR o.s.j.l.DefaultMessageListenerContainer - Could not refresh JMS Connection for destination 'activemq.queue' - retrying using FixedBackOff{interval=5000, currentAttempts=998, maxAttempts=unlimited}. Cause: Could not connect to broker URL: tcp://localhost:61616. Reason: java.net.ConnectException: Connection refused
08:18:09.296 [org.springframework.jms.JmsListenerEndpointContainer#0-1] ERROR o.s.j.l.DefaultMessageListenerContainer - Could not refresh JMS Connection for destination 'activemq.queue' - retrying using FixedBackOff{interval=5000, currentAttempts=999, maxAttempts=unlimited}. Cause: Could not connect to broker URL: tcp://localhost:61616. Reason: java.net.ConnectException: Connection refused
08:18:14.306 [org.springframework.jms.JmsListenerEndpointContainer#0-1] ERROR o.s.j.l.DefaultMessageListenerContainer - Could not refresh JMS Connection for destination 'activemq.queue' - retrying using FixedBackOff{interval=5000, currentAttempts=1000, maxAttempts=unlimited}. Cause: Could not connect to broker URL: tcp://localhost:61616. Reason: java.net.ConnectException: Connection refused
08:18:19.315 [org.springframework.jms.JmsListenerEndpointContainer#0-1] ERROR o.s.j.l.DefaultMessageListenerContainer - Could not refresh JMS Connection for destination 'activemq.queue' - retrying using FixedBackOff{interval=5000, currentAttempts=1001, maxAttempts=unlimited}. Cause: Could not connect to broker URL: tcp://localhost:61616. Reason: java.net.ConnectException: Connection refused
08:18:24.335 [org.springframework.jms.JmsListenerEndpointContainer#0-1] ERROR o.s.j.l.DefaultMessageListenerContainer - Could not refresh JMS Connection for destination 'activemq.queue' - retrying using FixedBackOff{interval=5000, currentAttempts=1002, maxAttempts=unlimited}. Cause: Could not connect to broker URL: tcp://localhost:61616. Reason: java.net.ConnectException: Connection refused
08:18:29.339 [org.springframework.jms.JmsListenerEndpointContainer#0-1] ERROR o.s.j.l.DefaultMessageListenerContainer - Could not refresh JMS Connection for destination 'activemq.queue' - retrying using FixedBackOff{interval=5000, currentAttempts=1003, maxAttempts=unlimited}. Cause: Could not connect to broker URL: tcp://localhost:61616. Reason: java.net.ConnectException: Connection refused
08:18:34.345 [org.springframework.jms.JmsListenerEndpointContainer#0-1] ERROR o.s.j.l.DefaultMessageListenerContainer - Could not refresh JMS Connection for destination 'activemq.queue' - retrying using FixedBackOff{interval=5000, currentAttempts=1004, maxAttempts=unlimited}. Cause: Could not connect to broker URL: tcp://localhost:61616. Reason: java.net.ConnectException: Connection refused
08:18:39.355 [org.springframework.jms.JmsListenerEndpointContainer#0-1] ERROR o.s.j.l.DefaultMessageListenerContainer - Could not refresh JMS Connection for destination 'activemq.queue' - retrying using FixedBackOff{interval=5000, currentAttempts=1005, maxAttempts=unlimited}. Cause: Could not connect to broker URL: tcp://localhost:61616. Reason: java.net.ConnectException: Connection refused
08:18:39.546 [Apollo-RemoteConfigRepository-1] WARN  c.c.f.a.i.AbstractConfigRepository - Sync config failed, will retry. Repository class com.ctrip.framework.apollo.internals.RemoteConfigRepository, reason: Get config services failed from http://meta.apollo.xxx.cn/services/config?appId=platform&ip=192.168.31.81 [Cause: Could not complete get operation [Cause: meta.apollo.xxx.cn]]
08:18:44.362 [org.springframework.jms.JmsListenerEndpointContainer#0-1] ERROR o.s.j.l.DefaultMessageListenerContainer - Could not refresh JMS Connection for destination 'activemq.queue' - retrying using FixedBackOff{interval=5000, currentAttempts=1006, maxAttempts=unlimited}. Cause: Could not connect to broker URL: tcp://localhost:61616. Reason: java.net.ConnectException: Connection refused
08:18:49.365 [org.springframework.jms.JmsListenerEndpointContainer#0-1] ERROR o.s.j.l.DefaultMessageListenerContainer - Could not refresh JMS Connection for destination 'activemq.queue' - retrying using FixedBackOff{interval=5000, currentAttempts=1007, maxAttempts=unlimited}. Cause: Could not connect to broker URL: tcp://localhost:61616. Reason: java.net.ConnectException: Connection refused
08:18:49.574 [Apollo-RemoteConfigRepository-1] WARN  c.c.f.a.i.AbstractConfigRepository - Sync config failed, will retry. Repository class com.ctrip.framework.apollo.internals.RemoteConfigRepository, reason: Get config services failed from http://meta.apollo.xxx.cn/services/config?appId=platform&ip=192.168.31.81 [Cause: Could not complete get operation [Cause: meta.apollo.xxx.cn]]
08:18:51.594 [Apollo-RemoteConfigLongPollService-1] WARN  c.c.f.a.i.RemoteConfigLongPollService - Long polling failed, will retry in 120 seconds. appId: platform, cluster: default, namespaces: application+message+sensitive-config, long polling url: null, reason: Get config services failed from http://meta.apollo.xxx.cn/services/config?appId=platform&ip=192.168.31.81 [Cause: Could not complete get operation [Cause: meta.apollo.xxx.cn]]
08:18:54.371 [org.springframework.jms.JmsListenerEndpointContainer#0-1] ERROR o.s.j.l.DefaultMessageListenerContainer - Could not refresh JMS Connection for destination 'activemq.queue' - retrying using FixedBackOff{interval=5000, currentAttempts=1008, maxAttempts=unlimited}. Cause: Could not connect to broker URL: tcp://localhost:61616. Reason: java.net.ConnectException: Connection refused
08:18:59.375 [org.springframework.jms.JmsListenerEndpointContainer#0-1] ERROR o.s.j.l.DefaultMessageListenerContainer - Could not refresh JMS Connection for destination 'activemq.queue' - retrying using FixedBackOff{interval=5000, currentAttempts=1009, maxAttempts=unlimited}. Cause: Could not connect to broker URL: tcp://localhost:61616. Reason: java.net.ConnectException: Connection refused
08:18:59.612 [Apollo-RemoteConfigRepository-1] WARN  c.c.f.a.i.AbstractConfigRepository - Sync config failed, will retry. Repository class com.ctrip.framework.apollo.internals.RemoteConfigRepository, reason: Get config services failed from http://meta.apollo.xxx.cn/services/config?appId=platform&ip=192.168.31.81 [Cause: Could not complete get operation [Cause: meta.apollo.xxx.cn]]
08:43:56.948 [org.springframework.jms.JmsListenerEndpointContainer#0-1] ERROR o.s.j.l.DefaultMessageListenerContainer - Could not refresh JMS Connection for destination 'activemq.queue' - retrying using FixedBackOff{interval=5000, currentAttempts=1010, maxAttempts=unlimited}. Cause: Could not connect to broker URL: tcp://localhost:61616. Reason: java.net.ConnectException: Connection refused
08:44:01.956 [org.springframework.jms.JmsListenerEndpointContainer#0-1] ERROR o.s.j.l.DefaultMessageListenerContainer - Could not refresh JMS Connection for destination 'activemq.queue' - retrying using FixedBackOff{interval=5000, currentAttempts=1011, maxAttempts=unlimited}. Cause: Could not connect to broker URL: tcp://localhost:61616. Reason: java.net.ConnectException: Connection refused
08:44:06.961 [org.springframework.jms.JmsListenerEndpointContainer#0-1] ERROR o.s.j.l.DefaultMessageListenerContainer - Could not refresh JMS Connection for destination 'activemq.queue' - retrying using FixedBackOff{interval=5000, currentAttempts=1012, maxAttempts=unlimited}. Cause: Could not connect to broker URL: tcp://localhost:61616. Reason: java.net.ConnectException: Connection refused
08:44:11.967 [org.springframework.jms.JmsListenerEndpointContainer#0-1] ERROR o.s.j.l.DefaultMessageListenerContainer - Could not refresh JMS Connection for destination 'activemq.queue' - retrying using FixedBackOff{interval=5000, currentAttempts=1013, maxAttempts=unlimited}. Cause: Could not connect to broker URL: tcp://localhost:61616. Reason: java.net.ConnectException: Connection refused
08:44:16.969 [org.springframework.jms.JmsListenerEndpointContainer#0-1] ERROR o.s.j.l.DefaultMessageListenerContainer - Could not refresh JMS Connection for destination 'activemq.queue' - retrying using FixedBackOff{interval=5000, currentAttempts=1014, maxAttempts=unlimited}. Cause: Could not connect to broker URL: tcp://localhost:61616. Reason: java.net.ConnectException: Connection refused
08:44:21.970 [org.springframework.jms.JmsListenerEndpointContainer#0-1] ERROR o.s.j.l.DefaultMessageListenerContainer - Could not refresh JMS Connection for destination 'activemq.queue' - retrying using FixedBackOff{interval=5000, currentAttempts=1015, maxAttempts=unlimited}. Cause: Could not connect to broker URL: tcp://localhost:61616. Reason: java.net.ConnectException: Connection refused
08:44:26.973 [org.springframework.jms.JmsListenerEndpointContainer#0-1] ERROR o.s.j.l.DefaultMessageListenerContainer - Could not refresh JMS Connection for destination 'activemq.queue' - retrying using FixedBackOff{interval=5000, currentAttempts=1016, maxAttempts=unlimited}. Cause: Could not connect to broker URL: tcp://localhost:61616. Reason: java.net.ConnectException: Connection refused
08:44:31.984 [org.springframework.jms.JmsListenerEndpointContainer#0-1] ERROR o.s.j.l.DefaultMessageListenerContainer - Could not refresh JMS Connection for destination 'activemq.queue' - retrying using FixedBackOff{interval=5000, currentAttempts=1017, maxAttempts=unlimited}. Cause: Could not connect to broker URL: tcp://localhost:61616. Reason: java.net.ConnectException: Connection refused
08:44:36.990 [org.springframework.jms.JmsListenerEndpointContainer#0-1] ERROR o.s.j.l.DefaultMessageListenerContainer - Could not refresh JMS Connection for destination 'activemq.queue' - retrying using FixedBackOff{interval=5000, currentAttempts=1018, maxAttempts=unlimited}. Cause: Could not connect to broker URL: tcp://localhost:61616. Reason: java.net.ConnectException: Connection refused
08:44:42.001 [org.springframework.jms.JmsListenerEndpointContainer#0-1] ERROR o.s.j.l.DefaultMessageListenerContainer - Could not refresh JMS Connection for destination 'activemq.queue' - retrying using FixedBackOff{interval=5000, currentAttempts=1019, maxAttempts=unlimited}. Cause: Could not connect to broker URL: tcp://localhost:61616. Reason: java.net.ConnectException: Connection refused
08:44:47.006 [org.springframework.jms.JmsListenerEndpointContainer#0-1] ERROR o.s.j.l.DefaultMessageListenerContainer - Could not refresh JMS Connection for destination 'activemq.queue' - retrying using FixedBackOff{interval=5000, currentAttempts=1020, maxAttempts=unlimited}. Cause: Could not connect to broker URL: tcp://localhost:61616. Reason: java.net.ConnectException: Connection refused
08:44:52.009 [org.springframework.jms.JmsListenerEndpointContainer#0-1] ERROR o.s.j.l.DefaultMessageListenerContainer - Could not refresh JMS Connection for destination 'activemq.queue' - retrying using FixedBackOff{interval=5000, currentAttempts=1021, maxAttempts=unlimited}. Cause: Could not connect to broker URL: tcp://localhost:61616. Reason: java.net.ConnectException: Connection refused
08:44:57.014 [org.springframework.jms.JmsListenerEndpointContainer#0-1] ERROR o.s.j.l.DefaultMessageListenerContainer - Could not refresh JMS Connection for destination 'activemq.queue' - retrying using FixedBackOff{interval=5000, currentAttempts=1022, maxAttempts=unlimited}. Cause: Could not connect to broker URL: tcp://localhost:61616. Reason: java.net.ConnectException: Connection refused
08:44:59.579 [Thread-12] INFO  o.a.coyote.http11.Http11NioProtocol - Pausing ProtocolHandler ["http-nio-8088"]
08:44:59.581 [Thread-12] INFO  o.a.catalina.core.StandardService - Stopping service [Tomcat]
08:44:59.633 [Thread-12] INFO  o.a.coyote.http11.Http11NioProtocol - Stopping ProtocolHandler ["http-nio-8088"]
08:44:59.664 [Thread-12] INFO  o.a.coyote.http11.Http11NioProtocol - Destroying ProtocolHandler ["http-nio-8088"]
08:45:00.370 [restartedMain] INFO  c.e.lyc.springboot.demo.Application - Starting Application using Java 17.0.1 with PID 69887 (/Users/liyinchi/workspace/java/lyc.springboot.demo/target/classes started by liyinchi in /Users/liyinchi/workspace/java/lyc.springboot.demo)
08:45:00.371 [restartedMain] DEBUG c.e.lyc.springboot.demo.Application - Running with Spring Boot v3.1.2, Spring v6.0.11
08:45:00.371 [restartedMain] INFO  c.e.lyc.springboot.demo.Application - The following 1 profile is active: "dev"
08:45:01.855 [restartedMain] INFO  o.a.coyote.http11.Http11NioProtocol - Initializing ProtocolHandler ["http-nio-8088"]
08:45:01.856 [restartedMain] INFO  o.a.catalina.core.StandardService - Starting service [Tomcat]
08:45:01.856 [restartedMain] INFO  o.a.catalina.core.StandardEngine - Starting Servlet engine: [Apache Tomcat/10.1.12]
08:45:01.893 [restartedMain] INFO  o.a.c.c.C.[Tomcat].[localhost].[/] - Initializing Spring embedded WebApplicationContext
08:45:02.182 [restartedMain] INFO  c.e.l.s.d.handler.LogAspectHandler - ==============doBefore方法进入了==============
08:45:02.182 [restartedMain] INFO  c.e.l.s.d.handler.LogAspectHandler - ==============即将执行方法为: queue，属于com.example.lyc.springboot.demo.config.ActiveMqConfig包==============
08:45:02.182 [restartedMain] INFO  c.e.l.s.d.handler.LogAspectHandler - Not in a request context
08:45:02.183 [restartedMain] INFO  c.e.l.s.d.handler.LogAspectHandler - ==============方法queue执行完毕，返回参数为：queue://activemq.queue==============
08:45:02.184 [restartedMain] INFO  c.e.l.s.d.handler.LogAspectHandler - ==============对返回参数进行业务上的增强：queue://activemq.queue增强版==============
08:45:02.184 [restartedMain] INFO  c.e.l.s.d.handler.LogAspectHandler - ==============doAfter方法进入了==============
08:45:02.184 [restartedMain] INFO  c.e.l.s.d.handler.LogAspectHandler - ==============方法queue已经执行完==============
08:45:02.230 [restartedMain] INFO  c.c.f.a.s.a.SpringValueProcessor - Monitoring key: microservice.url.orderUrl, beanName: jsonController, field: com.example.lyc.springboot.demo.controller.JsonController.orderUrl
08:45:02.606 [restartedMain] INFO  c.e.l.s.demo.service.RedisService - redis port: 6379
08:45:02.630 [restartedMain] INFO  c.e.l.s.d.handler.LogAspectHandler - ==============doBefore方法进入了==============
08:45:02.630 [restartedMain] INFO  c.e.l.s.d.handler.LogAspectHandler - ==============即将执行方法为: userService，属于com.example.lyc.springboot.demo.config.AppConfig包==============
08:45:02.630 [restartedMain] INFO  c.e.l.s.d.handler.LogAspectHandler - Not in a request context
08:45:02.631 [restartedMain] INFO  c.e.l.s.d.handler.LogAspectHandler - ==============方法userService执行完毕，返回参数为：com.example.lyc.springboot.demo.serviceImpl.UserServiceImpl@21857eb3==============
08:45:02.631 [restartedMain] INFO  c.e.l.s.d.handler.LogAspectHandler - ==============对返回参数进行业务上的增强：com.example.lyc.springboot.demo.serviceImpl.UserServiceImpl@21857eb3增强版==============
08:45:02.631 [restartedMain] INFO  c.e.l.s.d.handler.LogAspectHandler - ==============doAfter方法进入了==============
08:45:02.631 [restartedMain] INFO  c.e.l.s.d.handler.LogAspectHandler - ==============方法userService已经执行完==============
08:45:02.687 [restartedMain] INFO  c.e.l.s.d.handler.LogAspectHandler - ==============doBefore方法进入了==============
08:45:02.687 [restartedMain] INFO  c.e.l.s.d.handler.LogAspectHandler - ==============即将执行方法为: topic，属于com.example.lyc.springboot.demo.config.ActiveMqConfig包==============
08:45:02.687 [restartedMain] INFO  c.e.l.s.d.handler.LogAspectHandler - Not in a request context
08:45:02.688 [restartedMain] INFO  c.e.l.s.d.handler.LogAspectHandler - ==============方法topic执行完毕，返回参数为：topic://activemq.topic==============
08:45:02.688 [restartedMain] INFO  c.e.l.s.d.handler.LogAspectHandler - ==============对返回参数进行业务上的增强：topic://activemq.topic增强版==============
08:45:02.688 [restartedMain] INFO  c.e.l.s.d.handler.LogAspectHandler - ==============doAfter方法进入了==============
08:45:02.688 [restartedMain] INFO  c.e.l.s.d.handler.LogAspectHandler - ==============方法topic已经执行完==============
08:45:02.694 [restartedMain] INFO  c.e.l.s.d.handler.LogAspectHandler - ==============doBefore方法进入了==============
08:45:02.695 [restartedMain] INFO  c.e.l.s.d.handler.LogAspectHandler - ==============即将执行方法为: modelMapper，属于com.example.lyc.springboot.demo.config.AppConfig包==============
08:45:02.695 [restartedMain] INFO  c.e.l.s.d.handler.LogAspectHandler - Not in a request context
08:45:02.695 [restartedMain] INFO  c.e.l.s.d.handler.LogAspectHandler - ==============方法modelMapper执行完毕，返回参数为：org.modelmapper.ModelMapper@442e2a29==============
08:45:02.695 [restartedMain] INFO  c.e.l.s.d.handler.LogAspectHandler - ==============对返回参数进行业务上的增强：org.modelmapper.ModelMapper@442e2a29增强版==============
08:45:02.695 [restartedMain] INFO  c.e.l.s.d.handler.LogAspectHandler - ==============doAfter方法进入了==============
08:45:02.696 [restartedMain] INFO  c.e.l.s.d.handler.LogAspectHandler - ==============方法modelMapper已经执行完==============
08:45:02.973 [restartedMain] INFO  c.e.l.s.d.handler.LogAspectHandler - ==============doBefore方法进入了==============
08:45:02.973 [restartedMain] INFO  c.e.l.s.d.handler.LogAspectHandler - ==============即将执行方法为: publicApi，属于com.example.lyc.springboot.demo.config.SwaggerConfig包==============
08:45:02.973 [restartedMain] INFO  c.e.l.s.d.handler.LogAspectHandler - Not in a request context
08:45:02.974 [restartedMain] INFO  c.e.l.s.d.handler.LogAspectHandler - ==============方法publicApi执行完毕，返回参数为：org.springdoc.core.models.GroupedOpenApi@20fa0fb1==============
08:45:02.974 [restartedMain] INFO  c.e.l.s.d.handler.LogAspectHandler - ==============对返回参数进行业务上的增强：org.springdoc.core.models.GroupedOpenApi@20fa0fb1增强版==============
08:45:02.974 [restartedMain] INFO  c.e.l.s.d.handler.LogAspectHandler - ==============doAfter方法进入了==============
08:45:02.974 [restartedMain] INFO  c.e.l.s.d.handler.LogAspectHandler - ==============方法publicApi已经执行完==============
08:45:02.976 [restartedMain] INFO  c.e.l.s.d.handler.LogAspectHandler - ==============doBefore方法进入了==============
08:45:02.977 [restartedMain] INFO  c.e.l.s.d.handler.LogAspectHandler - ==============即将执行方法为: privateApi，属于com.example.lyc.springboot.demo.config.SwaggerConfig包==============
08:45:02.977 [restartedMain] INFO  c.e.l.s.d.handler.LogAspectHandler - Not in a request context
08:45:02.977 [restartedMain] INFO  c.e.l.s.d.handler.LogAspectHandler - ==============方法privateApi执行完毕，返回参数为：org.springdoc.core.models.GroupedOpenApi@59722f8e==============
08:45:02.978 [restartedMain] INFO  c.e.l.s.d.handler.LogAspectHandler - ==============对返回参数进行业务上的增强：org.springdoc.core.models.GroupedOpenApi@59722f8e增强版==============
08:45:02.978 [restartedMain] INFO  c.e.l.s.d.handler.LogAspectHandler - ==============doAfter方法进入了==============
08:45:02.978 [restartedMain] INFO  c.e.l.s.d.handler.LogAspectHandler - ==============方法privateApi已经执行完==============
08:45:02.982 [restartedMain] INFO  c.e.l.s.d.handler.LogAspectHandler - ==============doBefore方法进入了==============
08:45:02.983 [restartedMain] INFO  c.e.l.s.d.handler.LogAspectHandler - ==============即将执行方法为: registerWebSocketHandlers，属于com.example.lyc.springboot.demo.config.WebSocketConfig包==============
08:45:02.983 [restartedMain] INFO  c.e.l.s.d.handler.LogAspectHandler - Not in a request context
08:45:02.984 [restartedMain] INFO  c.e.l.s.d.handler.LogAspectHandler - ==============方法registerWebSocketHandlers执行完毕，但返回参数为 null==============
08:45:02.984 [restartedMain] INFO  c.e.l.s.d.handler.LogAspectHandler - ==============doAfter方法进入了==============
08:45:02.985 [restartedMain] INFO  c.e.l.s.d.handler.LogAspectHandler - ==============方法registerWebSocketHandlers已经执行完==============
08:45:03.440 [restartedMain] INFO  c.c.f.a.s.a.SpringValueProcessor - Monitoring key: spring.mvc.servlet.path, beanName: swaggerWelcome, field: org.springdoc.webmvc.ui.SwaggerWelcomeWebMvc.mvcServletPath
08:45:04.560 [restartedMain] INFO  o.a.coyote.http11.Http11NioProtocol - Starting ProtocolHandler ["http-nio-8088"]
08:45:04.593 [restartedMain] INFO  c.e.lyc.springboot.demo.Application - Started Application in 4.337 seconds (process running for 137507.595)
08:45:04.594 [restartedMain] INFO  c.e.l.s.d.handler.LogAspectHandler - ==============doBefore方法进入了==============
08:45:04.594 [restartedMain] INFO  c.e.l.s.d.handler.LogAspectHandler - ==============即将执行方法为: onApplicationEvent，属于com.example.lyc.springboot.demo.listener.MyListener包==============
08:45:04.595 [restartedMain] INFO  c.e.l.s.d.handler.LogAspectHandler - Not in a request context
08:45:04.595 [restartedMain] DEBUG c.e.l.s.demo.listener.MyListener - 应用已启动完成
08:45:04.598 [restartedMain] INFO  c.e.l.s.d.handler.LogAspectHandler - ==============方法onApplicationEvent执行完毕，但返回参数为 null==============
08:45:04.598 [restartedMain] INFO  c.e.l.s.d.handler.LogAspectHandler - ==============doAfter方法进入了==============
08:45:04.598 [restartedMain] INFO  c.e.l.s.d.handler.LogAspectHandler - ==============方法onApplicationEvent已经执行完==============
08:45:09.588 [org.springframework.jms.JmsListenerEndpointContainer#0-1] ERROR o.s.j.l.DefaultMessageListenerContainer - Could not refresh JMS Connection for destination 'activemq.queue' - retrying using FixedBackOff{interval=5000, currentAttempts=0, maxAttempts=unlimited}. Cause: Could not connect to broker URL: tcp://localhost:61616. Reason: java.net.ConnectException: Connection refused
08:45:14.590 [org.springframework.jms.JmsListenerEndpointContainer#0-1] ERROR o.s.j.l.DefaultMessageListenerContainer - Could not refresh JMS Connection for destination 'activemq.queue' - retrying using FixedBackOff{interval=5000, currentAttempts=1, maxAttempts=unlimited}. Cause: Could not connect to broker URL: tcp://localhost:61616. Reason: java.net.ConnectException: Connection refused
08:45:19.594 [org.springframework.jms.JmsListenerEndpointContainer#0-1] ERROR o.s.j.l.DefaultMessageListenerContainer - Could not refresh JMS Connection for destination 'activemq.queue' - retrying using FixedBackOff{interval=5000, currentAttempts=2, maxAttempts=unlimited}. Cause: Could not connect to broker URL: tcp://localhost:61616. Reason: java.net.ConnectException: Connection refused
08:45:24.596 [org.springframework.jms.JmsListenerEndpointContainer#0-1] ERROR o.s.j.l.DefaultMessageListenerContainer - Could not refresh JMS Connection for destination 'activemq.queue' - retrying using FixedBackOff{interval=5000, currentAttempts=3, maxAttempts=unlimited}. Cause: Could not connect to broker URL: tcp://localhost:61616. Reason: java.net.ConnectException: Connection refused
08:45:29.598 [org.springframework.jms.JmsListenerEndpointContainer#0-1] ERROR o.s.j.l.DefaultMessageListenerContainer - Could not refresh JMS Connection for destination 'activemq.queue' - retrying using FixedBackOff{interval=5000, currentAttempts=4, maxAttempts=unlimited}. Cause: Could not connect to broker URL: tcp://localhost:61616. Reason: java.net.ConnectException: Connection refused
08:45:34.599 [org.springframework.jms.JmsListenerEndpointContainer#0-1] ERROR o.s.j.l.DefaultMessageListenerContainer - Could not refresh JMS Connection for destination 'activemq.queue' - retrying using FixedBackOff{interval=5000, currentAttempts=5, maxAttempts=unlimited}. Cause: Could not connect to broker URL: tcp://localhost:61616. Reason: java.net.ConnectException: Connection refused
08:45:39.377 [Apollo-RemoteConfigLongPollService-1] WARN  c.c.f.a.i.RemoteConfigLongPollService - Long polling failed, will retry in 120 seconds. appId: platform, cluster: default, namespaces: application+message+sensitive-config, long polling url: null, reason: Get config services failed from http://meta.apollo.xxx.cn/services/config?appId=platform&ip=192.168.31.81 [Cause: Could not complete get operation [Cause: meta.apollo.xxx.cn]]
08:45:39.606 [org.springframework.jms.JmsListenerEndpointContainer#0-1] ERROR o.s.j.l.DefaultMessageListenerContainer - Could not refresh JMS Connection for destination 'activemq.queue' - retrying using FixedBackOff{interval=5000, currentAttempts=6, maxAttempts=unlimited}. Cause: Could not connect to broker URL: tcp://localhost:61616. Reason: java.net.ConnectException: Connection refused
08:45:44.607 [org.springframework.jms.JmsListenerEndpointContainer#0-1] ERROR o.s.j.l.DefaultMessageListenerContainer - Could not refresh JMS Connection for destination 'activemq.queue' - retrying using FixedBackOff{interval=5000, currentAttempts=7, maxAttempts=unlimited}. Cause: Could not connect to broker URL: tcp://localhost:61616. Reason: java.net.ConnectException: Connection refused
08:45:49.608 [org.springframework.jms.JmsListenerEndpointContainer#0-1] ERROR o.s.j.l.DefaultMessageListenerContainer - Could not refresh JMS Connection for destination 'activemq.queue' - retrying using FixedBackOff{interval=5000, currentAttempts=8, maxAttempts=unlimited}. Cause: Could not connect to broker URL: tcp://localhost:61616. Reason: java.net.ConnectException: Connection refused
08:45:54.609 [org.springframework.jms.JmsListenerEndpointContainer#0-1] ERROR o.s.j.l.DefaultMessageListenerContainer - Could not refresh JMS Connection for destination 'activemq.queue' - retrying using FixedBackOff{interval=5000, currentAttempts=9, maxAttempts=unlimited}. Cause: Could not connect to broker URL: tcp://localhost:61616. Reason: java.net.ConnectException: Connection refused
08:45:59.612 [org.springframework.jms.JmsListenerEndpointContainer#0-1] ERROR o.s.j.l.DefaultMessageListenerContainer - Could not refresh JMS Connection for destination 'activemq.queue' - retrying using FixedBackOff{interval=5000, currentAttempts=10, maxAttempts=unlimited}. Cause: Could not connect to broker URL: tcp://localhost:61616. Reason: java.net.ConnectException: Connection refused
08:46:04.614 [org.springframework.jms.JmsListenerEndpointContainer#0-1] ERROR o.s.j.l.DefaultMessageListenerContainer - Could not refresh JMS Connection for destination 'activemq.queue' - retrying using FixedBackOff{interval=5000, currentAttempts=11, maxAttempts=unlimited}. Cause: Could not connect to broker URL: tcp://localhost:61616. Reason: java.net.ConnectException: Connection refused
08:46:09.615 [org.springframework.jms.JmsListenerEndpointContainer#0-1] ERROR o.s.j.l.DefaultMessageListenerContainer - Could not refresh JMS Connection for destination 'activemq.queue' - retrying using FixedBackOff{interval=5000, currentAttempts=12, maxAttempts=unlimited}. Cause: Could not connect to broker URL: tcp://localhost:61616. Reason: java.net.ConnectException: Connection refused
08:46:14.616 [org.springframework.jms.JmsListenerEndpointContainer#0-1] ERROR o.s.j.l.DefaultMessageListenerContainer - Could not refresh JMS Connection for destination 'activemq.queue' - retrying using FixedBackOff{interval=5000, currentAttempts=13, maxAttempts=unlimited}. Cause: Could not connect to broker URL: tcp://localhost:61616. Reason: java.net.ConnectException: Connection refused
08:46:19.617 [org.springframework.jms.JmsListenerEndpointContainer#0-1] ERROR o.s.j.l.DefaultMessageListenerContainer - Could not refresh JMS Connection for destination 'activemq.queue' - retrying using FixedBackOff{interval=5000, currentAttempts=14, maxAttempts=unlimited}. Cause: Could not connect to broker URL: tcp://localhost:61616. Reason: java.net.ConnectException: Connection refused
08:46:24.619 [org.springframework.jms.JmsListenerEndpointContainer#0-1] ERROR o.s.j.l.DefaultMessageListenerContainer - Could not refresh JMS Connection for destination 'activemq.queue' - retrying using FixedBackOff{interval=5000, currentAttempts=15, maxAttempts=unlimited}. Cause: Could not connect to broker URL: tcp://localhost:61616. Reason: java.net.ConnectException: Connection refused
08:46:29.627 [org.springframework.jms.JmsListenerEndpointContainer#0-1] ERROR o.s.j.l.DefaultMessageListenerContainer - Could not refresh JMS Connection for destination 'activemq.queue' - retrying using FixedBackOff{interval=5000, currentAttempts=16, maxAttempts=unlimited}. Cause: Could not connect to broker URL: tcp://localhost:61616. Reason: java.net.ConnectException: Connection refused
08:46:34.633 [org.springframework.jms.JmsListenerEndpointContainer#0-1] ERROR o.s.j.l.DefaultMessageListenerContainer - Could not refresh JMS Connection for destination 'activemq.queue' - retrying using FixedBackOff{interval=5000, currentAttempts=17, maxAttempts=unlimited}. Cause: Could not connect to broker URL: tcp://localhost:61616. Reason: java.net.ConnectException: Connection refused
08:46:39.636 [org.springframework.jms.JmsListenerEndpointContainer#0-1] ERROR o.s.j.l.DefaultMessageListenerContainer - Could not refresh JMS Connection for destination 'activemq.queue' - retrying using FixedBackOff{interval=5000, currentAttempts=18, maxAttempts=unlimited}. Cause: Could not connect to broker URL: tcp://localhost:61616. Reason: java.net.ConnectException: Connection refused
08:46:44.642 [org.springframework.jms.JmsListenerEndpointContainer#0-1] ERROR o.s.j.l.DefaultMessageListenerContainer - Could not refresh JMS Connection for destination 'activemq.queue' - retrying using FixedBackOff{interval=5000, currentAttempts=19, maxAttempts=unlimited}. Cause: Could not connect to broker URL: tcp://localhost:61616. Reason: java.net.ConnectException: Connection refused
08:46:49.643 [org.springframework.jms.JmsListenerEndpointContainer#0-1] ERROR o.s.j.l.DefaultMessageListenerContainer - Could not refresh JMS Connection for destination 'activemq.queue' - retrying using FixedBackOff{interval=5000, currentAttempts=20, maxAttempts=unlimited}. Cause: Could not connect to broker URL: tcp://localhost:61616. Reason: java.net.ConnectException: Connection refused
08:46:54.647 [org.springframework.jms.JmsListenerEndpointContainer#0-1] ERROR o.s.j.l.DefaultMessageListenerContainer - Could not refresh JMS Connection for destination 'activemq.queue' - retrying using FixedBackOff{interval=5000, currentAttempts=21, maxAttempts=unlimited}. Cause: Could not connect to broker URL: tcp://localhost:61616. Reason: java.net.ConnectException: Connection refused
08:46:59.655 [org.springframework.jms.JmsListenerEndpointContainer#0-1] ERROR o.s.j.l.DefaultMessageListenerContainer - Could not refresh JMS Connection for destination 'activemq.queue' - retrying using FixedBackOff{interval=5000, currentAttempts=22, maxAttempts=unlimited}. Cause: Could not connect to broker URL: tcp://localhost:61616. Reason: java.net.ConnectException: Connection refused
08:47:04.659 [org.springframework.jms.JmsListenerEndpointContainer#0-1] ERROR o.s.j.l.DefaultMessageListenerContainer - Could not refresh JMS Connection for destination 'activemq.queue' - retrying using FixedBackOff{interval=5000, currentAttempts=23, maxAttempts=unlimited}. Cause: Could not connect to broker URL: tcp://localhost:61616. Reason: java.net.ConnectException: Connection refused
08:47:09.661 [org.springframework.jms.JmsListenerEndpointContainer#0-1] ERROR o.s.j.l.DefaultMessageListenerContainer - Could not refresh JMS Connection for destination 'activemq.queue' - retrying using FixedBackOff{interval=5000, currentAttempts=24, maxAttempts=unlimited}. Cause: Could not connect to broker URL: tcp://localhost:61616. Reason: java.net.ConnectException: Connection refused
08:47:14.663 [org.springframework.jms.JmsListenerEndpointContainer#0-1] ERROR o.s.j.l.DefaultMessageListenerContainer - Could not refresh JMS Connection for destination 'activemq.queue' - retrying using FixedBackOff{interval=5000, currentAttempts=25, maxAttempts=unlimited}. Cause: Could not connect to broker URL: tcp://localhost:61616. Reason: java.net.ConnectException: Connection refused
08:47:19.669 [org.springframework.jms.JmsListenerEndpointContainer#0-1] ERROR o.s.j.l.DefaultMessageListenerContainer - Could not refresh JMS Connection for destination 'activemq.queue' - retrying using FixedBackOff{interval=5000, currentAttempts=26, maxAttempts=unlimited}. Cause: Could not connect to broker URL: tcp://localhost:61616. Reason: java.net.ConnectException: Connection refused
08:47:24.673 [org.springframework.jms.JmsListenerEndpointContainer#0-1] ERROR o.s.j.l.DefaultMessageListenerContainer - Could not refresh JMS Connection for destination 'activemq.queue' - retrying using FixedBackOff{interval=5000, currentAttempts=27, maxAttempts=unlimited}. Cause: Could not connect to broker URL: tcp://localhost:61616. Reason: java.net.ConnectException: Connection refused
08:47:29.681 [org.springframework.jms.JmsListenerEndpointContainer#0-1] ERROR o.s.j.l.DefaultMessageListenerContainer - Could not refresh JMS Connection for destination 'activemq.queue' - retrying using FixedBackOff{interval=5000, currentAttempts=28, maxAttempts=unlimited}. Cause: Could not connect to broker URL: tcp://localhost:61616. Reason: java.net.ConnectException: Connection refused
08:47:34.684 [org.springframework.jms.JmsListenerEndpointContainer#0-1] ERROR o.s.j.l.DefaultMessageListenerContainer - Could not refresh JMS Connection for destination 'activemq.queue' - retrying using FixedBackOff{interval=5000, currentAttempts=29, maxAttempts=unlimited}. Cause: Could not connect to broker URL: tcp://localhost:61616. Reason: java.net.ConnectException: Connection refused
08:47:39.689 [org.springframework.jms.JmsListenerEndpointContainer#0-1] ERROR o.s.j.l.DefaultMessageListenerContainer - Could not refresh JMS Connection for destination 'activemq.queue' - retrying using FixedBackOff{interval=5000, currentAttempts=30, maxAttempts=unlimited}. Cause: Could not connect to broker URL: tcp://localhost:61616. Reason: java.net.ConnectException: Connection refused
08:47:41.448 [Apollo-RemoteConfigLongPollService-1] WARN  c.c.f.a.i.RemoteConfigLongPollService - Long polling failed, will retry in 120 seconds. appId: platform, cluster: default, namespaces: application+message+sensitive-config, long polling url: null, reason: Get config services failed from http://meta.apollo.xxx.cn/services/config?appId=platform&ip=192.168.31.81 [Cause: Could not complete get operation [Cause: meta.apollo.xxx.cn]]
08:47:44.691 [org.springframework.jms.JmsListenerEndpointContainer#0-1] ERROR o.s.j.l.DefaultMessageListenerContainer - Could not refresh JMS Connection for destination 'activemq.queue' - retrying using FixedBackOff{interval=5000, currentAttempts=31, maxAttempts=unlimited}. Cause: Could not connect to broker URL: tcp://localhost:61616. Reason: java.net.ConnectException: Connection refused
08:47:49.692 [org.springframework.jms.JmsListenerEndpointContainer#0-1] ERROR o.s.j.l.DefaultMessageListenerContainer - Could not refresh JMS Connection for destination 'activemq.queue' - retrying using FixedBackOff{interval=5000, currentAttempts=32, maxAttempts=unlimited}. Cause: Could not connect to broker URL: tcp://localhost:61616. Reason: java.net.ConnectException: Connection refused
08:47:54.696 [org.springframework.jms.JmsListenerEndpointContainer#0-1] ERROR o.s.j.l.DefaultMessageListenerContainer - Could not refresh JMS Connection for destination 'activemq.queue' - retrying using FixedBackOff{interval=5000, currentAttempts=33, maxAttempts=unlimited}. Cause: Could not connect to broker URL: tcp://localhost:61616. Reason: java.net.ConnectException: Connection refused
08:47:59.698 [org.springframework.jms.JmsListenerEndpointContainer#0-1] ERROR o.s.j.l.DefaultMessageListenerContainer - Could not refresh JMS Connection for destination 'activemq.queue' - retrying using FixedBackOff{interval=5000, currentAttempts=34, maxAttempts=unlimited}. Cause: Could not connect to broker URL: tcp://localhost:61616. Reason: java.net.ConnectException: Connection refused
08:48:04.701 [org.springframework.jms.JmsListenerEndpointContainer#0-1] ERROR o.s.j.l.DefaultMessageListenerContainer - Could not refresh JMS Connection for destination 'activemq.queue' - retrying using FixedBackOff{interval=5000, currentAttempts=35, maxAttempts=unlimited}. Cause: Could not connect to broker URL: tcp://localhost:61616. Reason: java.net.ConnectException: Connection refused
08:48:09.717 [org.springframework.jms.JmsListenerEndpointContainer#0-1] ERROR o.s.j.l.DefaultMessageListenerContainer - Could not refresh JMS Connection for destination 'activemq.queue' - retrying using FixedBackOff{interval=5000, currentAttempts=36, maxAttempts=unlimited}. Cause: Could not connect to broker URL: tcp://localhost:61616. Reason: java.net.ConnectException: Connection refused
08:48:14.721 [org.springframework.jms.JmsListenerEndpointContainer#0-1] ERROR o.s.j.l.DefaultMessageListenerContainer - Could not refresh JMS Connection for destination 'activemq.queue' - retrying using FixedBackOff{interval=5000, currentAttempts=37, maxAttempts=unlimited}. Cause: Could not connect to broker URL: tcp://localhost:61616. Reason: java.net.ConnectException: Connection refused
08:48:19.725 [org.springframework.jms.JmsListenerEndpointContainer#0-1] ERROR o.s.j.l.DefaultMessageListenerContainer - Could not refresh JMS Connection for destination 'activemq.queue' - retrying using FixedBackOff{interval=5000, currentAttempts=38, maxAttempts=unlimited}. Cause: Could not connect to broker URL: tcp://localhost:61616. Reason: java.net.ConnectException: Connection refused
08:48:24.731 [org.springframework.jms.JmsListenerEndpointContainer#0-1] ERROR o.s.j.l.DefaultMessageListenerContainer - Could not refresh JMS Connection for destination 'activemq.queue' - retrying using FixedBackOff{interval=5000, currentAttempts=39, maxAttempts=unlimited}. Cause: Could not connect to broker URL: tcp://localhost:61616. Reason: java.net.ConnectException: Connection refused
08:48:25.082 [Apollo-RemoteConfigRepository-1] WARN  c.c.f.a.i.AbstractConfigRepository - Sync config failed, will retry. Repository class com.ctrip.framework.apollo.internals.RemoteConfigRepository, reason: Get config services failed from http://meta.apollo.xxx.cn/services/config?appId=platform&ip=192.168.31.81 [Cause: Could not complete get operation [Cause: meta.apollo.xxx.cn]]
08:48:29.735 [org.springframework.jms.JmsListenerEndpointContainer#0-1] ERROR o.s.j.l.DefaultMessageListenerContainer - Could not refresh JMS Connection for destination 'activemq.queue' - retrying using FixedBackOff{interval=5000, currentAttempts=40, maxAttempts=unlimited}. Cause: Could not connect to broker URL: tcp://localhost:61616. Reason: java.net.ConnectException: Connection refused
08:48:34.740 [org.springframework.jms.JmsListenerEndpointContainer#0-1] ERROR o.s.j.l.DefaultMessageListenerContainer - Could not refresh JMS Connection for destination 'activemq.queue' - retrying using FixedBackOff{interval=5000, currentAttempts=41, maxAttempts=unlimited}. Cause: Could not connect to broker URL: tcp://localhost:61616. Reason: java.net.ConnectException: Connection refused
08:48:35.122 [Apollo-RemoteConfigRepository-1] WARN  c.c.f.a.i.AbstractConfigRepository - Sync config failed, will retry. Repository class com.ctrip.framework.apollo.internals.RemoteConfigRepository, reason: Get config services failed from http://meta.apollo.xxx.cn/services/config?appId=platform&ip=192.168.31.81 [Cause: Could not complete get operation [Cause: meta.apollo.xxx.cn]]
08:48:39.746 [org.springframework.jms.JmsListenerEndpointContainer#0-1] ERROR o.s.j.l.DefaultMessageListenerContainer - Could not refresh JMS Connection for destination 'activemq.queue' - retrying using FixedBackOff{interval=5000, currentAttempts=42, maxAttempts=unlimited}. Cause: Could not connect to broker URL: tcp://localhost:61616. Reason: java.net.ConnectException: Connection refused
08:48:44.748 [org.springframework.jms.JmsListenerEndpointContainer#0-1] ERROR o.s.j.l.DefaultMessageListenerContainer - Could not refresh JMS Connection for destination 'activemq.queue' - retrying using FixedBackOff{interval=5000, currentAttempts=43, maxAttempts=unlimited}. Cause: Could not connect to broker URL: tcp://localhost:61616. Reason: java.net.ConnectException: Connection refused
08:48:45.172 [Apollo-RemoteConfigRepository-1] WARN  c.c.f.a.i.AbstractConfigRepository - Sync config failed, will retry. Repository class com.ctrip.framework.apollo.internals.RemoteConfigRepository, reason: Get config services failed from http://meta.apollo.xxx.cn/services/config?appId=platform&ip=192.168.31.81 [Cause: Could not complete get operation [Cause: meta.apollo.xxx.cn]]
08:48:49.754 [org.springframework.jms.JmsListenerEndpointContainer#0-1] ERROR o.s.j.l.DefaultMessageListenerContainer - Could not refresh JMS Connection for destination 'activemq.queue' - retrying using FixedBackOff{interval=5000, currentAttempts=44, maxAttempts=unlimited}. Cause: Could not connect to broker URL: tcp://localhost:61616. Reason: java.net.ConnectException: Connection refused
08:48:54.759 [org.springframework.jms.JmsListenerEndpointContainer#0-1] ERROR o.s.j.l.DefaultMessageListenerContainer - Could not refresh JMS Connection for destination 'activemq.queue' - retrying using FixedBackOff{interval=5000, currentAttempts=45, maxAttempts=unlimited}. Cause: Could not connect to broker URL: tcp://localhost:61616. Reason: java.net.ConnectException: Connection refused
08:48:59.763 [org.springframework.jms.JmsListenerEndpointContainer#0-1] ERROR o.s.j.l.DefaultMessageListenerContainer - Could not refresh JMS Connection for destination 'activemq.queue' - retrying using FixedBackOff{interval=5000, currentAttempts=46, maxAttempts=unlimited}. Cause: Could not connect to broker URL: tcp://localhost:61616. Reason: java.net.ConnectException: Connection refused
08:49:04.765 [org.springframework.jms.JmsListenerEndpointContainer#0-1] ERROR o.s.j.l.DefaultMessageListenerContainer - Could not refresh JMS Connection for destination 'activemq.queue' - retrying using FixedBackOff{interval=5000, currentAttempts=47, maxAttempts=unlimited}. Cause: Could not connect to broker URL: tcp://localhost:61616. Reason: java.net.ConnectException: Connection refused
08:49:09.767 [org.springframework.jms.JmsListenerEndpointContainer#0-1] ERROR o.s.j.l.DefaultMessageListenerContainer - Could not refresh JMS Connection for destination 'activemq.queue' - retrying using FixedBackOff{interval=5000, currentAttempts=48, maxAttempts=unlimited}. Cause: Could not connect to broker URL: tcp://localhost:61616. Reason: java.net.ConnectException: Connection refused
08:49:14.772 [org.springframework.jms.JmsListenerEndpointContainer#0-1] ERROR o.s.j.l.DefaultMessageListenerContainer - Could not refresh JMS Connection for destination 'activemq.queue' - retrying using FixedBackOff{interval=5000, currentAttempts=49, maxAttempts=unlimited}. Cause: Could not connect to broker URL: tcp://localhost:61616. Reason: java.net.ConnectException: Connection refused
08:49:19.778 [org.springframework.jms.JmsListenerEndpointContainer#0-1] ERROR o.s.j.l.DefaultMessageListenerContainer - Could not refresh JMS Connection for destination 'activemq.queue' - retrying using FixedBackOff{interval=5000, currentAttempts=50, maxAttempts=unlimited}. Cause: Could not connect to broker URL: tcp://localhost:61616. Reason: java.net.ConnectException: Connection refused
08:49:24.781 [org.springframework.jms.JmsListenerEndpointContainer#0-1] ERROR o.s.j.l.DefaultMessageListenerContainer - Could not refresh JMS Connection for destination 'activemq.queue' - retrying using FixedBackOff{interval=5000, currentAttempts=51, maxAttempts=unlimited}. Cause: Could not connect to broker URL: tcp://localhost:61616. Reason: java.net.ConnectException: Connection refused
08:49:29.784 [org.springframework.jms.JmsListenerEndpointContainer#0-1] ERROR o.s.j.l.DefaultMessageListenerContainer - Could not refresh JMS Connection for destination 'activemq.queue' - retrying using FixedBackOff{interval=5000, currentAttempts=52, maxAttempts=unlimited}. Cause: Could not connect to broker URL: tcp://localhost:61616. Reason: java.net.ConnectException: Connection refused
08:49:34.789 [org.springframework.jms.JmsListenerEndpointContainer#0-1] ERROR o.s.j.l.DefaultMessageListenerContainer - Could not refresh JMS Connection for destination 'activemq.queue' - retrying using FixedBackOff{interval=5000, currentAttempts=53, maxAttempts=unlimited}. Cause: Could not connect to broker URL: tcp://localhost:61616. Reason: java.net.ConnectException: Connection refused
08:49:39.792 [org.springframework.jms.JmsListenerEndpointContainer#0-1] ERROR o.s.j.l.DefaultMessageListenerContainer - Could not refresh JMS Connection for destination 'activemq.queue' - retrying using FixedBackOff{interval=5000, currentAttempts=54, maxAttempts=unlimited}. Cause: Could not connect to broker URL: tcp://localhost:61616. Reason: java.net.ConnectException: Connection refused
08:49:43.490 [Apollo-RemoteConfigLongPollService-1] WARN  c.c.f.a.i.RemoteConfigLongPollService - Long polling failed, will retry in 120 seconds. appId: platform, cluster: default, namespaces: application+message+sensitive-config, long polling url: null, reason: Get config services failed from http://meta.apollo.xxx.cn/services/config?appId=platform&ip=192.168.31.81 [Cause: Could not complete get operation [Cause: meta.apollo.xxx.cn]]
08:49:44.795 [org.springframework.jms.JmsListenerEndpointContainer#0-1] ERROR o.s.j.l.DefaultMessageListenerContainer - Could not refresh JMS Connection for destination 'activemq.queue' - retrying using FixedBackOff{interval=5000, currentAttempts=55, maxAttempts=unlimited}. Cause: Could not connect to broker URL: tcp://localhost:61616. Reason: java.net.ConnectException: Connection refused
08:49:49.802 [org.springframework.jms.JmsListenerEndpointContainer#0-1] ERROR o.s.j.l.DefaultMessageListenerContainer - Could not refresh JMS Connection for destination 'activemq.queue' - retrying using FixedBackOff{interval=5000, currentAttempts=56, maxAttempts=unlimited}. Cause: Could not connect to broker URL: tcp://localhost:61616. Reason: java.net.ConnectException: Connection refused
08:49:54.808 [org.springframework.jms.JmsListenerEndpointContainer#0-1] ERROR o.s.j.l.DefaultMessageListenerContainer - Could not refresh JMS Connection for destination 'activemq.queue' - retrying using FixedBackOff{interval=5000, currentAttempts=57, maxAttempts=unlimited}. Cause: Could not connect to broker URL: tcp://localhost:61616. Reason: java.net.ConnectException: Connection refused
08:49:59.814 [org.springframework.jms.JmsListenerEndpointContainer#0-1] ERROR o.s.j.l.DefaultMessageListenerContainer - Could not refresh JMS Connection for destination 'activemq.queue' - retrying using FixedBackOff{interval=5000, currentAttempts=58, maxAttempts=unlimited}. Cause: Could not connect to broker URL: tcp://localhost:61616. Reason: java.net.ConnectException: Connection refused
08:50:04.820 [org.springframework.jms.JmsListenerEndpointContainer#0-1] ERROR o.s.j.l.DefaultMessageListenerContainer - Could not refresh JMS Connection for destination 'activemq.queue' - retrying using FixedBackOff{interval=5000, currentAttempts=59, maxAttempts=unlimited}. Cause: Could not connect to broker URL: tcp://localhost:61616. Reason: java.net.ConnectException: Connection refused
08:50:09.822 [org.springframework.jms.JmsListenerEndpointContainer#0-1] ERROR o.s.j.l.DefaultMessageListenerContainer - Could not refresh JMS Connection for destination 'activemq.queue' - retrying using FixedBackOff{interval=5000, currentAttempts=60, maxAttempts=unlimited}. Cause: Could not connect to broker URL: tcp://localhost:61616. Reason: java.net.ConnectException: Connection refused
08:50:14.825 [org.springframework.jms.JmsListenerEndpointContainer#0-1] ERROR o.s.j.l.DefaultMessageListenerContainer - Could not refresh JMS Connection for destination 'activemq.queue' - retrying using FixedBackOff{interval=5000, currentAttempts=61, maxAttempts=unlimited}. Cause: Could not connect to broker URL: tcp://localhost:61616. Reason: java.net.ConnectException: Connection refused
08:50:19.830 [org.springframework.jms.JmsListenerEndpointContainer#0-1] ERROR o.s.j.l.DefaultMessageListenerContainer - Could not refresh JMS Connection for destination 'activemq.queue' - retrying using FixedBackOff{interval=5000, currentAttempts=62, maxAttempts=unlimited}. Cause: Could not connect to broker URL: tcp://localhost:61616. Reason: java.net.ConnectException: Connection refused
08:50:24.836 [org.springframework.jms.JmsListenerEndpointContainer#0-1] ERROR o.s.j.l.DefaultMessageListenerContainer - Could not refresh JMS Connection for destination 'activemq.queue' - retrying using FixedBackOff{interval=5000, currentAttempts=63, maxAttempts=unlimited}. Cause: Could not connect to broker URL: tcp://localhost:61616. Reason: java.net.ConnectException: Connection refused
08:50:29.840 [org.springframework.jms.JmsListenerEndpointContainer#0-1] ERROR o.s.j.l.DefaultMessageListenerContainer - Could not refresh JMS Connection for destination 'activemq.queue' - retrying using FixedBackOff{interval=5000, currentAttempts=64, maxAttempts=unlimited}. Cause: Could not connect to broker URL: tcp://localhost:61616. Reason: java.net.ConnectException: Connection refused
08:50:34.843 [org.springframework.jms.JmsListenerEndpointContainer#0-1] ERROR o.s.j.l.DefaultMessageListenerContainer - Could not refresh JMS Connection for destination 'activemq.queue' - retrying using FixedBackOff{interval=5000, currentAttempts=65, maxAttempts=unlimited}. Cause: Could not connect to broker URL: tcp://localhost:61616. Reason: java.net.ConnectException: Connection refused
08:50:39.848 [org.springframework.jms.JmsListenerEndpointContainer#0-1] ERROR o.s.j.l.DefaultMessageListenerContainer - Could not refresh JMS Connection for destination 'activemq.queue' - retrying using FixedBackOff{interval=5000, currentAttempts=66, maxAttempts=unlimited}. Cause: Could not connect to broker URL: tcp://localhost:61616. Reason: java.net.ConnectException: Connection refused
08:50:44.853 [org.springframework.jms.JmsListenerEndpointContainer#0-1] ERROR o.s.j.l.DefaultMessageListenerContainer - Could not refresh JMS Connection for destination 'activemq.queue' - retrying using FixedBackOff{interval=5000, currentAttempts=67, maxAttempts=unlimited}. Cause: Could not connect to broker URL: tcp://localhost:61616. Reason: java.net.ConnectException: Connection refused
08:50:49.860 [org.springframework.jms.JmsListenerEndpointContainer#0-1] ERROR o.s.j.l.DefaultMessageListenerContainer - Could not refresh JMS Connection for destination 'activemq.queue' - retrying using FixedBackOff{interval=5000, currentAttempts=68, maxAttempts=unlimited}. Cause: Could not connect to broker URL: tcp://localhost:61616. Reason: java.net.ConnectException: Connection refused
08:50:54.865 [org.springframework.jms.JmsListenerEndpointContainer#0-1] ERROR o.s.j.l.DefaultMessageListenerContainer - Could not refresh JMS Connection for destination 'activemq.queue' - retrying using FixedBackOff{interval=5000, currentAttempts=69, maxAttempts=unlimited}. Cause: Could not connect to broker URL: tcp://localhost:61616. Reason: java.net.ConnectException: Connection refused
08:50:59.869 [org.springframework.jms.JmsListenerEndpointContainer#0-1] ERROR o.s.j.l.DefaultMessageListenerContainer - Could not refresh JMS Connection for destination 'activemq.queue' - retrying using FixedBackOff{interval=5000, currentAttempts=70, maxAttempts=unlimited}. Cause: Could not connect to broker URL: tcp://localhost:61616. Reason: java.net.ConnectException: Connection refused
08:51:04.871 [org.springframework.jms.JmsListenerEndpointContainer#0-1] ERROR o.s.j.l.DefaultMessageListenerContainer - Could not refresh JMS Connection for destination 'activemq.queue' - retrying using FixedBackOff{interval=5000, currentAttempts=71, maxAttempts=unlimited}. Cause: Could not connect to broker URL: tcp://localhost:61616. Reason: java.net.ConnectException: Connection refused
08:51:09.878 [org.springframework.jms.JmsListenerEndpointContainer#0-1] ERROR o.s.j.l.DefaultMessageListenerContainer - Could not refresh JMS Connection for destination 'activemq.queue' - retrying using FixedBackOff{interval=5000, currentAttempts=72, maxAttempts=unlimited}. Cause: Could not connect to broker URL: tcp://localhost:61616. Reason: java.net.ConnectException: Connection refused
08:51:14.903 [org.springframework.jms.JmsListenerEndpointContainer#0-1] ERROR o.s.j.l.DefaultMessageListenerContainer - Could not refresh JMS Connection for destination 'activemq.queue' - retrying using FixedBackOff{interval=5000, currentAttempts=73, maxAttempts=unlimited}. Cause: Could not connect to broker URL: tcp://localhost:61616. Reason: java.net.ConnectException: Connection refused
08:51:19.910 [org.springframework.jms.JmsListenerEndpointContainer#0-1] ERROR o.s.j.l.DefaultMessageListenerContainer - Could not refresh JMS Connection for destination 'activemq.queue' - retrying using FixedBackOff{interval=5000, currentAttempts=74, maxAttempts=unlimited}. Cause: Could not connect to broker URL: tcp://localhost:61616. Reason: java.net.ConnectException: Connection refused
08:51:24.916 [org.springframework.jms.JmsListenerEndpointContainer#0-1] ERROR o.s.j.l.DefaultMessageListenerContainer - Could not refresh JMS Connection for destination 'activemq.queue' - retrying using FixedBackOff{interval=5000, currentAttempts=75, maxAttempts=unlimited}. Cause: Could not connect to broker URL: tcp://localhost:61616. Reason: java.net.ConnectException: Connection refused
08:51:29.923 [org.springframework.jms.JmsListenerEndpointContainer#0-1] ERROR o.s.j.l.DefaultMessageListenerContainer - Could not refresh JMS Connection for destination 'activemq.queue' - retrying using FixedBackOff{interval=5000, currentAttempts=76, maxAttempts=unlimited}. Cause: Could not connect to broker URL: tcp://localhost:61616. Reason: java.net.ConnectException: Connection refused
08:51:34.928 [org.springframework.jms.JmsListenerEndpointContainer#0-1] ERROR o.s.j.l.DefaultMessageListenerContainer - Could not refresh JMS Connection for destination 'activemq.queue' - retrying using FixedBackOff{interval=5000, currentAttempts=77, maxAttempts=unlimited}. Cause: Could not connect to broker URL: tcp://localhost:61616. Reason: java.net.ConnectException: Connection refused
08:51:39.934 [org.springframework.jms.JmsListenerEndpointContainer#0-1] ERROR o.s.j.l.DefaultMessageListenerContainer - Could not refresh JMS Connection for destination 'activemq.queue' - retrying using FixedBackOff{interval=5000, currentAttempts=78, maxAttempts=unlimited}. Cause: Could not connect to broker URL: tcp://localhost:61616. Reason: java.net.ConnectException: Connection refused
08:51:44.939 [org.springframework.jms.JmsListenerEndpointContainer#0-1] ERROR o.s.j.l.DefaultMessageListenerContainer - Could not refresh JMS Connection for destination 'activemq.queue' - retrying using FixedBackOff{interval=5000, currentAttempts=79, maxAttempts=unlimited}. Cause: Could not connect to broker URL: tcp://localhost:61616. Reason: java.net.ConnectException: Connection refused
08:51:45.592 [Apollo-RemoteConfigLongPollService-1] WARN  c.c.f.a.i.RemoteConfigLongPollService - Long polling failed, will retry in 120 seconds. appId: platform, cluster: default, namespaces: application+message+sensitive-config, long polling url: null, reason: Get config services failed from http://meta.apollo.xxx.cn/services/config?appId=platform&ip=192.168.31.81 [Cause: Could not complete get operation [Cause: meta.apollo.xxx.cn]]
08:51:49.941 [org.springframework.jms.JmsListenerEndpointContainer#0-1] ERROR o.s.j.l.DefaultMessageListenerContainer - Could not refresh JMS Connection for destination 'activemq.queue' - retrying using FixedBackOff{interval=5000, currentAttempts=80, maxAttempts=unlimited}. Cause: Could not connect to broker URL: tcp://localhost:61616. Reason: java.net.ConnectException: Connection refused
08:51:54.944 [org.springframework.jms.JmsListenerEndpointContainer#0-1] ERROR o.s.j.l.DefaultMessageListenerContainer - Could not refresh JMS Connection for destination 'activemq.queue' - retrying using FixedBackOff{interval=5000, currentAttempts=81, maxAttempts=unlimited}. Cause: Could not connect to broker URL: tcp://localhost:61616. Reason: java.net.ConnectException: Connection refused
08:51:59.949 [org.springframework.jms.JmsListenerEndpointContainer#0-1] ERROR o.s.j.l.DefaultMessageListenerContainer - Could not refresh JMS Connection for destination 'activemq.queue' - retrying using FixedBackOff{interval=5000, currentAttempts=82, maxAttempts=unlimited}. Cause: Could not connect to broker URL: tcp://localhost:61616. Reason: java.net.ConnectException: Connection refused
08:52:04.954 [org.springframework.jms.JmsListenerEndpointContainer#0-1] ERROR o.s.j.l.DefaultMessageListenerContainer - Could not refresh JMS Connection for destination 'activemq.queue' - retrying using FixedBackOff{interval=5000, currentAttempts=83, maxAttempts=unlimited}. Cause: Could not connect to broker URL: tcp://localhost:61616. Reason: java.net.ConnectException: Connection refused
08:52:09.957 [org.springframework.jms.JmsListenerEndpointContainer#0-1] ERROR o.s.j.l.DefaultMessageListenerContainer - Could not refresh JMS Connection for destination 'activemq.queue' - retrying using FixedBackOff{interval=5000, currentAttempts=84, maxAttempts=unlimited}. Cause: Could not connect to broker URL: tcp://localhost:61616. Reason: java.net.ConnectException: Connection refused
08:52:14.963 [org.springframework.jms.JmsListenerEndpointContainer#0-1] ERROR o.s.j.l.DefaultMessageListenerContainer - Could not refresh JMS Connection for destination 'activemq.queue' - retrying using FixedBackOff{interval=5000, currentAttempts=85, maxAttempts=unlimited}. Cause: Could not connect to broker URL: tcp://localhost:61616. Reason: java.net.ConnectException: Connection refused
08:52:19.967 [org.springframework.jms.JmsListenerEndpointContainer#0-1] ERROR o.s.j.l.DefaultMessageListenerContainer - Could not refresh JMS Connection for destination 'activemq.queue' - retrying using FixedBackOff{interval=5000, currentAttempts=86, maxAttempts=unlimited}. Cause: Could not connect to broker URL: tcp://localhost:61616. Reason: java.net.ConnectException: Connection refused
08:52:24.972 [org.springframework.jms.JmsListenerEndpointContainer#0-1] ERROR o.s.j.l.DefaultMessageListenerContainer - Could not refresh JMS Connection for destination 'activemq.queue' - retrying using FixedBackOff{interval=5000, currentAttempts=87, maxAttempts=unlimited}. Cause: Could not connect to broker URL: tcp://localhost:61616. Reason: java.net.ConnectException: Connection refused
08:52:29.979 [org.springframework.jms.JmsListenerEndpointContainer#0-1] ERROR o.s.j.l.DefaultMessageListenerContainer - Could not refresh JMS Connection for destination 'activemq.queue' - retrying using FixedBackOff{interval=5000, currentAttempts=88, maxAttempts=unlimited}. Cause: Could not connect to broker URL: tcp://localhost:61616. Reason: java.net.ConnectException: Connection refused
08:52:34.982 [org.springframework.jms.JmsListenerEndpointContainer#0-1] ERROR o.s.j.l.DefaultMessageListenerContainer - Could not refresh JMS Connection for destination 'activemq.queue' - retrying using FixedBackOff{interval=5000, currentAttempts=89, maxAttempts=unlimited}. Cause: Could not connect to broker URL: tcp://localhost:61616. Reason: java.net.ConnectException: Connection refused
08:52:39.988 [org.springframework.jms.JmsListenerEndpointContainer#0-1] ERROR o.s.j.l.DefaultMessageListenerContainer - Could not refresh JMS Connection for destination 'activemq.queue' - retrying using FixedBackOff{interval=5000, currentAttempts=90, maxAttempts=unlimited}. Cause: Could not connect to broker URL: tcp://localhost:61616. Reason: java.net.ConnectException: Connection refused
08:52:44.995 [org.springframework.jms.JmsListenerEndpointContainer#0-1] ERROR o.s.j.l.DefaultMessageListenerContainer - Could not refresh JMS Connection for destination 'activemq.queue' - retrying using FixedBackOff{interval=5000, currentAttempts=91, maxAttempts=unlimited}. Cause: Could not connect to broker URL: tcp://localhost:61616. Reason: java.net.ConnectException: Connection refused
08:52:50.002 [org.springframework.jms.JmsListenerEndpointContainer#0-1] ERROR o.s.j.l.DefaultMessageListenerContainer - Could not refresh JMS Connection for destination 'activemq.queue' - retrying using FixedBackOff{interval=5000, currentAttempts=92, maxAttempts=unlimited}. Cause: Could not connect to broker URL: tcp://localhost:61616. Reason: java.net.ConnectException: Connection refused
08:52:55.008 [org.springframework.jms.JmsListenerEndpointContainer#0-1] ERROR o.s.j.l.DefaultMessageListenerContainer - Could not refresh JMS Connection for destination 'activemq.queue' - retrying using FixedBackOff{interval=5000, currentAttempts=93, maxAttempts=unlimited}. Cause: Could not connect to broker URL: tcp://localhost:61616. Reason: java.net.ConnectException: Connection refused
08:53:00.013 [org.springframework.jms.JmsListenerEndpointContainer#0-1] ERROR o.s.j.l.DefaultMessageListenerContainer - Could not refresh JMS Connection for destination 'activemq.queue' - retrying using FixedBackOff{interval=5000, currentAttempts=94, maxAttempts=unlimited}. Cause: Could not connect to broker URL: tcp://localhost:61616. Reason: java.net.ConnectException: Connection refused
08:53:05.019 [org.springframework.jms.JmsListenerEndpointContainer#0-1] ERROR o.s.j.l.DefaultMessageListenerContainer - Could not refresh JMS Connection for destination 'activemq.queue' - retrying using FixedBackOff{interval=5000, currentAttempts=95, maxAttempts=unlimited}. Cause: Could not connect to broker URL: tcp://localhost:61616. Reason: java.net.ConnectException: Connection refused
08:53:10.022 [org.springframework.jms.JmsListenerEndpointContainer#0-1] ERROR o.s.j.l.DefaultMessageListenerContainer - Could not refresh JMS Connection for destination 'activemq.queue' - retrying using FixedBackOff{interval=5000, currentAttempts=96, maxAttempts=unlimited}. Cause: Could not connect to broker URL: tcp://localhost:61616. Reason: java.net.ConnectException: Connection refused
08:53:15.028 [org.springframework.jms.JmsListenerEndpointContainer#0-1] ERROR o.s.j.l.DefaultMessageListenerContainer - Could not refresh JMS Connection for destination 'activemq.queue' - retrying using FixedBackOff{interval=5000, currentAttempts=97, maxAttempts=unlimited}. Cause: Could not connect to broker URL: tcp://localhost:61616. Reason: java.net.ConnectException: Connection refused
08:53:20.033 [org.springframework.jms.JmsListenerEndpointContainer#0-1] ERROR o.s.j.l.DefaultMessageListenerContainer - Could not refresh JMS Connection for destination 'activemq.queue' - retrying using FixedBackOff{interval=5000, currentAttempts=98, maxAttempts=unlimited}. Cause: Could not connect to broker URL: tcp://localhost:61616. Reason: java.net.ConnectException: Connection refused
08:53:25.034 [org.springframework.jms.JmsListenerEndpointContainer#0-1] ERROR o.s.j.l.DefaultMessageListenerContainer - Could not refresh JMS Connection for destination 'activemq.queue' - retrying using FixedBackOff{interval=5000, currentAttempts=99, maxAttempts=unlimited}. Cause: Could not connect to broker URL: tcp://localhost:61616. Reason: java.net.ConnectException: Connection refused
08:53:25.125 [Apollo-RemoteConfigRepository-1] WARN  c.c.f.a.i.AbstractConfigRepository - Sync config failed, will retry. Repository class com.ctrip.framework.apollo.internals.RemoteConfigRepository, reason: Get config services failed from http://meta.apollo.xxx.cn/services/config?appId=platform&ip=192.168.31.81 [Cause: Could not complete get operation [Cause: meta.apollo.xxx.cn]]
08:53:30.045 [org.springframework.jms.JmsListenerEndpointContainer#0-1] ERROR o.s.j.l.DefaultMessageListenerContainer - Could not refresh JMS Connection for destination 'activemq.queue' - retrying using FixedBackOff{interval=5000, currentAttempts=100, maxAttempts=unlimited}. Cause: Could not connect to broker URL: tcp://localhost:61616. Reason: java.net.ConnectException: Connection refused
08:53:35.053 [org.springframework.jms.JmsListenerEndpointContainer#0-1] ERROR o.s.j.l.DefaultMessageListenerContainer - Could not refresh JMS Connection for destination 'activemq.queue' - retrying using FixedBackOff{interval=5000, currentAttempts=101, maxAttempts=unlimited}. Cause: Could not connect to broker URL: tcp://localhost:61616. Reason: java.net.ConnectException: Connection refused
08:53:35.124 [Apollo-RemoteConfigRepository-1] WARN  c.c.f.a.i.AbstractConfigRepository - Sync config failed, will retry. Repository class com.ctrip.framework.apollo.internals.RemoteConfigRepository, reason: Get config services failed from http://meta.apollo.xxx.cn/services/config?appId=platform&ip=192.168.31.81 [Cause: Could not complete get operation [Cause: meta.apollo.xxx.cn]]
08:53:40.055 [org.springframework.jms.JmsListenerEndpointContainer#0-1] ERROR o.s.j.l.DefaultMessageListenerContainer - Could not refresh JMS Connection for destination 'activemq.queue' - retrying using FixedBackOff{interval=5000, currentAttempts=102, maxAttempts=unlimited}. Cause: Could not connect to broker URL: tcp://localhost:61616. Reason: java.net.ConnectException: Connection refused
08:53:45.059 [org.springframework.jms.JmsListenerEndpointContainer#0-1] ERROR o.s.j.l.DefaultMessageListenerContainer - Could not refresh JMS Connection for destination 'activemq.queue' - retrying using FixedBackOff{interval=5000, currentAttempts=103, maxAttempts=unlimited}. Cause: Could not connect to broker URL: tcp://localhost:61616. Reason: java.net.ConnectException: Connection refused
08:53:45.177 [Apollo-RemoteConfigRepository-1] WARN  c.c.f.a.i.AbstractConfigRepository - Sync config failed, will retry. Repository class com.ctrip.framework.apollo.internals.RemoteConfigRepository, reason: Get config services failed from http://meta.apollo.xxx.cn/services/config?appId=platform&ip=192.168.31.81 [Cause: Could not complete get operation [Cause: meta.apollo.xxx.cn]]
08:53:47.603 [Apollo-RemoteConfigLongPollService-1] WARN  c.c.f.a.i.RemoteConfigLongPollService - Long polling failed, will retry in 120 seconds. appId: platform, cluster: default, namespaces: application+message+sensitive-config, long polling url: null, reason: Get config services failed from http://meta.apollo.xxx.cn/services/config?appId=platform&ip=192.168.31.81 [Cause: Could not complete get operation [Cause: meta.apollo.xxx.cn]]
08:53:50.065 [org.springframework.jms.JmsListenerEndpointContainer#0-1] ERROR o.s.j.l.DefaultMessageListenerContainer - Could not refresh JMS Connection for destination 'activemq.queue' - retrying using FixedBackOff{interval=5000, currentAttempts=104, maxAttempts=unlimited}. Cause: Could not connect to broker URL: tcp://localhost:61616. Reason: java.net.ConnectException: Connection refused
08:53:55.077 [org.springframework.jms.JmsListenerEndpointContainer#0-1] ERROR o.s.j.l.DefaultMessageListenerContainer - Could not refresh JMS Connection for destination 'activemq.queue' - retrying using FixedBackOff{interval=5000, currentAttempts=105, maxAttempts=unlimited}. Cause: Could not connect to broker URL: tcp://localhost:61616. Reason: java.net.ConnectException: Connection refused
