23:00:01.231 [org.springframework.jms.JmsListenerEndpointContainer#0-1] ERROR o.s.j.l.DefaultMessageListenerContainer - Could not refresh JMS Connection for destination 'activemq.queue' - retrying using FixedBackOff{interval=5000, currentAttempts=0, maxAttempts=unlimited}. Cause: Could not connect to broker URL: tcp://localhost:61616. Reason: java.net.ConnectException: Connection refused
23:00:06.239 [org.springframework.jms.JmsListenerEndpointContainer#0-1] ERROR o.s.j.l.DefaultMessageListenerContainer - Could not refresh JMS Connection for destination 'activemq.queue' - retrying using FixedBackOff{interval=5000, currentAttempts=1, maxAttempts=unlimited}. Cause: Could not connect to broker URL: tcp://localhost:61616. Reason: java.net.ConnectException: Connection refused
23:00:11.244 [org.springframework.jms.JmsListenerEndpointContainer#0-1] ERROR o.s.j.l.DefaultMessageListenerContainer - Could not refresh JMS Connection for destination 'activemq.queue' - retrying using FixedBackOff{interval=5000, currentAttempts=2, maxAttempts=unlimited}. Cause: Could not connect to broker URL: tcp://localhost:61616. Reason: java.net.ConnectException: Connection refused
23:00:13.938 [Thread-27] INFO  o.a.catalina.core.StandardService - Stopping service [Tomcat]
23:00:14.120 [restartedMain] INFO  c.e.lyc.springboot.demo.Application - Starting Application using Java 17.0.1 with PID 8700 (/Users/liyinchi/workspace/java/lyc.springboot.demo/target/classes started by liyinchi in /Users/liyinchi/workspace/java/lyc.springboot.demo)
23:00:14.120 [restartedMain] DEBUG c.e.lyc.springboot.demo.Application - Running with Spring Boot v3.1.2, Spring v6.0.11
23:00:14.120 [restartedMain] INFO  c.e.lyc.springboot.demo.Application - The following 1 profile is active: "dev"
23:00:14.683 [restartedMain] INFO  o.a.catalina.core.StandardService - Starting service [Tomcat]
23:00:14.683 [restartedMain] INFO  o.a.catalina.core.StandardEngine - Starting Servlet engine: [Apache Tomcat/10.1.12]
23:00:14.707 [restartedMain] INFO  o.a.c.c.C.[Tomcat].[localhost].[/] - Initializing Spring embedded WebApplicationContext
23:00:15.137 [restartedMain] INFO  c.e.l.s.d.handler.LogAspectHandler - ==============doBefore方法进入了==============
23:00:15.138 [restartedMain] INFO  c.e.l.s.d.handler.LogAspectHandler - ==============即将执行方法为: queue，属于com.example.lyc.springboot.demo.config.ActiveMqConfig包==============
23:00:15.138 [restartedMain] INFO  c.e.l.s.d.handler.LogAspectHandler - Not in a request context
23:00:15.138 [restartedMain] INFO  c.e.l.s.d.handler.LogAspectHandler - ==============方法queue执行完毕，返回参数为：queue://activemq.queue==============
23:00:15.138 [restartedMain] INFO  c.e.l.s.d.handler.LogAspectHandler - ==============对返回参数进行业务上的增强：queue://activemq.queue增强版==============
23:00:15.139 [restartedMain] INFO  c.e.l.s.d.handler.LogAspectHandler - ==============doAfter方法进入了==============
23:00:15.139 [restartedMain] INFO  c.e.l.s.d.handler.LogAspectHandler - ==============方法queue已经执行完==============
23:00:15.172 [restartedMain] INFO  c.c.f.a.s.a.SpringValueProcessor - Monitoring key: microservice.url.orderUrl, beanName: jsonController, field: com.example.lyc.springboot.demo.controller.JsonController.orderUrl
23:00:15.313 [restartedMain] INFO  c.e.l.s.demo.service.RedisService - redis port: 6379
23:00:15.325 [restartedMain] INFO  c.e.l.s.d.handler.LogAspectHandler - ==============doBefore方法进入了==============
23:00:15.325 [restartedMain] INFO  c.e.l.s.d.handler.LogAspectHandler - ==============即将执行方法为: userService，属于com.example.lyc.springboot.demo.config.AppConfig包==============
23:00:15.326 [restartedMain] INFO  c.e.l.s.d.handler.LogAspectHandler - Not in a request context
23:00:15.326 [restartedMain] INFO  c.e.l.s.d.handler.LogAspectHandler - ==============方法userService执行完毕，返回参数为：com.example.lyc.springboot.demo.serviceImpl.UserServiceImpl@2f644fe1==============
23:00:15.326 [restartedMain] INFO  c.e.l.s.d.handler.LogAspectHandler - ==============对返回参数进行业务上的增强：com.example.lyc.springboot.demo.serviceImpl.UserServiceImpl@2f644fe1增强版==============
23:00:15.326 [restartedMain] INFO  c.e.l.s.d.handler.LogAspectHandler - ==============doAfter方法进入了==============
23:00:15.326 [restartedMain] INFO  c.e.l.s.d.handler.LogAspectHandler - ==============方法userService已经执行完==============
23:00:15.327 [restartedMain] INFO  c.e.l.s.d.handler.LogAspectHandler - ==============doBefore方法进入了==============
23:00:15.327 [restartedMain] INFO  c.e.l.s.d.handler.LogAspectHandler - ==============即将执行方法为: passwordEncoder，属于com.example.lyc.springboot.demo.config.SecurityConfig包==============
23:00:15.327 [restartedMain] INFO  c.e.l.s.d.handler.LogAspectHandler - Not in a request context
23:00:15.327 [restartedMain] INFO  c.e.l.s.d.handler.LogAspectHandler - ==============方法passwordEncoder执行完毕，返回参数为：org.springframework.security.crypto.bcrypt.BCryptPasswordEncoder@25b2425c==============
23:00:15.327 [restartedMain] INFO  c.e.l.s.d.handler.LogAspectHandler - ==============对返回参数进行业务上的增强：org.springframework.security.crypto.bcrypt.BCryptPasswordEncoder@25b2425c增强版==============
23:00:15.327 [restartedMain] INFO  c.e.l.s.d.handler.LogAspectHandler - ==============doAfter方法进入了==============
23:00:15.327 [restartedMain] INFO  c.e.l.s.d.handler.LogAspectHandler - ==============方法passwordEncoder已经执行完==============
23:00:15.358 [restartedMain] INFO  c.e.l.s.d.handler.LogAspectHandler - ==============doBefore方法进入了==============
23:00:15.358 [restartedMain] INFO  c.e.l.s.d.handler.LogAspectHandler - ==============即将执行方法为: authenticationProvider，属于com.example.lyc.springboot.demo.config.SecurityConfig包==============
23:00:15.358 [restartedMain] INFO  c.e.l.s.d.handler.LogAspectHandler - Not in a request context
23:00:15.358 [restartedMain] INFO  c.e.l.s.d.handler.LogAspectHandler - ==============doBefore方法进入了==============
23:00:15.358 [restartedMain] INFO  c.e.l.s.d.handler.LogAspectHandler - ==============即将执行方法为: userDetailsService，属于com.example.lyc.springboot.demo.config.SecurityConfig包==============
23:00:15.358 [restartedMain] INFO  c.e.l.s.d.handler.LogAspectHandler - Not in a request context
23:00:15.359 [restartedMain] INFO  c.e.l.s.d.handler.LogAspectHandler - ==============方法userDetailsService执行完毕，返回参数为：org.springframework.security.provisioning.JdbcUserDetailsManager@444c53a7==============
23:00:15.359 [restartedMain] INFO  c.e.l.s.d.handler.LogAspectHandler - ==============对返回参数进行业务上的增强：org.springframework.security.provisioning.JdbcUserDetailsManager@444c53a7增强版==============
23:00:15.359 [restartedMain] INFO  c.e.l.s.d.handler.LogAspectHandler - ==============doAfter方法进入了==============
23:00:15.359 [restartedMain] INFO  c.e.l.s.d.handler.LogAspectHandler - ==============方法userDetailsService已经执行完==============
23:00:15.370 [restartedMain] INFO  c.e.l.s.d.handler.LogAspectHandler - ==============方法authenticationProvider执行完毕，返回参数为：org.springframework.security.authentication.dao.DaoAuthenticationProvider@624a7580==============
23:00:15.370 [restartedMain] INFO  c.e.l.s.d.handler.LogAspectHandler - ==============对返回参数进行业务上的增强：org.springframework.security.authentication.dao.DaoAuthenticationProvider@624a7580增强版==============
23:00:15.370 [restartedMain] INFO  c.e.l.s.d.handler.LogAspectHandler - ==============doAfter方法进入了==============
23:00:15.370 [restartedMain] INFO  c.e.l.s.d.handler.LogAspectHandler - ==============方法authenticationProvider已经执行完==============
23:00:15.391 [restartedMain] INFO  c.e.l.s.d.handler.LogAspectHandler - ==============doBefore方法进入了==============
23:00:15.391 [restartedMain] INFO  c.e.l.s.d.handler.LogAspectHandler - ==============即将执行方法为: authenticationManager，属于com.example.lyc.springboot.demo.config.SecurityConfig包==============
23:00:15.391 [restartedMain] INFO  c.e.l.s.d.handler.LogAspectHandler - Not in a request context
23:00:15.392 [restartedMain] INFO  c.e.l.s.d.handler.LogAspectHandler - ==============方法authenticationManager执行完毕，返回参数为：org.springframework.security.authentication.ProviderManager@3d1f3882==============
23:00:15.392 [restartedMain] INFO  c.e.l.s.d.handler.LogAspectHandler - ==============对返回参数进行业务上的增强：org.springframework.security.authentication.ProviderManager@3d1f3882增强版==============
23:00:15.392 [restartedMain] INFO  c.e.l.s.d.handler.LogAspectHandler - ==============doAfter方法进入了==============
23:00:15.392 [restartedMain] INFO  c.e.l.s.d.handler.LogAspectHandler - ==============方法authenticationManager已经执行完==============
23:00:15.413 [restartedMain] INFO  c.e.l.s.d.handler.LogAspectHandler - ==============doBefore方法进入了==============
23:00:15.414 [restartedMain] INFO  c.e.l.s.d.handler.LogAspectHandler - ==============即将执行方法为: topic，属于com.example.lyc.springboot.demo.config.ActiveMqConfig包==============
23:00:15.414 [restartedMain] INFO  c.e.l.s.d.handler.LogAspectHandler - Not in a request context
23:00:15.414 [restartedMain] INFO  c.e.l.s.d.handler.LogAspectHandler - ==============方法topic执行完毕，返回参数为：topic://activemq.topic==============
23:00:15.414 [restartedMain] INFO  c.e.l.s.d.handler.LogAspectHandler - ==============对返回参数进行业务上的增强：topic://activemq.topic增强版==============
23:00:15.414 [restartedMain] INFO  c.e.l.s.d.handler.LogAspectHandler - ==============doAfter方法进入了==============
23:00:15.414 [restartedMain] INFO  c.e.l.s.d.handler.LogAspectHandler - ==============方法topic已经执行完==============
23:00:15.417 [restartedMain] INFO  c.e.l.s.d.handler.LogAspectHandler - ==============doBefore方法进入了==============
23:00:15.417 [restartedMain] INFO  c.e.l.s.d.handler.LogAspectHandler - ==============即将执行方法为: modelMapper，属于com.example.lyc.springboot.demo.config.AppConfig包==============
23:00:15.417 [restartedMain] INFO  c.e.l.s.d.handler.LogAspectHandler - Not in a request context
23:00:15.417 [restartedMain] INFO  c.e.l.s.d.handler.LogAspectHandler - ==============方法modelMapper执行完毕，返回参数为：org.modelmapper.ModelMapper@7631ae21==============
23:00:15.417 [restartedMain] INFO  c.e.l.s.d.handler.LogAspectHandler - ==============对返回参数进行业务上的增强：org.modelmapper.ModelMapper@7631ae21增强版==============
23:00:15.417 [restartedMain] INFO  c.e.l.s.d.handler.LogAspectHandler - ==============doAfter方法进入了==============
23:00:15.417 [restartedMain] INFO  c.e.l.s.d.handler.LogAspectHandler - ==============方法modelMapper已经执行完==============
23:00:15.570 [restartedMain] INFO  c.e.l.s.d.handler.LogAspectHandler - ==============doBefore方法进入了==============
23:00:15.570 [restartedMain] INFO  c.e.l.s.d.handler.LogAspectHandler - ==============即将执行方法为: filterChain，属于com.example.lyc.springboot.demo.config.SecurityConfig包==============
23:00:15.570 [restartedMain] INFO  c.e.l.s.d.handler.LogAspectHandler - Not in a request context
23:00:15.574 [restartedMain] INFO  c.e.l.s.d.handler.LogAspectHandler - ==============doBefore方法进入了==============
23:00:15.574 [restartedMain] INFO  c.e.l.s.d.handler.LogAspectHandler - ==============即将执行方法为: registerWebSocketHandlers，属于com.example.lyc.springboot.demo.config.WebSocketConfig包==============
23:00:15.574 [restartedMain] INFO  c.e.l.s.d.handler.LogAspectHandler - Not in a request context
23:00:15.575 [restartedMain] INFO  c.e.l.s.d.handler.LogAspectHandler - ==============方法registerWebSocketHandlers执行完毕，但返回参数为 null==============
23:00:15.575 [restartedMain] INFO  c.e.l.s.d.handler.LogAspectHandler - ==============doAfter方法进入了==============
23:00:15.575 [restartedMain] INFO  c.e.l.s.d.handler.LogAspectHandler - ==============方法registerWebSocketHandlers已经执行完==============
23:00:15.623 [restartedMain] INFO  c.e.l.s.d.handler.LogAspectHandler - ==============方法filterChain执行完毕，返回参数为：DefaultSecurityFilterChain [RequestMatcher=any request, Filters=[org.springframework.security.web.session.DisableEncodeUrlFilter@c948f56, org.springframework.security.web.context.request.async.WebAsyncManagerIntegrationFilter@7259ebeb, org.springframework.security.web.context.SecurityContextHolderFilter@567a5ada, org.springframework.security.web.header.HeaderWriterFilter@635417fe, org.springframework.security.web.authentication.logout.LogoutFilter@29043acb, org.springframework.security.web.authentication.UsernamePasswordAuthenticationFilter@3100de95, org.springframework.security.web.savedrequest.RequestCacheAwareFilter@755d1fd1, org.springframework.security.web.servletapi.SecurityContextHolderAwareRequestFilter@6e8418f7, org.springframework.security.web.authentication.AnonymousAuthenticationFilter@24a81951, org.springframework.security.web.access.ExceptionTranslationFilter@58986b56, org.springframework.security.web.access.intercept.FilterSecurityInterceptor@2e277034]]==============
23:00:15.624 [restartedMain] INFO  c.e.l.s.d.handler.LogAspectHandler - ==============对返回参数进行业务上的增强：DefaultSecurityFilterChain [RequestMatcher=any request, Filters=[org.springframework.security.web.session.DisableEncodeUrlFilter@c948f56, org.springframework.security.web.context.request.async.WebAsyncManagerIntegrationFilter@7259ebeb, org.springframework.security.web.context.SecurityContextHolderFilter@567a5ada, org.springframework.security.web.header.HeaderWriterFilter@635417fe, org.springframework.security.web.authentication.logout.LogoutFilter@29043acb, org.springframework.security.web.authentication.UsernamePasswordAuthenticationFilter@3100de95, org.springframework.security.web.savedrequest.RequestCacheAwareFilter@755d1fd1, org.springframework.security.web.servletapi.SecurityContextHolderAwareRequestFilter@6e8418f7, org.springframework.security.web.authentication.AnonymousAuthenticationFilter@24a81951, org.springframework.security.web.access.ExceptionTranslationFilter@58986b56, org.springframework.security.web.access.intercept.FilterSecurityInterceptor@2e277034]]增强版==============
23:00:15.624 [restartedMain] INFO  c.e.l.s.d.handler.LogAspectHandler - ==============doAfter方法进入了==============
23:00:15.624 [restartedMain] INFO  c.e.l.s.d.handler.LogAspectHandler - ==============方法filterChain已经执行完==============
23:00:15.638 [restartedMain] INFO  c.e.l.s.d.handler.LogAspectHandler - ==============doBefore方法进入了==============
23:00:15.638 [restartedMain] INFO  c.e.l.s.d.handler.LogAspectHandler - ==============即将执行方法为: publicApi，属于com.example.lyc.springboot.demo.config.SwaggerConfig包==============
23:00:15.638 [restartedMain] INFO  c.e.l.s.d.handler.LogAspectHandler - Not in a request context
23:00:15.638 [restartedMain] INFO  c.e.l.s.d.handler.LogAspectHandler - ==============方法publicApi执行完毕，返回参数为：org.springdoc.core.models.GroupedOpenApi@7cd03990==============
23:00:15.638 [restartedMain] INFO  c.e.l.s.d.handler.LogAspectHandler - ==============对返回参数进行业务上的增强：org.springdoc.core.models.GroupedOpenApi@7cd03990增强版==============
23:00:15.638 [restartedMain] INFO  c.e.l.s.d.handler.LogAspectHandler - ==============doAfter方法进入了==============
23:00:15.639 [restartedMain] INFO  c.e.l.s.d.handler.LogAspectHandler - ==============方法publicApi已经执行完==============
23:00:15.639 [restartedMain] INFO  c.e.l.s.d.handler.LogAspectHandler - ==============doBefore方法进入了==============
23:00:15.639 [restartedMain] INFO  c.e.l.s.d.handler.LogAspectHandler - ==============即将执行方法为: privateApi，属于com.example.lyc.springboot.demo.config.SwaggerConfig包==============
23:00:15.639 [restartedMain] INFO  c.e.l.s.d.handler.LogAspectHandler - Not in a request context
23:00:15.640 [restartedMain] INFO  c.e.l.s.d.handler.LogAspectHandler - ==============方法privateApi执行完毕，返回参数为：org.springdoc.core.models.GroupedOpenApi@4d07de9a==============
23:00:15.640 [restartedMain] INFO  c.e.l.s.d.handler.LogAspectHandler - ==============对返回参数进行业务上的增强：org.springdoc.core.models.GroupedOpenApi@4d07de9a增强版==============
23:00:15.640 [restartedMain] INFO  c.e.l.s.d.handler.LogAspectHandler - ==============doAfter方法进入了==============
23:00:15.640 [restartedMain] INFO  c.e.l.s.d.handler.LogAspectHandler - ==============方法privateApi已经执行完==============
23:00:15.760 [restartedMain] INFO  c.c.f.a.s.a.SpringValueProcessor - Monitoring key: spring.mvc.servlet.path, beanName: swaggerWelcome, field: org.springdoc.webmvc.ui.SwaggerWelcomeWebMvc.mvcServletPath
23:00:16.089 [restartedMain] WARN  o.s.b.d.a.OptionalLiveReloadServer - Unable to start LiveReload server
23:00:16.125 [restartedMain] INFO  c.e.lyc.springboot.demo.Application - Started Application in 2.045 seconds (process running for 710.698)
23:00:16.126 [restartedMain] INFO  c.e.l.s.d.handler.LogAspectHandler - ==============doBefore方法进入了==============
23:00:16.126 [restartedMain] INFO  c.e.l.s.d.handler.LogAspectHandler - ==============即将执行方法为: onApplicationEvent，属于com.example.lyc.springboot.demo.listener.MyListener包==============
23:00:16.126 [restartedMain] INFO  c.e.l.s.d.handler.LogAspectHandler - Not in a request context
23:00:16.126 [restartedMain] DEBUG c.e.l.s.demo.listener.MyListener - 应用已启动完成
23:00:16.126 [restartedMain] INFO  c.e.l.s.d.handler.LogAspectHandler - ==============方法onApplicationEvent执行完毕，但返回参数为 null==============
23:00:16.126 [restartedMain] INFO  c.e.l.s.d.handler.LogAspectHandler - ==============doAfter方法进入了==============
23:00:16.126 [restartedMain] INFO  c.e.l.s.d.handler.LogAspectHandler - ==============方法onApplicationEvent已经执行完==============
23:00:21.127 [org.springframework.jms.JmsListenerEndpointContainer#0-1] ERROR o.s.j.l.DefaultMessageListenerContainer - Could not refresh JMS Connection for destination 'activemq.queue' - retrying using FixedBackOff{interval=5000, currentAttempts=0, maxAttempts=unlimited}. Cause: Could not connect to broker URL: tcp://localhost:61616. Reason: java.net.ConnectException: Connection refused
23:00:26.132 [org.springframework.jms.JmsListenerEndpointContainer#0-1] ERROR o.s.j.l.DefaultMessageListenerContainer - Could not refresh JMS Connection for destination 'activemq.queue' - retrying using FixedBackOff{interval=5000, currentAttempts=1, maxAttempts=unlimited}. Cause: Could not connect to broker URL: tcp://localhost:61616. Reason: java.net.ConnectException: Connection refused
23:00:31.139 [org.springframework.jms.JmsListenerEndpointContainer#0-1] ERROR o.s.j.l.DefaultMessageListenerContainer - Could not refresh JMS Connection for destination 'activemq.queue' - retrying using FixedBackOff{interval=5000, currentAttempts=2, maxAttempts=unlimited}. Cause: Could not connect to broker URL: tcp://localhost:61616. Reason: java.net.ConnectException: Connection refused
23:00:36.160 [org.springframework.jms.JmsListenerEndpointContainer#0-1] ERROR o.s.j.l.DefaultMessageListenerContainer - Could not refresh JMS Connection for destination 'activemq.queue' - retrying using FixedBackOff{interval=5000, currentAttempts=3, maxAttempts=unlimited}. Cause: Could not connect to broker URL: tcp://localhost:61616. Reason: java.net.ConnectException: Connection refused
23:00:41.164 [org.springframework.jms.JmsListenerEndpointContainer#0-1] ERROR o.s.j.l.DefaultMessageListenerContainer - Could not refresh JMS Connection for destination 'activemq.queue' - retrying using FixedBackOff{interval=5000, currentAttempts=4, maxAttempts=unlimited}. Cause: Could not connect to broker URL: tcp://localhost:61616. Reason: java.net.ConnectException: Connection refused
23:00:46.167 [org.springframework.jms.JmsListenerEndpointContainer#0-1] ERROR o.s.j.l.DefaultMessageListenerContainer - Could not refresh JMS Connection for destination 'activemq.queue' - retrying using FixedBackOff{interval=5000, currentAttempts=5, maxAttempts=unlimited}. Cause: Could not connect to broker URL: tcp://localhost:61616. Reason: java.net.ConnectException: Connection refused
23:00:51.189 [org.springframework.jms.JmsListenerEndpointContainer#0-1] ERROR o.s.j.l.DefaultMessageListenerContainer - Could not refresh JMS Connection for destination 'activemq.queue' - retrying using FixedBackOff{interval=5000, currentAttempts=6, maxAttempts=unlimited}. Cause: Could not connect to broker URL: tcp://localhost:61616. Reason: java.net.ConnectException: Connection refused
23:00:56.190 [org.springframework.jms.JmsListenerEndpointContainer#0-1] ERROR o.s.j.l.DefaultMessageListenerContainer - Could not refresh JMS Connection for destination 'activemq.queue' - retrying using FixedBackOff{interval=5000, currentAttempts=7, maxAttempts=unlimited}. Cause: Could not connect to broker URL: tcp://localhost:61616. Reason: java.net.ConnectException: Connection refused
23:01:01.196 [org.springframework.jms.JmsListenerEndpointContainer#0-1] ERROR o.s.j.l.DefaultMessageListenerContainer - Could not refresh JMS Connection for destination 'activemq.queue' - retrying using FixedBackOff{interval=5000, currentAttempts=8, maxAttempts=unlimited}. Cause: Could not connect to broker URL: tcp://localhost:61616. Reason: java.net.ConnectException: Connection refused
23:01:06.201 [org.springframework.jms.JmsListenerEndpointContainer#0-1] ERROR o.s.j.l.DefaultMessageListenerContainer - Could not refresh JMS Connection for destination 'activemq.queue' - retrying using FixedBackOff{interval=5000, currentAttempts=9, maxAttempts=unlimited}. Cause: Could not connect to broker URL: tcp://localhost:61616. Reason: java.net.ConnectException: Connection refused
23:01:08.106 [Apollo-RemoteConfigLongPollService-1] WARN  c.c.f.a.i.RemoteConfigLongPollService - Long polling failed, will retry in 120 seconds. appId: platform, cluster: default, namespaces: application+message+sensitive-config, long polling url: null, reason: Get config services failed from http://meta.apollo.xxx.cn/services/config?appId=platform&ip=192.168.31.81 [Cause: Could not complete get operation [Cause: meta.apollo.xxx.cn]]
23:01:11.203 [org.springframework.jms.JmsListenerEndpointContainer#0-1] ERROR o.s.j.l.DefaultMessageListenerContainer - Could not refresh JMS Connection for destination 'activemq.queue' - retrying using FixedBackOff{interval=5000, currentAttempts=10, maxAttempts=unlimited}. Cause: Could not connect to broker URL: tcp://localhost:61616. Reason: java.net.ConnectException: Connection refused
23:01:16.208 [org.springframework.jms.JmsListenerEndpointContainer#0-1] ERROR o.s.j.l.DefaultMessageListenerContainer - Could not refresh JMS Connection for destination 'activemq.queue' - retrying using FixedBackOff{interval=5000, currentAttempts=11, maxAttempts=unlimited}. Cause: Could not connect to broker URL: tcp://localhost:61616. Reason: java.net.ConnectException: Connection refused
23:01:21.243 [org.springframework.jms.JmsListenerEndpointContainer#0-1] ERROR o.s.j.l.DefaultMessageListenerContainer - Could not refresh JMS Connection for destination 'activemq.queue' - retrying using FixedBackOff{interval=5000, currentAttempts=12, maxAttempts=unlimited}. Cause: Could not connect to broker URL: tcp://localhost:61616. Reason: java.net.ConnectException: Connection refused
23:01:26.247 [org.springframework.jms.JmsListenerEndpointContainer#0-1] ERROR o.s.j.l.DefaultMessageListenerContainer - Could not refresh JMS Connection for destination 'activemq.queue' - retrying using FixedBackOff{interval=5000, currentAttempts=13, maxAttempts=unlimited}. Cause: Could not connect to broker URL: tcp://localhost:61616. Reason: java.net.ConnectException: Connection refused
23:01:27.831 [Thread-31] INFO  o.a.catalina.core.StandardService - Stopping service [Tomcat]
